2023-12-02 11:46:24,320 : INFO : root : Loading config.
2023-12-02 11:46:24,323 : INFO : YamlMultifileConfigLoader : Machine config file #1: config.yaml
2023-12-02 11:46:24,324 : INFO : ConfigProcessor : Loading config from cache: /tmp/bf38e15644d30ba1eb87297a18d33bd2.mpf_cache
2023-12-02 11:46:24,384 : INFO : ConfigProcessor : Loading config from cache: /tmp/ecc2466debc0cbb894d1a2fba8912b38.mpf_cache
2023-12-02 11:46:24,384 : INFO : ConfigProcessor : Loading config from cache: /tmp/32cc0edc83e6cd7fce5d5a48c9d631d2.mpf_cache
2023-12-02 11:46:24,385 : WARNING : ConfigProcessor : Config file in cache changed: /home/ohm/dodgeball/modes/base/config/base.yaml
2023-12-02 11:46:24,385 : INFO : ConfigProcessor : Loading config from file /home/ohm/dodgeball/modes/base/config/base.yaml.
2023-12-02 11:46:24,389 : INFO : ConfigProcessor : Loading config: /home/ohm/dodgeball/modes/base/config/base.yaml
2023-12-02 11:46:24,390 : INFO : ConfigProcessor : Loading config: /home/ohm/dodgeball/modes/base/config/shots.yaml
2023-12-02 11:46:24,391 : INFO : ConfigProcessor : Config file cache created: /tmp/0fe63fd00a83faf3a344d3dd33ac8b6e.mpf_cache
2023-12-02 11:46:24,391 : INFO : ConfigProcessor : Loading config from cache: /tmp/4923a60b897e22ae41d9973250e86152.mpf_cache
2023-12-02 11:46:24,392 : INFO : Machine : Mission Pinball Framework Core Engine v0.57.0.dev32
2023-12-02 11:46:24,392 : INFO : Machine : Command line arguments: {'no_load_cache': False, 'create_config_cache': True, 'bcp': True, 'configfile': ['config.yaml'], 'force_assets_load': False, 'jsonlogging': False, 'logfile': 'logs/2023-12-02-11-46-24-mpf-dodgeball.log', 'pause': False, 'production': False, 'text_ui': True, 'loglevel': 15, 'consoleloglevel': 20, 'force_platform': None, 'syslog_address': None, 'mc_file_name': None, 'no_sound': False}
2023-12-02 11:46:24,392 : INFO : Machine : MPF path: /home/ohm/.local/lib/python3.10/site-packages/mpf
2023-12-02 11:46:24,392 : INFO : Machine : Machine path: /home/ohm/dodgeball
2023-12-02 11:46:24,392 : INFO : Machine : Platform: linux
2023-12-02 11:46:24,392 : INFO : Machine : Python executable location: /usr/bin/python3
2023-12-02 11:46:24,392 : INFO : Machine : Python version: 3.10.12 (64-bit)
2023-12-02 11:46:24,400 : INFO : Machine : Initializing MPF...
2023-12-02 11:46:24,482 : INFO : P-Roc : Connecting to P-ROC
2023-12-02 11:46:24,549 : INFO : P-Roc : Successfully connected to P-ROC/P3-ROC. Firmware Version: 2. Firmware Revision: 18. Hardware Board ID: 3
2023-12-02 11:46:24,565 : INFO : EventManager : Event: ======'machine_var_p_roc_version'====== Args={'value': 2, 'prev_value': None, 'change': True}
2023-12-02 11:46:24,566 : INFO : EventManager : Event: ======'machine_var_p_roc_revision'====== Args={'value': 18, 'prev_value': None, 'change': True}
2023-12-02 11:46:24,566 : INFO : EventManager : Event: ======'machine_var_p_roc_hardware_version'====== Args={'value': 3, 'prev_value': None, 'change': True}
2023-12-02 11:46:24,566 : INFO : EventManager : Event: ======'machine_var_credits_string'====== Args={'value': 'FREE PLAY', 'prev_value': None, 'change': True}
2023-12-02 11:46:24,628 : INFO : EventManager : Event: ======'machine_var_master_volume'====== Args={'value': 0.5, 'prev_value': None, 'change': True}
2023-12-02 11:46:24,629 : INFO : EventManager : Event: ======'machine_var_mpf_version'====== Args={'value': 'Mission Pinball Framework v0.57.0.dev32', 'prev_value': None, 'change': True}
2023-12-02 11:46:24,629 : INFO : EventManager : Event: ======'machine_var_mpf_extended_version'====== Args={'value': 'Mission Pinball Framework v0.57.0.dev32, Config version:6, Show version: 6, BCP version:1.1', 'prev_value': None, 'change': True}
2023-12-02 11:46:24,629 : INFO : EventManager : Event: ======'machine_var_python_version'====== Args={'value': '3.10.12', 'prev_value': None, 'change': True}
2023-12-02 11:46:24,631 : INFO : EventManager : Event: ======'machine_var_platform'====== Args={'value': 'Linux-6.2.0-37-generic-x86_64-with-glibc2.35', 'prev_value': None, 'change': True}
2023-12-02 11:46:24,631 : INFO : EventManager : Event: ======'machine_var_platform_system'====== Args={'value': 'Linux', 'prev_value': None, 'change': True}
2023-12-02 11:46:24,631 : INFO : EventManager : Event: ======'machine_var_platform_release'====== Args={'value': '6.2.0-37-generic', 'prev_value': None, 'change': True}
2023-12-02 11:46:24,632 : INFO : EventManager : Event: ======'machine_var_platform_version'====== Args={'value': '#38~22.04.1-Ubuntu SMP PREEMPT_DYNAMIC Thu Nov  2 18:01:13 UTC 2', 'prev_value': None, 'change': True}
2023-12-02 11:46:24,632 : INFO : EventManager : Event: ======'machine_var_platform_machine'====== Args={'value': 'x86_64', 'prev_value': None, 'change': True}
2023-12-02 11:46:24,632 : INFO : EventManager : Event: ======'init_phase_1'====== Args={}
2023-12-02 11:46:24,653 : INFO : EventManager : Event: ======'logicblock_has_highscore_updated'====== Args={'value': 0, 'enabled': True}
2023-12-02 11:46:24,653 : INFO : EventManager : Event: ======'logicblock_has_highscore_updated'====== Args={'value': 0, 'enabled': True}
2023-12-02 11:46:24,656 : INFO : EventManager : Event: ======'init_phase_2'====== Args={}
2023-12-02 11:46:24,674 : INFO : SwitchController : Found active switch: (3, <Platform.P3-ROC>) <switch.s_trougheject_p1>
2023-12-02 11:46:24,674 : INFO : SwitchController : Found active switch: (11, <Platform.P3-ROC>) <switch.s_trougheject_p2>
2023-12-02 11:46:24,679 : INFO : EventManager : Event: ======'bcp_connection_attempt'====== Args={'name': 'local_display', 'host': 'localhost', 'port': 5050}
2023-12-02 11:46:24,680 : INFO : BCPClientSocket : Connecting BCP to 'local_display' at localhost:5050...
2023-12-02 11:46:26,501 : INFO : BCPClientSocket : Connected BCP to 'local_display' localhost:5050
2023-12-02 11:46:26,502 : INFO : EventManager : Event: ======'bcp_clients_connected'====== Args={}
2023-12-02 11:46:26,506 : INFO : ball_device.bd_trough : BCH: Initial count: 1
2023-12-02 11:46:26,506 : INFO : ball_device.bd_trough : State: idle
2023-12-02 11:46:26,507 : INFO : ball_device.bd_catch_p1 : BCH: Initial count: 0
2023-12-02 11:46:26,507 : INFO : ball_device.bd_catch_p1 : State: idle
2023-12-02 11:46:26,509 : INFO : ball_device.bd_catch_p2 : BCH: Initial count: 0
2023-12-02 11:46:26,510 : INFO : ball_device.bd_catch_p2 : State: idle
2023-12-02 11:46:26,515 : INFO : EventManager : Event: ======'init_phase_3'====== Args={}
2023-12-02 11:46:26,530 : INFO : EventManager : Event: ======'machine_var_mc_version'====== Args={'value': 'MPF-MC v0.57.0.dev12', 'prev_value': None, 'change': True}
2023-12-02 11:46:26,531 : INFO : EventManager : Event: ======'machine_var_mc_extended_version'====== Args={'value': 'MPF-MC v0.57.0.dev12 (config_version=6, BCP v1.1,                      Requires MPF API compatibility v0.57.0.dev32 or newer)', 'prev_value': None, 'change': True}
2023-12-02 11:46:26,538 : INFO : EventManager : Event: ======'init_phase_4'====== Args={}
2023-12-02 11:46:26,538 : INFO : BallController : Initial balls found: 1
2023-12-02 11:46:26,539 : INFO : EventManager : Event: ======'machine_var_audits_events_game_ended'====== Args={'value': 0, 'prev_value': None, 'change': True}
2023-12-02 11:46:26,540 : INFO : EventManager : Event: ======'machine_var_audits_events_game_started'====== Args={'value': 6, 'prev_value': None, 'change': True}
2023-12-02 11:46:26,540 : INFO : EventManager : Event: ======'machine_var_audits_player_score'====== Args={'value': {'average': 0, 'top': [], 'total': 0}, 'prev_value': None, 'change': True}
2023-12-02 11:46:26,540 : INFO : EventManager : Event: ======'machine_var_audits_shots_catch_p1'====== Args={'value': 8, 'prev_value': None, 'change': True}
2023-12-02 11:46:26,541 : INFO : EventManager : Event: ======'machine_var_audits_shots_sling_p1'====== Args={'value': 8, 'prev_value': None, 'change': True}
2023-12-02 11:46:26,541 : INFO : EventManager : Event: ======'machine_var_audits_switches_s_catch_p1'====== Args={'value': 8, 'prev_value': None, 'change': True}
2023-12-02 11:46:26,541 : INFO : EventManager : Event: ======'machine_var_audits_switches_s_catch_p2'====== Args={'value': 0, 'prev_value': None, 'change': True}
2023-12-02 11:46:26,541 : INFO : EventManager : Event: ======'machine_var_audits_switches_s_sling_p1'====== Args={'value': 8, 'prev_value': None, 'change': True}
2023-12-02 11:46:26,542 : INFO : EventManager : Event: ======'machine_var_audits_switches_s_sling_p2'====== Args={'value': 0, 'prev_value': None, 'change': True}
2023-12-02 11:46:26,542 : INFO : EventManager : Event: ======'machine_var_audits_switches_s_start_p1'====== Args={'value': 0, 'prev_value': None, 'change': True}
2023-12-02 11:46:26,542 : INFO : EventManager : Event: ======'machine_var_audits_switches_s_start_p2'====== Args={'value': 0, 'prev_value': None, 'change': True}
2023-12-02 11:46:26,542 : INFO : EventManager : Event: ======'machine_var_audits_switches_s_trougheject_p1'====== Args={'value': 0, 'prev_value': None, 'change': True}
2023-12-02 11:46:26,543 : INFO : EventManager : Event: ======'machine_var_audits_switches_s_trougheject_p2'====== Args={'value': 0, 'prev_value': None, 'change': True}
2023-12-02 11:46:26,555 : INFO : EventManager : Event: ======'init_phase_5'====== Args={}
2023-12-02 11:46:26,556 : INFO : EventManager : Event: ======'init_done'====== Args={}
2023-12-02 11:46:26,556 : INFO : EventManager : Event: ======'machine_reset_phase_1'====== Args={}
2023-12-02 11:46:26,564 : INFO : EventManager : Event: ======'machine_reset_phase_2'====== Args={}
2023-12-02 11:46:26,565 : INFO : EventManager : Event: ======'machine_reset_phase_3'====== Args={}
2023-12-02 11:46:26,565 : INFO : EventManager : Event: ======'reset_complete'====== Args={}
2023-12-02 11:46:26,565 : INFO : EventManager : Event: ======'mode_attract_will_start'====== Args={}
2023-12-02 11:46:26,566 : INFO : EventManager : Event: ======'mode_attract_starting'====== Args={}
2023-12-02 11:46:26,566 : INFO : Mode.attract : Started. Priority: 10
2023-12-02 11:46:26,566 : INFO : EventManager : Event: ======'modes_active_modes_changed'====== Args={}
2023-12-02 11:46:26,566 : INFO : EventManager : Event: ======'mode_attract_started'====== Args={}
2023-12-02 11:46:26,567 : INFO : EventManager : Event: ======'collecting_balls_complete'====== Args={}
2023-12-02 11:46:26,567 : INFO : Machine : Starting the main run loop.
2023-12-02 11:46:26,593 : INFO : EventManager : Event: ======'slide_press_start_created'====== Args={'_from_bcp': True}
2023-12-02 11:46:26,641 : INFO : EventManager : Event: ======'slide_press_start_active'====== Args={'_from_bcp': True}
2023-12-02 11:46:29,586 : INFO : EventManager : Event: ======'slide_press_start_removed'====== Args={'_from_bcp': True}
2023-12-02 11:46:29,593 : INFO : EventManager : Event: ======'slide_press_start_created'====== Args={'_from_bcp': True}
2023-12-02 11:46:29,597 : INFO : EventManager : Event: ======'slide_press_start_active'====== Args={'_from_bcp': True}
2023-12-02 11:46:29,841 : INFO : SwitchController : <<<<<<< 's_start_p1' active >>>>>>>
2023-12-02 11:46:30,007 : INFO : SwitchController : <<<<<<< 's_start_p1' inactive >>>>>>>
2023-12-02 11:46:30,007 : INFO : EventManager : Event: ======'request_to_start_game'====== Args={}
2023-12-02 11:46:30,007 : INFO : EventManager : Event: ======'game_start'====== Args={'buttons': [], 'hold_time': 0.1659999999997126}
2023-12-02 11:46:30,007 : INFO : EventManager : Event: ======'mode_game_will_start'====== Args={'buttons': [], 'hold_time': 0.1659999999997126}
2023-12-02 11:46:30,008 : INFO : EventManager : Event: ======'mode_game_starting'====== Args={'buttons': [], 'hold_time': 0.1659999999997126}
2023-12-02 11:46:30,008 : INFO : EventManager : Event: ======'mode_attract_will_stop'====== Args={}
2023-12-02 11:46:30,008 : INFO : EventManager : Event: ======'mode_attract_stopping'====== Args={}
2023-12-02 11:46:30,008 : INFO : Mode.attract : Stopped.
2023-12-02 11:46:30,008 : INFO : EventManager : Event: ======'modes_active_modes_changed'====== Args={}
2023-12-02 11:46:30,009 : INFO : EventManager : Event: ======'mode_attract_stopped'====== Args={}
2023-12-02 11:46:30,009 : INFO : EventManager : Event: ======'clear'====== Args={'key': 'attract'}
2023-12-02 11:46:30,009 : INFO : Mode.game : Started. Priority: 20
2023-12-02 11:46:30,009 : INFO : EventManager : Event: ======'modes_active_modes_changed'====== Args={}
2023-12-02 11:46:30,009 : INFO : EventManager : Event: ======'mode_game_started'====== Args={'buttons': [], 'hold_time': 0.1659999999997126}
2023-12-02 11:46:30,010 : INFO : EventManager : Event: ======'game_will_start'====== Args={}
2023-12-02 11:46:30,010 : INFO : EventManager : Event: ======'game_starting'====== Args={'game': <Mode.game>}
2023-12-02 11:46:30,010 : INFO : EventManager : Event: ======'player_add_request'====== Args={}
2023-12-02 11:46:30,010 : INFO : EventManager : Event: ======'player_will_add'====== Args={'number': 1}
2023-12-02 11:46:30,011 : INFO : EventManager : Event: ======'player_adding'====== Args={'player': <Player 1>, 'number': 1}
2023-12-02 11:46:30,011 : INFO : EventManager : Event: ======'player_added'====== Args={'player': <Player 1>, 'num': 1}
2023-12-02 11:46:30,011 : INFO : Mode.game : Player added successfully. Total players: 1
2023-12-02 11:46:30,011 : INFO : EventManager : Event: ======'player_index'====== Args={'value': 0, 'prev_value': 0, 'change': 0, 'player_num': 1}
2023-12-02 11:46:30,011 : INFO : EventManager : Event: ======'player_number'====== Args={'value': 1, 'prev_value': 1, 'change': 0, 'player_num': 1}
2023-12-02 11:46:30,011 : INFO : EventManager : Event: ======'player_has_a_highscore'====== Args={'value': 0, 'prev_value': 0, 'change': 0, 'player_num': 1}
2023-12-02 11:46:30,011 : INFO : EventManager : Event: ======'player_is_welcome_played'====== Args={'value': 0, 'prev_value': 0, 'change': 0, 'player_num': 1}
2023-12-02 11:46:30,012 : INFO : EventManager : Event: ======'player_score'====== Args={'value': 0, 'prev_value': 0, 'change': 0, 'player_num': 1}
2023-12-02 11:46:30,013 : INFO : EventManager : Event: ======'game_started'====== Args={}
2023-12-02 11:46:30,013 : INFO : EventManager : Event: ======'logicblock_has_highscore_updated'====== Args={'value': 0, 'enabled': True}
2023-12-02 11:46:30,013 : INFO : EventManager : Event: ======'player_turn_will_start'====== Args={'player': <Player 1>, 'number': 1}
2023-12-02 11:46:30,014 : INFO : EventManager : Event: ======'player_turn_starting'====== Args={'player': <Player 1>, 'number': 1}
2023-12-02 11:46:30,014 : INFO : EventManager : Event: ======'player_ball'====== Args={'value': 1, 'prev_value': 0, 'change': 1, 'player_num': 1}
2023-12-02 11:46:30,014 : INFO : EventManager : Event: ======'player_turn_started'====== Args={'player': <Player 1>, 'number': 1}
2023-12-02 11:46:30,015 : INFO : EventManager : Event: ======'ball_will_start'====== Args={'player': 1, 'ball': 1, 'balls_remaining': 2, 'is_extra_ball': False}
2023-12-02 11:46:30,015 : INFO : EventManager : Event: ======'ball_starting'====== Args={'player': 1, 'ball': 1, 'balls_remaining': 2, 'is_extra_ball': False}
2023-12-02 11:46:30,015 : INFO : EventManager : Event: ======'balls_in_play'====== Args={'balls': 1}
2023-12-02 11:46:30,016 : INFO : EventManager : Event: ======'ball_started'====== Args={'player': 1, 'ball': 1, 'balls_remaining': 2, 'is_extra_ball': False}
2023-12-02 11:46:30,016 : INFO : EventManager : Event: ======'mode_base_will_start'====== Args={'player': 1, 'ball': 1, 'balls_remaining': 2, 'is_extra_ball': False}
2023-12-02 11:46:30,016 : INFO : EventManager : Event: ======'player_shot_sling_p1_enabled'====== Args={'value': True, 'prev_value': 0, 'change': 1, 'player_num': 1}
2023-12-02 11:46:30,016 : INFO : EventManager : Event: ======'player_shot_sling_p2_enabled'====== Args={'value': True, 'prev_value': 0, 'change': 1, 'player_num': 1}
2023-12-02 11:46:30,017 : INFO : EventManager : Event: ======'player_shot_catch_p1_enabled'====== Args={'value': True, 'prev_value': 0, 'change': 1, 'player_num': 1}
2023-12-02 11:46:30,017 : INFO : EventManager : Event: ======'player_shot_catch_p2_enabled'====== Args={'value': True, 'prev_value': 0, 'change': 1, 'player_num': 1}
2023-12-02 11:46:30,018 : INFO : EventManager : Event: ======'mode_base_starting'====== Args={'player': 1, 'ball': 1, 'balls_remaining': 2, 'is_extra_ball': False}
2023-12-02 11:46:30,019 : INFO : Mode.base : Started. Priority: 100
2023-12-02 11:46:30,019 : INFO : EventManager : Event: ======'modes_active_modes_changed'====== Args={}
2023-12-02 11:46:30,019 : INFO : EventManager : Event: ======'mode_base_started'====== Args={'player': 1, 'ball': 1, 'balls_remaining': 2, 'is_extra_ball': False}
2023-12-02 11:46:30,034 : INFO : EventManager : Event: ======'single_player_ball_started'====== Args={}
2023-12-02 11:46:30,035 : INFO : EventManager : Event: ======'ball_start_target'====== Args={'target': 'playfield'}
2023-12-02 11:46:30,035 : INFO : ball_device.bd_trough : Setting up player-controlled eject. Balls: 1, Target: <playfield.playfield>, player_controlled_eject_event: None
2023-12-02 11:46:30,035 : INFO : EventManager : Event: ======'balldevice_balls_available'====== Args={}
2023-12-02 11:46:30,035 : INFO : ball_device.bd_trough : State: waiting_for_target_ready
2023-12-02 11:46:30,036 : INFO : EventManager : Event: ======'balldevice_bd_trough_ball_eject_attempt'====== Args={'balls': 1, 'target': <playfield.playfield>, 'source': <ball_device.bd_trough>, 'mechanical_eject': True, 'num_attempts': 0}
2023-12-02 11:46:30,036 : INFO : ball_device.bd_trough : State: ejecting
2023-12-02 11:46:30,036 : INFO : ball_device.bd_trough : Ejecting ball to <playfield.playfield>
2023-12-02 11:46:30,036 : INFO : EventManager : Event: ======'balldevice_bd_trough_ejecting_ball'====== Args={'balls': 1, 'target': <playfield.playfield>, 'source': <ball_device.bd_trough>, 'mechanical_eject': True, 'num_attempts': 0}
2023-12-02 11:46:30,037 : INFO : ball_device.bd_trough : Wait for ball to leave device
2023-12-02 11:46:30,053 : INFO : EventManager : Event: ======'slide_press_start_removed'====== Args={'_from_bcp': True}
2023-12-02 11:46:30,097 : INFO : EventManager : Event: ======'slide_round_started_created'====== Args={'_from_bcp': True}
2023-12-02 11:46:30,097 : INFO : EventManager : Event: ======'slide_round_started_active'====== Args={'_from_bcp': True}
2023-12-02 11:46:40,075 : INFO : SwitchController : <<<<<<< 's_sling_p1' active >>>>>>>
2023-12-02 11:46:40,075 : INFO : EventManager : Event: ======'playfield_active'====== Args={}
2023-12-02 11:46:40,075 : INFO : EventManager : Event: ======'s_sling_p1_active'====== Args={}
2023-12-02 11:46:40,075 : INFO : EventManager : Event: ======'sw_playfield_active'====== Args={}
2023-12-02 11:46:40,075 : INFO : EventManager : Event: ======'playfield_active'====== Args={}
2023-12-02 11:46:40,076 : INFO : EventManager : Event: ======'machine_var_audits_switches_s_sling_p1'====== Args={'value': 9, 'prev_value': 8, 'change': 1}
2023-12-02 11:46:40,076 : INFO : SwitchController : <<<<<<< 's_sling_p1' inactive >>>>>>>
2023-12-02 11:46:40,076 : INFO : EventManager : Event: ======'player_shot_sling_p1'====== Args={'value': 1, 'prev_value': 0, 'change': 1, 'player_num': 1}
2023-12-02 11:46:40,077 : INFO : EventManager : Event: ======'machine_var_audits_shots_sling_p1'====== Args={'value': 9, 'prev_value': 8, 'change': 1}
2023-12-02 11:46:40,077 : INFO : EventManager : Event: ======'sling_p1_hit'====== Args={'profile': 'default', 'state': 'unlit', 'advancing': True}
2023-12-02 11:46:40,077 : INFO : EventManager : Event: ======'sling_p1_default_hit'====== Args={'profile': 'default', 'state': 'unlit', 'advancing': True}
2023-12-02 11:46:40,077 : INFO : EventManager : Event: ======'sling_p1_default_unlit_hit'====== Args={'profile': 'default', 'state': 'unlit', 'advancing': True}
2023-12-02 11:46:40,077 : INFO : EventManager : Event: ======'sling_p1_unlit_hit'====== Args={'profile': 'default', 'state': 'unlit', 'advancing': True}
2023-12-02 11:46:40,077 : INFO : EventManager : Event: ======'playfield_active'====== Args={}
2023-12-02 11:46:45,026 : WARNING : SwitchController : Received duplicate switch state 0 for switch s_sling_p1 from the platform interface. Log Code: Log-SwitchController-1 (https://missionpinball.org/logs)
2023-12-02 11:46:45,082 : WARNING : SwitchController : Received duplicate switch state 0 for switch s_sling_p1 from the platform interface. Log Code: Log-SwitchController-1 (https://missionpinball.org/logs)
2023-12-02 11:46:46,821 : INFO : SwitchController : <<<<<<< 's_catch_p1' active >>>>>>>
2023-12-02 11:46:46,821 : INFO : EventManager : Event: ======'playfield_active'====== Args={}
2023-12-02 11:46:46,822 : INFO : EventManager : Event: ======'s_catch_p1_active'====== Args={}
2023-12-02 11:46:46,822 : INFO : EventManager : Event: ======'sw_playfield_active'====== Args={}
2023-12-02 11:46:46,822 : INFO : EventManager : Event: ======'machine_var_audits_switches_s_catch_p1'====== Args={'value': 9, 'prev_value': 8, 'change': 1}
2023-12-02 11:46:46,824 : INFO : EventManager : Event: ======'player_shot_catch_p1'====== Args={'value': 1, 'prev_value': 0, 'change': 1, 'player_num': 1}
2023-12-02 11:46:46,825 : INFO : EventManager : Event: ======'machine_var_audits_shots_catch_p1'====== Args={'value': 9, 'prev_value': 8, 'change': 1}
2023-12-02 11:46:46,826 : INFO : EventManager : Event: ======'catch_p1_hit'====== Args={'profile': 'default', 'state': 'unlit', 'advancing': True}
2023-12-02 11:46:46,826 : INFO : EventManager : Event: ======'catch_p1_default_hit'====== Args={'profile': 'default', 'state': 'unlit', 'advancing': True}
2023-12-02 11:46:46,826 : INFO : EventManager : Event: ======'catch_p1_default_unlit_hit'====== Args={'profile': 'default', 'state': 'unlit', 'advancing': True}
2023-12-02 11:46:46,827 : INFO : EventManager : Event: ======'catch_p1_unlit_hit'====== Args={'profile': 'default', 'state': 'unlit', 'advancing': True}
2023-12-02 11:46:46,827 : INFO : EventManager : Event: ======'playfield_active'====== Args={}
2023-12-02 11:46:47,322 : INFO : EventManager : Event: ======'balldevice_bd_catch_p1_ball_count_changed'====== Args={'balls': 1}
2023-12-02 11:46:47,323 : INFO : ball_device.bd_catch_p1 : Received unexpected ball
2023-12-02 11:46:47,323 : INFO : EventManager : Event: ======'balldevice_captured_from_playfield'====== Args={'balls': 1}
2023-12-02 11:46:47,324 : INFO : EventManager : Event: ======'sw_playfield_active'====== Args={'balls': 1}
2023-12-02 11:46:47,324 : INFO : EventManager : Event: ======'playfield_active'====== Args={}
2023-12-02 11:46:47,324 : INFO : EventManager : Event: ======'playfield_ball_count_change'====== Args={'balls': -1, 'change': -1}
2023-12-02 11:46:47,325 : INFO : EventManager : Event: ======'balldevice_playfield_ball_enter'====== Args={'new_balls': 1, 'unclaimed_balls': 1, 'device': <playfield.playfield>}
2023-12-02 11:46:47,325 : INFO : EventManager : Event: ======'playfield_ball_count_change'====== Args={'balls': 0, 'change': 1}
2023-12-02 11:46:47,326 : INFO : BallController : Found a new ball which was captured from playfield. Known balls: 2
2023-12-02 11:46:47,326 : INFO : EventManager : Event: ======'found_new_ball'====== Args={}
2023-12-02 11:46:47,326 : INFO : EventManager : Event: ======'balldevice_bd_catch_p1_ball_enter'====== Args={'new_balls': 1, 'unclaimed_balls': 1, 'new_available_balls': 1, 'device': <ball_device.bd_catch_p1>}
2023-12-02 11:46:47,327 : INFO : EventManager : Event: ======'ball_hold_catch_p1_held_ball'====== Args={'balls_held': 1, 'total_balls_held': 1}
2023-12-02 11:46:47,327 : INFO : EventManager : Event: ======'ball_hold_catch_p1_full'====== Args={'balls': 1}
2023-12-02 11:46:47,327 : INFO : EventManager : Event: ======'balldevice_balls_available'====== Args={}
2023-12-02 11:46:47,328 : INFO : EventManager : Event: ======'balldevice_bd_catch_p1_ball_entered'====== Args={'new_balls': 1, 'device': <ball_device.bd_catch_p1>}
2023-12-02 11:46:47,328 : INFO : EventManager : Event: ======'catch_p1_eject'====== Args={'priority': 0}
2023-12-02 11:46:47,328 : INFO : ball_device.bd_catch_p1 : Adding 1 ball(s) to the eject_queue with target <playfield.playfield>.
2023-12-02 11:46:47,328 : INFO : EventManager : Event: ======'balldevice_balls_available'====== Args={}
2023-12-02 11:46:47,328 : INFO : EventManager : Event: ======'ball_hold_catch_p1_balls_released'====== Args={'balls_released': 1}
2023-12-02 11:46:47,329 : INFO : ball_device.bd_catch_p1 : State: waiting_for_target_ready
2023-12-02 11:46:47,329 : INFO : EventManager : Event: ======'balldevice_bd_catch_p1_ball_eject_attempt'====== Args={'balls': 1, 'target': <playfield.playfield>, 'source': <ball_device.bd_catch_p1>, 'mechanical_eject': False, 'num_attempts': 0}
2023-12-02 11:46:47,330 : INFO : ball_device.bd_catch_p1 : State: ejecting
2023-12-02 11:46:47,330 : INFO : ball_device.bd_catch_p1 : Ejecting ball to <playfield.playfield>
2023-12-02 11:46:47,330 : INFO : EventManager : Event: ======'balldevice_bd_catch_p1_ejecting_ball'====== Args={'balls': 1, 'target': <playfield.playfield>, 'source': <ball_device.bd_catch_p1>, 'mechanical_eject': False, 'num_attempts': 0}
2023-12-02 11:46:47,331 : INFO : ball_device.bd_catch_p1 : Wait for ball to leave device
2023-12-02 11:46:47,332 : INFO : coil.c_catch_p1 : Pulsing Driver for 8ms (1.0 pulse_power)
2023-12-02 11:46:47,418 : INFO : SwitchController : <<<<<<< 's_catch_p1' inactive >>>>>>>
2023-12-02 11:46:47,419 : INFO : ball_device.bd_catch_p1 : State: ball_left
2023-12-02 11:46:47,419 : INFO : ball_device.bd_catch_p1 : Ball left
2023-12-02 11:46:47,420 : INFO : ball_device.bd_catch_p1 : Wait for confirm with timeout 1.0
2023-12-02 11:46:48,421 : INFO : ball_device.bd_catch_p1 : State: failed_confirm
2023-12-02 11:46:48,421 : INFO : ball_device.bd_catch_p1 : Got timeout (1.0s) before confirm from <playfield.playfield>
2023-12-02 11:46:48,522 : INFO : ball_device.bd_catch_p1 : Confirming eject because target is playfield and ball did not return.
2023-12-02 11:46:48,523 : INFO : ball_device.bd_catch_p1 : Eject successful
2023-12-02 11:46:48,523 : INFO : EventManager : Event: ======'balldevice_bd_catch_p1_ball_eject_success'====== Args={'balls': 1, 'target': <playfield.playfield>}
2023-12-02 11:46:48,523 : INFO : EventManager : Event: ======'balldevice_playfield_ball_enter'====== Args={'new_balls': 1, 'unclaimed_balls': 1, 'device': <playfield.playfield>}
2023-12-02 11:46:48,524 : INFO : EventManager : Event: ======'playfield_ball_count_change'====== Args={'balls': 1, 'change': 1}
2023-12-02 11:46:48,524 : INFO : EventManager : Event: ======'balldevice_bd_catch_p1_ball_count_changed'====== Args={'balls': 0}
2023-12-02 11:46:48,525 : INFO : ball_device.bd_catch_p1 : State: idle
2023-12-02 11:46:49,459 : INFO : SwitchController : <<<<<<< 's_sling_p2' active >>>>>>>
2023-12-02 11:46:49,459 : INFO : EventManager : Event: ======'s_sling_p2_active'====== Args={}
2023-12-02 11:46:49,459 : INFO : EventManager : Event: ======'sw_playfield_active'====== Args={}
2023-12-02 11:46:49,459 : INFO : EventManager : Event: ======'machine_var_audits_switches_s_sling_p2'====== Args={'value': 1, 'prev_value': 0, 'change': 1}
2023-12-02 11:46:49,460 : INFO : EventManager : Event: ======'player_shot_sling_p2'====== Args={'value': 1, 'prev_value': 0, 'change': 1, 'player_num': 1}
2023-12-02 11:46:49,460 : INFO : EventManager : Event: ======'machine_var_audits_shots_sling_p2'====== Args={'value': 1, 'prev_value': None, 'change': True}
2023-12-02 11:46:49,461 : INFO : EventManager : Event: ======'sling_p2_hit'====== Args={'profile': 'default', 'state': 'unlit', 'advancing': True}
2023-12-02 11:46:49,461 : INFO : EventManager : Event: ======'sling_p2_default_hit'====== Args={'profile': 'default', 'state': 'unlit', 'advancing': True}
2023-12-02 11:46:49,461 : INFO : EventManager : Event: ======'sling_p2_default_unlit_hit'====== Args={'profile': 'default', 'state': 'unlit', 'advancing': True}
2023-12-02 11:46:49,461 : INFO : EventManager : Event: ======'sling_p2_unlit_hit'====== Args={'profile': 'default', 'state': 'unlit', 'advancing': True}
2023-12-02 11:46:49,474 : INFO : SwitchController : <<<<<<< 's_sling_p2' inactive >>>>>>>
2023-12-02 11:46:51,447 : INFO : SwitchController : <<<<<<< 's_catch_p2' active >>>>>>>
2023-12-02 11:46:51,448 : INFO : EventManager : Event: ======'s_catch_p2_active'====== Args={}
2023-12-02 11:46:51,448 : INFO : EventManager : Event: ======'sw_playfield_active'====== Args={}
2023-12-02 11:46:51,448 : INFO : EventManager : Event: ======'machine_var_audits_switches_s_catch_p2'====== Args={'value': 1, 'prev_value': 0, 'change': 1}
2023-12-02 11:46:51,449 : INFO : EventManager : Event: ======'player_shot_catch_p2'====== Args={'value': 1, 'prev_value': 0, 'change': 1, 'player_num': 1}
2023-12-02 11:46:51,449 : INFO : EventManager : Event: ======'machine_var_audits_shots_catch_p2'====== Args={'value': 1, 'prev_value': None, 'change': True}
2023-12-02 11:46:51,450 : INFO : EventManager : Event: ======'catch_p2_hit'====== Args={'profile': 'default', 'state': 'unlit', 'advancing': True}
2023-12-02 11:46:51,450 : INFO : EventManager : Event: ======'catch_p2_default_hit'====== Args={'profile': 'default', 'state': 'unlit', 'advancing': True}
2023-12-02 11:46:51,450 : INFO : EventManager : Event: ======'catch_p2_default_unlit_hit'====== Args={'profile': 'default', 'state': 'unlit', 'advancing': True}
2023-12-02 11:46:51,450 : INFO : EventManager : Event: ======'catch_p2_unlit_hit'====== Args={'profile': 'default', 'state': 'unlit', 'advancing': True}
2023-12-02 11:46:51,948 : INFO : EventManager : Event: ======'balldevice_bd_catch_p2_ball_count_changed'====== Args={'balls': 1}
2023-12-02 11:46:51,949 : INFO : ball_device.bd_catch_p2 : Received unexpected ball
2023-12-02 11:46:51,949 : INFO : EventManager : Event: ======'balldevice_captured_from_playfield'====== Args={'balls': 1}
2023-12-02 11:46:51,949 : INFO : EventManager : Event: ======'sw_playfield_active'====== Args={'balls': 1}
2023-12-02 11:46:51,950 : INFO : EventManager : Event: ======'playfield_ball_count_change'====== Args={'balls': 0, 'change': -1}
2023-12-02 11:46:51,950 : INFO : EventManager : Event: ======'balldevice_bd_catch_p2_ball_enter'====== Args={'new_balls': 1, 'unclaimed_balls': 1, 'new_available_balls': 1, 'device': <ball_device.bd_catch_p2>}
2023-12-02 11:46:51,950 : INFO : EventManager : Event: ======'ball_hold_catch_p2_held_ball'====== Args={'balls_held': 1, 'total_balls_held': 1}
2023-12-02 11:46:51,951 : INFO : EventManager : Event: ======'ball_hold_catch_p2_full'====== Args={'balls': 1}
2023-12-02 11:46:51,951 : INFO : EventManager : Event: ======'balldevice_balls_available'====== Args={}
2023-12-02 11:46:51,951 : INFO : EventManager : Event: ======'balldevice_bd_catch_p2_ball_entered'====== Args={'new_balls': 1, 'device': <ball_device.bd_catch_p2>}
2023-12-02 11:46:51,951 : INFO : EventManager : Event: ======'catch_p2_eject'====== Args={'priority': 0}
2023-12-02 11:46:51,951 : INFO : ball_device.bd_catch_p2 : Adding 1 ball(s) to the eject_queue with target <playfield.playfield>.
2023-12-02 11:46:51,951 : INFO : EventManager : Event: ======'balldevice_balls_available'====== Args={}
2023-12-02 11:46:51,951 : INFO : EventManager : Event: ======'ball_hold_catch_p2_balls_released'====== Args={'balls_released': 1}
2023-12-02 11:46:51,952 : INFO : ball_device.bd_catch_p2 : State: waiting_for_target_ready
2023-12-02 11:46:51,952 : INFO : EventManager : Event: ======'balldevice_bd_catch_p2_ball_eject_attempt'====== Args={'balls': 1, 'target': <playfield.playfield>, 'source': <ball_device.bd_catch_p2>, 'mechanical_eject': False, 'num_attempts': 0}
2023-12-02 11:46:51,952 : INFO : ball_device.bd_catch_p2 : State: ejecting
2023-12-02 11:46:51,952 : INFO : ball_device.bd_catch_p2 : Ejecting ball to <playfield.playfield>
2023-12-02 11:46:51,952 : INFO : EventManager : Event: ======'balldevice_bd_catch_p2_ejecting_ball'====== Args={'balls': 1, 'target': <playfield.playfield>, 'source': <ball_device.bd_catch_p2>, 'mechanical_eject': False, 'num_attempts': 0}
2023-12-02 11:46:51,953 : INFO : ball_device.bd_catch_p2 : Wait for ball to leave device
2023-12-02 11:46:51,953 : INFO : coil.c_catch_p2 : Pulsing Driver for 8ms (1.0 pulse_power)
2023-12-02 11:46:52,000 : WARNING : SwitchController : Received duplicate switch state 0 for switch s_sling_p2 from the platform interface. Log Code: Log-SwitchController-1 (https://missionpinball.org/logs)
2023-12-02 11:46:52,033 : WARNING : SwitchController : Received duplicate switch state 0 for switch s_sling_p2 from the platform interface. Log Code: Log-SwitchController-1 (https://missionpinball.org/logs)
2023-12-02 11:46:52,034 : INFO : SwitchController : <<<<<<< 's_catch_p2' inactive >>>>>>>
2023-12-02 11:46:52,034 : INFO : ball_device.bd_catch_p2 : State: ball_left
2023-12-02 11:46:52,034 : INFO : ball_device.bd_catch_p2 : Ball left
2023-12-02 11:46:52,034 : INFO : ball_device.bd_catch_p2 : Wait for confirm with timeout 1.0
2023-12-02 11:46:52,053 : WARNING : SwitchController : Received duplicate switch state 0 for switch s_sling_p2 from the platform interface. Log Code: Log-SwitchController-1 (https://missionpinball.org/logs)
2023-12-02 11:46:53,034 : INFO : ball_device.bd_catch_p2 : State: failed_confirm
2023-12-02 11:46:53,035 : INFO : ball_device.bd_catch_p2 : Got timeout (1.0s) before confirm from <playfield.playfield>
2023-12-02 11:46:53,136 : INFO : ball_device.bd_catch_p2 : Confirming eject because target is playfield and ball did not return.
2023-12-02 11:46:53,137 : INFO : ball_device.bd_catch_p2 : Eject successful
2023-12-02 11:46:53,137 : INFO : EventManager : Event: ======'balldevice_bd_catch_p2_ball_eject_success'====== Args={'balls': 1, 'target': <playfield.playfield>}
2023-12-02 11:46:53,137 : INFO : EventManager : Event: ======'balldevice_playfield_ball_enter'====== Args={'new_balls': 1, 'unclaimed_balls': 1, 'device': <playfield.playfield>}
2023-12-02 11:46:53,138 : INFO : EventManager : Event: ======'playfield_ball_count_change'====== Args={'balls': 1, 'change': 1}
2023-12-02 11:46:53,138 : INFO : EventManager : Event: ======'balldevice_bd_catch_p2_ball_count_changed'====== Args={'balls': 0}
2023-12-02 11:46:53,139 : INFO : ball_device.bd_catch_p2 : State: idle
2023-12-02 11:47:51,455 : INFO : Machine : Shutting down...
2023-12-02 11:47:51,456 : INFO : EventManager : Event: ======'shutdown'====== Args={}
2023-12-02 11:47:51,458 : INFO : EventManager : Event: ======'mode_game_will_stop'====== Args={}
2023-12-02 11:47:51,459 : INFO : EventManager : Event: ======'mode_game_stopping'====== Args={}
2023-12-02 11:47:51,459 : INFO : EventManager : Event: ======'mode_base_will_stop'====== Args={}
2023-12-02 11:47:51,460 : INFO : EventManager : Event: ======'mode_base_stopping'====== Args={}
2023-12-02 11:47:51,460 : INFO : Mode.base : Stopped.
2023-12-02 11:47:51,460 : INFO : EventManager : Event: ======'modes_active_modes_changed'====== Args={}
2023-12-02 11:47:51,461 : INFO : EventManager : Event: ======'mode_base_stopped'====== Args={}
2023-12-02 11:47:51,461 : INFO : EventManager : Event: ======'clear'====== Args={'key': 'base'}
2023-12-02 11:47:51,465 : INFO : Mode.game : Stopped.
2023-12-02 11:47:51,465 : INFO : EventManager : Event: ======'modes_active_modes_changed'====== Args={}
2023-12-02 11:47:51,466 : INFO : EventManager : Event: ======'mode_game_stopped'====== Args={}
2023-12-02 11:47:51,466 : INFO : EventManager : Event: ======'clear'====== Args={'key': 'game'}
2023-12-02 11:47:51,474 : INFO : root : MPF run loop ended.
