2023-12-05 16:36:27,601 : INFO : root : Loading config.
2023-12-05 16:36:27,605 : INFO : YamlMultifileConfigLoader : Machine config file #1: config.yaml
2023-12-05 16:36:27,605 : INFO : ConfigProcessor : Loading config from cache: /tmp/bf38e15644d30ba1eb87297a18d33bd2.mpf_cache
2023-12-05 16:36:27,665 : INFO : ConfigProcessor : Loading config from cache: /tmp/ecc2466debc0cbb894d1a2fba8912b38.mpf_cache
2023-12-05 16:36:27,666 : INFO : ConfigProcessor : Loading config from cache: /tmp/32cc0edc83e6cd7fce5d5a48c9d631d2.mpf_cache
2023-12-05 16:36:27,666 : INFO : ConfigProcessor : Loading config from cache: /tmp/0fe63fd00a83faf3a344d3dd33ac8b6e.mpf_cache
2023-12-05 16:36:27,667 : INFO : ConfigProcessor : Loading config from cache: /tmp/4923a60b897e22ae41d9973250e86152.mpf_cache
2023-12-05 16:36:27,667 : INFO : Machine : Mission Pinball Framework Core Engine v0.57.0.dev32
2023-12-05 16:36:27,667 : INFO : Machine : Command line arguments: {'no_load_cache': False, 'create_config_cache': True, 'bcp': True, 'configfile': ['config.yaml'], 'force_assets_load': False, 'jsonlogging': False, 'logfile': 'logs/2023-12-05-16-36-27-mpf-dodgeball.log', 'pause': False, 'production': False, 'text_ui': True, 'loglevel': 15, 'consoleloglevel': 20, 'force_platform': None, 'syslog_address': None, 'mc_file_name': None, 'no_sound': False}
2023-12-05 16:36:27,667 : INFO : Machine : MPF path: /home/ohm/.local/lib/python3.10/site-packages/mpf
2023-12-05 16:36:27,667 : INFO : Machine : Machine path: /home/ohm/dodgeball
2023-12-05 16:36:27,668 : INFO : Machine : Platform: linux
2023-12-05 16:36:27,668 : INFO : Machine : Python executable location: /usr/bin/python3
2023-12-05 16:36:27,668 : INFO : Machine : Python version: 3.10.12 (64-bit)
2023-12-05 16:36:27,675 : INFO : Machine : Initializing MPF...
2023-12-05 16:36:27,744 : INFO : P-Roc : Connecting to P-ROC
2023-12-05 16:36:27,807 : INFO : P-Roc : Successfully connected to P-ROC/P3-ROC. Firmware Version: 2. Firmware Revision: 18. Hardware Board ID: 3
2023-12-05 16:36:27,815 : INFO : EventManager : Event: ======'machine_var_p_roc_version'====== Args={'value': 2, 'prev_value': None, 'change': True}
2023-12-05 16:36:27,815 : INFO : EventManager : Event: ======'machine_var_p_roc_revision'====== Args={'value': 18, 'prev_value': None, 'change': True}
2023-12-05 16:36:27,815 : INFO : EventManager : Event: ======'machine_var_p_roc_hardware_version'====== Args={'value': 3, 'prev_value': None, 'change': True}
2023-12-05 16:36:27,816 : INFO : EventManager : Event: ======'machine_var_credits_string'====== Args={'value': 'FREE PLAY', 'prev_value': None, 'change': True}
2023-12-05 16:36:27,881 : INFO : EventManager : Event: ======'machine_var_master_volume'====== Args={'value': 0.5, 'prev_value': None, 'change': True}
2023-12-05 16:36:27,881 : INFO : EventManager : Event: ======'machine_var_mpf_version'====== Args={'value': 'Mission Pinball Framework v0.57.0.dev32', 'prev_value': None, 'change': True}
2023-12-05 16:36:27,882 : INFO : EventManager : Event: ======'machine_var_mpf_extended_version'====== Args={'value': 'Mission Pinball Framework v0.57.0.dev32, Config version:6, Show version: 6, BCP version:1.1', 'prev_value': None, 'change': True}
2023-12-05 16:36:27,882 : INFO : EventManager : Event: ======'machine_var_python_version'====== Args={'value': '3.10.12', 'prev_value': None, 'change': True}
2023-12-05 16:36:27,884 : INFO : EventManager : Event: ======'machine_var_platform'====== Args={'value': 'Linux-6.2.0-37-generic-x86_64-with-glibc2.35', 'prev_value': None, 'change': True}
2023-12-05 16:36:27,884 : INFO : EventManager : Event: ======'machine_var_platform_system'====== Args={'value': 'Linux', 'prev_value': None, 'change': True}
2023-12-05 16:36:27,884 : INFO : EventManager : Event: ======'machine_var_platform_release'====== Args={'value': '6.2.0-37-generic', 'prev_value': None, 'change': True}
2023-12-05 16:36:27,884 : INFO : EventManager : Event: ======'machine_var_platform_version'====== Args={'value': '#38~22.04.1-Ubuntu SMP PREEMPT_DYNAMIC Thu Nov  2 18:01:13 UTC 2', 'prev_value': None, 'change': True}
2023-12-05 16:36:27,884 : INFO : EventManager : Event: ======'machine_var_platform_machine'====== Args={'value': 'x86_64', 'prev_value': None, 'change': True}
2023-12-05 16:36:27,885 : INFO : EventManager : Event: ======'init_phase_1'====== Args={}
2023-12-05 16:36:27,940 : INFO : EventManager : Event: ======'logicblock_has_highscore_updated'====== Args={'value': 0, 'enabled': True}
2023-12-05 16:36:27,940 : INFO : EventManager : Event: ======'logicblock_has_highscore_updated'====== Args={'value': 0, 'enabled': True}
2023-12-05 16:36:27,943 : INFO : EventManager : Event: ======'init_phase_2'====== Args={}
2023-12-05 16:36:27,958 : INFO : SwitchController : Found active switch: (3, <Platform.P3-ROC>) <switch.s_trougheject_p1>
2023-12-05 16:36:27,959 : INFO : SwitchController : Found active switch: (11, <Platform.P3-ROC>) <switch.s_trougheject_p2>
2023-12-05 16:36:27,964 : INFO : EventManager : Event: ======'bcp_connection_attempt'====== Args={'name': 'local_display', 'host': 'localhost', 'port': 5050}
2023-12-05 16:36:27,966 : INFO : BCPClientSocket : Connecting BCP to 'local_display' at localhost:5050...
2023-12-05 16:36:30,592 : INFO : BCPClientSocket : Connected BCP to 'local_display' localhost:5050
2023-12-05 16:36:30,592 : INFO : EventManager : Event: ======'bcp_clients_connected'====== Args={}
2023-12-05 16:36:30,595 : INFO : ball_device.bd_trough : BCH: Initial count: 1
2023-12-05 16:36:30,596 : INFO : ball_device.bd_trough : State: idle
2023-12-05 16:36:30,596 : INFO : ball_device.bd_catch_p1 : BCH: Initial count: 0
2023-12-05 16:36:30,597 : INFO : ball_device.bd_catch_p1 : State: idle
2023-12-05 16:36:30,597 : INFO : ball_device.bd_catch_p2 : BCH: Initial count: 0
2023-12-05 16:36:30,597 : INFO : ball_device.bd_catch_p2 : State: idle
2023-12-05 16:36:30,633 : INFO : EventManager : Event: ======'init_phase_3'====== Args={}
2023-12-05 16:36:30,640 : INFO : EventManager : Event: ======'machine_var_mc_version'====== Args={'value': 'MPF-MC v0.57.0.dev12', 'prev_value': None, 'change': True}
2023-12-05 16:36:30,640 : INFO : EventManager : Event: ======'machine_var_mc_extended_version'====== Args={'value': 'MPF-MC v0.57.0.dev12 (config_version=6, BCP v1.1,                      Requires MPF API compatibility v0.57.0.dev32 or newer)', 'prev_value': None, 'change': True}
2023-12-05 16:36:30,647 : INFO : EventManager : Event: ======'init_phase_4'====== Args={}
2023-12-05 16:36:30,648 : INFO : BallController : Initial balls found: 1
2023-12-05 16:36:30,649 : INFO : EventManager : Event: ======'machine_var_audits_events_game_ended'====== Args={'value': 0, 'prev_value': None, 'change': True}
2023-12-05 16:36:30,649 : INFO : EventManager : Event: ======'machine_var_audits_events_game_started'====== Args={'value': 37, 'prev_value': None, 'change': True}
2023-12-05 16:36:30,649 : INFO : EventManager : Event: ======'machine_var_audits_player_score'====== Args={'value': {'average': 0, 'top': [], 'total': 0}, 'prev_value': None, 'change': True}
2023-12-05 16:36:30,649 : INFO : EventManager : Event: ======'machine_var_audits_shots_catch_p1'====== Args={'value': 9, 'prev_value': None, 'change': True}
2023-12-05 16:36:30,650 : INFO : EventManager : Event: ======'machine_var_audits_shots_catch_p2'====== Args={'value': 1, 'prev_value': None, 'change': True}
2023-12-05 16:36:30,650 : INFO : EventManager : Event: ======'machine_var_audits_shots_sling_p1'====== Args={'value': 17, 'prev_value': None, 'change': True}
2023-12-05 16:36:30,650 : INFO : EventManager : Event: ======'machine_var_audits_shots_sling_p2'====== Args={'value': 1, 'prev_value': None, 'change': True}
2023-12-05 16:36:30,651 : INFO : EventManager : Event: ======'machine_var_audits_switches_s_catch_p1'====== Args={'value': 9, 'prev_value': None, 'change': True}
2023-12-05 16:36:30,651 : INFO : EventManager : Event: ======'machine_var_audits_switches_s_catch_p2'====== Args={'value': 1, 'prev_value': None, 'change': True}
2023-12-05 16:36:30,651 : INFO : EventManager : Event: ======'machine_var_audits_switches_s_sling_p1'====== Args={'value': 17, 'prev_value': None, 'change': True}
2023-12-05 16:36:30,651 : INFO : EventManager : Event: ======'machine_var_audits_switches_s_sling_p2'====== Args={'value': 1, 'prev_value': None, 'change': True}
2023-12-05 16:36:30,652 : INFO : EventManager : Event: ======'machine_var_audits_switches_s_start_p1'====== Args={'value': 1, 'prev_value': None, 'change': True}
2023-12-05 16:36:30,652 : INFO : EventManager : Event: ======'machine_var_audits_switches_s_start_p2'====== Args={'value': 0, 'prev_value': None, 'change': True}
2023-12-05 16:36:30,652 : INFO : EventManager : Event: ======'machine_var_audits_switches_s_trougheject_p1'====== Args={'value': 0, 'prev_value': None, 'change': True}
2023-12-05 16:36:30,653 : INFO : EventManager : Event: ======'machine_var_audits_switches_s_trougheject_p2'====== Args={'value': 0, 'prev_value': None, 'change': True}
2023-12-05 16:36:30,662 : INFO : EventManager : Event: ======'init_phase_5'====== Args={}
2023-12-05 16:36:30,662 : INFO : EventManager : Event: ======'init_done'====== Args={}
2023-12-05 16:36:30,662 : INFO : EventManager : Event: ======'machine_reset_phase_1'====== Args={}
2023-12-05 16:36:30,666 : INFO : EventManager : Event: ======'machine_reset_phase_2'====== Args={}
2023-12-05 16:36:30,666 : INFO : EventManager : Event: ======'machine_reset_phase_3'====== Args={}
2023-12-05 16:36:30,667 : INFO : EventManager : Event: ======'reset_complete'====== Args={}
2023-12-05 16:36:30,667 : INFO : EventManager : Event: ======'mode_attract_will_start'====== Args={}
2023-12-05 16:36:30,668 : INFO : EventManager : Event: ======'mode_attract_starting'====== Args={}
2023-12-05 16:36:30,668 : INFO : Mode.attract : Started. Priority: 10
2023-12-05 16:36:30,668 : INFO : EventManager : Event: ======'modes_active_modes_changed'====== Args={}
2023-12-05 16:36:30,668 : INFO : EventManager : Event: ======'mode_attract_started'====== Args={}
2023-12-05 16:36:30,669 : INFO : EventManager : Event: ======'collecting_balls_complete'====== Args={}
2023-12-05 16:36:30,669 : INFO : Machine : Starting the main run loop.
2023-12-05 16:36:30,710 : INFO : EventManager : Event: ======'slide_press_start_created'====== Args={'_from_bcp': True}
2023-12-05 16:36:30,725 : INFO : EventManager : Event: ======'slide_press_start_active'====== Args={'_from_bcp': True}
2023-12-05 16:36:32,287 : INFO : SwitchController : <<<<<<< 's_start_p1' active >>>>>>>
2023-12-05 16:36:32,439 : INFO : SwitchController : <<<<<<< 's_start_p1' inactive >>>>>>>
2023-12-05 16:36:32,439 : INFO : EventManager : Event: ======'request_to_start_game'====== Args={}
2023-12-05 16:36:32,439 : INFO : EventManager : Event: ======'game_start'====== Args={'buttons': [], 'hold_time': 0.15200000000004366}
2023-12-05 16:36:32,439 : INFO : EventManager : Event: ======'mode_game_will_start'====== Args={'buttons': [], 'hold_time': 0.15200000000004366}
2023-12-05 16:36:32,440 : INFO : EventManager : Event: ======'mode_game_starting'====== Args={'buttons': [], 'hold_time': 0.15200000000004366}
2023-12-05 16:36:32,440 : INFO : EventManager : Event: ======'mode_attract_will_stop'====== Args={}
2023-12-05 16:36:32,440 : INFO : EventManager : Event: ======'mode_attract_stopping'====== Args={}
2023-12-05 16:36:32,440 : INFO : Mode.attract : Stopped.
2023-12-05 16:36:32,440 : INFO : EventManager : Event: ======'modes_active_modes_changed'====== Args={}
2023-12-05 16:36:32,441 : INFO : EventManager : Event: ======'mode_attract_stopped'====== Args={}
2023-12-05 16:36:32,441 : INFO : EventManager : Event: ======'clear'====== Args={'key': 'attract'}
2023-12-05 16:36:32,441 : INFO : Mode.game : Started. Priority: 20
2023-12-05 16:36:32,441 : INFO : EventManager : Event: ======'modes_active_modes_changed'====== Args={}
2023-12-05 16:36:32,441 : INFO : EventManager : Event: ======'mode_game_started'====== Args={'buttons': [], 'hold_time': 0.15200000000004366}
2023-12-05 16:36:32,442 : INFO : EventManager : Event: ======'game_will_start'====== Args={}
2023-12-05 16:36:32,442 : INFO : EventManager : Event: ======'game_starting'====== Args={'game': <Mode.game>}
2023-12-05 16:36:32,443 : INFO : EventManager : Event: ======'player_add_request'====== Args={}
2023-12-05 16:36:32,443 : INFO : EventManager : Event: ======'player_will_add'====== Args={'number': 1}
2023-12-05 16:36:32,443 : INFO : EventManager : Event: ======'player_adding'====== Args={'player': <Player 1>, 'number': 1}
2023-12-05 16:36:32,443 : INFO : EventManager : Event: ======'player_added'====== Args={'player': <Player 1>, 'num': 1}
2023-12-05 16:36:32,443 : INFO : Mode.game : Player added successfully. Total players: 1
2023-12-05 16:36:32,443 : INFO : EventManager : Event: ======'player_index'====== Args={'value': 0, 'prev_value': 0, 'change': 0, 'player_num': 1}
2023-12-05 16:36:32,444 : INFO : EventManager : Event: ======'player_number'====== Args={'value': 1, 'prev_value': 1, 'change': 0, 'player_num': 1}
2023-12-05 16:36:32,444 : INFO : EventManager : Event: ======'player_has_a_highscore'====== Args={'value': 0, 'prev_value': 0, 'change': 0, 'player_num': 1}
2023-12-05 16:36:32,444 : INFO : EventManager : Event: ======'player_is_welcome_played'====== Args={'value': 0, 'prev_value': 0, 'change': 0, 'player_num': 1}
2023-12-05 16:36:32,444 : INFO : EventManager : Event: ======'player_score'====== Args={'value': 0, 'prev_value': 0, 'change': 0, 'player_num': 1}
2023-12-05 16:36:32,445 : INFO : EventManager : Event: ======'game_started'====== Args={}
2023-12-05 16:36:32,445 : INFO : EventManager : Event: ======'logicblock_has_highscore_updated'====== Args={'value': 0, 'enabled': True}
2023-12-05 16:36:32,445 : INFO : EventManager : Event: ======'player_turn_will_start'====== Args={'player': <Player 1>, 'number': 1}
2023-12-05 16:36:32,445 : INFO : EventManager : Event: ======'player_turn_starting'====== Args={'player': <Player 1>, 'number': 1}
2023-12-05 16:36:32,446 : INFO : EventManager : Event: ======'player_ball'====== Args={'value': 1, 'prev_value': 0, 'change': 1, 'player_num': 1}
2023-12-05 16:36:32,446 : INFO : EventManager : Event: ======'player_turn_started'====== Args={'player': <Player 1>, 'number': 1}
2023-12-05 16:36:32,446 : INFO : EventManager : Event: ======'ball_will_start'====== Args={'player': 1, 'ball': 1, 'balls_remaining': 2, 'is_extra_ball': False}
2023-12-05 16:36:32,447 : INFO : EventManager : Event: ======'ball_starting'====== Args={'player': 1, 'ball': 1, 'balls_remaining': 2, 'is_extra_ball': False}
2023-12-05 16:36:32,457 : INFO : EventManager : Event: ======'balls_in_play'====== Args={'balls': 1}
2023-12-05 16:36:32,457 : INFO : EventManager : Event: ======'ball_started'====== Args={'player': 1, 'ball': 1, 'balls_remaining': 2, 'is_extra_ball': False}
2023-12-05 16:36:32,458 : INFO : EventManager : Event: ======'slide_press_start_removed'====== Args={'_from_bcp': True}
2023-12-05 16:36:32,458 : INFO : EventManager : Event: ======'mode_base_will_start'====== Args={'player': 1, 'ball': 1, 'balls_remaining': 2, 'is_extra_ball': False}
2023-12-05 16:36:32,458 : INFO : EventManager : Event: ======'player_shot_sling_p1_enabled'====== Args={'value': True, 'prev_value': 0, 'change': 1, 'player_num': 1}
2023-12-05 16:36:32,459 : INFO : EventManager : Event: ======'player_shot_sling_p2_enabled'====== Args={'value': True, 'prev_value': 0, 'change': 1, 'player_num': 1}
2023-12-05 16:36:32,459 : INFO : EventManager : Event: ======'player_shot_catch_p1_enabled'====== Args={'value': True, 'prev_value': 0, 'change': 1, 'player_num': 1}
2023-12-05 16:36:32,460 : INFO : EventManager : Event: ======'player_shot_catch_p2_enabled'====== Args={'value': True, 'prev_value': 0, 'change': 1, 'player_num': 1}
2023-12-05 16:36:32,461 : INFO : EventManager : Event: ======'mode_base_starting'====== Args={'player': 1, 'ball': 1, 'balls_remaining': 2, 'is_extra_ball': False}
2023-12-05 16:36:32,462 : INFO : Mode.base : Started. Priority: 100
2023-12-05 16:36:32,462 : INFO : EventManager : Event: ======'modes_active_modes_changed'====== Args={}
2023-12-05 16:36:32,462 : INFO : EventManager : Event: ======'mode_base_started'====== Args={'player': 1, 'ball': 1, 'balls_remaining': 2, 'is_extra_ball': False}
2023-12-05 16:36:32,466 : INFO : EventManager : Event: ======'paddle_update'====== Args={'p1pos': '100', 'p1sp': '200'}
2023-12-05 16:36:32,468 : INFO : EventManager : Event: ======'paddle_update'====== Args={'p1pos': '100', 'p1sp': '200'}
2023-12-05 16:36:32,469 : INFO : EventManager : Event: ======'paddle_update'====== Args={'p1pos': '100', 'p1sp': '200'}
2023-12-05 16:36:32,469 : INFO : EventManager : Event: ======'paddle_update'====== Args={'p1pos': '100', 'p1sp': '200'}
2023-12-05 16:36:32,470 : INFO : EventManager : Event: ======'paddle_update'====== Args={'p1pos': '100', 'p1sp': '200'}
2023-12-05 16:36:32,471 : INFO : EventManager : Event: ======'single_player_ball_started'====== Args={}
2023-12-05 16:36:32,471 : INFO : EventManager : Event: ======'slide_window_blank_active'====== Args={'_from_bcp': True}
2023-12-05 16:36:32,471 : INFO : EventManager : Event: ======'ball_start_target'====== Args={'target': 'playfield'}
2023-12-05 16:36:32,472 : INFO : ball_device.bd_trough : Setting up player-controlled eject. Balls: 1, Target: <playfield.playfield>, player_controlled_eject_event: None
2023-12-05 16:36:32,472 : INFO : EventManager : Event: ======'balldevice_balls_available'====== Args={}
2023-12-05 16:36:32,472 : INFO : ball_device.bd_trough : State: waiting_for_target_ready
2023-12-05 16:36:32,472 : INFO : EventManager : Event: ======'balldevice_bd_trough_ball_eject_attempt'====== Args={'balls': 1, 'target': <playfield.playfield>, 'source': <ball_device.bd_trough>, 'mechanical_eject': True, 'num_attempts': 0}
2023-12-05 16:36:32,478 : INFO : ball_device.bd_trough : State: ejecting
2023-12-05 16:36:32,479 : INFO : ball_device.bd_trough : Ejecting ball to <playfield.playfield>
2023-12-05 16:36:32,479 : INFO : EventManager : Event: ======'balldevice_bd_trough_ejecting_ball'====== Args={'balls': 1, 'target': <playfield.playfield>, 'source': <ball_device.bd_trough>, 'mechanical_eject': True, 'num_attempts': 0}
2023-12-05 16:36:32,479 : INFO : ball_device.bd_trough : Wait for ball to leave device
2023-12-05 16:36:32,514 : INFO : EventManager : Event: ======'slide_round_started_created'====== Args={'_from_bcp': True}
2023-12-05 16:36:32,515 : INFO : EventManager : Event: ======'slide_round_started_active'====== Args={'_from_bcp': True}
2023-12-05 16:36:33,472 : INFO : EventManager : Event: ======'paddle_update'====== Args={'p1pos': '100', 'p1sp': '200'}
2023-12-05 16:36:34,474 : INFO : EventManager : Event: ======'paddle_update'====== Args={'p1pos': '100', 'p1sp': '200'}
2023-12-05 16:36:35,475 : INFO : EventManager : Event: ======'paddle_update'====== Args={'p1pos': '100', 'p1sp': '200'}
2023-12-05 16:36:36,477 : INFO : EventManager : Event: ======'paddle_update'====== Args={'p1pos': '100', 'p1sp': '200'}
2023-12-05 16:36:37,479 : INFO : EventManager : Event: ======'paddle_update'====== Args={'p1pos': '100', 'p1sp': '200'}
2023-12-05 16:36:38,481 : INFO : EventManager : Event: ======'paddle_update'====== Args={'p1pos': '100', 'p1sp': '200'}
2023-12-05 16:36:39,483 : INFO : EventManager : Event: ======'paddle_update'====== Args={'p1pos': '100', 'p1sp': '200'}
2023-12-05 16:36:40,485 : INFO : EventManager : Event: ======'paddle_update'====== Args={'p1pos': '100', 'p1sp': '200'}
2023-12-05 16:36:41,487 : INFO : EventManager : Event: ======'paddle_update'====== Args={'p1pos': '100', 'p1sp': '200'}
2023-12-05 16:36:42,489 : INFO : EventManager : Event: ======'paddle_update'====== Args={'p1pos': '100', 'p1sp': '200'}
2023-12-05 16:36:43,491 : INFO : EventManager : Event: ======'paddle_update'====== Args={'p1pos': '100', 'p1sp': '200'}
2023-12-05 16:36:44,493 : INFO : EventManager : Event: ======'paddle_update'====== Args={'p1pos': '100', 'p1sp': '200'}
2023-12-05 16:36:45,494 : INFO : EventManager : Event: ======'paddle_update'====== Args={'p1pos': '100', 'p1sp': '200'}
2023-12-05 16:36:46,497 : INFO : EventManager : Event: ======'paddle_update'====== Args={'p1pos': '100', 'p1sp': '200'}
2023-12-05 16:36:47,499 : INFO : EventManager : Event: ======'paddle_update'====== Args={'p1pos': '100', 'p1sp': '200'}
2023-12-05 16:36:48,501 : INFO : EventManager : Event: ======'paddle_update'====== Args={'p1pos': '100', 'p1sp': '200'}
2023-12-05 16:36:49,503 : INFO : EventManager : Event: ======'paddle_update'====== Args={'p1pos': '100', 'p1sp': '200'}
2023-12-05 16:36:50,505 : INFO : EventManager : Event: ======'paddle_update'====== Args={'p1pos': '100', 'p1sp': '200'}
2023-12-05 16:36:51,507 : INFO : EventManager : Event: ======'paddle_update'====== Args={'p1pos': '100', 'p1sp': '200'}
2023-12-05 16:36:52,509 : INFO : EventManager : Event: ======'paddle_update'====== Args={'p1pos': '100', 'p1sp': '200'}
2023-12-05 16:36:53,511 : INFO : EventManager : Event: ======'paddle_update'====== Args={'p1pos': '100', 'p1sp': '200'}
2023-12-05 16:36:54,513 : INFO : EventManager : Event: ======'paddle_update'====== Args={'p1pos': '100', 'p1sp': '200'}
2023-12-05 16:36:55,515 : INFO : EventManager : Event: ======'paddle_update'====== Args={'p1pos': '100', 'p1sp': '200'}
2023-12-05 16:36:56,517 : INFO : EventManager : Event: ======'paddle_update'====== Args={'p1pos': '100', 'p1sp': '200'}
2023-12-05 16:36:57,519 : INFO : EventManager : Event: ======'paddle_update'====== Args={'p1pos': '100', 'p1sp': '200'}
2023-12-05 16:36:58,521 : INFO : EventManager : Event: ======'paddle_update'====== Args={'p1pos': '100', 'p1sp': '200'}
2023-12-05 16:36:58,726 : INFO : Machine : Shutting down...
2023-12-05 16:36:58,726 : INFO : EventManager : Event: ======'shutdown'====== Args={}
2023-12-05 16:36:58,727 : INFO : EventManager : Event: ======'mode_game_will_stop'====== Args={}
2023-12-05 16:36:58,728 : INFO : EventManager : Event: ======'mode_game_stopping'====== Args={}
2023-12-05 16:36:58,728 : INFO : EventManager : Event: ======'mode_base_will_stop'====== Args={}
2023-12-05 16:36:58,728 : INFO : EventManager : Event: ======'mode_base_stopping'====== Args={}
2023-12-05 16:36:58,728 : INFO : Mode.base : Stopped.
2023-12-05 16:36:58,728 : INFO : EventManager : Event: ======'modes_active_modes_changed'====== Args={}
2023-12-05 16:36:58,728 : INFO : EventManager : Event: ======'mode_base_stopped'====== Args={}
2023-12-05 16:36:58,728 : INFO : EventManager : Event: ======'clear'====== Args={'key': 'base'}
2023-12-05 16:36:58,729 : INFO : Mode.game : Stopped.
2023-12-05 16:36:58,729 : INFO : EventManager : Event: ======'modes_active_modes_changed'====== Args={}
2023-12-05 16:36:58,729 : INFO : EventManager : Event: ======'mode_game_stopped'====== Args={}
2023-12-05 16:36:58,730 : INFO : EventManager : Event: ======'clear'====== Args={'key': 'game'}
2023-12-05 16:36:58,733 : INFO : root : MPF run loop ended.
