2023-12-02 12:14:22,946 : kivy : Kivy: v2.2.1
2023-12-02 12:14:22,946 : kivy : Kivy: Installed at "/home/ohm/.local/lib/python3.10/site-packages/kivy/__init__.py"
2023-12-02 12:14:22,946 : kivy : Python: v3.10.12 (main, Nov 20 2023, 15:14:05) [GCC 11.4.0]
2023-12-02 12:14:22,947 : kivy : Python: Interpreter at "/usr/bin/python3"
2023-12-02 12:14:22,963 : kivy : Factory: 190 symbols loaded
2023-12-02 12:14:23,169 : kivy : ImageLoaderFFPy: Using ffpyplayer 4.5.1
2023-12-02 12:14:23,169 : kivy : Image: Providers: img_tex, img_dds, img_sdl2, img_pil, img_ffpyplayer 
2023-12-02 12:14:23,310 : kivy : VideoFFPy: Using ffpyplayer 4.5.1
2023-12-02 12:14:23,310 : kivy : Video: Provider: ffpyplayer(['video_ffmpeg'] ignored)
2023-12-02 12:14:23,357 : root : Loading MPF-MC controller
2023-12-02 12:14:23,361 : YamlMultifileConfigLoader : Machine config file #1: config
2023-12-02 12:14:23,361 : ConfigProcessor : Config file in cache changed: /home/ohm/dodgeball/config/config
2023-12-02 12:14:23,361 : ConfigProcessor : Loading config from file /home/ohm/.local/lib/python3.10/site-packages/mpfmc/mcconfig.yaml.
2023-12-02 12:14:23,376 : ConfigProcessor : Loading config: /home/ohm/.local/lib/python3.10/site-packages/mpfmc/mcconfig.yaml
2023-12-02 12:14:23,377 : ConfigProcessor : Loading config from file /home/ohm/dodgeball/config/config.
2023-12-02 12:14:23,384 : ConfigProcessor : Loading config: /home/ohm/dodgeball/config/config
2023-12-02 12:14:23,385 : ConfigProcessor : Loading config: /home/ohm/dodgeball/config/lights.yaml
2023-12-02 12:14:23,387 : ConfigProcessor : Loading config: /home/ohm/dodgeball/config/coils.yaml
2023-12-02 12:14:23,389 : ConfigProcessor : Loading config: /home/ohm/dodgeball/config/switches.yaml
2023-12-02 12:14:23,390 : ConfigProcessor : Loading config: /home/ohm/dodgeball/config/playervars.yaml
2023-12-02 12:14:23,392 : ConfigProcessor : Config file cache created: /tmp/a2c1ba82a89a56dee0acd48b5b927038.mpf_cache
2023-12-02 12:14:23,393 : ConfigProcessor : Loading config from cache: /tmp/ecc2466debc0cbb894d1a2fba8912b38.mpf_cache
2023-12-02 12:14:23,393 : ConfigProcessor : Loading config from cache: /tmp/32cc0edc83e6cd7fce5d5a48c9d631d2.mpf_cache
2023-12-02 12:14:23,393 : ConfigProcessor : Loading config from cache: /tmp/0fe63fd00a83faf3a344d3dd33ac8b6e.mpf_cache
2023-12-02 12:14:23,394 : mpfmc : Mission Pinball Framework Media Controller (MPF-MC) v0.57.0.dev12. Requires MPF v0.57.0.dev32 or newer.
2023-12-02 12:14:23,394 : mpfmc : Found MPF v0.57.0.dev32
2023-12-02 12:14:23,394 : mpfmc : Machine path: /home/ohm/dodgeball
2023-12-02 12:14:23,394 : mpfmc : Starting clock at 60.0Hz
2023-12-02 12:14:23,405 : kivy : Text: Provider: sdl2
2023-12-02 12:14:23,436 : kivy : Window: Provider: sdl2
2023-12-02 12:14:24,047 : kivy : GL: Using the "OpenGL" graphics system
2023-12-02 12:14:24,049 : kivy : GL: Backend used <sdl2>
2023-12-02 12:14:24,049 : kivy : GL: OpenGL version <b'4.6 (Compatibility Profile) Mesa 23.0.4-0ubuntu1~22.04.1'>
2023-12-02 12:14:24,049 : kivy : GL: OpenGL vendor <b'Intel'>
2023-12-02 12:14:24,050 : kivy : GL: OpenGL renderer <b'Mesa Intel(R) UHD Graphics 600 (GLK 2)'>
2023-12-02 12:14:24,050 : kivy : GL: OpenGL parsed version: 4, 6
2023-12-02 12:14:24,050 : kivy : GL: Shading version <b'4.60'>
2023-12-02 12:14:24,050 : kivy : GL: Texture max size <16384>
2023-12-02 12:14:24,050 : kivy : GL: Texture max units <32>
2023-12-02 12:14:24,120 : kivy : Window: auto add sdl2 input provider
2023-12-02 12:14:24,120 : kivy : Window: virtual keyboard not allowed, single mode, not docked
2023-12-02 12:14:24,373 : AudioInterface : Initialized
2023-12-02 12:14:24,374 : AudioInterface : Loaded SDL 2.0.14
2023-12-02 12:14:24,374 : AudioInterface : Loaded SDL_Mixer 2.0.4
2023-12-02 12:14:24,374 : AudioInterface : Loaded GStreamer 1.10.4.0
2023-12-02 12:14:24,374 : AudioInterface : Loaded GLib 2.72.4
2023-12-02 12:14:24,374 : AudioInterface : Settings requested - rate: 44100, channels: 1, buffer: 2048 samples
2023-12-02 12:14:24,374 : AudioInterface : Settings in use - rate: 44100, channels: 1, buffer: 2048 samples (4096 bytes @ 2 bytes per sample)
2023-12-02 12:14:24,375 : SoundSystem : Setting master volume to 0.0
2023-12-02 12:14:24,375 : AudioInterface : Enabling audio playback
2023-12-02 12:14:24,450 : kivy : Base: Start application main loop
2023-12-02 12:14:24,451 : EventManager : Event: ======'display_window_initialized'====== Args={}
2023-12-02 12:14:24,464 : mpfmc : Display: Setting 'window' as default display
2023-12-02 12:14:24,470 : mpfmc : ASPECT RATIO MISMATCH: The on-screen window is not the same aspect ratio as the display called 'window'. The logical display will be scaled from 3840x2160 to the window size 3770x2096, and a black bar will make up the difference
2023-12-02 12:14:24,471 : EventManager : Event: ======'displays_initialized'====== Args={}
2023-12-02 12:14:24,475 : EventManager : Event: ======'slide_window_blank_created'====== Args={}
2023-12-02 12:14:24,475 : EventManager : Event: ======'display_window_ready'====== Args={}
2023-12-02 12:14:24,484 : EventManager : Event: ======'init_phase_1'====== Args={}
2023-12-02 12:14:24,491 : EventManager : Event: ======'mc_ready'====== Args={}
2023-12-02 12:14:24,491 : EventManager : Event: ======'init_phase_2'====== Args={}
2023-12-02 12:14:24,494 : EventManager : Event: ======'init_phase_3'====== Args={}
2023-12-02 12:14:24,495 : EventManager : Event: ======'init_phase_4'====== Args={}
2023-12-02 12:14:24,495 : EventManager : Event: ======'init_phase_5'====== Args={}
2023-12-02 12:14:24,729 : kivy : GL: NPOT texture support is available
2023-12-02 12:14:24,802 : EventManager : Event: ======'loading_assets'====== Args={'total': 1, 'loaded': 1, 'remaining': 0, 'percent': 100}
2023-12-02 12:14:24,802 : AssetManager : Asset loading took: 0.42641234397888184
2023-12-02 12:14:24,802 : EventManager : Event: ======'asset_loading_complete'====== Args={}
2023-12-02 12:14:24,802 : AssetManager : Loading assets: 1/1 (100%)
2023-12-02 12:14:24,802 : EventManager : Event: ======'init_done'====== Args={}
2023-12-02 12:14:24,802 : MPF-MC BCP Server : Starting up on localhost port 5050
2023-12-02 12:14:24,804 : MPF-MC BCP Server : Waiting for a connection...
2023-12-02 12:14:24,807 : EventManager : Event: ======'client_disconnected'====== Args={'host': '127.0.0.1', 'port': 5050}
2023-12-02 12:14:24,867 : MPF-MC BCP Server : Received connection from: 127.0.0.1:47270
2023-12-02 12:14:24,869 : EventManager : Event: ======'client_connected'====== Args={'host': '127.0.0.1', 'port': 47270}
2023-12-02 12:14:24,881 : EventManager : Event: ======'machine_var_p_roc_version'====== Args={'value': 2, 'prev_value': None, 'change': True}
2023-12-02 12:14:24,882 : EventManager : Event: ======'machine_var_p_roc_revision'====== Args={'value': 18, 'prev_value': None, 'change': True}
2023-12-02 12:14:24,882 : EventManager : Event: ======'machine_var_p_roc_hardware_version'====== Args={'value': 3, 'prev_value': None, 'change': True}
2023-12-02 12:14:24,883 : EventManager : Event: ======'machine_var_credits_string'====== Args={'value': 'FREE PLAY', 'prev_value': None, 'change': True}
2023-12-02 12:14:24,883 : EventManager : Event: ======'machine_var_master_volume'====== Args={'value': 0.5, 'prev_value': None, 'change': True}
2023-12-02 12:14:24,883 : EventManager : Event: ======'machine_var_mpf_version'====== Args={'value': 'Mission Pinball Framework v0.57.0.dev32', 'prev_value': None, 'change': True}
2023-12-02 12:14:24,883 : EventManager : Event: ======'machine_var_mpf_extended_version'====== Args={'value': 'Mission Pinball Framework v0.57.0.dev32, Config version:6, Show version: 6, BCP version:1.1', 'prev_value': None, 'change': True}
2023-12-02 12:14:24,883 : EventManager : Event: ======'machine_var_python_version'====== Args={'value': '3.10.12', 'prev_value': None, 'change': True}
2023-12-02 12:14:24,883 : EventManager : Event: ======'machine_var_platform'====== Args={'value': 'Linux-6.2.0-37-generic-x86_64-with-glibc2.35', 'prev_value': None, 'change': True}
2023-12-02 12:14:24,883 : EventManager : Event: ======'machine_var_platform_system'====== Args={'value': 'Linux', 'prev_value': None, 'change': True}
2023-12-02 12:14:24,883 : EventManager : Event: ======'machine_var_platform_release'====== Args={'value': '6.2.0-37-generic', 'prev_value': None, 'change': True}
2023-12-02 12:14:24,883 : EventManager : Event: ======'machine_var_platform_version'====== Args={'value': '#38~22.04.1-Ubuntu SMP PREEMPT_DYNAMIC Thu Nov  2 18:01:13 UTC 2', 'prev_value': None, 'change': True}
2023-12-02 12:14:24,883 : EventManager : Event: ======'machine_var_platform_machine'====== Args={'value': 'x86_64', 'prev_value': None, 'change': True}
2023-12-02 12:14:24,884 : EventManager : Event: ======'machine_var_mc_version'====== Args={'value': 'MPF-MC v0.57.0.dev12', 'prev_value': None, 'change': True}
2023-12-02 12:14:24,884 : EventManager : Event: ======'machine_var_mc_extended_version'====== Args={'value': 'MPF-MC v0.57.0.dev12 (config_version=6, BCP v1.1,                      Requires MPF API compatibility v0.57.0.dev32 or newer)', 'prev_value': None, 'change': True}
2023-12-02 12:14:24,884 : SoundSystem : Setting master volume to 0.5
2023-12-02 12:14:24,918 : EventManager : Event: ======'machine_var_audits_events_game_ended'====== Args={'value': 0, 'prev_value': None, 'change': True}
2023-12-02 12:14:24,919 : EventManager : Event: ======'machine_var_audits_events_game_started'====== Args={'value': 7, 'prev_value': None, 'change': True}
2023-12-02 12:14:24,919 : EventManager : Event: ======'machine_var_audits_player_score'====== Args={'value': {'average': 0, 'top': [], 'total': 0}, 'prev_value': None, 'change': True}
2023-12-02 12:14:24,919 : EventManager : Event: ======'machine_var_audits_shots_catch_p1'====== Args={'value': 9, 'prev_value': None, 'change': True}
2023-12-02 12:14:24,919 : EventManager : Event: ======'machine_var_audits_shots_catch_p2'====== Args={'value': 1, 'prev_value': None, 'change': True}
2023-12-02 12:14:24,919 : EventManager : Event: ======'machine_var_audits_shots_sling_p1'====== Args={'value': 9, 'prev_value': None, 'change': True}
2023-12-02 12:14:24,919 : EventManager : Event: ======'machine_var_audits_shots_sling_p2'====== Args={'value': 1, 'prev_value': None, 'change': True}
2023-12-02 12:14:24,919 : EventManager : Event: ======'machine_var_audits_switches_s_catch_p1'====== Args={'value': 9, 'prev_value': None, 'change': True}
2023-12-02 12:14:24,919 : EventManager : Event: ======'machine_var_audits_switches_s_catch_p2'====== Args={'value': 1, 'prev_value': None, 'change': True}
2023-12-02 12:14:24,919 : EventManager : Event: ======'machine_var_audits_switches_s_sling_p1'====== Args={'value': 9, 'prev_value': None, 'change': True}
2023-12-02 12:14:24,919 : EventManager : Event: ======'machine_var_audits_switches_s_sling_p2'====== Args={'value': 1, 'prev_value': None, 'change': True}
2023-12-02 12:14:24,920 : EventManager : Event: ======'machine_var_audits_switches_s_start_p1'====== Args={'value': 0, 'prev_value': None, 'change': True}
2023-12-02 12:14:24,920 : EventManager : Event: ======'machine_var_audits_switches_s_start_p2'====== Args={'value': 0, 'prev_value': None, 'change': True}
2023-12-02 12:14:24,920 : EventManager : Event: ======'machine_var_audits_switches_s_trougheject_p1'====== Args={'value': 0, 'prev_value': None, 'change': True}
2023-12-02 12:14:24,920 : EventManager : Event: ======'machine_var_audits_switches_s_trougheject_p2'====== Args={'value': 0, 'prev_value': None, 'change': True}
2023-12-02 12:14:24,920 : EventManager : Event: ======'mc_reset_phase_1'====== Args={}
2023-12-02 12:14:24,920 : EventManager : Event: ======'mc_reset_phase_2'====== Args={}
2023-12-02 12:14:24,920 : EventManager : Event: ======'mc_reset_phase_3'====== Args={}
2023-12-02 12:14:24,920 : EventManager : Event: ======'mc_reset_complete'====== Args={}
2023-12-02 12:14:24,943 : EventManager : Event: ======'slides_play'====== Args={'settings': {'press_start': {'widgets': [{'type': 'Text', 'text': 'Press Start!', 'style': ['bf_blue'], 'font_size': 100, 'y': 'top - 250', 'animations': {'pre_show_slide': [{'property': ['opacity'], 'value': ['0'], 'duration': 0.5, 'relative': False, 'timing': 'after_previous', 'repeat': False, 'easing': 'linear'}, {'property': ['opacity'], 'value': ['1'], 'duration': 0.5, 'repeat': False, 'relative': False, 'timing': 'after_previous', 'easing': 'linear'}]}, '_default_settings': ['type', 'text', 'style', 'font_size', 'y', 'animations'], 'x': None, 'anchor_x': 'center', 'anchor_y': 'center', 'round_anchor_x': None, 'round_anchor_y': None, 'opacity': 1.0, 'z': 0, 'reset_animations_events': {}, 'color': [1.0, 1.0, 1.0, 1.0], 'adjust_top': 0, 'adjust_bottom': 0, 'adjust_left': 0, 'adjust_right': 0, 'expire': None, 'key': None, 'widget': None, 'events_when_added': [], 'events_when_removed': [], 'bitmap_font': False, 'font_kerning': True, 'bold': False, 'italic': False, 'number_grouping': False, 'min_digits': 0, 'halign': 'center', 'valign': 'middle', 'rotation': 0, 'scale': 1.0, 'casing': None, 'outline_color': [1.0, 1.0, 1.0, 1.0], 'outline_width': 0}, {'type': 'Text', 'text': 'Free Play', 'font_size': 75, 'style': ['bf_blue'], 'y': 'top - 550', '_default_settings': ['type', 'text', 'font_size', 'style', 'y'], 'x': None, 'anchor_x': 'center', 'anchor_y': 'center', 'round_anchor_x': None, 'round_anchor_y': None, 'opacity': 1.0, 'z': 0, 'reset_animations_events': {}, 'color': [1.0, 1.0, 1.0, 1.0], 'adjust_top': 0, 'adjust_bottom': 0, 'adjust_left': 0, 'adjust_right': 0, 'expire': None, 'key': None, 'widget': None, 'events_when_added': [], 'events_when_removed': [], 'bitmap_font': False, 'font_kerning': True, 'bold': False, 'italic': False, 'number_grouping': False, 'min_digits': 0, 'halign': 'center', 'valign': 'middle', 'rotation': 0, 'scale': 1.0, 'casing': None, 'outline_color': [1.0, 1.0, 1.0, 1.0], 'outline_width': 0, 'animations': None}], 'transition': {'type': 'move_in', 'duration': 1.0, 'direction': 'right', 'easing': 'out_quad'}, 'target': None, 'background_color': [0.0, 0.0, 0.0, 1.0], 'priority': None, 'show': True, 'force': False, 'expire': None, 'slide': None, 'tokens': {}, 'action': 'play'}}, 'context': 'show_1', 'calling_context': 0, 'priority': 10, 'show_tokens': {}, 'start_time': 3736.082}
2023-12-02 12:14:24,944 : mpfmc : SlidePlayer: Play called with settings={'press_start': {'widgets': [{'type': 'Text', 'text': 'Press Start!', 'style': ['bf_blue'], 'font_size': 100, 'y': 'top - 250', 'animations': {'pre_show_slide': [{'property': ['opacity'], 'value': ['0'], 'duration': 0.5, 'relative': False, 'timing': 'after_previous', 'repeat': False, 'easing': 'linear'}, {'property': ['opacity'], 'value': ['1'], 'duration': 0.5, 'repeat': False, 'relative': False, 'timing': 'after_previous', 'easing': 'linear'}]}, '_default_settings': ['type', 'text', 'style', 'font_size', 'y', 'animations'], 'x': None, 'anchor_x': 'center', 'anchor_y': 'center', 'round_anchor_x': None, 'round_anchor_y': None, 'opacity': 1.0, 'z': 0, 'reset_animations_events': {}, 'color': [1.0, 1.0, 1.0, 1.0], 'adjust_top': 0, 'adjust_bottom': 0, 'adjust_left': 0, 'adjust_right': 0, 'expire': None, 'key': None, 'widget': None, 'events_when_added': [], 'events_when_removed': [], 'bitmap_font': False, 'font_kerning': True, 'bold': False, 'italic': False, 'number_grouping': False, 'min_digits': 0, 'halign': 'center', 'valign': 'middle', 'rotation': 0, 'scale': 1.0, 'casing': None, 'outline_color': [1.0, 1.0, 1.0, 1.0], 'outline_width': 0}, {'type': 'Text', 'text': 'Free Play', 'font_size': 75, 'style': ['bf_blue'], 'y': 'top - 550', '_default_settings': ['type', 'text', 'font_size', 'style', 'y'], 'x': None, 'anchor_x': 'center', 'anchor_y': 'center', 'round_anchor_x': None, 'round_anchor_y': None, 'opacity': 1.0, 'z': 0, 'reset_animations_events': {}, 'color': [1.0, 1.0, 1.0, 1.0], 'adjust_top': 0, 'adjust_bottom': 0, 'adjust_left': 0, 'adjust_right': 0, 'expire': None, 'key': None, 'widget': None, 'events_when_added': [], 'events_when_removed': [], 'bitmap_font': False, 'font_kerning': True, 'bold': False, 'italic': False, 'number_grouping': False, 'min_digits': 0, 'halign': 'center', 'valign': 'middle', 'rotation': 0, 'scale': 1.0, 'casing': None, 'outline_color': [1.0, 1.0, 1.0, 1.0], 'outline_width': 0, 'animations': None}], 'transition': {'type': 'move_in', 'duration': 1.0, 'direction': 'right', 'easing': 'out_quad'}, 'target': None, 'background_color': [0.0, 0.0, 0.0, 1.0], 'priority': None, 'show': True, 'force': False, 'expire': None, 'slide': None, 'tokens': {}, 'action': 'play'}}
2023-12-02 12:14:24,960 : EventManager : Event: ======'slide_press_start_created'====== Args={}
2023-12-02 12:14:24,967 : EventManager : Event: ======'slide_press_start_active'====== Args={}
2023-12-02 12:14:27,934 : EventManager : Event: ======'slides_play'====== Args={'settings': {'press_start': {'widgets': [{'type': 'Text', 'text': 'Press Start!', 'style': ['bf_blue'], 'font_size': 100, 'y': 'top - 250', 'animations': {'pre_show_slide': [{'property': ['opacity'], 'value': ['0'], 'duration': 0.5, 'relative': False, 'timing': 'after_previous', 'repeat': False, 'easing': 'linear'}, {'property': ['opacity'], 'value': ['1'], 'duration': 0.5, 'repeat': False, 'relative': False, 'timing': 'after_previous', 'easing': 'linear'}]}, '_default_settings': ['type', 'text', 'style', 'font_size', 'y', 'animations'], 'x': None, 'anchor_x': 'center', 'anchor_y': 'center', 'round_anchor_x': None, 'round_anchor_y': None, 'opacity': 1.0, 'z': 0, 'reset_animations_events': {}, 'color': [1.0, 1.0, 1.0, 1.0], 'adjust_top': 0, 'adjust_bottom': 0, 'adjust_left': 0, 'adjust_right': 0, 'expire': None, 'key': None, 'widget': None, 'events_when_added': [], 'events_when_removed': [], 'bitmap_font': False, 'font_kerning': True, 'bold': False, 'italic': False, 'number_grouping': False, 'min_digits': 0, 'halign': 'center', 'valign': 'middle', 'rotation': 0, 'scale': 1.0, 'casing': None, 'outline_color': [1.0, 1.0, 1.0, 1.0], 'outline_width': 0}, {'type': 'Text', 'text': 'Free Play', 'font_size': 75, 'style': ['bf_blue'], 'y': 'top - 550', '_default_settings': ['type', 'text', 'font_size', 'style', 'y'], 'x': None, 'anchor_x': 'center', 'anchor_y': 'center', 'round_anchor_x': None, 'round_anchor_y': None, 'opacity': 1.0, 'z': 0, 'reset_animations_events': {}, 'color': [1.0, 1.0, 1.0, 1.0], 'adjust_top': 0, 'adjust_bottom': 0, 'adjust_left': 0, 'adjust_right': 0, 'expire': None, 'key': None, 'widget': None, 'events_when_added': [], 'events_when_removed': [], 'bitmap_font': False, 'font_kerning': True, 'bold': False, 'italic': False, 'number_grouping': False, 'min_digits': 0, 'halign': 'center', 'valign': 'middle', 'rotation': 0, 'scale': 1.0, 'casing': None, 'outline_color': [1.0, 1.0, 1.0, 1.0], 'outline_width': 0, 'animations': None}], 'transition': {'type': 'move_in', 'duration': 1.0, 'direction': 'right', 'easing': 'out_quad'}, 'target': None, 'background_color': [0.0, 0.0, 0.0, 1.0], 'priority': None, 'show': True, 'force': False, 'expire': None, 'slide': None, 'tokens': {}, 'action': 'play'}}, 'context': 'show_1', 'calling_context': 0, 'priority': 10, 'show_tokens': {}, 'start_time': 3739.082}
2023-12-02 12:14:27,935 : mpfmc : SlidePlayer: Play called with settings={'press_start': {'widgets': [{'type': 'Text', 'text': 'Press Start!', 'style': ['bf_blue'], 'font_size': 100, 'y': 'top - 250', 'animations': {'pre_show_slide': [{'property': ['opacity'], 'value': ['0'], 'duration': 0.5, 'relative': False, 'timing': 'after_previous', 'repeat': False, 'easing': 'linear'}, {'property': ['opacity'], 'value': ['1'], 'duration': 0.5, 'repeat': False, 'relative': False, 'timing': 'after_previous', 'easing': 'linear'}]}, '_default_settings': ['type', 'text', 'style', 'font_size', 'y', 'animations'], 'x': None, 'anchor_x': 'center', 'anchor_y': 'center', 'round_anchor_x': None, 'round_anchor_y': None, 'opacity': 1.0, 'z': 0, 'reset_animations_events': {}, 'color': [1.0, 1.0, 1.0, 1.0], 'adjust_top': 0, 'adjust_bottom': 0, 'adjust_left': 0, 'adjust_right': 0, 'expire': None, 'key': None, 'widget': None, 'events_when_added': [], 'events_when_removed': [], 'bitmap_font': False, 'font_kerning': True, 'bold': False, 'italic': False, 'number_grouping': False, 'min_digits': 0, 'halign': 'center', 'valign': 'middle', 'rotation': 0, 'scale': 1.0, 'casing': None, 'outline_color': [1.0, 1.0, 1.0, 1.0], 'outline_width': 0}, {'type': 'Text', 'text': 'Free Play', 'font_size': 75, 'style': ['bf_blue'], 'y': 'top - 550', '_default_settings': ['type', 'text', 'font_size', 'style', 'y'], 'x': None, 'anchor_x': 'center', 'anchor_y': 'center', 'round_anchor_x': None, 'round_anchor_y': None, 'opacity': 1.0, 'z': 0, 'reset_animations_events': {}, 'color': [1.0, 1.0, 1.0, 1.0], 'adjust_top': 0, 'adjust_bottom': 0, 'adjust_left': 0, 'adjust_right': 0, 'expire': None, 'key': None, 'widget': None, 'events_when_added': [], 'events_when_removed': [], 'bitmap_font': False, 'font_kerning': True, 'bold': False, 'italic': False, 'number_grouping': False, 'min_digits': 0, 'halign': 'center', 'valign': 'middle', 'rotation': 0, 'scale': 1.0, 'casing': None, 'outline_color': [1.0, 1.0, 1.0, 1.0], 'outline_width': 0, 'animations': None}], 'transition': {'type': 'move_in', 'duration': 1.0, 'direction': 'right', 'easing': 'out_quad'}, 'target': None, 'background_color': [0.0, 0.0, 0.0, 1.0], 'priority': None, 'show': True, 'force': False, 'expire': None, 'slide': None, 'tokens': {}, 'action': 'play'}}
2023-12-02 12:14:27,936 : EventManager : Event: ======'slide_press_start_removed'====== Args={}
2023-12-02 12:14:27,949 : EventManager : Event: ======'slide_press_start_created'====== Args={}
2023-12-02 12:14:27,953 : EventManager : Event: ======'slide_press_start_active'====== Args={}
2023-12-02 12:14:30,942 : EventManager : Event: ======'slides_play'====== Args={'settings': {'press_start': {'widgets': [{'type': 'Text', 'text': 'Press Start!', 'style': ['bf_blue'], 'font_size': 100, 'y': 'top - 250', 'animations': {'pre_show_slide': [{'property': ['opacity'], 'value': ['0'], 'duration': 0.5, 'relative': False, 'timing': 'after_previous', 'repeat': False, 'easing': 'linear'}, {'property': ['opacity'], 'value': ['1'], 'duration': 0.5, 'repeat': False, 'relative': False, 'timing': 'after_previous', 'easing': 'linear'}]}, '_default_settings': ['type', 'text', 'style', 'font_size', 'y', 'animations'], 'x': None, 'anchor_x': 'center', 'anchor_y': 'center', 'round_anchor_x': None, 'round_anchor_y': None, 'opacity': 1.0, 'z': 0, 'reset_animations_events': {}, 'color': [1.0, 1.0, 1.0, 1.0], 'adjust_top': 0, 'adjust_bottom': 0, 'adjust_left': 0, 'adjust_right': 0, 'expire': None, 'key': None, 'widget': None, 'events_when_added': [], 'events_when_removed': [], 'bitmap_font': False, 'font_kerning': True, 'bold': False, 'italic': False, 'number_grouping': False, 'min_digits': 0, 'halign': 'center', 'valign': 'middle', 'rotation': 0, 'scale': 1.0, 'casing': None, 'outline_color': [1.0, 1.0, 1.0, 1.0], 'outline_width': 0}, {'type': 'Text', 'text': 'Free Play', 'font_size': 75, 'style': ['bf_blue'], 'y': 'top - 550', '_default_settings': ['type', 'text', 'font_size', 'style', 'y'], 'x': None, 'anchor_x': 'center', 'anchor_y': 'center', 'round_anchor_x': None, 'round_anchor_y': None, 'opacity': 1.0, 'z': 0, 'reset_animations_events': {}, 'color': [1.0, 1.0, 1.0, 1.0], 'adjust_top': 0, 'adjust_bottom': 0, 'adjust_left': 0, 'adjust_right': 0, 'expire': None, 'key': None, 'widget': None, 'events_when_added': [], 'events_when_removed': [], 'bitmap_font': False, 'font_kerning': True, 'bold': False, 'italic': False, 'number_grouping': False, 'min_digits': 0, 'halign': 'center', 'valign': 'middle', 'rotation': 0, 'scale': 1.0, 'casing': None, 'outline_color': [1.0, 1.0, 1.0, 1.0], 'outline_width': 0, 'animations': None}], 'transition': {'type': 'move_in', 'duration': 1.0, 'direction': 'right', 'easing': 'out_quad'}, 'target': None, 'background_color': [0.0, 0.0, 0.0, 1.0], 'priority': None, 'show': True, 'force': False, 'expire': None, 'slide': None, 'tokens': {}, 'action': 'play'}}, 'context': 'show_1', 'calling_context': 0, 'priority': 10, 'show_tokens': {}, 'start_time': 3742.082}
2023-12-02 12:14:30,942 : mpfmc : SlidePlayer: Play called with settings={'press_start': {'widgets': [{'type': 'Text', 'text': 'Press Start!', 'style': ['bf_blue'], 'font_size': 100, 'y': 'top - 250', 'animations': {'pre_show_slide': [{'property': ['opacity'], 'value': ['0'], 'duration': 0.5, 'relative': False, 'timing': 'after_previous', 'repeat': False, 'easing': 'linear'}, {'property': ['opacity'], 'value': ['1'], 'duration': 0.5, 'repeat': False, 'relative': False, 'timing': 'after_previous', 'easing': 'linear'}]}, '_default_settings': ['type', 'text', 'style', 'font_size', 'y', 'animations'], 'x': None, 'anchor_x': 'center', 'anchor_y': 'center', 'round_anchor_x': None, 'round_anchor_y': None, 'opacity': 1.0, 'z': 0, 'reset_animations_events': {}, 'color': [1.0, 1.0, 1.0, 1.0], 'adjust_top': 0, 'adjust_bottom': 0, 'adjust_left': 0, 'adjust_right': 0, 'expire': None, 'key': None, 'widget': None, 'events_when_added': [], 'events_when_removed': [], 'bitmap_font': False, 'font_kerning': True, 'bold': False, 'italic': False, 'number_grouping': False, 'min_digits': 0, 'halign': 'center', 'valign': 'middle', 'rotation': 0, 'scale': 1.0, 'casing': None, 'outline_color': [1.0, 1.0, 1.0, 1.0], 'outline_width': 0}, {'type': 'Text', 'text': 'Free Play', 'font_size': 75, 'style': ['bf_blue'], 'y': 'top - 550', '_default_settings': ['type', 'text', 'font_size', 'style', 'y'], 'x': None, 'anchor_x': 'center', 'anchor_y': 'center', 'round_anchor_x': None, 'round_anchor_y': None, 'opacity': 1.0, 'z': 0, 'reset_animations_events': {}, 'color': [1.0, 1.0, 1.0, 1.0], 'adjust_top': 0, 'adjust_bottom': 0, 'adjust_left': 0, 'adjust_right': 0, 'expire': None, 'key': None, 'widget': None, 'events_when_added': [], 'events_when_removed': [], 'bitmap_font': False, 'font_kerning': True, 'bold': False, 'italic': False, 'number_grouping': False, 'min_digits': 0, 'halign': 'center', 'valign': 'middle', 'rotation': 0, 'scale': 1.0, 'casing': None, 'outline_color': [1.0, 1.0, 1.0, 1.0], 'outline_width': 0, 'animations': None}], 'transition': {'type': 'move_in', 'duration': 1.0, 'direction': 'right', 'easing': 'out_quad'}, 'target': None, 'background_color': [0.0, 0.0, 0.0, 1.0], 'priority': None, 'show': True, 'force': False, 'expire': None, 'slide': None, 'tokens': {}, 'action': 'play'}}
2023-12-02 12:14:30,943 : EventManager : Event: ======'slide_press_start_removed'====== Args={}
2023-12-02 12:14:30,951 : EventManager : Event: ======'slide_press_start_created'====== Args={}
2023-12-02 12:14:30,955 : EventManager : Event: ======'slide_press_start_active'====== Args={}
2023-12-02 12:14:33,936 : EventManager : Event: ======'slides_play'====== Args={'settings': {'press_start': {'widgets': [{'type': 'Text', 'text': 'Press Start!', 'style': ['bf_blue'], 'font_size': 100, 'y': 'top - 250', 'animations': {'pre_show_slide': [{'property': ['opacity'], 'value': ['0'], 'duration': 0.5, 'relative': False, 'timing': 'after_previous', 'repeat': False, 'easing': 'linear'}, {'property': ['opacity'], 'value': ['1'], 'duration': 0.5, 'repeat': False, 'relative': False, 'timing': 'after_previous', 'easing': 'linear'}]}, '_default_settings': ['type', 'text', 'style', 'font_size', 'y', 'animations'], 'x': None, 'anchor_x': 'center', 'anchor_y': 'center', 'round_anchor_x': None, 'round_anchor_y': None, 'opacity': 1.0, 'z': 0, 'reset_animations_events': {}, 'color': [1.0, 1.0, 1.0, 1.0], 'adjust_top': 0, 'adjust_bottom': 0, 'adjust_left': 0, 'adjust_right': 0, 'expire': None, 'key': None, 'widget': None, 'events_when_added': [], 'events_when_removed': [], 'bitmap_font': False, 'font_kerning': True, 'bold': False, 'italic': False, 'number_grouping': False, 'min_digits': 0, 'halign': 'center', 'valign': 'middle', 'rotation': 0, 'scale': 1.0, 'casing': None, 'outline_color': [1.0, 1.0, 1.0, 1.0], 'outline_width': 0}, {'type': 'Text', 'text': 'Free Play', 'font_size': 75, 'style': ['bf_blue'], 'y': 'top - 550', '_default_settings': ['type', 'text', 'font_size', 'style', 'y'], 'x': None, 'anchor_x': 'center', 'anchor_y': 'center', 'round_anchor_x': None, 'round_anchor_y': None, 'opacity': 1.0, 'z': 0, 'reset_animations_events': {}, 'color': [1.0, 1.0, 1.0, 1.0], 'adjust_top': 0, 'adjust_bottom': 0, 'adjust_left': 0, 'adjust_right': 0, 'expire': None, 'key': None, 'widget': None, 'events_when_added': [], 'events_when_removed': [], 'bitmap_font': False, 'font_kerning': True, 'bold': False, 'italic': False, 'number_grouping': False, 'min_digits': 0, 'halign': 'center', 'valign': 'middle', 'rotation': 0, 'scale': 1.0, 'casing': None, 'outline_color': [1.0, 1.0, 1.0, 1.0], 'outline_width': 0, 'animations': None}], 'transition': {'type': 'move_in', 'duration': 1.0, 'direction': 'right', 'easing': 'out_quad'}, 'target': None, 'background_color': [0.0, 0.0, 0.0, 1.0], 'priority': None, 'show': True, 'force': False, 'expire': None, 'slide': None, 'tokens': {}, 'action': 'play'}}, 'context': 'show_1', 'calling_context': 0, 'priority': 10, 'show_tokens': {}, 'start_time': 3745.082}
2023-12-02 12:14:33,936 : mpfmc : SlidePlayer: Play called with settings={'press_start': {'widgets': [{'type': 'Text', 'text': 'Press Start!', 'style': ['bf_blue'], 'font_size': 100, 'y': 'top - 250', 'animations': {'pre_show_slide': [{'property': ['opacity'], 'value': ['0'], 'duration': 0.5, 'relative': False, 'timing': 'after_previous', 'repeat': False, 'easing': 'linear'}, {'property': ['opacity'], 'value': ['1'], 'duration': 0.5, 'repeat': False, 'relative': False, 'timing': 'after_previous', 'easing': 'linear'}]}, '_default_settings': ['type', 'text', 'style', 'font_size', 'y', 'animations'], 'x': None, 'anchor_x': 'center', 'anchor_y': 'center', 'round_anchor_x': None, 'round_anchor_y': None, 'opacity': 1.0, 'z': 0, 'reset_animations_events': {}, 'color': [1.0, 1.0, 1.0, 1.0], 'adjust_top': 0, 'adjust_bottom': 0, 'adjust_left': 0, 'adjust_right': 0, 'expire': None, 'key': None, 'widget': None, 'events_when_added': [], 'events_when_removed': [], 'bitmap_font': False, 'font_kerning': True, 'bold': False, 'italic': False, 'number_grouping': False, 'min_digits': 0, 'halign': 'center', 'valign': 'middle', 'rotation': 0, 'scale': 1.0, 'casing': None, 'outline_color': [1.0, 1.0, 1.0, 1.0], 'outline_width': 0}, {'type': 'Text', 'text': 'Free Play', 'font_size': 75, 'style': ['bf_blue'], 'y': 'top - 550', '_default_settings': ['type', 'text', 'font_size', 'style', 'y'], 'x': None, 'anchor_x': 'center', 'anchor_y': 'center', 'round_anchor_x': None, 'round_anchor_y': None, 'opacity': 1.0, 'z': 0, 'reset_animations_events': {}, 'color': [1.0, 1.0, 1.0, 1.0], 'adjust_top': 0, 'adjust_bottom': 0, 'adjust_left': 0, 'adjust_right': 0, 'expire': None, 'key': None, 'widget': None, 'events_when_added': [], 'events_when_removed': [], 'bitmap_font': False, 'font_kerning': True, 'bold': False, 'italic': False, 'number_grouping': False, 'min_digits': 0, 'halign': 'center', 'valign': 'middle', 'rotation': 0, 'scale': 1.0, 'casing': None, 'outline_color': [1.0, 1.0, 1.0, 1.0], 'outline_width': 0, 'animations': None}], 'transition': {'type': 'move_in', 'duration': 1.0, 'direction': 'right', 'easing': 'out_quad'}, 'target': None, 'background_color': [0.0, 0.0, 0.0, 1.0], 'priority': None, 'show': True, 'force': False, 'expire': None, 'slide': None, 'tokens': {}, 'action': 'play'}}
2023-12-02 12:14:33,938 : EventManager : Event: ======'slide_press_start_removed'====== Args={}
2023-12-02 12:14:33,950 : EventManager : Event: ======'slide_press_start_created'====== Args={}
2023-12-02 12:14:33,954 : EventManager : Event: ======'slide_press_start_active'====== Args={}
2023-12-02 12:14:36,935 : EventManager : Event: ======'slides_play'====== Args={'settings': {'press_start': {'widgets': [{'type': 'Text', 'text': 'Press Start!', 'style': ['bf_blue'], 'font_size': 100, 'y': 'top - 250', 'animations': {'pre_show_slide': [{'property': ['opacity'], 'value': ['0'], 'duration': 0.5, 'relative': False, 'timing': 'after_previous', 'repeat': False, 'easing': 'linear'}, {'property': ['opacity'], 'value': ['1'], 'duration': 0.5, 'repeat': False, 'relative': False, 'timing': 'after_previous', 'easing': 'linear'}]}, '_default_settings': ['type', 'text', 'style', 'font_size', 'y', 'animations'], 'x': None, 'anchor_x': 'center', 'anchor_y': 'center', 'round_anchor_x': None, 'round_anchor_y': None, 'opacity': 1.0, 'z': 0, 'reset_animations_events': {}, 'color': [1.0, 1.0, 1.0, 1.0], 'adjust_top': 0, 'adjust_bottom': 0, 'adjust_left': 0, 'adjust_right': 0, 'expire': None, 'key': None, 'widget': None, 'events_when_added': [], 'events_when_removed': [], 'bitmap_font': False, 'font_kerning': True, 'bold': False, 'italic': False, 'number_grouping': False, 'min_digits': 0, 'halign': 'center', 'valign': 'middle', 'rotation': 0, 'scale': 1.0, 'casing': None, 'outline_color': [1.0, 1.0, 1.0, 1.0], 'outline_width': 0}, {'type': 'Text', 'text': 'Free Play', 'font_size': 75, 'style': ['bf_blue'], 'y': 'top - 550', '_default_settings': ['type', 'text', 'font_size', 'style', 'y'], 'x': None, 'anchor_x': 'center', 'anchor_y': 'center', 'round_anchor_x': None, 'round_anchor_y': None, 'opacity': 1.0, 'z': 0, 'reset_animations_events': {}, 'color': [1.0, 1.0, 1.0, 1.0], 'adjust_top': 0, 'adjust_bottom': 0, 'adjust_left': 0, 'adjust_right': 0, 'expire': None, 'key': None, 'widget': None, 'events_when_added': [], 'events_when_removed': [], 'bitmap_font': False, 'font_kerning': True, 'bold': False, 'italic': False, 'number_grouping': False, 'min_digits': 0, 'halign': 'center', 'valign': 'middle', 'rotation': 0, 'scale': 1.0, 'casing': None, 'outline_color': [1.0, 1.0, 1.0, 1.0], 'outline_width': 0, 'animations': None}], 'transition': {'type': 'move_in', 'duration': 1.0, 'direction': 'right', 'easing': 'out_quad'}, 'target': None, 'background_color': [0.0, 0.0, 0.0, 1.0], 'priority': None, 'show': True, 'force': False, 'expire': None, 'slide': None, 'tokens': {}, 'action': 'play'}}, 'context': 'show_1', 'calling_context': 0, 'priority': 10, 'show_tokens': {}, 'start_time': 3748.082}
2023-12-02 12:14:36,936 : mpfmc : SlidePlayer: Play called with settings={'press_start': {'widgets': [{'type': 'Text', 'text': 'Press Start!', 'style': ['bf_blue'], 'font_size': 100, 'y': 'top - 250', 'animations': {'pre_show_slide': [{'property': ['opacity'], 'value': ['0'], 'duration': 0.5, 'relative': False, 'timing': 'after_previous', 'repeat': False, 'easing': 'linear'}, {'property': ['opacity'], 'value': ['1'], 'duration': 0.5, 'repeat': False, 'relative': False, 'timing': 'after_previous', 'easing': 'linear'}]}, '_default_settings': ['type', 'text', 'style', 'font_size', 'y', 'animations'], 'x': None, 'anchor_x': 'center', 'anchor_y': 'center', 'round_anchor_x': None, 'round_anchor_y': None, 'opacity': 1.0, 'z': 0, 'reset_animations_events': {}, 'color': [1.0, 1.0, 1.0, 1.0], 'adjust_top': 0, 'adjust_bottom': 0, 'adjust_left': 0, 'adjust_right': 0, 'expire': None, 'key': None, 'widget': None, 'events_when_added': [], 'events_when_removed': [], 'bitmap_font': False, 'font_kerning': True, 'bold': False, 'italic': False, 'number_grouping': False, 'min_digits': 0, 'halign': 'center', 'valign': 'middle', 'rotation': 0, 'scale': 1.0, 'casing': None, 'outline_color': [1.0, 1.0, 1.0, 1.0], 'outline_width': 0}, {'type': 'Text', 'text': 'Free Play', 'font_size': 75, 'style': ['bf_blue'], 'y': 'top - 550', '_default_settings': ['type', 'text', 'font_size', 'style', 'y'], 'x': None, 'anchor_x': 'center', 'anchor_y': 'center', 'round_anchor_x': None, 'round_anchor_y': None, 'opacity': 1.0, 'z': 0, 'reset_animations_events': {}, 'color': [1.0, 1.0, 1.0, 1.0], 'adjust_top': 0, 'adjust_bottom': 0, 'adjust_left': 0, 'adjust_right': 0, 'expire': None, 'key': None, 'widget': None, 'events_when_added': [], 'events_when_removed': [], 'bitmap_font': False, 'font_kerning': True, 'bold': False, 'italic': False, 'number_grouping': False, 'min_digits': 0, 'halign': 'center', 'valign': 'middle', 'rotation': 0, 'scale': 1.0, 'casing': None, 'outline_color': [1.0, 1.0, 1.0, 1.0], 'outline_width': 0, 'animations': None}], 'transition': {'type': 'move_in', 'duration': 1.0, 'direction': 'right', 'easing': 'out_quad'}, 'target': None, 'background_color': [0.0, 0.0, 0.0, 1.0], 'priority': None, 'show': True, 'force': False, 'expire': None, 'slide': None, 'tokens': {}, 'action': 'play'}}
2023-12-02 12:14:36,936 : EventManager : Event: ======'slide_press_start_removed'====== Args={}
2023-12-02 12:14:36,944 : EventManager : Event: ======'slide_press_start_created'====== Args={}
2023-12-02 12:14:36,948 : EventManager : Event: ======'slide_press_start_active'====== Args={}
2023-12-02 12:14:39,939 : EventManager : Event: ======'slides_play'====== Args={'settings': {'press_start': {'widgets': [{'type': 'Text', 'text': 'Press Start!', 'style': ['bf_blue'], 'font_size': 100, 'y': 'top - 250', 'animations': {'pre_show_slide': [{'property': ['opacity'], 'value': ['0'], 'duration': 0.5, 'relative': False, 'timing': 'after_previous', 'repeat': False, 'easing': 'linear'}, {'property': ['opacity'], 'value': ['1'], 'duration': 0.5, 'repeat': False, 'relative': False, 'timing': 'after_previous', 'easing': 'linear'}]}, '_default_settings': ['type', 'text', 'style', 'font_size', 'y', 'animations'], 'x': None, 'anchor_x': 'center', 'anchor_y': 'center', 'round_anchor_x': None, 'round_anchor_y': None, 'opacity': 1.0, 'z': 0, 'reset_animations_events': {}, 'color': [1.0, 1.0, 1.0, 1.0], 'adjust_top': 0, 'adjust_bottom': 0, 'adjust_left': 0, 'adjust_right': 0, 'expire': None, 'key': None, 'widget': None, 'events_when_added': [], 'events_when_removed': [], 'bitmap_font': False, 'font_kerning': True, 'bold': False, 'italic': False, 'number_grouping': False, 'min_digits': 0, 'halign': 'center', 'valign': 'middle', 'rotation': 0, 'scale': 1.0, 'casing': None, 'outline_color': [1.0, 1.0, 1.0, 1.0], 'outline_width': 0}, {'type': 'Text', 'text': 'Free Play', 'font_size': 75, 'style': ['bf_blue'], 'y': 'top - 550', '_default_settings': ['type', 'text', 'font_size', 'style', 'y'], 'x': None, 'anchor_x': 'center', 'anchor_y': 'center', 'round_anchor_x': None, 'round_anchor_y': None, 'opacity': 1.0, 'z': 0, 'reset_animations_events': {}, 'color': [1.0, 1.0, 1.0, 1.0], 'adjust_top': 0, 'adjust_bottom': 0, 'adjust_left': 0, 'adjust_right': 0, 'expire': None, 'key': None, 'widget': None, 'events_when_added': [], 'events_when_removed': [], 'bitmap_font': False, 'font_kerning': True, 'bold': False, 'italic': False, 'number_grouping': False, 'min_digits': 0, 'halign': 'center', 'valign': 'middle', 'rotation': 0, 'scale': 1.0, 'casing': None, 'outline_color': [1.0, 1.0, 1.0, 1.0], 'outline_width': 0, 'animations': None}], 'transition': {'type': 'move_in', 'duration': 1.0, 'direction': 'right', 'easing': 'out_quad'}, 'target': None, 'background_color': [0.0, 0.0, 0.0, 1.0], 'priority': None, 'show': True, 'force': False, 'expire': None, 'slide': None, 'tokens': {}, 'action': 'play'}}, 'context': 'show_1', 'calling_context': 0, 'priority': 10, 'show_tokens': {}, 'start_time': 3751.082}
2023-12-02 12:14:39,940 : mpfmc : SlidePlayer: Play called with settings={'press_start': {'widgets': [{'type': 'Text', 'text': 'Press Start!', 'style': ['bf_blue'], 'font_size': 100, 'y': 'top - 250', 'animations': {'pre_show_slide': [{'property': ['opacity'], 'value': ['0'], 'duration': 0.5, 'relative': False, 'timing': 'after_previous', 'repeat': False, 'easing': 'linear'}, {'property': ['opacity'], 'value': ['1'], 'duration': 0.5, 'repeat': False, 'relative': False, 'timing': 'after_previous', 'easing': 'linear'}]}, '_default_settings': ['type', 'text', 'style', 'font_size', 'y', 'animations'], 'x': None, 'anchor_x': 'center', 'anchor_y': 'center', 'round_anchor_x': None, 'round_anchor_y': None, 'opacity': 1.0, 'z': 0, 'reset_animations_events': {}, 'color': [1.0, 1.0, 1.0, 1.0], 'adjust_top': 0, 'adjust_bottom': 0, 'adjust_left': 0, 'adjust_right': 0, 'expire': None, 'key': None, 'widget': None, 'events_when_added': [], 'events_when_removed': [], 'bitmap_font': False, 'font_kerning': True, 'bold': False, 'italic': False, 'number_grouping': False, 'min_digits': 0, 'halign': 'center', 'valign': 'middle', 'rotation': 0, 'scale': 1.0, 'casing': None, 'outline_color': [1.0, 1.0, 1.0, 1.0], 'outline_width': 0}, {'type': 'Text', 'text': 'Free Play', 'font_size': 75, 'style': ['bf_blue'], 'y': 'top - 550', '_default_settings': ['type', 'text', 'font_size', 'style', 'y'], 'x': None, 'anchor_x': 'center', 'anchor_y': 'center', 'round_anchor_x': None, 'round_anchor_y': None, 'opacity': 1.0, 'z': 0, 'reset_animations_events': {}, 'color': [1.0, 1.0, 1.0, 1.0], 'adjust_top': 0, 'adjust_bottom': 0, 'adjust_left': 0, 'adjust_right': 0, 'expire': None, 'key': None, 'widget': None, 'events_when_added': [], 'events_when_removed': [], 'bitmap_font': False, 'font_kerning': True, 'bold': False, 'italic': False, 'number_grouping': False, 'min_digits': 0, 'halign': 'center', 'valign': 'middle', 'rotation': 0, 'scale': 1.0, 'casing': None, 'outline_color': [1.0, 1.0, 1.0, 1.0], 'outline_width': 0, 'animations': None}], 'transition': {'type': 'move_in', 'duration': 1.0, 'direction': 'right', 'easing': 'out_quad'}, 'target': None, 'background_color': [0.0, 0.0, 0.0, 1.0], 'priority': None, 'show': True, 'force': False, 'expire': None, 'slide': None, 'tokens': {}, 'action': 'play'}}
2023-12-02 12:14:39,942 : EventManager : Event: ======'slide_press_start_removed'====== Args={}
2023-12-02 12:14:39,954 : EventManager : Event: ======'slide_press_start_created'====== Args={}
2023-12-02 12:14:39,958 : EventManager : Event: ======'slide_press_start_active'====== Args={}
2023-12-02 12:14:42,937 : EventManager : Event: ======'slides_play'====== Args={'settings': {'press_start': {'widgets': [{'type': 'Text', 'text': 'Press Start!', 'style': ['bf_blue'], 'font_size': 100, 'y': 'top - 250', 'animations': {'pre_show_slide': [{'property': ['opacity'], 'value': ['0'], 'duration': 0.5, 'relative': False, 'timing': 'after_previous', 'repeat': False, 'easing': 'linear'}, {'property': ['opacity'], 'value': ['1'], 'duration': 0.5, 'repeat': False, 'relative': False, 'timing': 'after_previous', 'easing': 'linear'}]}, '_default_settings': ['type', 'text', 'style', 'font_size', 'y', 'animations'], 'x': None, 'anchor_x': 'center', 'anchor_y': 'center', 'round_anchor_x': None, 'round_anchor_y': None, 'opacity': 1.0, 'z': 0, 'reset_animations_events': {}, 'color': [1.0, 1.0, 1.0, 1.0], 'adjust_top': 0, 'adjust_bottom': 0, 'adjust_left': 0, 'adjust_right': 0, 'expire': None, 'key': None, 'widget': None, 'events_when_added': [], 'events_when_removed': [], 'bitmap_font': False, 'font_kerning': True, 'bold': False, 'italic': False, 'number_grouping': False, 'min_digits': 0, 'halign': 'center', 'valign': 'middle', 'rotation': 0, 'scale': 1.0, 'casing': None, 'outline_color': [1.0, 1.0, 1.0, 1.0], 'outline_width': 0}, {'type': 'Text', 'text': 'Free Play', 'font_size': 75, 'style': ['bf_blue'], 'y': 'top - 550', '_default_settings': ['type', 'text', 'font_size', 'style', 'y'], 'x': None, 'anchor_x': 'center', 'anchor_y': 'center', 'round_anchor_x': None, 'round_anchor_y': None, 'opacity': 1.0, 'z': 0, 'reset_animations_events': {}, 'color': [1.0, 1.0, 1.0, 1.0], 'adjust_top': 0, 'adjust_bottom': 0, 'adjust_left': 0, 'adjust_right': 0, 'expire': None, 'key': None, 'widget': None, 'events_when_added': [], 'events_when_removed': [], 'bitmap_font': False, 'font_kerning': True, 'bold': False, 'italic': False, 'number_grouping': False, 'min_digits': 0, 'halign': 'center', 'valign': 'middle', 'rotation': 0, 'scale': 1.0, 'casing': None, 'outline_color': [1.0, 1.0, 1.0, 1.0], 'outline_width': 0, 'animations': None}], 'transition': {'type': 'move_in', 'duration': 1.0, 'direction': 'right', 'easing': 'out_quad'}, 'target': None, 'background_color': [0.0, 0.0, 0.0, 1.0], 'priority': None, 'show': True, 'force': False, 'expire': None, 'slide': None, 'tokens': {}, 'action': 'play'}}, 'context': 'show_1', 'calling_context': 0, 'priority': 10, 'show_tokens': {}, 'start_time': 3754.082}
2023-12-02 12:14:42,937 : mpfmc : SlidePlayer: Play called with settings={'press_start': {'widgets': [{'type': 'Text', 'text': 'Press Start!', 'style': ['bf_blue'], 'font_size': 100, 'y': 'top - 250', 'animations': {'pre_show_slide': [{'property': ['opacity'], 'value': ['0'], 'duration': 0.5, 'relative': False, 'timing': 'after_previous', 'repeat': False, 'easing': 'linear'}, {'property': ['opacity'], 'value': ['1'], 'duration': 0.5, 'repeat': False, 'relative': False, 'timing': 'after_previous', 'easing': 'linear'}]}, '_default_settings': ['type', 'text', 'style', 'font_size', 'y', 'animations'], 'x': None, 'anchor_x': 'center', 'anchor_y': 'center', 'round_anchor_x': None, 'round_anchor_y': None, 'opacity': 1.0, 'z': 0, 'reset_animations_events': {}, 'color': [1.0, 1.0, 1.0, 1.0], 'adjust_top': 0, 'adjust_bottom': 0, 'adjust_left': 0, 'adjust_right': 0, 'expire': None, 'key': None, 'widget': None, 'events_when_added': [], 'events_when_removed': [], 'bitmap_font': False, 'font_kerning': True, 'bold': False, 'italic': False, 'number_grouping': False, 'min_digits': 0, 'halign': 'center', 'valign': 'middle', 'rotation': 0, 'scale': 1.0, 'casing': None, 'outline_color': [1.0, 1.0, 1.0, 1.0], 'outline_width': 0}, {'type': 'Text', 'text': 'Free Play', 'font_size': 75, 'style': ['bf_blue'], 'y': 'top - 550', '_default_settings': ['type', 'text', 'font_size', 'style', 'y'], 'x': None, 'anchor_x': 'center', 'anchor_y': 'center', 'round_anchor_x': None, 'round_anchor_y': None, 'opacity': 1.0, 'z': 0, 'reset_animations_events': {}, 'color': [1.0, 1.0, 1.0, 1.0], 'adjust_top': 0, 'adjust_bottom': 0, 'adjust_left': 0, 'adjust_right': 0, 'expire': None, 'key': None, 'widget': None, 'events_when_added': [], 'events_when_removed': [], 'bitmap_font': False, 'font_kerning': True, 'bold': False, 'italic': False, 'number_grouping': False, 'min_digits': 0, 'halign': 'center', 'valign': 'middle', 'rotation': 0, 'scale': 1.0, 'casing': None, 'outline_color': [1.0, 1.0, 1.0, 1.0], 'outline_width': 0, 'animations': None}], 'transition': {'type': 'move_in', 'duration': 1.0, 'direction': 'right', 'easing': 'out_quad'}, 'target': None, 'background_color': [0.0, 0.0, 0.0, 1.0], 'priority': None, 'show': True, 'force': False, 'expire': None, 'slide': None, 'tokens': {}, 'action': 'play'}}
2023-12-02 12:14:42,939 : EventManager : Event: ======'slide_press_start_removed'====== Args={}
2023-12-02 12:14:42,947 : EventManager : Event: ======'slide_press_start_created'====== Args={}
2023-12-02 12:14:42,951 : EventManager : Event: ======'slide_press_start_active'====== Args={}
2023-12-02 12:14:45,935 : EventManager : Event: ======'slides_play'====== Args={'settings': {'press_start': {'widgets': [{'type': 'Text', 'text': 'Press Start!', 'style': ['bf_blue'], 'font_size': 100, 'y': 'top - 250', 'animations': {'pre_show_slide': [{'property': ['opacity'], 'value': ['0'], 'duration': 0.5, 'relative': False, 'timing': 'after_previous', 'repeat': False, 'easing': 'linear'}, {'property': ['opacity'], 'value': ['1'], 'duration': 0.5, 'repeat': False, 'relative': False, 'timing': 'after_previous', 'easing': 'linear'}]}, '_default_settings': ['type', 'text', 'style', 'font_size', 'y', 'animations'], 'x': None, 'anchor_x': 'center', 'anchor_y': 'center', 'round_anchor_x': None, 'round_anchor_y': None, 'opacity': 1.0, 'z': 0, 'reset_animations_events': {}, 'color': [1.0, 1.0, 1.0, 1.0], 'adjust_top': 0, 'adjust_bottom': 0, 'adjust_left': 0, 'adjust_right': 0, 'expire': None, 'key': None, 'widget': None, 'events_when_added': [], 'events_when_removed': [], 'bitmap_font': False, 'font_kerning': True, 'bold': False, 'italic': False, 'number_grouping': False, 'min_digits': 0, 'halign': 'center', 'valign': 'middle', 'rotation': 0, 'scale': 1.0, 'casing': None, 'outline_color': [1.0, 1.0, 1.0, 1.0], 'outline_width': 0}, {'type': 'Text', 'text': 'Free Play', 'font_size': 75, 'style': ['bf_blue'], 'y': 'top - 550', '_default_settings': ['type', 'text', 'font_size', 'style', 'y'], 'x': None, 'anchor_x': 'center', 'anchor_y': 'center', 'round_anchor_x': None, 'round_anchor_y': None, 'opacity': 1.0, 'z': 0, 'reset_animations_events': {}, 'color': [1.0, 1.0, 1.0, 1.0], 'adjust_top': 0, 'adjust_bottom': 0, 'adjust_left': 0, 'adjust_right': 0, 'expire': None, 'key': None, 'widget': None, 'events_when_added': [], 'events_when_removed': [], 'bitmap_font': False, 'font_kerning': True, 'bold': False, 'italic': False, 'number_grouping': False, 'min_digits': 0, 'halign': 'center', 'valign': 'middle', 'rotation': 0, 'scale': 1.0, 'casing': None, 'outline_color': [1.0, 1.0, 1.0, 1.0], 'outline_width': 0, 'animations': None}], 'transition': {'type': 'move_in', 'duration': 1.0, 'direction': 'right', 'easing': 'out_quad'}, 'target': None, 'background_color': [0.0, 0.0, 0.0, 1.0], 'priority': None, 'show': True, 'force': False, 'expire': None, 'slide': None, 'tokens': {}, 'action': 'play'}}, 'context': 'show_1', 'calling_context': 0, 'priority': 10, 'show_tokens': {}, 'start_time': 3757.082}
2023-12-02 12:14:45,936 : mpfmc : SlidePlayer: Play called with settings={'press_start': {'widgets': [{'type': 'Text', 'text': 'Press Start!', 'style': ['bf_blue'], 'font_size': 100, 'y': 'top - 250', 'animations': {'pre_show_slide': [{'property': ['opacity'], 'value': ['0'], 'duration': 0.5, 'relative': False, 'timing': 'after_previous', 'repeat': False, 'easing': 'linear'}, {'property': ['opacity'], 'value': ['1'], 'duration': 0.5, 'repeat': False, 'relative': False, 'timing': 'after_previous', 'easing': 'linear'}]}, '_default_settings': ['type', 'text', 'style', 'font_size', 'y', 'animations'], 'x': None, 'anchor_x': 'center', 'anchor_y': 'center', 'round_anchor_x': None, 'round_anchor_y': None, 'opacity': 1.0, 'z': 0, 'reset_animations_events': {}, 'color': [1.0, 1.0, 1.0, 1.0], 'adjust_top': 0, 'adjust_bottom': 0, 'adjust_left': 0, 'adjust_right': 0, 'expire': None, 'key': None, 'widget': None, 'events_when_added': [], 'events_when_removed': [], 'bitmap_font': False, 'font_kerning': True, 'bold': False, 'italic': False, 'number_grouping': False, 'min_digits': 0, 'halign': 'center', 'valign': 'middle', 'rotation': 0, 'scale': 1.0, 'casing': None, 'outline_color': [1.0, 1.0, 1.0, 1.0], 'outline_width': 0}, {'type': 'Text', 'text': 'Free Play', 'font_size': 75, 'style': ['bf_blue'], 'y': 'top - 550', '_default_settings': ['type', 'text', 'font_size', 'style', 'y'], 'x': None, 'anchor_x': 'center', 'anchor_y': 'center', 'round_anchor_x': None, 'round_anchor_y': None, 'opacity': 1.0, 'z': 0, 'reset_animations_events': {}, 'color': [1.0, 1.0, 1.0, 1.0], 'adjust_top': 0, 'adjust_bottom': 0, 'adjust_left': 0, 'adjust_right': 0, 'expire': None, 'key': None, 'widget': None, 'events_when_added': [], 'events_when_removed': [], 'bitmap_font': False, 'font_kerning': True, 'bold': False, 'italic': False, 'number_grouping': False, 'min_digits': 0, 'halign': 'center', 'valign': 'middle', 'rotation': 0, 'scale': 1.0, 'casing': None, 'outline_color': [1.0, 1.0, 1.0, 1.0], 'outline_width': 0, 'animations': None}], 'transition': {'type': 'move_in', 'duration': 1.0, 'direction': 'right', 'easing': 'out_quad'}, 'target': None, 'background_color': [0.0, 0.0, 0.0, 1.0], 'priority': None, 'show': True, 'force': False, 'expire': None, 'slide': None, 'tokens': {}, 'action': 'play'}}
2023-12-02 12:14:45,938 : EventManager : Event: ======'slide_press_start_removed'====== Args={}
2023-12-02 12:14:45,950 : EventManager : Event: ======'slide_press_start_created'====== Args={}
2023-12-02 12:14:45,954 : EventManager : Event: ======'slide_press_start_active'====== Args={}
2023-12-02 12:14:46,808 : EventManager : Event: ======'game_started'====== Args={}
2023-12-02 12:14:46,809 : EventManager : Event: ======'slides_clear'====== Args={'context': 'show_1'}
2023-12-02 12:14:46,809 : EventManager : Event: ======'player_added'====== Args={'player': <Player 1>, 'num': 1}
2023-12-02 12:14:46,809 : EventManager : Event: ======'player_index'====== Args={'value': 0, 'prev_value': 0, 'change': 0, 'player_num': 1}
2023-12-02 12:14:46,809 : EventManager : Event: ======'player_number'====== Args={'value': 1, 'prev_value': 1, 'change': 0, 'player_num': 1}
2023-12-02 12:14:46,810 : EventManager : Event: ======'player_score'====== Args={'value': 0, 'prev_value': 0, 'change': 0, 'player_num': 1}
2023-12-02 12:14:46,810 : EventManager : Event: ======'player_has_a_highscore'====== Args={'value': 0, 'prev_value': 0, 'change': 0, 'player_num': 1}
2023-12-02 12:14:46,810 : EventManager : Event: ======'player_is_welcome_played'====== Args={'value': 0, 'prev_value': 0, 'change': 0, 'player_num': 1}
2023-12-02 12:14:46,810 : EventManager : Event: ======'player_ball'====== Args={'value': 1, 'prev_value': 0, 'change': 1, 'player_num': 1}
2023-12-02 12:14:46,810 : EventManager : Event: ======'player_turn_start'====== Args={'number': 1, 'player': <Player 1>}
2023-12-02 12:14:46,810 : EventManager : Event: ======'player_shot_sling_p1_enabled'====== Args={'value': True, 'prev_value': 0, 'change': 1, 'player_num': 1}
2023-12-02 12:14:46,810 : EventManager : Event: ======'player_shot_sling_p2_enabled'====== Args={'value': True, 'prev_value': 0, 'change': 1, 'player_num': 1}
2023-12-02 12:14:46,810 : EventManager : Event: ======'player_shot_catch_p1_enabled'====== Args={'value': True, 'prev_value': 0, 'change': 1, 'player_num': 1}
2023-12-02 12:14:46,810 : EventManager : Event: ======'player_shot_catch_p2_enabled'====== Args={'value': True, 'prev_value': 0, 'change': 1, 'player_num': 1}
2023-12-02 12:14:46,811 : EventManager : Event: ======'slides_play'====== Args={'settings': {'round_started': {'target': None, 'background_color': [0.0, 0.0, 0.0, 1.0], 'priority': None, 'show': True, 'force': False, 'expire': None, 'slide': None, 'tokens': {}, 'action': 'play'}}, 'context': 'base', 'calling_context': 'mode_base_started', 'priority': 100, 'player': 1, 'ball': 1, 'balls_remaining': 2, 'is_extra_ball': False}
2023-12-02 12:14:46,811 : EventManager : Event: ======'slide_press_start_removed'====== Args={}
2023-12-02 12:14:46,812 : mpfmc : SlidePlayer: Play called with settings={'round_started': {'target': None, 'background_color': [0.0, 0.0, 0.0, 1.0], 'priority': None, 'show': True, 'force': False, 'expire': None, 'slide': None, 'tokens': {}, 'action': 'play'}}
2023-12-02 12:14:46,815 : EventManager : Event: ======'slide_round_started_created'====== Args={}
2023-12-02 12:14:46,816 : EventManager : Event: ======'slide_round_started_active'====== Args={}
2023-12-02 12:16:05,656 : EventManager : Event: ======'machine_var_audits_switches_s_sling_p1'====== Args={'value': 10, 'prev_value': 9, 'change': 1}
2023-12-02 12:16:05,656 : EventManager : Event: ======'player_shot_sling_p1'====== Args={'value': 1, 'prev_value': 0, 'change': 1, 'player_num': 1}
2023-12-02 12:16:05,656 : EventManager : Event: ======'machine_var_audits_shots_sling_p1'====== Args={'value': 10, 'prev_value': 9, 'change': 1}
2023-12-02 12:16:29,862 : EventManager : Event: ======'machine_var_audits_switches_s_sling_p2'====== Args={'value': 2, 'prev_value': 1, 'change': 1}
2023-12-02 12:16:29,862 : EventManager : Event: ======'player_shot_sling_p2'====== Args={'value': 1, 'prev_value': 0, 'change': 1, 'player_num': 1}
2023-12-02 12:16:29,863 : EventManager : Event: ======'machine_var_audits_shots_sling_p2'====== Args={'value': 2, 'prev_value': 1, 'change': 1}
2023-12-02 12:16:32,141 : EventManager : Event: ======'machine_var_audits_switches_s_sling_p1'====== Args={'value': 11, 'prev_value': 10, 'change': 1}
2023-12-02 12:16:32,141 : EventManager : Event: ======'machine_var_audits_shots_sling_p1'====== Args={'value': 11, 'prev_value': 10, 'change': 1}
2023-12-02 12:16:59,373 : EventManager : Event: ======'machine_var_audits_switches_s_sling_p1'====== Args={'value': 12, 'prev_value': 11, 'change': 1}
2023-12-02 12:16:59,373 : EventManager : Event: ======'machine_var_audits_shots_sling_p1'====== Args={'value': 12, 'prev_value': 11, 'change': 1}
2023-12-02 12:17:54,652 : EventManager : Event: ======'machine_var_audits_switches_s_sling_p2'====== Args={'value': 3, 'prev_value': 2, 'change': 1}
2023-12-02 12:17:54,652 : EventManager : Event: ======'machine_var_audits_shots_sling_p2'====== Args={'value': 3, 'prev_value': 2, 'change': 1}
2023-12-02 12:18:03,564 : EventManager : Event: ======'machine_var_audits_switches_s_sling_p2'====== Args={'value': 4, 'prev_value': 3, 'change': 1}
2023-12-02 12:18:03,565 : EventManager : Event: ======'machine_var_audits_shots_sling_p2'====== Args={'value': 4, 'prev_value': 3, 'change': 1}
2023-12-02 12:18:19,842 : EventManager : Event: ======'machine_var_audits_switches_s_sling_p2'====== Args={'value': 5, 'prev_value': 4, 'change': 1}
2023-12-02 12:18:19,842 : EventManager : Event: ======'machine_var_audits_shots_sling_p2'====== Args={'value': 5, 'prev_value': 4, 'change': 1}
2023-12-02 12:18:23,664 : EventManager : Event: ======'machine_var_audits_switches_s_sling_p2'====== Args={'value': 6, 'prev_value': 5, 'change': 1}
2023-12-02 12:18:23,664 : EventManager : Event: ======'machine_var_audits_shots_sling_p2'====== Args={'value': 6, 'prev_value': 5, 'change': 1}
2023-12-02 12:18:25,677 : EventManager : Event: ======'machine_var_audits_switches_s_sling_p2'====== Args={'value': 7, 'prev_value': 6, 'change': 1}
2023-12-02 12:18:25,677 : EventManager : Event: ======'machine_var_audits_shots_sling_p2'====== Args={'value': 7, 'prev_value': 6, 'change': 1}
2023-12-02 12:18:33,779 : EventManager : Event: ======'machine_var_audits_switches_s_catch_p2'====== Args={'value': 2, 'prev_value': 1, 'change': 1}
2023-12-02 12:18:33,779 : EventManager : Event: ======'player_shot_catch_p2'====== Args={'value': 1, 'prev_value': 0, 'change': 1, 'player_num': 1}
2023-12-02 12:18:33,779 : EventManager : Event: ======'machine_var_audits_shots_catch_p2'====== Args={'value': 2, 'prev_value': 1, 'change': 1}
2023-12-02 12:18:36,169 : EventManager : Event: ======'machine_var_audits_switches_s_sling_p2'====== Args={'value': 8, 'prev_value': 7, 'change': 1}
2023-12-02 12:18:36,182 : EventManager : Event: ======'machine_var_audits_shots_sling_p2'====== Args={'value': 8, 'prev_value': 7, 'change': 1}
2023-12-02 12:29:08,287 : EventManager : Event: ======'machine_var_audits_switches_s_sling_p1'====== Args={'value': 13, 'prev_value': 12, 'change': 1}
2023-12-02 12:29:08,288 : EventManager : Event: ======'machine_var_audits_shots_sling_p1'====== Args={'value': 13, 'prev_value': 12, 'change': 1}
2023-12-02 12:29:25,236 : EventManager : Event: ======'machine_var_audits_switches_s_sling_p1'====== Args={'value': 14, 'prev_value': 13, 'change': 1}
2023-12-02 12:29:25,237 : EventManager : Event: ======'machine_var_audits_shots_sling_p1'====== Args={'value': 14, 'prev_value': 13, 'change': 1}
2023-12-02 12:29:36,369 : EventManager : Event: ======'machine_var_audits_switches_s_catch_p1'====== Args={'value': 10, 'prev_value': 9, 'change': 1}
2023-12-02 12:29:36,369 : EventManager : Event: ======'player_shot_catch_p1'====== Args={'value': 1, 'prev_value': 0, 'change': 1, 'player_num': 1}
2023-12-02 12:29:36,369 : EventManager : Event: ======'machine_var_audits_shots_catch_p1'====== Args={'value': 10, 'prev_value': 9, 'change': 1}
2023-12-02 12:29:44,969 : EventManager : Event: ======'machine_var_audits_switches_s_sling_p1'====== Args={'value': 15, 'prev_value': 14, 'change': 1}
2023-12-02 12:29:44,970 : EventManager : Event: ======'machine_var_audits_shots_sling_p1'====== Args={'value': 15, 'prev_value': 14, 'change': 1}
2023-12-02 12:29:48,298 : EventManager : Event: ======'machine_var_audits_switches_s_catch_p1'====== Args={'value': 11, 'prev_value': 10, 'change': 1}
2023-12-02 12:29:48,299 : EventManager : Event: ======'machine_var_audits_shots_catch_p1'====== Args={'value': 11, 'prev_value': 10, 'change': 1}
2023-12-02 12:29:58,428 : EventManager : Event: ======'machine_var_audits_switches_s_sling_p1'====== Args={'value': 16, 'prev_value': 15, 'change': 1}
2023-12-02 12:29:58,428 : EventManager : Event: ======'machine_var_audits_shots_sling_p1'====== Args={'value': 16, 'prev_value': 15, 'change': 1}
2023-12-02 12:30:00,948 : EventManager : Event: ======'machine_var_audits_switches_s_sling_p1'====== Args={'value': 17, 'prev_value': 16, 'change': 1}
2023-12-02 12:30:00,948 : EventManager : Event: ======'machine_var_audits_shots_sling_p1'====== Args={'value': 17, 'prev_value': 16, 'change': 1}
2023-12-02 12:30:07,493 : EventManager : Event: ======'machine_var_audits_switches_s_catch_p1'====== Args={'value': 12, 'prev_value': 11, 'change': 1}
2023-12-02 12:30:07,493 : EventManager : Event: ======'machine_var_audits_shots_catch_p1'====== Args={'value': 12, 'prev_value': 11, 'change': 1}
2023-12-02 12:30:10,188 : EventManager : Event: ======'machine_var_audits_switches_s_catch_p1'====== Args={'value': 13, 'prev_value': 12, 'change': 1}
2023-12-02 12:30:10,188 : EventManager : Event: ======'machine_var_audits_shots_catch_p1'====== Args={'value': 13, 'prev_value': 12, 'change': 1}
2023-12-02 12:30:12,987 : EventManager : Event: ======'machine_var_audits_switches_s_catch_p1'====== Args={'value': 14, 'prev_value': 13, 'change': 1}
2023-12-02 12:30:13,008 : EventManager : Event: ======'machine_var_audits_shots_catch_p1'====== Args={'value': 14, 'prev_value': 13, 'change': 1}
2023-12-02 12:30:19,440 : EventManager : Event: ======'machine_var_audits_switches_s_sling_p1'====== Args={'value': 18, 'prev_value': 17, 'change': 1}
2023-12-02 12:30:19,440 : EventManager : Event: ======'machine_var_audits_shots_sling_p1'====== Args={'value': 18, 'prev_value': 17, 'change': 1}
2023-12-02 12:30:56,517 : EventManager : Event: ======'machine_var_audits_switches_s_sling_p1'====== Args={'value': 19, 'prev_value': 18, 'change': 1}
2023-12-02 12:30:56,517 : EventManager : Event: ======'machine_var_audits_shots_sling_p1'====== Args={'value': 19, 'prev_value': 18, 'change': 1}
2023-12-02 12:30:59,088 : EventManager : Event: ======'machine_var_audits_switches_s_sling_p1'====== Args={'value': 20, 'prev_value': 19, 'change': 1}
2023-12-02 12:30:59,100 : EventManager : Event: ======'machine_var_audits_shots_sling_p1'====== Args={'value': 20, 'prev_value': 19, 'change': 1}
2023-12-02 12:31:00,619 : EventManager : Event: ======'machine_var_audits_switches_s_sling_p2'====== Args={'value': 9, 'prev_value': 8, 'change': 1}
2023-12-02 12:31:00,619 : EventManager : Event: ======'machine_var_audits_shots_sling_p2'====== Args={'value': 9, 'prev_value': 8, 'change': 1}
2023-12-02 12:31:00,631 : EventManager : Event: ======'machine_var_audits_switches_s_sling_p2'====== Args={'value': 10, 'prev_value': 9, 'change': 1}
2023-12-02 12:31:00,632 : EventManager : Event: ======'machine_var_audits_shots_sling_p2'====== Args={'value': 10, 'prev_value': 9, 'change': 1}
2023-12-02 12:31:02,174 : EventManager : Event: ======'machine_var_audits_switches_s_sling_p1'====== Args={'value': 21, 'prev_value': 20, 'change': 1}
2023-12-02 12:31:02,175 : EventManager : Event: ======'machine_var_audits_shots_sling_p1'====== Args={'value': 21, 'prev_value': 20, 'change': 1}
2023-12-02 12:31:08,314 : EventManager : Event: ======'machine_var_audits_switches_s_sling_p2'====== Args={'value': 11, 'prev_value': 10, 'change': 1}
2023-12-02 12:31:08,314 : EventManager : Event: ======'machine_var_audits_shots_sling_p2'====== Args={'value': 11, 'prev_value': 10, 'change': 1}
2023-12-02 12:31:08,402 : EventManager : Event: ======'machine_var_audits_switches_s_sling_p2'====== Args={'value': 12, 'prev_value': 11, 'change': 1}
2023-12-02 12:31:08,402 : EventManager : Event: ======'machine_var_audits_shots_sling_p2'====== Args={'value': 12, 'prev_value': 11, 'change': 1}
2023-12-02 12:32:37,529 : EventManager : Event: ======'machine_var_audits_switches_s_sling_p1'====== Args={'value': 22, 'prev_value': 21, 'change': 1}
2023-12-02 12:32:37,529 : EventManager : Event: ======'machine_var_audits_shots_sling_p1'====== Args={'value': 22, 'prev_value': 21, 'change': 1}
2023-12-02 12:33:04,476 : EventManager : Event: ======'machine_var_audits_switches_s_sling_p1'====== Args={'value': 23, 'prev_value': 22, 'change': 1}
2023-12-02 12:33:04,476 : EventManager : Event: ======'machine_var_audits_shots_sling_p1'====== Args={'value': 23, 'prev_value': 22, 'change': 1}
2023-12-02 12:33:05,501 : EventManager : Event: ======'machine_var_audits_switches_s_sling_p2'====== Args={'value': 13, 'prev_value': 12, 'change': 1}
2023-12-02 12:33:05,501 : EventManager : Event: ======'machine_var_audits_shots_sling_p2'====== Args={'value': 13, 'prev_value': 12, 'change': 1}
2023-12-02 12:33:06,652 : EventManager : Event: ======'machine_var_audits_switches_s_sling_p2'====== Args={'value': 14, 'prev_value': 13, 'change': 1}
2023-12-02 12:33:06,652 : EventManager : Event: ======'machine_var_audits_shots_sling_p2'====== Args={'value': 14, 'prev_value': 13, 'change': 1}
2023-12-02 12:33:08,867 : EventManager : Event: ======'machine_var_audits_switches_s_sling_p1'====== Args={'value': 24, 'prev_value': 23, 'change': 1}
2023-12-02 12:33:08,867 : EventManager : Event: ======'machine_var_audits_shots_sling_p1'====== Args={'value': 24, 'prev_value': 23, 'change': 1}
2023-12-02 12:34:26,125 : EventManager : Event: ======'machine_var_audits_switches_s_sling_p1'====== Args={'value': 25, 'prev_value': 24, 'change': 1}
2023-12-02 12:34:26,125 : EventManager : Event: ======'machine_var_audits_shots_sling_p1'====== Args={'value': 25, 'prev_value': 24, 'change': 1}
2023-12-02 12:35:15,705 : EventManager : Event: ======'machine_var_audits_switches_s_sling_p1'====== Args={'value': 26, 'prev_value': 25, 'change': 1}
2023-12-02 12:35:15,705 : EventManager : Event: ======'machine_var_audits_shots_sling_p1'====== Args={'value': 26, 'prev_value': 25, 'change': 1}
2023-12-02 12:35:17,312 : EventManager : Event: ======'machine_var_audits_switches_s_catch_p1'====== Args={'value': 15, 'prev_value': 14, 'change': 1}
2023-12-02 12:35:17,312 : EventManager : Event: ======'machine_var_audits_shots_catch_p1'====== Args={'value': 15, 'prev_value': 14, 'change': 1}
2023-12-02 12:35:35,981 : EventManager : Event: ======'machine_var_audits_switches_s_catch_p1'====== Args={'value': 16, 'prev_value': 15, 'change': 1}
2023-12-02 12:35:35,982 : EventManager : Event: ======'machine_var_audits_shots_catch_p1'====== Args={'value': 16, 'prev_value': 15, 'change': 1}
2023-12-02 12:35:42,969 : EventManager : Event: ======'machine_var_audits_switches_s_sling_p1'====== Args={'value': 27, 'prev_value': 26, 'change': 1}
2023-12-02 12:35:42,970 : EventManager : Event: ======'machine_var_audits_shots_sling_p1'====== Args={'value': 27, 'prev_value': 26, 'change': 1}
2023-12-02 12:36:05,364 : EventManager : Event: ======'machine_var_audits_switches_s_sling_p1'====== Args={'value': 28, 'prev_value': 27, 'change': 1}
2023-12-02 12:36:05,364 : EventManager : Event: ======'machine_var_audits_shots_sling_p1'====== Args={'value': 28, 'prev_value': 27, 'change': 1}
2023-12-02 12:36:40,371 : EventManager : Event: ======'machine_var_audits_switches_s_sling_p2'====== Args={'value': 15, 'prev_value': 14, 'change': 1}
2023-12-02 12:36:40,371 : EventManager : Event: ======'machine_var_audits_shots_sling_p2'====== Args={'value': 15, 'prev_value': 14, 'change': 1}
2023-12-02 12:37:06,057 : EventManager : Event: ======'machine_var_audits_switches_s_sling_p2'====== Args={'value': 16, 'prev_value': 15, 'change': 1}
2023-12-02 12:37:06,057 : EventManager : Event: ======'machine_var_audits_shots_sling_p2'====== Args={'value': 16, 'prev_value': 15, 'change': 1}
2023-12-02 12:37:08,487 : EventManager : Event: ======'machine_var_audits_switches_s_catch_p1'====== Args={'value': 17, 'prev_value': 16, 'change': 1}
2023-12-02 12:37:08,487 : EventManager : Event: ======'machine_var_audits_shots_catch_p1'====== Args={'value': 17, 'prev_value': 16, 'change': 1}
2023-12-02 12:37:15,883 : EventManager : Event: ======'machine_var_audits_switches_s_sling_p1'====== Args={'value': 29, 'prev_value': 28, 'change': 1}
2023-12-02 12:37:15,883 : EventManager : Event: ======'machine_var_audits_shots_sling_p1'====== Args={'value': 29, 'prev_value': 28, 'change': 1}
2023-12-02 12:37:17,720 : EventManager : Event: ======'machine_var_audits_switches_s_catch_p1'====== Args={'value': 18, 'prev_value': 17, 'change': 1}
2023-12-02 12:37:17,720 : EventManager : Event: ======'machine_var_audits_shots_catch_p1'====== Args={'value': 18, 'prev_value': 17, 'change': 1}
2023-12-02 12:37:47,848 : EventManager : Event: ======'machine_var_audits_switches_s_sling_p2'====== Args={'value': 17, 'prev_value': 16, 'change': 1}
2023-12-02 12:37:47,848 : EventManager : Event: ======'machine_var_audits_shots_sling_p2'====== Args={'value': 17, 'prev_value': 16, 'change': 1}
2023-12-02 12:37:50,343 : EventManager : Event: ======'machine_var_audits_switches_s_sling_p2'====== Args={'value': 18, 'prev_value': 17, 'change': 1}
2023-12-02 12:37:50,343 : EventManager : Event: ======'machine_var_audits_shots_sling_p2'====== Args={'value': 18, 'prev_value': 17, 'change': 1}
2023-12-02 12:37:59,793 : EventManager : Event: ======'machine_var_audits_switches_s_sling_p2'====== Args={'value': 19, 'prev_value': 18, 'change': 1}
2023-12-02 12:37:59,793 : EventManager : Event: ======'machine_var_audits_shots_sling_p2'====== Args={'value': 19, 'prev_value': 18, 'change': 1}
2023-12-02 12:38:01,337 : EventManager : Event: ======'machine_var_audits_switches_s_sling_p2'====== Args={'value': 20, 'prev_value': 19, 'change': 1}
2023-12-02 12:38:01,337 : EventManager : Event: ======'machine_var_audits_shots_sling_p2'====== Args={'value': 20, 'prev_value': 19, 'change': 1}
2023-12-02 12:38:02,120 : EventManager : Event: ======'machine_var_audits_switches_s_sling_p1'====== Args={'value': 30, 'prev_value': 29, 'change': 1}
2023-12-02 12:38:02,121 : EventManager : Event: ======'machine_var_audits_shots_sling_p1'====== Args={'value': 30, 'prev_value': 29, 'change': 1}
2023-12-02 12:38:05,069 : EventManager : Event: ======'machine_var_audits_switches_s_sling_p2'====== Args={'value': 21, 'prev_value': 20, 'change': 1}
2023-12-02 12:38:05,070 : EventManager : Event: ======'machine_var_audits_shots_sling_p2'====== Args={'value': 21, 'prev_value': 20, 'change': 1}
2023-12-02 12:39:01,652 : EventManager : Event: ======'machine_var_audits_switches_s_sling_p2'====== Args={'value': 22, 'prev_value': 21, 'change': 1}
2023-12-02 12:39:01,652 : EventManager : Event: ======'machine_var_audits_shots_sling_p2'====== Args={'value': 22, 'prev_value': 21, 'change': 1}
2023-12-02 12:39:27,583 : EventManager : Event: ======'machine_var_audits_switches_s_sling_p2'====== Args={'value': 23, 'prev_value': 22, 'change': 1}
2023-12-02 12:39:27,584 : EventManager : Event: ======'machine_var_audits_shots_sling_p2'====== Args={'value': 23, 'prev_value': 22, 'change': 1}
2023-12-02 12:39:32,665 : EventManager : Event: ======'machine_var_audits_switches_s_sling_p2'====== Args={'value': 24, 'prev_value': 23, 'change': 1}
2023-12-02 12:39:32,691 : EventManager : Event: ======'machine_var_audits_shots_sling_p2'====== Args={'value': 24, 'prev_value': 23, 'change': 1}
2023-12-02 12:39:33,578 : EventManager : Event: ======'machine_var_audits_switches_s_sling_p1'====== Args={'value': 31, 'prev_value': 30, 'change': 1}
2023-12-02 12:39:33,578 : EventManager : Event: ======'machine_var_audits_shots_sling_p1'====== Args={'value': 31, 'prev_value': 30, 'change': 1}
2023-12-02 12:39:35,906 : EventManager : Event: ======'machine_var_audits_switches_s_sling_p2'====== Args={'value': 25, 'prev_value': 24, 'change': 1}
2023-12-02 12:39:35,906 : EventManager : Event: ======'machine_var_audits_shots_sling_p2'====== Args={'value': 25, 'prev_value': 24, 'change': 1}
2023-12-02 12:39:37,640 : EventManager : Event: ======'machine_var_audits_switches_s_catch_p1'====== Args={'value': 19, 'prev_value': 18, 'change': 1}
2023-12-02 12:39:37,641 : EventManager : Event: ======'machine_var_audits_shots_catch_p1'====== Args={'value': 19, 'prev_value': 18, 'change': 1}
2023-12-02 12:39:40,916 : EventManager : Event: ======'machine_var_audits_switches_s_catch_p1'====== Args={'value': 20, 'prev_value': 19, 'change': 1}
2023-12-02 12:39:40,917 : EventManager : Event: ======'machine_var_audits_shots_catch_p1'====== Args={'value': 20, 'prev_value': 19, 'change': 1}
2023-12-02 12:39:47,550 : EventManager : Event: ======'machine_var_audits_switches_s_sling_p2'====== Args={'value': 26, 'prev_value': 25, 'change': 1}
2023-12-02 12:39:47,550 : EventManager : Event: ======'machine_var_audits_shots_sling_p2'====== Args={'value': 26, 'prev_value': 25, 'change': 1}
2023-12-02 12:39:50,192 : EventManager : Event: ======'machine_var_audits_switches_s_sling_p2'====== Args={'value': 27, 'prev_value': 26, 'change': 1}
2023-12-02 12:39:50,193 : EventManager : Event: ======'machine_var_audits_shots_sling_p2'====== Args={'value': 27, 'prev_value': 26, 'change': 1}
2023-12-02 12:39:55,612 : EventManager : Event: ======'machine_var_audits_switches_s_sling_p2'====== Args={'value': 28, 'prev_value': 27, 'change': 1}
2023-12-02 12:39:55,613 : EventManager : Event: ======'machine_var_audits_shots_sling_p2'====== Args={'value': 28, 'prev_value': 27, 'change': 1}
2023-12-02 12:39:56,562 : EventManager : Event: ======'machine_var_audits_switches_s_sling_p1'====== Args={'value': 32, 'prev_value': 31, 'change': 1}
2023-12-02 12:39:56,562 : EventManager : Event: ======'machine_var_audits_shots_sling_p1'====== Args={'value': 32, 'prev_value': 31, 'change': 1}
2023-12-02 12:39:58,373 : EventManager : Event: ======'machine_var_audits_switches_s_sling_p2'====== Args={'value': 29, 'prev_value': 28, 'change': 1}
2023-12-02 12:39:58,373 : EventManager : Event: ======'machine_var_audits_shots_sling_p2'====== Args={'value': 29, 'prev_value': 28, 'change': 1}
2023-12-02 12:39:59,524 : EventManager : Event: ======'machine_var_audits_switches_s_sling_p1'====== Args={'value': 33, 'prev_value': 32, 'change': 1}
2023-12-02 12:39:59,525 : EventManager : Event: ======'machine_var_audits_shots_sling_p1'====== Args={'value': 33, 'prev_value': 32, 'change': 1}
2023-12-02 12:40:01,777 : EventManager : Event: ======'machine_var_audits_switches_s_sling_p2'====== Args={'value': 30, 'prev_value': 29, 'change': 1}
2023-12-02 12:40:01,777 : EventManager : Event: ======'machine_var_audits_shots_sling_p2'====== Args={'value': 30, 'prev_value': 29, 'change': 1}
2023-12-02 12:40:09,591 : EventManager : Event: ======'machine_var_audits_switches_s_sling_p2'====== Args={'value': 31, 'prev_value': 30, 'change': 1}
2023-12-02 12:40:09,591 : EventManager : Event: ======'machine_var_audits_shots_sling_p2'====== Args={'value': 31, 'prev_value': 30, 'change': 1}
2023-12-02 12:40:09,666 : EventManager : Event: ======'machine_var_audits_switches_s_sling_p2'====== Args={'value': 32, 'prev_value': 31, 'change': 1}
2023-12-02 12:40:09,667 : EventManager : Event: ======'machine_var_audits_shots_sling_p2'====== Args={'value': 32, 'prev_value': 31, 'change': 1}
2023-12-02 12:40:11,742 : EventManager : Event: ======'machine_var_audits_switches_s_catch_p1'====== Args={'value': 21, 'prev_value': 20, 'change': 1}
2023-12-02 12:40:11,755 : EventManager : Event: ======'machine_var_audits_shots_catch_p1'====== Args={'value': 21, 'prev_value': 20, 'change': 1}
2023-12-02 12:40:14,816 : EventManager : Event: ======'machine_var_audits_switches_s_sling_p1'====== Args={'value': 34, 'prev_value': 33, 'change': 1}
2023-12-02 12:40:14,831 : EventManager : Event: ======'machine_var_audits_shots_sling_p1'====== Args={'value': 34, 'prev_value': 33, 'change': 1}
2023-12-02 12:40:21,440 : EventManager : Event: ======'machine_var_audits_switches_s_sling_p2'====== Args={'value': 33, 'prev_value': 32, 'change': 1}
2023-12-02 12:40:21,440 : EventManager : Event: ======'machine_var_audits_shots_sling_p2'====== Args={'value': 33, 'prev_value': 32, 'change': 1}
2023-12-02 12:40:22,201 : EventManager : Event: ======'machine_var_audits_switches_s_sling_p1'====== Args={'value': 35, 'prev_value': 34, 'change': 1}
2023-12-02 12:40:22,201 : EventManager : Event: ======'machine_var_audits_shots_sling_p1'====== Args={'value': 35, 'prev_value': 34, 'change': 1}
2023-12-02 12:40:23,769 : EventManager : Event: ======'machine_var_audits_switches_s_sling_p2'====== Args={'value': 34, 'prev_value': 33, 'change': 1}
2023-12-02 12:40:23,782 : EventManager : Event: ======'machine_var_audits_shots_sling_p2'====== Args={'value': 34, 'prev_value': 33, 'change': 1}
2023-12-02 12:40:25,478 : EventManager : Event: ======'machine_var_audits_switches_s_sling_p2'====== Args={'value': 35, 'prev_value': 34, 'change': 1}
2023-12-02 12:40:25,478 : EventManager : Event: ======'machine_var_audits_shots_sling_p2'====== Args={'value': 35, 'prev_value': 34, 'change': 1}
2023-12-02 12:40:34,366 : EventManager : Event: ======'machine_var_audits_switches_s_sling_p2'====== Args={'value': 36, 'prev_value': 35, 'change': 1}
2023-12-02 12:40:34,366 : EventManager : Event: ======'machine_var_audits_shots_sling_p2'====== Args={'value': 36, 'prev_value': 35, 'change': 1}
2023-12-02 12:40:38,784 : EventManager : Event: ======'machine_var_audits_switches_s_sling_p2'====== Args={'value': 37, 'prev_value': 36, 'change': 1}
2023-12-02 12:40:38,785 : EventManager : Event: ======'machine_var_audits_shots_sling_p2'====== Args={'value': 37, 'prev_value': 36, 'change': 1}
2023-12-02 12:40:41,202 : EventManager : Event: ======'machine_var_audits_switches_s_sling_p1'====== Args={'value': 36, 'prev_value': 35, 'change': 1}
2023-12-02 12:40:41,202 : EventManager : Event: ======'machine_var_audits_shots_sling_p1'====== Args={'value': 36, 'prev_value': 35, 'change': 1}
2023-12-02 12:53:10,792 : kivy : Base: Leaving application in progress...
2023-12-02 12:53:10,864 : mpfmc : Stopping...
2023-12-02 12:53:10,865 : EventManager : Event: ======'shutdown'====== Args={}
2023-12-02 12:53:10,865 : AudioInterface : Disabling audio playback
2023-12-02 12:53:10,928 : mpfmc : Loop rate 78.72 Hz
2023-12-02 12:53:10,929 : root : MC run loop ended.
2023-12-02 12:53:10,929 : root : Stopping child threads... (3 remaining)
2023-12-02 12:53:11,820 : mpfmc : Stopping...
2023-12-02 12:53:11,821 : EventManager : Event: ======'shutdown'====== Args={}
2023-12-02 12:53:11,822 : mpfmc : Loop rate 78.69 Hz
2023-12-02 12:53:11,862 : MPF-MC BCP Server : Stopping BCP sending thread
2023-12-02 12:53:11,937 : root : All child threads stopped.
