2023-12-02 11:33:38,495 : INFO : root : Loading config.
2023-12-02 11:33:38,499 : INFO : YamlMultifileConfigLoader : Machine config file #1: config.yaml
2023-12-02 11:33:38,500 : INFO : ConfigProcessor : Loading config from cache: /tmp/bf38e15644d30ba1eb87297a18d33bd2.mpf_cache
2023-12-02 11:33:38,501 : WARNING : ConfigProcessor : Config file in cache changed: /home/ohm/dodgeball/config/coils.yaml
2023-12-02 11:33:38,501 : INFO : ConfigProcessor : Loading config from file /home/ohm/.local/lib/python3.10/site-packages/mpf/mpfconfig.yaml.
2023-12-02 11:33:38,524 : INFO : ConfigProcessor : Loading config: /home/ohm/.local/lib/python3.10/site-packages/mpf/mpfconfig.yaml
2023-12-02 11:33:38,525 : INFO : ConfigProcessor : Loading config from file /home/ohm/dodgeball/config/config.yaml.
2023-12-02 11:33:38,534 : INFO : ConfigProcessor : Loading config: /home/ohm/dodgeball/config/config.yaml
2023-12-02 11:33:38,536 : INFO : ConfigProcessor : Loading config: /home/ohm/dodgeball/config/lights.yaml
2023-12-02 11:33:38,538 : INFO : ConfigProcessor : Loading config: /home/ohm/dodgeball/config/coils.yaml
2023-12-02 11:33:38,540 : INFO : ConfigProcessor : Loading config: /home/ohm/dodgeball/config/switches.yaml
2023-12-02 11:33:38,541 : INFO : ConfigProcessor : Loading config: /home/ohm/dodgeball/config/playervars.yaml
2023-12-02 11:33:38,544 : INFO : ConfigProcessor : Config file cache created: /tmp/bf38e15644d30ba1eb87297a18d33bd2.mpf_cache
2023-12-02 11:33:38,606 : INFO : ConfigProcessor : Loading config from cache: /tmp/ecc2466debc0cbb894d1a2fba8912b38.mpf_cache
2023-12-02 11:33:38,607 : INFO : ConfigProcessor : Loading config from cache: /tmp/32cc0edc83e6cd7fce5d5a48c9d631d2.mpf_cache
2023-12-02 11:33:38,608 : WARNING : ConfigProcessor : Config file in cache changed: /home/ohm/dodgeball/modes/base/config/base.yaml
2023-12-02 11:33:38,608 : INFO : ConfigProcessor : Loading config from file /home/ohm/dodgeball/modes/base/config/base.yaml.
2023-12-02 11:33:38,611 : INFO : ConfigProcessor : Loading config: /home/ohm/dodgeball/modes/base/config/base.yaml
2023-12-02 11:33:38,612 : INFO : ConfigProcessor : Loading config: /home/ohm/dodgeball/modes/base/config/shots.yaml
2023-12-02 11:33:38,613 : INFO : ConfigProcessor : Config file cache created: /tmp/0fe63fd00a83faf3a344d3dd33ac8b6e.mpf_cache
2023-12-02 11:33:38,615 : INFO : ConfigProcessor : Loading config from cache: /tmp/4923a60b897e22ae41d9973250e86152.mpf_cache
2023-12-02 11:33:38,616 : INFO : Machine : Mission Pinball Framework Core Engine v0.57.0.dev32
2023-12-02 11:33:38,616 : INFO : Machine : Command line arguments: {'no_load_cache': False, 'create_config_cache': True, 'bcp': True, 'configfile': ['config.yaml'], 'force_assets_load': False, 'jsonlogging': False, 'logfile': 'logs/2023-12-02-11-33-38-mpf-dodgeball.log', 'pause': False, 'production': False, 'text_ui': True, 'loglevel': 15, 'consoleloglevel': 20, 'force_platform': None, 'syslog_address': None, 'mc_file_name': None, 'no_sound': False}
2023-12-02 11:33:38,616 : INFO : Machine : MPF path: /home/ohm/.local/lib/python3.10/site-packages/mpf
2023-12-02 11:33:38,616 : INFO : Machine : Machine path: /home/ohm/dodgeball
2023-12-02 11:33:38,616 : INFO : Machine : Platform: linux
2023-12-02 11:33:38,616 : INFO : Machine : Python executable location: /usr/bin/python3
2023-12-02 11:33:38,616 : INFO : Machine : Python version: 3.10.12 (64-bit)
2023-12-02 11:33:38,625 : INFO : Machine : Initializing MPF...
2023-12-02 11:33:38,728 : INFO : P-Roc : Connecting to P-ROC
2023-12-02 11:33:38,795 : INFO : P-Roc : Successfully connected to P-ROC/P3-ROC. Firmware Version: 2. Firmware Revision: 18. Hardware Board ID: 3
2023-12-02 11:33:38,812 : INFO : EventManager : Event: ======'machine_var_p_roc_version'====== Args={'value': 2, 'prev_value': None, 'change': True}
2023-12-02 11:33:38,812 : INFO : EventManager : Event: ======'machine_var_p_roc_revision'====== Args={'value': 18, 'prev_value': None, 'change': True}
2023-12-02 11:33:38,812 : INFO : EventManager : Event: ======'machine_var_p_roc_hardware_version'====== Args={'value': 3, 'prev_value': None, 'change': True}
2023-12-02 11:33:38,813 : INFO : EventManager : Event: ======'machine_var_credits_string'====== Args={'value': 'FREE PLAY', 'prev_value': None, 'change': True}
2023-12-02 11:33:38,875 : INFO : EventManager : Event: ======'machine_var_master_volume'====== Args={'value': 0.5, 'prev_value': None, 'change': True}
2023-12-02 11:33:38,876 : INFO : EventManager : Event: ======'machine_var_mpf_version'====== Args={'value': 'Mission Pinball Framework v0.57.0.dev32', 'prev_value': None, 'change': True}
2023-12-02 11:33:38,876 : INFO : EventManager : Event: ======'machine_var_mpf_extended_version'====== Args={'value': 'Mission Pinball Framework v0.57.0.dev32, Config version:6, Show version: 6, BCP version:1.1', 'prev_value': None, 'change': True}
2023-12-02 11:33:38,876 : INFO : EventManager : Event: ======'machine_var_python_version'====== Args={'value': '3.10.12', 'prev_value': None, 'change': True}
2023-12-02 11:33:38,878 : INFO : EventManager : Event: ======'machine_var_platform'====== Args={'value': 'Linux-6.2.0-37-generic-x86_64-with-glibc2.35', 'prev_value': None, 'change': True}
2023-12-02 11:33:38,878 : INFO : EventManager : Event: ======'machine_var_platform_system'====== Args={'value': 'Linux', 'prev_value': None, 'change': True}
2023-12-02 11:33:38,878 : INFO : EventManager : Event: ======'machine_var_platform_release'====== Args={'value': '6.2.0-37-generic', 'prev_value': None, 'change': True}
2023-12-02 11:33:38,879 : INFO : EventManager : Event: ======'machine_var_platform_version'====== Args={'value': '#38~22.04.1-Ubuntu SMP PREEMPT_DYNAMIC Thu Nov  2 18:01:13 UTC 2', 'prev_value': None, 'change': True}
2023-12-02 11:33:38,879 : INFO : EventManager : Event: ======'machine_var_platform_machine'====== Args={'value': 'x86_64', 'prev_value': None, 'change': True}
2023-12-02 11:33:38,879 : INFO : EventManager : Event: ======'init_phase_1'====== Args={}
2023-12-02 11:33:38,903 : INFO : EventManager : Event: ======'logicblock_has_highscore_updated'====== Args={'value': 0, 'enabled': True}
2023-12-02 11:33:38,903 : INFO : EventManager : Event: ======'logicblock_has_highscore_updated'====== Args={'value': 0, 'enabled': True}
2023-12-02 11:33:38,922 : INFO : EventManager : Event: ======'init_phase_2'====== Args={}
2023-12-02 11:33:38,939 : INFO : SwitchController : Found active switch: (3, <Platform.P3-ROC>) <switch.s_trougheject_p1>
2023-12-02 11:33:38,940 : INFO : SwitchController : Found active switch: (11, <Platform.P3-ROC>) <switch.s_trougheject_p2>
2023-12-02 11:33:38,945 : INFO : EventManager : Event: ======'bcp_connection_attempt'====== Args={'name': 'local_display', 'host': 'localhost', 'port': 5050}
2023-12-02 11:33:38,948 : INFO : BCPClientSocket : Connecting BCP to 'local_display' at localhost:5050...
2023-12-02 11:33:40,665 : INFO : BCPClientSocket : Connected BCP to 'local_display' localhost:5050
2023-12-02 11:33:40,665 : INFO : EventManager : Event: ======'bcp_clients_connected'====== Args={}
2023-12-02 11:33:40,669 : INFO : ball_device.bd_trough : BCH: Initial count: 1
2023-12-02 11:33:40,669 : INFO : ball_device.bd_trough : State: idle
2023-12-02 11:33:40,670 : INFO : ball_device.bd_catch_p1 : BCH: Initial count: 0
2023-12-02 11:33:40,670 : INFO : ball_device.bd_catch_p1 : State: idle
2023-12-02 11:33:40,671 : INFO : ball_device.bd_catch_p2 : BCH: Initial count: 0
2023-12-02 11:33:40,671 : INFO : ball_device.bd_catch_p2 : State: idle
2023-12-02 11:33:40,678 : INFO : EventManager : Event: ======'init_phase_3'====== Args={}
2023-12-02 11:33:40,679 : INFO : EventManager : Event: ======'machine_var_mc_version'====== Args={'value': 'MPF-MC v0.57.0.dev12', 'prev_value': None, 'change': True}
2023-12-02 11:33:40,679 : INFO : EventManager : Event: ======'machine_var_mc_extended_version'====== Args={'value': 'MPF-MC v0.57.0.dev12 (config_version=6, BCP v1.1,                      Requires MPF API compatibility v0.57.0.dev32 or newer)', 'prev_value': None, 'change': True}
2023-12-02 11:33:40,707 : INFO : EventManager : Event: ======'init_phase_4'====== Args={}
2023-12-02 11:33:40,708 : INFO : BallController : Initial balls found: 1
2023-12-02 11:33:40,709 : INFO : EventManager : Event: ======'machine_var_audits_events_game_ended'====== Args={'value': 0, 'prev_value': None, 'change': True}
2023-12-02 11:33:40,709 : INFO : EventManager : Event: ======'machine_var_audits_events_game_started'====== Args={'value': 2, 'prev_value': None, 'change': True}
2023-12-02 11:33:40,710 : INFO : EventManager : Event: ======'machine_var_audits_player_score'====== Args={'value': {'average': 0, 'top': [], 'total': 0}, 'prev_value': None, 'change': True}
2023-12-02 11:33:40,710 : INFO : EventManager : Event: ======'machine_var_audits_shots_catch_p1'====== Args={'value': 1, 'prev_value': None, 'change': True}
2023-12-02 11:33:40,710 : INFO : EventManager : Event: ======'machine_var_audits_shots_sling_p1'====== Args={'value': 6, 'prev_value': None, 'change': True}
2023-12-02 11:33:40,710 : INFO : EventManager : Event: ======'machine_var_audits_switches_s_catch_p1'====== Args={'value': 1, 'prev_value': None, 'change': True}
2023-12-02 11:33:40,711 : INFO : EventManager : Event: ======'machine_var_audits_switches_s_catch_p2'====== Args={'value': 0, 'prev_value': None, 'change': True}
2023-12-02 11:33:40,711 : INFO : EventManager : Event: ======'machine_var_audits_switches_s_sling_p1'====== Args={'value': 6, 'prev_value': None, 'change': True}
2023-12-02 11:33:40,711 : INFO : EventManager : Event: ======'machine_var_audits_switches_s_sling_p2'====== Args={'value': 0, 'prev_value': None, 'change': True}
2023-12-02 11:33:40,711 : INFO : EventManager : Event: ======'machine_var_audits_switches_s_start_p1'====== Args={'value': 0, 'prev_value': None, 'change': True}
2023-12-02 11:33:40,712 : INFO : EventManager : Event: ======'machine_var_audits_switches_s_start_p2'====== Args={'value': 0, 'prev_value': None, 'change': True}
2023-12-02 11:33:40,712 : INFO : EventManager : Event: ======'machine_var_audits_switches_s_trougheject_p1'====== Args={'value': 0, 'prev_value': None, 'change': True}
2023-12-02 11:33:40,712 : INFO : EventManager : Event: ======'machine_var_audits_switches_s_trougheject_p2'====== Args={'value': 0, 'prev_value': None, 'change': True}
2023-12-02 11:33:40,713 : INFO : EventManager : Event: ======'init_phase_5'====== Args={}
2023-12-02 11:33:40,713 : INFO : EventManager : Event: ======'init_done'====== Args={}
2023-12-02 11:33:40,714 : INFO : EventManager : Event: ======'machine_reset_phase_1'====== Args={}
2023-12-02 11:33:40,761 : INFO : EventManager : Event: ======'machine_reset_phase_2'====== Args={}
2023-12-02 11:33:40,762 : INFO : EventManager : Event: ======'machine_reset_phase_3'====== Args={}
2023-12-02 11:33:40,762 : INFO : EventManager : Event: ======'reset_complete'====== Args={}
2023-12-02 11:33:40,762 : INFO : EventManager : Event: ======'mode_attract_will_start'====== Args={}
2023-12-02 11:33:40,763 : INFO : EventManager : Event: ======'mode_attract_starting'====== Args={}
2023-12-02 11:33:40,763 : INFO : Mode.attract : Started. Priority: 10
2023-12-02 11:33:40,763 : INFO : EventManager : Event: ======'modes_active_modes_changed'====== Args={}
2023-12-02 11:33:40,763 : INFO : EventManager : Event: ======'mode_attract_started'====== Args={}
2023-12-02 11:33:40,764 : INFO : EventManager : Event: ======'collecting_balls_complete'====== Args={}
2023-12-02 11:33:40,766 : INFO : Machine : Starting the main run loop.
2023-12-02 11:33:40,788 : INFO : EventManager : Event: ======'slide_press_start_created'====== Args={'_from_bcp': True}
2023-12-02 11:33:40,829 : INFO : EventManager : Event: ======'slide_press_start_active'====== Args={'_from_bcp': True}
2023-12-02 11:33:43,777 : INFO : EventManager : Event: ======'slide_press_start_removed'====== Args={'_from_bcp': True}
2023-12-02 11:33:43,785 : INFO : EventManager : Event: ======'slide_press_start_created'====== Args={'_from_bcp': True}
2023-12-02 11:33:43,788 : INFO : EventManager : Event: ======'slide_press_start_active'====== Args={'_from_bcp': True}
2023-12-02 11:33:44,197 : INFO : SwitchController : <<<<<<< 's_start_p1' active >>>>>>>
2023-12-02 11:33:44,288 : INFO : SwitchController : <<<<<<< 's_start_p1' inactive >>>>>>>
2023-12-02 11:33:44,289 : INFO : EventManager : Event: ======'request_to_start_game'====== Args={}
2023-12-02 11:33:44,289 : INFO : EventManager : Event: ======'game_start'====== Args={'buttons': [], 'hold_time': 0.09000000000014552}
2023-12-02 11:33:44,289 : INFO : EventManager : Event: ======'mode_game_will_start'====== Args={'buttons': [], 'hold_time': 0.09000000000014552}
2023-12-02 11:33:44,290 : INFO : EventManager : Event: ======'mode_game_starting'====== Args={'buttons': [], 'hold_time': 0.09000000000014552}
2023-12-02 11:33:44,290 : INFO : EventManager : Event: ======'mode_attract_will_stop'====== Args={}
2023-12-02 11:33:44,290 : INFO : EventManager : Event: ======'mode_attract_stopping'====== Args={}
2023-12-02 11:33:44,290 : INFO : Mode.attract : Stopped.
2023-12-02 11:33:44,290 : INFO : EventManager : Event: ======'modes_active_modes_changed'====== Args={}
2023-12-02 11:33:44,291 : INFO : EventManager : Event: ======'mode_attract_stopped'====== Args={}
2023-12-02 11:33:44,291 : INFO : EventManager : Event: ======'clear'====== Args={'key': 'attract'}
2023-12-02 11:33:44,291 : INFO : Mode.game : Started. Priority: 20
2023-12-02 11:33:44,291 : INFO : EventManager : Event: ======'modes_active_modes_changed'====== Args={}
2023-12-02 11:33:44,291 : INFO : EventManager : Event: ======'mode_game_started'====== Args={'buttons': [], 'hold_time': 0.09000000000014552}
2023-12-02 11:33:44,292 : INFO : EventManager : Event: ======'game_will_start'====== Args={}
2023-12-02 11:33:44,292 : INFO : EventManager : Event: ======'game_starting'====== Args={'game': <Mode.game>}
2023-12-02 11:33:44,292 : INFO : EventManager : Event: ======'player_add_request'====== Args={}
2023-12-02 11:33:44,292 : INFO : EventManager : Event: ======'player_will_add'====== Args={'number': 1}
2023-12-02 11:33:44,293 : INFO : EventManager : Event: ======'player_adding'====== Args={'player': <Player 1>, 'number': 1}
2023-12-02 11:33:44,293 : INFO : EventManager : Event: ======'player_added'====== Args={'player': <Player 1>, 'num': 1}
2023-12-02 11:33:44,293 : INFO : Mode.game : Player added successfully. Total players: 1
2023-12-02 11:33:44,293 : INFO : EventManager : Event: ======'player_index'====== Args={'value': 0, 'prev_value': 0, 'change': 0, 'player_num': 1}
2023-12-02 11:33:44,293 : INFO : EventManager : Event: ======'player_number'====== Args={'value': 1, 'prev_value': 1, 'change': 0, 'player_num': 1}
2023-12-02 11:33:44,293 : INFO : EventManager : Event: ======'player_has_a_highscore'====== Args={'value': 0, 'prev_value': 0, 'change': 0, 'player_num': 1}
2023-12-02 11:33:44,293 : INFO : EventManager : Event: ======'player_is_welcome_played'====== Args={'value': 0, 'prev_value': 0, 'change': 0, 'player_num': 1}
2023-12-02 11:33:44,294 : INFO : EventManager : Event: ======'player_score'====== Args={'value': 0, 'prev_value': 0, 'change': 0, 'player_num': 1}
2023-12-02 11:33:44,295 : INFO : EventManager : Event: ======'game_started'====== Args={}
2023-12-02 11:33:44,295 : INFO : EventManager : Event: ======'logicblock_has_highscore_updated'====== Args={'value': 0, 'enabled': True}
2023-12-02 11:33:44,295 : INFO : EventManager : Event: ======'player_turn_will_start'====== Args={'player': <Player 1>, 'number': 1}
2023-12-02 11:33:44,295 : INFO : EventManager : Event: ======'player_turn_starting'====== Args={'player': <Player 1>, 'number': 1}
2023-12-02 11:33:44,295 : INFO : EventManager : Event: ======'player_ball'====== Args={'value': 1, 'prev_value': 0, 'change': 1, 'player_num': 1}
2023-12-02 11:33:44,295 : INFO : EventManager : Event: ======'player_turn_started'====== Args={'player': <Player 1>, 'number': 1}
2023-12-02 11:33:44,296 : INFO : EventManager : Event: ======'ball_will_start'====== Args={'player': 1, 'ball': 1, 'balls_remaining': 2, 'is_extra_ball': False}
2023-12-02 11:33:44,296 : INFO : EventManager : Event: ======'ball_starting'====== Args={'player': 1, 'ball': 1, 'balls_remaining': 2, 'is_extra_ball': False}
2023-12-02 11:33:44,297 : INFO : EventManager : Event: ======'balls_in_play'====== Args={'balls': 1}
2023-12-02 11:33:44,297 : INFO : EventManager : Event: ======'ball_started'====== Args={'player': 1, 'ball': 1, 'balls_remaining': 2, 'is_extra_ball': False}
2023-12-02 11:33:44,297 : INFO : EventManager : Event: ======'mode_base_will_start'====== Args={'player': 1, 'ball': 1, 'balls_remaining': 2, 'is_extra_ball': False}
2023-12-02 11:33:44,297 : INFO : EventManager : Event: ======'player_shot_sling_p1_enabled'====== Args={'value': True, 'prev_value': 0, 'change': 1, 'player_num': 1}
2023-12-02 11:33:44,298 : INFO : EventManager : Event: ======'player_shot_sling_p2_enabled'====== Args={'value': True, 'prev_value': 0, 'change': 1, 'player_num': 1}
2023-12-02 11:33:44,298 : INFO : EventManager : Event: ======'player_shot_catch_p1_enabled'====== Args={'value': True, 'prev_value': 0, 'change': 1, 'player_num': 1}
2023-12-02 11:33:44,298 : INFO : EventManager : Event: ======'player_shot_catch_p2_enabled'====== Args={'value': True, 'prev_value': 0, 'change': 1, 'player_num': 1}
2023-12-02 11:33:44,299 : INFO : EventManager : Event: ======'mode_base_starting'====== Args={'player': 1, 'ball': 1, 'balls_remaining': 2, 'is_extra_ball': False}
2023-12-02 11:33:44,300 : INFO : Mode.base : Started. Priority: 100
2023-12-02 11:33:44,300 : INFO : EventManager : Event: ======'modes_active_modes_changed'====== Args={}
2023-12-02 11:33:44,300 : INFO : EventManager : Event: ======'mode_base_started'====== Args={'player': 1, 'ball': 1, 'balls_remaining': 2, 'is_extra_ball': False}
2023-12-02 11:33:44,313 : INFO : EventManager : Event: ======'single_player_ball_started'====== Args={}
2023-12-02 11:33:44,314 : INFO : EventManager : Event: ======'ball_start_target'====== Args={'target': 'playfield'}
2023-12-02 11:33:44,314 : INFO : ball_device.bd_trough : Setting up player-controlled eject. Balls: 1, Target: <playfield.playfield>, player_controlled_eject_event: None
2023-12-02 11:33:44,314 : INFO : ball_device.bd_trough : Adding 1 ball(s) to the eject_queue with target <playfield.playfield>.
2023-12-02 11:33:44,314 : INFO : EventManager : Event: ======'balldevice_balls_available'====== Args={}
2023-12-02 11:33:44,315 : INFO : ball_device.bd_trough : State: waiting_for_target_ready
2023-12-02 11:33:44,315 : INFO : EventManager : Event: ======'balldevice_bd_trough_ball_eject_attempt'====== Args={'balls': 1, 'target': <playfield.playfield>, 'source': <ball_device.bd_trough>, 'mechanical_eject': False, 'num_attempts': 0}
2023-12-02 11:33:44,315 : INFO : ball_device.bd_trough : State: ejecting
2023-12-02 11:33:44,315 : INFO : ball_device.bd_trough : Ejecting ball to <playfield.playfield>
2023-12-02 11:33:44,315 : INFO : EventManager : Event: ======'balldevice_bd_trough_ejecting_ball'====== Args={'balls': 1, 'target': <playfield.playfield>, 'source': <ball_device.bd_trough>, 'mechanical_eject': False, 'num_attempts': 0}
2023-12-02 11:33:44,316 : INFO : ball_device.bd_trough : Wait for ball to leave device
2023-12-02 11:33:44,316 : INFO : coil.c_trougheject_p1 : Pulsing Driver for 35ms (1.0 pulse_power)
2023-12-02 11:33:44,338 : INFO : EventManager : Event: ======'slide_press_start_removed'====== Args={'_from_bcp': True}
2023-12-02 11:33:44,381 : INFO : EventManager : Event: ======'slide_round_started_created'====== Args={'_from_bcp': True}
2023-12-02 11:33:44,382 : INFO : EventManager : Event: ======'slide_round_started_active'====== Args={'_from_bcp': True}
2023-12-02 11:33:46,317 : INFO : EventManager : Event: ======'balldevice_bd_trough_ball_eject_failed'====== Args={'target': <playfield.playfield>, 'balls': 1, 'retry': True, 'num_attempts': 1}
2023-12-02 11:33:46,318 : INFO : ball_device.bd_trough : State: waiting_for_target_ready
2023-12-02 11:33:46,318 : INFO : EventManager : Event: ======'balldevice_bd_trough_ball_eject_attempt'====== Args={'balls': 1, 'target': <playfield.playfield>, 'source': <ball_device.bd_trough>, 'mechanical_eject': False, 'num_attempts': 1}
2023-12-02 11:33:46,318 : INFO : ball_device.bd_trough : State: ejecting
2023-12-02 11:33:46,318 : INFO : ball_device.bd_trough : Ejecting ball to <playfield.playfield>
2023-12-02 11:33:46,318 : INFO : EventManager : Event: ======'balldevice_bd_trough_ejecting_ball'====== Args={'balls': 1, 'target': <playfield.playfield>, 'source': <ball_device.bd_trough>, 'mechanical_eject': False, 'num_attempts': 1}
2023-12-02 11:33:46,319 : INFO : ball_device.bd_trough : Wait for ball to leave device
2023-12-02 11:33:46,319 : INFO : coil.c_trougheject_p1 : Pulsing Driver for 35ms (1.0 pulse_power)
2023-12-02 11:33:48,320 : INFO : EventManager : Event: ======'balldevice_bd_trough_ball_eject_failed'====== Args={'target': <playfield.playfield>, 'balls': 1, 'retry': True, 'num_attempts': 2}
2023-12-02 11:33:48,321 : INFO : ball_device.bd_trough : State: waiting_for_target_ready
2023-12-02 11:33:48,321 : INFO : EventManager : Event: ======'balldevice_bd_trough_ball_eject_attempt'====== Args={'balls': 1, 'target': <playfield.playfield>, 'source': <ball_device.bd_trough>, 'mechanical_eject': False, 'num_attempts': 2}
2023-12-02 11:33:48,322 : INFO : ball_device.bd_trough : State: ejecting
2023-12-02 11:33:48,322 : INFO : ball_device.bd_trough : Ejecting ball to <playfield.playfield>
2023-12-02 11:33:48,322 : INFO : EventManager : Event: ======'balldevice_bd_trough_ejecting_ball'====== Args={'balls': 1, 'target': <playfield.playfield>, 'source': <ball_device.bd_trough>, 'mechanical_eject': False, 'num_attempts': 2}
2023-12-02 11:33:48,322 : INFO : ball_device.bd_trough : Wait for ball to leave device
2023-12-02 11:33:48,322 : INFO : coil.c_trougheject_p1 : Pulsing Driver for 35ms (1.0 pulse_power)
2023-12-02 11:33:50,324 : INFO : EventManager : Event: ======'balldevice_bd_trough_ball_eject_failed'====== Args={'target': <playfield.playfield>, 'balls': 1, 'retry': True, 'num_attempts': 3}
2023-12-02 11:33:50,325 : INFO : ball_device.bd_trough : State: waiting_for_target_ready
2023-12-02 11:33:50,325 : INFO : EventManager : Event: ======'balldevice_bd_trough_ball_eject_attempt'====== Args={'balls': 1, 'target': <playfield.playfield>, 'source': <ball_device.bd_trough>, 'mechanical_eject': False, 'num_attempts': 3}
2023-12-02 11:33:50,325 : INFO : ball_device.bd_trough : State: ejecting
2023-12-02 11:33:50,326 : INFO : ball_device.bd_trough : Ejecting ball to <playfield.playfield>
2023-12-02 11:33:50,326 : INFO : EventManager : Event: ======'balldevice_bd_trough_ejecting_ball'====== Args={'balls': 1, 'target': <playfield.playfield>, 'source': <ball_device.bd_trough>, 'mechanical_eject': False, 'num_attempts': 3}
2023-12-02 11:33:50,326 : INFO : ball_device.bd_trough : Wait for ball to leave device
2023-12-02 11:33:50,326 : INFO : coil.c_trougheject_p1 : Pulsing Driver for 35ms (1.0 pulse_power)
2023-12-02 11:33:52,327 : INFO : EventManager : Event: ======'balldevice_bd_trough_ball_eject_failed'====== Args={'target': <playfield.playfield>, 'balls': 1, 'retry': True, 'num_attempts': 4}
2023-12-02 11:33:52,329 : INFO : ball_device.bd_trough : State: waiting_for_target_ready
2023-12-02 11:33:52,330 : INFO : EventManager : Event: ======'balldevice_bd_trough_ball_eject_attempt'====== Args={'balls': 1, 'target': <playfield.playfield>, 'source': <ball_device.bd_trough>, 'mechanical_eject': False, 'num_attempts': 4}
2023-12-02 11:33:52,330 : INFO : ball_device.bd_trough : State: ejecting
2023-12-02 11:33:52,331 : INFO : ball_device.bd_trough : Ejecting ball to <playfield.playfield>
2023-12-02 11:33:52,331 : INFO : EventManager : Event: ======'balldevice_bd_trough_ejecting_ball'====== Args={'balls': 1, 'target': <playfield.playfield>, 'source': <ball_device.bd_trough>, 'mechanical_eject': False, 'num_attempts': 4}
2023-12-02 11:33:52,332 : INFO : ball_device.bd_trough : Wait for ball to leave device
2023-12-02 11:33:52,332 : INFO : coil.c_trougheject_p1 : Pulsing Driver for 35ms (1.0 pulse_power)
2023-12-02 11:33:54,333 : INFO : EventManager : Event: ======'balldevice_bd_trough_ball_eject_failed'====== Args={'target': <playfield.playfield>, 'balls': 1, 'retry': True, 'num_attempts': 5}
2023-12-02 11:33:54,335 : INFO : ball_device.bd_trough : State: waiting_for_target_ready
2023-12-02 11:33:54,335 : INFO : EventManager : Event: ======'balldevice_bd_trough_ball_eject_attempt'====== Args={'balls': 1, 'target': <playfield.playfield>, 'source': <ball_device.bd_trough>, 'mechanical_eject': False, 'num_attempts': 5}
2023-12-02 11:33:54,335 : INFO : ball_device.bd_trough : State: ejecting
2023-12-02 11:33:54,335 : INFO : ball_device.bd_trough : Ejecting ball to <playfield.playfield>
2023-12-02 11:33:54,335 : INFO : EventManager : Event: ======'balldevice_bd_trough_ejecting_ball'====== Args={'balls': 1, 'target': <playfield.playfield>, 'source': <ball_device.bd_trough>, 'mechanical_eject': False, 'num_attempts': 5}
2023-12-02 11:33:54,336 : INFO : ball_device.bd_trough : Wait for ball to leave device
2023-12-02 11:33:54,336 : INFO : coil.c_trougheject_p1 : Pulsing Driver for 35ms (1.0 pulse_power)
2023-12-02 11:33:56,336 : INFO : EventManager : Event: ======'balldevice_bd_trough_ball_eject_failed'====== Args={'target': <playfield.playfield>, 'balls': 1, 'retry': True, 'num_attempts': 6}
2023-12-02 11:33:56,337 : INFO : ball_device.bd_trough : State: waiting_for_target_ready
2023-12-02 11:33:56,337 : INFO : EventManager : Event: ======'balldevice_bd_trough_ball_eject_attempt'====== Args={'balls': 1, 'target': <playfield.playfield>, 'source': <ball_device.bd_trough>, 'mechanical_eject': False, 'num_attempts': 6}
2023-12-02 11:33:56,338 : INFO : ball_device.bd_trough : State: ejecting
2023-12-02 11:33:56,338 : INFO : ball_device.bd_trough : Ejecting ball to <playfield.playfield>
2023-12-02 11:33:56,338 : INFO : EventManager : Event: ======'balldevice_bd_trough_ejecting_ball'====== Args={'balls': 1, 'target': <playfield.playfield>, 'source': <ball_device.bd_trough>, 'mechanical_eject': False, 'num_attempts': 6}
2023-12-02 11:33:56,338 : INFO : ball_device.bd_trough : Wait for ball to leave device
2023-12-02 11:33:56,338 : INFO : coil.c_trougheject_p1 : Pulsing Driver for 35ms (1.0 pulse_power)
2023-12-02 11:33:58,340 : INFO : EventManager : Event: ======'balldevice_bd_trough_ball_eject_failed'====== Args={'target': <playfield.playfield>, 'balls': 1, 'retry': True, 'num_attempts': 7}
2023-12-02 11:33:58,341 : INFO : ball_device.bd_trough : State: waiting_for_target_ready
2023-12-02 11:33:58,341 : INFO : EventManager : Event: ======'balldevice_bd_trough_ball_eject_attempt'====== Args={'balls': 1, 'target': <playfield.playfield>, 'source': <ball_device.bd_trough>, 'mechanical_eject': False, 'num_attempts': 7}
2023-12-02 11:33:58,341 : INFO : ball_device.bd_trough : State: ejecting
2023-12-02 11:33:58,341 : INFO : ball_device.bd_trough : Ejecting ball to <playfield.playfield>
2023-12-02 11:33:58,342 : INFO : EventManager : Event: ======'balldevice_bd_trough_ejecting_ball'====== Args={'balls': 1, 'target': <playfield.playfield>, 'source': <ball_device.bd_trough>, 'mechanical_eject': False, 'num_attempts': 7}
2023-12-02 11:33:58,342 : INFO : ball_device.bd_trough : Wait for ball to leave device
2023-12-02 11:33:58,343 : INFO : coil.c_trougheject_p1 : Pulsing Driver for 35ms (1.0 pulse_power)
2023-12-02 11:34:00,344 : INFO : EventManager : Event: ======'balldevice_bd_trough_ball_eject_failed'====== Args={'target': <playfield.playfield>, 'balls': 1, 'retry': True, 'num_attempts': 8}
2023-12-02 11:34:00,345 : INFO : ball_device.bd_trough : State: waiting_for_target_ready
2023-12-02 11:34:00,345 : INFO : EventManager : Event: ======'balldevice_bd_trough_ball_eject_attempt'====== Args={'balls': 1, 'target': <playfield.playfield>, 'source': <ball_device.bd_trough>, 'mechanical_eject': False, 'num_attempts': 8}
2023-12-02 11:34:00,345 : INFO : ball_device.bd_trough : State: ejecting
2023-12-02 11:34:00,345 : INFO : ball_device.bd_trough : Ejecting ball to <playfield.playfield>
2023-12-02 11:34:00,346 : INFO : EventManager : Event: ======'balldevice_bd_trough_ejecting_ball'====== Args={'balls': 1, 'target': <playfield.playfield>, 'source': <ball_device.bd_trough>, 'mechanical_eject': False, 'num_attempts': 8}
2023-12-02 11:34:00,346 : INFO : ball_device.bd_trough : Wait for ball to leave device
2023-12-02 11:34:00,346 : INFO : coil.c_trougheject_p1 : Pulsing Driver for 35ms (1.0 pulse_power)
2023-12-02 11:34:02,040 : INFO : SwitchController : <<<<<<< 's_catch_p1' active >>>>>>>
2023-12-02 11:34:02,041 : INFO : EventManager : Event: ======'playfield_active'====== Args={}
2023-12-02 11:34:02,041 : INFO : EventManager : Event: ======'s_catch_p1_active'====== Args={}
2023-12-02 11:34:02,041 : INFO : EventManager : Event: ======'sw_playfield_active'====== Args={}
2023-12-02 11:34:02,041 : INFO : EventManager : Event: ======'machine_var_audits_switches_s_catch_p1'====== Args={'value': 2, 'prev_value': 1, 'change': 1}
2023-12-02 11:34:02,042 : INFO : EventManager : Event: ======'player_shot_catch_p1'====== Args={'value': 1, 'prev_value': 0, 'change': 1, 'player_num': 1}
2023-12-02 11:34:02,042 : INFO : EventManager : Event: ======'machine_var_audits_shots_catch_p1'====== Args={'value': 2, 'prev_value': 1, 'change': 1}
2023-12-02 11:34:02,043 : INFO : EventManager : Event: ======'catch_p1_hit'====== Args={'profile': 'default', 'state': 'unlit', 'advancing': True}
2023-12-02 11:34:02,043 : INFO : EventManager : Event: ======'catch_p1_default_hit'====== Args={'profile': 'default', 'state': 'unlit', 'advancing': True}
2023-12-02 11:34:02,043 : INFO : EventManager : Event: ======'catch_p1_default_unlit_hit'====== Args={'profile': 'default', 'state': 'unlit', 'advancing': True}
2023-12-02 11:34:02,043 : INFO : EventManager : Event: ======'catch_p1_unlit_hit'====== Args={'profile': 'default', 'state': 'unlit', 'advancing': True}
2023-12-02 11:34:02,043 : INFO : EventManager : Event: ======'catch_p1_eject'====== Args={'priority': 0}
2023-12-02 11:34:02,043 : INFO : EventManager : Event: ======'playfield_active'====== Args={}
2023-12-02 11:34:02,347 : INFO : EventManager : Event: ======'balldevice_bd_trough_ball_eject_failed'====== Args={'target': <playfield.playfield>, 'balls': 1, 'retry': True, 'num_attempts': 9}
2023-12-02 11:34:02,348 : INFO : ball_device.bd_trough : State: waiting_for_target_ready
2023-12-02 11:34:02,348 : INFO : EventManager : Event: ======'balldevice_bd_trough_ball_eject_attempt'====== Args={'balls': 1, 'target': <playfield.playfield>, 'source': <ball_device.bd_trough>, 'mechanical_eject': False, 'num_attempts': 9}
2023-12-02 11:34:02,348 : INFO : ball_device.bd_trough : State: ejecting
2023-12-02 11:34:02,349 : INFO : ball_device.bd_trough : Ejecting ball to <playfield.playfield>
2023-12-02 11:34:02,349 : INFO : EventManager : Event: ======'balldevice_bd_trough_ejecting_ball'====== Args={'balls': 1, 'target': <playfield.playfield>, 'source': <ball_device.bd_trough>, 'mechanical_eject': False, 'num_attempts': 9}
2023-12-02 11:34:02,349 : INFO : ball_device.bd_trough : Wait for ball to leave device
2023-12-02 11:34:02,349 : INFO : coil.c_trougheject_p1 : Pulsing Driver for 35ms (1.0 pulse_power)
2023-12-02 11:34:02,541 : INFO : EventManager : Event: ======'balldevice_bd_catch_p1_ball_count_changed'====== Args={'balls': 1}
2023-12-02 11:34:02,542 : INFO : ball_device.bd_catch_p1 : Received unexpected ball
2023-12-02 11:34:02,542 : INFO : EventManager : Event: ======'balldevice_captured_from_playfield'====== Args={'balls': 1}
2023-12-02 11:34:02,542 : INFO : EventManager : Event: ======'sw_playfield_active'====== Args={'balls': 1}
2023-12-02 11:34:02,543 : INFO : EventManager : Event: ======'playfield_active'====== Args={}
2023-12-02 11:34:02,543 : INFO : EventManager : Event: ======'playfield_ball_count_change'====== Args={'balls': -1, 'change': -1}
2023-12-02 11:34:02,544 : INFO : EventManager : Event: ======'balldevice_playfield_ball_enter'====== Args={'new_balls': 1, 'unclaimed_balls': 1, 'device': <playfield.playfield>}
2023-12-02 11:34:02,544 : INFO : EventManager : Event: ======'playfield_ball_count_change'====== Args={'balls': 0, 'change': 1}
2023-12-02 11:34:02,545 : INFO : BallController : Found a new ball which was captured from playfield. Known balls: 2
2023-12-02 11:34:02,545 : INFO : EventManager : Event: ======'found_new_ball'====== Args={}
2023-12-02 11:34:02,545 : INFO : EventManager : Event: ======'balldevice_bd_catch_p1_ball_enter'====== Args={'new_balls': 1, 'unclaimed_balls': 1, 'new_available_balls': 1, 'device': <ball_device.bd_catch_p1>}
2023-12-02 11:34:02,545 : INFO : EventManager : Event: ======'ball_hold_catch_p1_held_ball'====== Args={'balls_held': 1, 'total_balls_held': 1}
2023-12-02 11:34:02,545 : INFO : EventManager : Event: ======'ball_hold_catch_p1_full'====== Args={'balls': 1}
2023-12-02 11:34:02,545 : INFO : EventManager : Event: ======'balldevice_balls_available'====== Args={}
2023-12-02 11:34:02,546 : INFO : EventManager : Event: ======'balldevice_bd_catch_p1_ball_entered'====== Args={'new_balls': 1, 'device': <ball_device.bd_catch_p1>}
2023-12-02 11:34:04,351 : INFO : EventManager : Event: ======'balldevice_bd_trough_ball_eject_failed'====== Args={'target': <playfield.playfield>, 'balls': 1, 'retry': True, 'num_attempts': 10}
2023-12-02 11:34:04,353 : INFO : ball_device.bd_trough : State: waiting_for_target_ready
2023-12-02 11:34:04,353 : INFO : EventManager : Event: ======'balldevice_bd_trough_ball_eject_attempt'====== Args={'balls': 1, 'target': <playfield.playfield>, 'source': <ball_device.bd_trough>, 'mechanical_eject': False, 'num_attempts': 10}
2023-12-02 11:34:04,353 : INFO : ball_device.bd_trough : State: ejecting
2023-12-02 11:34:04,353 : INFO : ball_device.bd_trough : Ejecting ball to <playfield.playfield>
2023-12-02 11:34:04,353 : INFO : EventManager : Event: ======'balldevice_bd_trough_ejecting_ball'====== Args={'balls': 1, 'target': <playfield.playfield>, 'source': <ball_device.bd_trough>, 'mechanical_eject': False, 'num_attempts': 10}
2023-12-02 11:34:04,353 : INFO : ball_device.bd_trough : Wait for ball to leave device
2023-12-02 11:34:04,354 : INFO : coil.c_trougheject_p1 : Pulsing Driver for 35ms (1.0 pulse_power)
2023-12-02 11:34:06,354 : INFO : EventManager : Event: ======'balldevice_bd_trough_ball_eject_failed'====== Args={'target': <playfield.playfield>, 'balls': 1, 'retry': True, 'num_attempts': 11}
2023-12-02 11:34:06,355 : INFO : ball_device.bd_trough : State: waiting_for_target_ready
2023-12-02 11:34:06,355 : INFO : EventManager : Event: ======'balldevice_bd_trough_ball_eject_attempt'====== Args={'balls': 1, 'target': <playfield.playfield>, 'source': <ball_device.bd_trough>, 'mechanical_eject': False, 'num_attempts': 11}
2023-12-02 11:34:06,356 : INFO : ball_device.bd_trough : State: ejecting
2023-12-02 11:34:06,356 : INFO : ball_device.bd_trough : Ejecting ball to <playfield.playfield>
2023-12-02 11:34:06,356 : INFO : EventManager : Event: ======'balldevice_bd_trough_ejecting_ball'====== Args={'balls': 1, 'target': <playfield.playfield>, 'source': <ball_device.bd_trough>, 'mechanical_eject': False, 'num_attempts': 11}
2023-12-02 11:34:06,356 : INFO : ball_device.bd_trough : Wait for ball to leave device
2023-12-02 11:34:06,356 : INFO : coil.c_trougheject_p1 : Pulsing Driver for 35ms (1.0 pulse_power)
2023-12-02 11:34:08,358 : INFO : EventManager : Event: ======'balldevice_bd_trough_ball_eject_failed'====== Args={'target': <playfield.playfield>, 'balls': 1, 'retry': True, 'num_attempts': 12}
2023-12-02 11:34:08,359 : INFO : ball_device.bd_trough : State: waiting_for_target_ready
2023-12-02 11:34:08,359 : INFO : EventManager : Event: ======'balldevice_bd_trough_ball_eject_attempt'====== Args={'balls': 1, 'target': <playfield.playfield>, 'source': <ball_device.bd_trough>, 'mechanical_eject': False, 'num_attempts': 12}
2023-12-02 11:34:08,359 : INFO : ball_device.bd_trough : State: ejecting
2023-12-02 11:34:08,359 : INFO : ball_device.bd_trough : Ejecting ball to <playfield.playfield>
2023-12-02 11:34:08,360 : INFO : EventManager : Event: ======'balldevice_bd_trough_ejecting_ball'====== Args={'balls': 1, 'target': <playfield.playfield>, 'source': <ball_device.bd_trough>, 'mechanical_eject': False, 'num_attempts': 12}
2023-12-02 11:34:08,360 : INFO : ball_device.bd_trough : Wait for ball to leave device
2023-12-02 11:34:08,360 : INFO : coil.c_trougheject_p1 : Pulsing Driver for 35ms (1.0 pulse_power)
2023-12-02 11:34:10,361 : INFO : EventManager : Event: ======'balldevice_bd_trough_ball_eject_failed'====== Args={'target': <playfield.playfield>, 'balls': 1, 'retry': True, 'num_attempts': 13}
2023-12-02 11:34:10,362 : INFO : ball_device.bd_trough : State: waiting_for_target_ready
2023-12-02 11:34:10,362 : INFO : EventManager : Event: ======'balldevice_bd_trough_ball_eject_attempt'====== Args={'balls': 1, 'target': <playfield.playfield>, 'source': <ball_device.bd_trough>, 'mechanical_eject': False, 'num_attempts': 13}
2023-12-02 11:34:10,363 : INFO : ball_device.bd_trough : State: ejecting
2023-12-02 11:34:10,363 : INFO : ball_device.bd_trough : Ejecting ball to <playfield.playfield>
2023-12-02 11:34:10,363 : INFO : EventManager : Event: ======'balldevice_bd_trough_ejecting_ball'====== Args={'balls': 1, 'target': <playfield.playfield>, 'source': <ball_device.bd_trough>, 'mechanical_eject': False, 'num_attempts': 13}
2023-12-02 11:34:10,363 : INFO : ball_device.bd_trough : Wait for ball to leave device
2023-12-02 11:34:10,363 : INFO : coil.c_trougheject_p1 : Pulsing Driver for 35ms (1.0 pulse_power)
2023-12-02 11:34:10,736 : INFO : Machine : Shutting down...
2023-12-02 11:34:10,736 : INFO : EventManager : Event: ======'shutdown'====== Args={}
2023-12-02 11:34:10,737 : INFO : EventManager : Event: ======'mode_game_will_stop'====== Args={}
2023-12-02 11:34:10,738 : INFO : EventManager : Event: ======'mode_game_stopping'====== Args={}
2023-12-02 11:34:10,738 : INFO : EventManager : Event: ======'mode_base_will_stop'====== Args={}
2023-12-02 11:34:10,738 : INFO : EventManager : Event: ======'mode_base_stopping'====== Args={}
2023-12-02 11:34:10,738 : INFO : Mode.base : Stopped.
2023-12-02 11:34:10,738 : INFO : EventManager : Event: ======'modes_active_modes_changed'====== Args={}
2023-12-02 11:34:10,738 : INFO : EventManager : Event: ======'mode_base_stopped'====== Args={}
2023-12-02 11:34:10,738 : INFO : EventManager : Event: ======'clear'====== Args={'key': 'base'}
2023-12-02 11:34:10,740 : INFO : Mode.game : Stopped.
2023-12-02 11:34:10,740 : INFO : EventManager : Event: ======'modes_active_modes_changed'====== Args={}
2023-12-02 11:34:10,740 : INFO : EventManager : Event: ======'mode_game_stopped'====== Args={}
2023-12-02 11:34:10,741 : INFO : EventManager : Event: ======'clear'====== Args={'key': 'game'}
2023-12-02 11:34:10,744 : INFO : root : MPF run loop ended.
