2023-12-05 14:14:30,530 : kivy : Kivy: v2.2.1
2023-12-05 14:14:30,531 : kivy : Kivy: Installed at "/home/ohm/.local/lib/python3.10/site-packages/kivy/__init__.py"
2023-12-05 14:14:30,531 : kivy : Python: v3.10.12 (main, Nov 20 2023, 15:14:05) [GCC 11.4.0]
2023-12-05 14:14:30,531 : kivy : Python: Interpreter at "/usr/bin/python3"
2023-12-05 14:14:30,548 : kivy : Factory: 190 symbols loaded
2023-12-05 14:14:30,760 : kivy : ImageLoaderFFPy: Using ffpyplayer 4.5.1
2023-12-05 14:14:30,760 : kivy : Image: Providers: img_tex, img_dds, img_sdl2, img_pil, img_ffpyplayer 
2023-12-05 14:14:30,905 : kivy : VideoFFPy: Using ffpyplayer 4.5.1
2023-12-05 14:14:30,906 : kivy : Video: Provider: ffpyplayer(['video_ffmpeg'] ignored)
2023-12-05 14:14:30,955 : root : Loading MPF-MC controller
2023-12-05 14:14:30,958 : YamlMultifileConfigLoader : Machine config file #1: config
2023-12-05 14:14:30,958 : ConfigProcessor : Config file in cache changed: /home/ohm/dodgeball/config/config
2023-12-05 14:14:30,958 : ConfigProcessor : Loading config from file /home/ohm/.local/lib/python3.10/site-packages/mpfmc/mcconfig.yaml.
2023-12-05 14:14:30,974 : ConfigProcessor : Loading config: /home/ohm/.local/lib/python3.10/site-packages/mpfmc/mcconfig.yaml
2023-12-05 14:14:30,974 : ConfigProcessor : Loading config from file /home/ohm/dodgeball/config/config.
2023-12-05 14:14:30,983 : ConfigProcessor : Loading config: /home/ohm/dodgeball/config/config
2023-12-05 14:14:30,984 : ConfigProcessor : Loading config: /home/ohm/dodgeball/config/lights.yaml
2023-12-05 14:14:30,986 : ConfigProcessor : Loading config: /home/ohm/dodgeball/config/coils.yaml
2023-12-05 14:14:30,988 : ConfigProcessor : Loading config: /home/ohm/dodgeball/config/switches.yaml
2023-12-05 14:14:30,989 : ConfigProcessor : Loading config: /home/ohm/dodgeball/config/playervars.yaml
2023-12-05 14:14:30,991 : ConfigProcessor : Config file cache created: /tmp/a2c1ba82a89a56dee0acd48b5b927038.mpf_cache
2023-12-05 14:14:30,992 : ConfigProcessor : Loading config from cache: /tmp/ecc2466debc0cbb894d1a2fba8912b38.mpf_cache
2023-12-05 14:14:30,992 : ConfigProcessor : Loading config from cache: /tmp/32cc0edc83e6cd7fce5d5a48c9d631d2.mpf_cache
2023-12-05 14:14:30,992 : ConfigProcessor : Loading config from cache: /tmp/0fe63fd00a83faf3a344d3dd33ac8b6e.mpf_cache
2023-12-05 14:14:30,992 : mpfmc : Mission Pinball Framework Media Controller (MPF-MC) v0.57.0.dev12. Requires MPF v0.57.0.dev32 or newer.
2023-12-05 14:14:30,993 : mpfmc : Found MPF v0.57.0.dev32
2023-12-05 14:14:30,993 : mpfmc : Machine path: /home/ohm/dodgeball
2023-12-05 14:14:30,993 : mpfmc : Starting clock at 60.0Hz
2023-12-05 14:14:31,003 : kivy : Text: Provider: sdl2
2023-12-05 14:14:31,036 : kivy : Window: Provider: sdl2
2023-12-05 14:14:31,611 : kivy : GL: Using the "OpenGL" graphics system
2023-12-05 14:14:31,611 : kivy : GL: Backend used <sdl2>
2023-12-05 14:14:31,612 : kivy : GL: OpenGL version <b'4.6 (Compatibility Profile) Mesa 23.0.4-0ubuntu1~22.04.1'>
2023-12-05 14:14:31,612 : kivy : GL: OpenGL vendor <b'Intel'>
2023-12-05 14:14:31,612 : kivy : GL: OpenGL renderer <b'Mesa Intel(R) UHD Graphics 600 (GLK 2)'>
2023-12-05 14:14:31,612 : kivy : GL: OpenGL parsed version: 4, 6
2023-12-05 14:14:31,612 : kivy : GL: Shading version <b'4.60'>
2023-12-05 14:14:31,612 : kivy : GL: Texture max size <16384>
2023-12-05 14:14:31,612 : kivy : GL: Texture max units <32>
2023-12-05 14:14:31,665 : kivy : Window: auto add sdl2 input provider
2023-12-05 14:14:31,665 : kivy : Window: virtual keyboard not allowed, single mode, not docked
2023-12-05 14:14:31,918 : AudioInterface : Initialized
2023-12-05 14:14:31,918 : AudioInterface : Loaded SDL 2.0.14
2023-12-05 14:14:31,918 : AudioInterface : Loaded SDL_Mixer 2.0.4
2023-12-05 14:14:31,918 : AudioInterface : Loaded GStreamer 1.10.4.0
2023-12-05 14:14:31,918 : AudioInterface : Loaded GLib 2.72.4
2023-12-05 14:14:31,918 : AudioInterface : Settings requested - rate: 44100, channels: 1, buffer: 2048 samples
2023-12-05 14:14:31,919 : AudioInterface : Settings in use - rate: 44100, channels: 1, buffer: 2048 samples (4096 bytes @ 2 bytes per sample)
2023-12-05 14:14:31,919 : SoundSystem : Setting master volume to 0.0
2023-12-05 14:14:31,920 : AudioInterface : Enabling audio playback
2023-12-05 14:14:31,998 : kivy : Base: Start application main loop
2023-12-05 14:14:31,998 : EventManager : Event: ======'display_window_initialized'====== Args={}
2023-12-05 14:14:32,011 : mpfmc : Display: Setting 'window' as default display
2023-12-05 14:14:32,016 : mpfmc : ASPECT RATIO MISMATCH: The on-screen window is not the same aspect ratio as the display called 'window'. The logical display will be scaled from 3840x2160 to the window size 3770x2096, and a black bar will make up the difference
2023-12-05 14:14:32,017 : EventManager : Event: ======'displays_initialized'====== Args={}
2023-12-05 14:14:32,020 : EventManager : Event: ======'slide_window_blank_created'====== Args={}
2023-12-05 14:14:32,020 : EventManager : Event: ======'display_window_ready'====== Args={}
2023-12-05 14:14:32,029 : EventManager : Event: ======'init_phase_1'====== Args={}
2023-12-05 14:14:32,035 : EventManager : Event: ======'mc_ready'====== Args={}
2023-12-05 14:14:32,035 : EventManager : Event: ======'init_phase_2'====== Args={}
2023-12-05 14:14:32,038 : EventManager : Event: ======'init_phase_3'====== Args={}
2023-12-05 14:14:32,039 : EventManager : Event: ======'init_phase_4'====== Args={}
2023-12-05 14:14:32,039 : EventManager : Event: ======'init_phase_5'====== Args={}
2023-12-05 14:14:33,258 : kivy : GL: NPOT texture support is available
2023-12-05 14:14:33,337 : EventManager : Event: ======'loading_assets'====== Args={'total': 2, 'loaded': 1, 'remaining': 1, 'percent': 50}
2023-12-05 14:14:33,337 : AssetManager : Loading assets: 1/2 (50%)
2023-12-05 14:14:33,413 : EventManager : Event: ======'loading_assets'====== Args={'total': 2, 'loaded': 2, 'remaining': 0, 'percent': 100}
2023-12-05 14:14:33,414 : AssetManager : Asset loading took: 1.4934184551239014
2023-12-05 14:14:33,414 : EventManager : Event: ======'asset_loading_complete'====== Args={}
2023-12-05 14:14:33,414 : AssetManager : Loading assets: 2/2 (100%)
2023-12-05 14:14:33,414 : EventManager : Event: ======'init_done'====== Args={}
2023-12-05 14:14:33,414 : MPF-MC BCP Server : Starting up on localhost port 5050
2023-12-05 14:14:33,415 : MPF-MC BCP Server : Waiting for a connection...
2023-12-05 14:14:33,420 : EventManager : Event: ======'client_disconnected'====== Args={'host': '127.0.0.1', 'port': 5050}
2023-12-05 14:14:36,592 : kivy : Base: Leaving application in progress...
2023-12-05 14:14:36,639 : mpfmc : Stopping...
2023-12-05 14:14:36,639 : EventManager : Event: ======'shutdown'====== Args={}
2023-12-05 14:14:36,639 : AudioInterface : Disabling audio playback
2023-12-05 14:14:36,691 : mpfmc : Loop rate 53.48 Hz
2023-12-05 14:14:36,691 : root : MC run loop ended.
2023-12-05 14:14:36,691 : root : Stopping child threads... (3 remaining)
2023-12-05 14:14:37,417 : MPF-MC BCP Server : Stopping BCP sending thread
2023-12-05 14:14:37,417 : MPF-MC BCP Server : Stopping BCP listener thread
2023-12-05 14:14:37,497 : root : All child threads stopped.
