2023-12-02 11:25:49,617 : kivy : Kivy: v2.2.1
2023-12-02 11:25:49,617 : kivy : Kivy: Installed at "/home/ohm/.local/lib/python3.10/site-packages/kivy/__init__.py"
2023-12-02 11:25:49,617 : kivy : Python: v3.10.12 (main, Nov 20 2023, 15:14:05) [GCC 11.4.0]
2023-12-02 11:25:49,617 : kivy : Python: Interpreter at "/usr/bin/python3"
2023-12-02 11:25:49,659 : kivy : Factory: 190 symbols loaded
2023-12-02 11:25:50,061 : kivy : ImageLoaderFFPy: Using ffpyplayer 4.5.1
2023-12-02 11:25:50,062 : kivy : Image: Providers: img_tex, img_dds, img_sdl2, img_pil, img_ffpyplayer 
2023-12-02 11:25:50,289 : kivy : VideoFFPy: Using ffpyplayer 4.5.1
2023-12-02 11:25:50,290 : kivy : Video: Provider: ffpyplayer(['video_ffmpeg'] ignored)
2023-12-02 11:25:50,371 : root : Loading MPF-MC controller
2023-12-02 11:25:50,374 : YamlMultifileConfigLoader : Machine config file #1: config
2023-12-02 11:25:50,374 : ConfigProcessor : Loading config from file /home/ohm/.local/lib/python3.10/site-packages/mpfmc/mcconfig.yaml.
2023-12-02 11:25:50,390 : ConfigProcessor : Loading config: /home/ohm/.local/lib/python3.10/site-packages/mpfmc/mcconfig.yaml
2023-12-02 11:25:50,390 : ConfigProcessor : Loading config from file /home/ohm/dodgeball/config/config.
2023-12-02 11:25:50,398 : ConfigProcessor : Loading config: /home/ohm/dodgeball/config/config
2023-12-02 11:25:50,398 : ConfigProcessor : Loading config: /home/ohm/dodgeball/config/lights.yaml
2023-12-02 11:25:50,400 : ConfigProcessor : Loading config: /home/ohm/dodgeball/config/coils.yaml
2023-12-02 11:25:50,402 : ConfigProcessor : Loading config: /home/ohm/dodgeball/config/switches.yaml
2023-12-02 11:25:50,403 : ConfigProcessor : Loading config: /home/ohm/dodgeball/config/playervars.yaml
2023-12-02 11:25:50,405 : ConfigProcessor : Config file cache created: /tmp/a2c1ba82a89a56dee0acd48b5b927038.mpf_cache
2023-12-02 11:25:50,405 : ConfigProcessor : Loading config from cache: /tmp/ecc2466debc0cbb894d1a2fba8912b38.mpf_cache
2023-12-02 11:25:50,406 : ConfigProcessor : Loading config from cache: /tmp/32cc0edc83e6cd7fce5d5a48c9d631d2.mpf_cache
2023-12-02 11:25:50,406 : ConfigProcessor : Loading config from cache: /tmp/0fe63fd00a83faf3a344d3dd33ac8b6e.mpf_cache
2023-12-02 11:25:50,406 : mpfmc : Mission Pinball Framework Media Controller (MPF-MC) v0.57.0.dev12. Requires MPF v0.57.0.dev32 or newer.
2023-12-02 11:25:50,406 : mpfmc : Found MPF v0.57.0.dev32
2023-12-02 11:25:50,407 : mpfmc : Machine path: /home/ohm/dodgeball
2023-12-02 11:25:50,407 : mpfmc : Starting clock at 60.0Hz
2023-12-02 11:25:50,428 : kivy : Text: Provider: sdl2
2023-12-02 11:25:50,485 : kivy : Window: Provider: sdl2
2023-12-02 11:25:51,195 : kivy : GL: Using the "OpenGL" graphics system
2023-12-02 11:25:51,195 : kivy : GL: Backend used <sdl2>
2023-12-02 11:25:51,196 : kivy : GL: OpenGL version <b'4.6 (Compatibility Profile) Mesa 23.0.4-0ubuntu1~22.04.1'>
2023-12-02 11:25:51,196 : kivy : GL: OpenGL vendor <b'Intel'>
2023-12-02 11:25:51,196 : kivy : GL: OpenGL renderer <b'Mesa Intel(R) UHD Graphics 600 (GLK 2)'>
2023-12-02 11:25:51,196 : kivy : GL: OpenGL parsed version: 4, 6
2023-12-02 11:25:51,196 : kivy : GL: Shading version <b'4.60'>
2023-12-02 11:25:51,196 : kivy : GL: Texture max size <16384>
2023-12-02 11:25:51,196 : kivy : GL: Texture max units <32>
2023-12-02 11:25:51,298 : kivy : Window: auto add sdl2 input provider
2023-12-02 11:25:51,299 : kivy : Window: virtual keyboard not allowed, single mode, not docked
2023-12-02 11:25:51,590 : AudioInterface : Initialized
2023-12-02 11:25:51,590 : AudioInterface : Loaded SDL 2.0.14
2023-12-02 11:25:51,590 : AudioInterface : Loaded SDL_Mixer 2.0.4
2023-12-02 11:25:51,590 : AudioInterface : Loaded GStreamer 1.10.4.0
2023-12-02 11:25:51,590 : AudioInterface : Loaded GLib 2.72.4
2023-12-02 11:25:51,590 : AudioInterface : Settings requested - rate: 44100, channels: 1, buffer: 2048 samples
2023-12-02 11:25:51,590 : AudioInterface : Settings in use - rate: 44100, channels: 1, buffer: 2048 samples (4096 bytes @ 2 bytes per sample)
2023-12-02 11:25:51,591 : SoundSystem : Setting master volume to 0.0
2023-12-02 11:25:51,591 : AudioInterface : Enabling audio playback
2023-12-02 11:25:51,667 : kivy : Base: Start application main loop
2023-12-02 11:25:51,667 : EventManager : Event: ======'display_window_initialized'====== Args={}
2023-12-02 11:25:51,717 : mpfmc : Display: Setting 'window' as default display
2023-12-02 11:25:51,723 : mpfmc : ASPECT RATIO MISMATCH: The on-screen window is not the same aspect ratio as the display called 'window'. The logical display will be scaled from 3840x2160 to the window size 3770x2096, and a black bar will make up the difference
2023-12-02 11:25:51,723 : EventManager : Event: ======'displays_initialized'====== Args={}
2023-12-02 11:25:51,725 : EventManager : Event: ======'slide_window_blank_created'====== Args={}
2023-12-02 11:25:51,726 : EventManager : Event: ======'display_window_ready'====== Args={}
2023-12-02 11:25:51,740 : EventManager : Event: ======'init_phase_1'====== Args={}
2023-12-02 11:25:51,745 : EventManager : Event: ======'mc_ready'====== Args={}
2023-12-02 11:25:51,745 : EventManager : Event: ======'init_phase_2'====== Args={}
2023-12-02 11:25:51,748 : EventManager : Event: ======'init_phase_3'====== Args={}
2023-12-02 11:25:51,749 : EventManager : Event: ======'init_phase_4'====== Args={}
2023-12-02 11:25:51,749 : EventManager : Event: ======'init_phase_5'====== Args={}
2023-12-02 11:25:51,994 : kivy : GL: NPOT texture support is available
2023-12-02 11:25:52,075 : EventManager : Event: ======'loading_assets'====== Args={'total': 1, 'loaded': 1, 'remaining': 0, 'percent': 100}
2023-12-02 11:25:52,075 : AssetManager : Asset loading took: 0.4831349849700928
2023-12-02 11:25:52,075 : EventManager : Event: ======'asset_loading_complete'====== Args={}
2023-12-02 11:25:52,075 : AssetManager : Loading assets: 1/1 (100%)
2023-12-02 11:25:52,075 : EventManager : Event: ======'init_done'====== Args={}
2023-12-02 11:25:52,076 : MPF-MC BCP Server : Starting up on localhost port 5050
2023-12-02 11:25:52,077 : MPF-MC BCP Server : Waiting for a connection...
2023-12-02 11:25:52,080 : EventManager : Event: ======'client_disconnected'====== Args={'host': '127.0.0.1', 'port': 5050}
2023-12-02 11:26:14,595 : kivy : Base: Leaving application in progress...
