2023-12-05 11:53:52,561 : INFO : root : Loading config.
2023-12-05 11:53:52,564 : INFO : YamlMultifileConfigLoader : Machine config file #1: config.yaml
2023-12-05 11:53:52,565 : INFO : ConfigProcessor : Loading config from cache: /tmp/bf38e15644d30ba1eb87297a18d33bd2.mpf_cache
2023-12-05 11:53:52,625 : INFO : ConfigProcessor : Loading config from cache: /tmp/ecc2466debc0cbb894d1a2fba8912b38.mpf_cache
2023-12-05 11:53:52,626 : INFO : ConfigProcessor : Loading config from cache: /tmp/32cc0edc83e6cd7fce5d5a48c9d631d2.mpf_cache
2023-12-05 11:53:52,626 : INFO : ConfigProcessor : Loading config from cache: /tmp/0fe63fd00a83faf3a344d3dd33ac8b6e.mpf_cache
2023-12-05 11:53:52,627 : INFO : ConfigProcessor : Loading config from cache: /tmp/4923a60b897e22ae41d9973250e86152.mpf_cache
2023-12-05 11:53:52,627 : INFO : Machine : Mission Pinball Framework Core Engine v0.57.0.dev32
2023-12-05 11:53:52,627 : INFO : Machine : Command line arguments: {'no_load_cache': False, 'create_config_cache': True, 'bcp': True, 'configfile': ['config.yaml'], 'force_assets_load': False, 'jsonlogging': False, 'logfile': 'logs/2023-12-05-11-53-52-mpf-dodgeball.log', 'pause': False, 'production': False, 'text_ui': True, 'loglevel': 15, 'consoleloglevel': 20, 'force_platform': None, 'syslog_address': None, 'mc_file_name': None, 'no_sound': False}
2023-12-05 11:53:52,627 : INFO : Machine : MPF path: /home/ohm/.local/lib/python3.10/site-packages/mpf
2023-12-05 11:53:52,627 : INFO : Machine : Machine path: /home/ohm/dodgeball
2023-12-05 11:53:52,627 : INFO : Machine : Platform: linux
2023-12-05 11:53:52,628 : INFO : Machine : Python executable location: /usr/bin/python3
2023-12-05 11:53:52,628 : INFO : Machine : Python version: 3.10.12 (64-bit)
2023-12-05 11:53:52,634 : INFO : Machine : Initializing MPF...
2023-12-05 11:53:52,731 : INFO : P-Roc : Connecting to P-ROC
2023-12-05 11:53:52,795 : INFO : P-Roc : Successfully connected to P-ROC/P3-ROC. Firmware Version: 2. Firmware Revision: 18. Hardware Board ID: 3
2023-12-05 11:53:52,808 : INFO : EventManager : Event: ======'machine_var_p_roc_version'====== Args={'value': 2, 'prev_value': None, 'change': True}
2023-12-05 11:53:52,808 : INFO : EventManager : Event: ======'machine_var_p_roc_revision'====== Args={'value': 18, 'prev_value': None, 'change': True}
2023-12-05 11:53:52,808 : INFO : EventManager : Event: ======'machine_var_p_roc_hardware_version'====== Args={'value': 3, 'prev_value': None, 'change': True}
2023-12-05 11:53:52,809 : INFO : EventManager : Event: ======'machine_var_credits_string'====== Args={'value': 'FREE PLAY', 'prev_value': None, 'change': True}
2023-12-05 11:53:52,869 : INFO : EventManager : Event: ======'machine_var_master_volume'====== Args={'value': 0.5, 'prev_value': None, 'change': True}
2023-12-05 11:53:52,870 : INFO : EventManager : Event: ======'machine_var_mpf_version'====== Args={'value': 'Mission Pinball Framework v0.57.0.dev32', 'prev_value': None, 'change': True}
2023-12-05 11:53:52,870 : INFO : EventManager : Event: ======'machine_var_mpf_extended_version'====== Args={'value': 'Mission Pinball Framework v0.57.0.dev32, Config version:6, Show version: 6, BCP version:1.1', 'prev_value': None, 'change': True}
2023-12-05 11:53:52,870 : INFO : EventManager : Event: ======'machine_var_python_version'====== Args={'value': '3.10.12', 'prev_value': None, 'change': True}
2023-12-05 11:53:52,872 : INFO : EventManager : Event: ======'machine_var_platform'====== Args={'value': 'Linux-6.2.0-37-generic-x86_64-with-glibc2.35', 'prev_value': None, 'change': True}
2023-12-05 11:53:52,872 : INFO : EventManager : Event: ======'machine_var_platform_system'====== Args={'value': 'Linux', 'prev_value': None, 'change': True}
2023-12-05 11:53:52,872 : INFO : EventManager : Event: ======'machine_var_platform_release'====== Args={'value': '6.2.0-37-generic', 'prev_value': None, 'change': True}
2023-12-05 11:53:52,873 : INFO : EventManager : Event: ======'machine_var_platform_version'====== Args={'value': '#38~22.04.1-Ubuntu SMP PREEMPT_DYNAMIC Thu Nov  2 18:01:13 UTC 2', 'prev_value': None, 'change': True}
2023-12-05 11:53:52,873 : INFO : EventManager : Event: ======'machine_var_platform_machine'====== Args={'value': 'x86_64', 'prev_value': None, 'change': True}
2023-12-05 11:53:52,873 : INFO : EventManager : Event: ======'init_phase_1'====== Args={}
2023-12-05 11:53:52,897 : INFO : EventManager : Event: ======'logicblock_has_highscore_updated'====== Args={'value': 0, 'enabled': True}
2023-12-05 11:53:52,897 : INFO : EventManager : Event: ======'logicblock_has_highscore_updated'====== Args={'value': 0, 'enabled': True}
2023-12-05 11:53:52,902 : INFO : EventManager : Event: ======'init_phase_2'====== Args={}
2023-12-05 11:53:52,919 : INFO : SwitchController : Found active switch: (3, <Platform.P3-ROC>) <switch.s_trougheject_p1>
2023-12-05 11:53:52,919 : INFO : SwitchController : Found active switch: (11, <Platform.P3-ROC>) <switch.s_trougheject_p2>
2023-12-05 11:53:52,924 : INFO : EventManager : Event: ======'bcp_connection_attempt'====== Args={'name': 'local_display', 'host': 'localhost', 'port': 5050}
2023-12-05 11:53:52,926 : INFO : BCPClientSocket : Connecting BCP to 'local_display' at localhost:5050...
2023-12-05 11:53:55,753 : INFO : BCPClientSocket : Connected BCP to 'local_display' localhost:5050
2023-12-05 11:53:55,754 : INFO : EventManager : Event: ======'bcp_clients_connected'====== Args={}
2023-12-05 11:53:55,758 : INFO : ball_device.bd_trough : BCH: Initial count: 1
2023-12-05 11:53:55,759 : INFO : ball_device.bd_trough : State: idle
2023-12-05 11:53:55,759 : INFO : ball_device.bd_catch_p1 : BCH: Initial count: 0
2023-12-05 11:53:55,760 : INFO : ball_device.bd_catch_p1 : State: idle
2023-12-05 11:53:55,760 : INFO : ball_device.bd_catch_p2 : BCH: Initial count: 0
2023-12-05 11:53:55,760 : INFO : ball_device.bd_catch_p2 : State: idle
2023-12-05 11:53:55,769 : INFO : EventManager : Event: ======'init_phase_3'====== Args={}
2023-12-05 11:53:55,798 : INFO : EventManager : Event: ======'machine_var_mc_version'====== Args={'value': 'MPF-MC v0.57.0.dev12', 'prev_value': None, 'change': True}
2023-12-05 11:53:55,799 : INFO : EventManager : Event: ======'machine_var_mc_extended_version'====== Args={'value': 'MPF-MC v0.57.0.dev12 (config_version=6, BCP v1.1,                      Requires MPF API compatibility v0.57.0.dev32 or newer)', 'prev_value': None, 'change': True}
2023-12-05 11:53:55,805 : INFO : EventManager : Event: ======'init_phase_4'====== Args={}
2023-12-05 11:53:55,806 : INFO : BallController : Initial balls found: 1
2023-12-05 11:53:55,807 : INFO : EventManager : Event: ======'machine_var_audits_events_game_ended'====== Args={'value': 0, 'prev_value': None, 'change': True}
2023-12-05 11:53:55,808 : INFO : EventManager : Event: ======'machine_var_audits_events_game_started'====== Args={'value': 3, 'prev_value': None, 'change': True}
2023-12-05 11:53:55,808 : INFO : EventManager : Event: ======'machine_var_audits_player_score'====== Args={'value': {'average': 0, 'top': [], 'total': 0}, 'prev_value': None, 'change': True}
2023-12-05 11:53:55,808 : INFO : EventManager : Event: ======'machine_var_audits_shots_catch_p1'====== Args={'value': 9, 'prev_value': None, 'change': True}
2023-12-05 11:53:55,808 : INFO : EventManager : Event: ======'machine_var_audits_shots_catch_p2'====== Args={'value': 1, 'prev_value': None, 'change': True}
2023-12-05 11:53:55,809 : INFO : EventManager : Event: ======'machine_var_audits_shots_sling_p1'====== Args={'value': 9, 'prev_value': None, 'change': True}
2023-12-05 11:53:55,809 : INFO : EventManager : Event: ======'machine_var_audits_shots_sling_p2'====== Args={'value': 1, 'prev_value': None, 'change': True}
2023-12-05 11:53:55,809 : INFO : EventManager : Event: ======'machine_var_audits_switches_s_catch_p1'====== Args={'value': 9, 'prev_value': None, 'change': True}
2023-12-05 11:53:55,810 : INFO : EventManager : Event: ======'machine_var_audits_switches_s_catch_p2'====== Args={'value': 1, 'prev_value': None, 'change': True}
2023-12-05 11:53:55,810 : INFO : EventManager : Event: ======'machine_var_audits_switches_s_sling_p1'====== Args={'value': 9, 'prev_value': None, 'change': True}
2023-12-05 11:53:55,810 : INFO : EventManager : Event: ======'machine_var_audits_switches_s_sling_p2'====== Args={'value': 1, 'prev_value': None, 'change': True}
2023-12-05 11:53:55,810 : INFO : EventManager : Event: ======'machine_var_audits_switches_s_start_p1'====== Args={'value': 1, 'prev_value': None, 'change': True}
2023-12-05 11:53:55,811 : INFO : EventManager : Event: ======'machine_var_audits_switches_s_start_p2'====== Args={'value': 0, 'prev_value': None, 'change': True}
2023-12-05 11:53:55,811 : INFO : EventManager : Event: ======'machine_var_audits_switches_s_trougheject_p1'====== Args={'value': 0, 'prev_value': None, 'change': True}
2023-12-05 11:53:55,811 : INFO : EventManager : Event: ======'machine_var_audits_switches_s_trougheject_p2'====== Args={'value': 0, 'prev_value': None, 'change': True}
2023-12-05 11:53:55,827 : INFO : EventManager : Event: ======'init_phase_5'====== Args={}
2023-12-05 11:53:55,828 : INFO : EventManager : Event: ======'init_done'====== Args={}
2023-12-05 11:53:55,828 : INFO : EventManager : Event: ======'machine_reset_phase_1'====== Args={}
2023-12-05 11:53:55,837 : INFO : EventManager : Event: ======'machine_reset_phase_2'====== Args={}
2023-12-05 11:53:55,837 : INFO : EventManager : Event: ======'machine_reset_phase_3'====== Args={}
2023-12-05 11:53:55,837 : INFO : EventManager : Event: ======'reset_complete'====== Args={}
2023-12-05 11:53:55,837 : INFO : EventManager : Event: ======'mode_attract_will_start'====== Args={}
2023-12-05 11:53:55,838 : INFO : EventManager : Event: ======'mode_attract_starting'====== Args={}
2023-12-05 11:53:55,838 : INFO : Mode.attract : Started. Priority: 10
2023-12-05 11:53:55,838 : INFO : EventManager : Event: ======'modes_active_modes_changed'====== Args={}
2023-12-05 11:53:55,838 : INFO : EventManager : Event: ======'mode_attract_started'====== Args={}
2023-12-05 11:53:55,839 : INFO : EventManager : Event: ======'collecting_balls_complete'====== Args={}
2023-12-05 11:53:55,840 : INFO : Machine : Starting the main run loop.
2023-12-05 11:53:55,865 : INFO : EventManager : Event: ======'slide_press_start_created'====== Args={'_from_bcp': True}
2023-12-05 11:53:55,906 : INFO : EventManager : Event: ======'slide_press_start_active'====== Args={'_from_bcp': True}
2023-12-05 11:53:57,365 : INFO : SwitchController : <<<<<<< 's_start_p1' active >>>>>>>
2023-12-05 11:53:57,494 : INFO : SwitchController : <<<<<<< 's_start_p1' inactive >>>>>>>
2023-12-05 11:53:57,494 : INFO : EventManager : Event: ======'request_to_start_game'====== Args={}
2023-12-05 11:53:57,494 : INFO : EventManager : Event: ======'game_start'====== Args={'buttons': [], 'hold_time': 0.12799999999970169}
2023-12-05 11:53:57,495 : INFO : EventManager : Event: ======'mode_game_will_start'====== Args={'buttons': [], 'hold_time': 0.12799999999970169}
2023-12-05 11:53:57,495 : INFO : EventManager : Event: ======'mode_game_starting'====== Args={'buttons': [], 'hold_time': 0.12799999999970169}
2023-12-05 11:53:57,495 : INFO : EventManager : Event: ======'mode_attract_will_stop'====== Args={}
2023-12-05 11:53:57,495 : INFO : EventManager : Event: ======'mode_attract_stopping'====== Args={}
2023-12-05 11:53:57,495 : INFO : Mode.attract : Stopped.
2023-12-05 11:53:57,496 : INFO : EventManager : Event: ======'modes_active_modes_changed'====== Args={}
2023-12-05 11:53:57,496 : INFO : EventManager : Event: ======'mode_attract_stopped'====== Args={}
2023-12-05 11:53:57,496 : INFO : EventManager : Event: ======'clear'====== Args={'key': 'attract'}
2023-12-05 11:53:57,496 : INFO : Mode.game : Started. Priority: 20
2023-12-05 11:53:57,496 : INFO : EventManager : Event: ======'modes_active_modes_changed'====== Args={}
2023-12-05 11:53:57,496 : INFO : EventManager : Event: ======'mode_game_started'====== Args={'buttons': [], 'hold_time': 0.12799999999970169}
2023-12-05 11:53:57,497 : INFO : EventManager : Event: ======'game_will_start'====== Args={}
2023-12-05 11:53:57,497 : INFO : EventManager : Event: ======'game_starting'====== Args={'game': <Mode.game>}
2023-12-05 11:53:57,498 : INFO : EventManager : Event: ======'player_add_request'====== Args={}
2023-12-05 11:53:57,498 : INFO : EventManager : Event: ======'player_will_add'====== Args={'number': 1}
2023-12-05 11:53:57,498 : INFO : EventManager : Event: ======'player_adding'====== Args={'player': <Player 1>, 'number': 1}
2023-12-05 11:53:57,498 : INFO : EventManager : Event: ======'player_added'====== Args={'player': <Player 1>, 'num': 1}
2023-12-05 11:53:57,498 : INFO : Mode.game : Player added successfully. Total players: 1
2023-12-05 11:53:57,498 : INFO : EventManager : Event: ======'player_index'====== Args={'value': 0, 'prev_value': 0, 'change': 0, 'player_num': 1}
2023-12-05 11:53:57,499 : INFO : EventManager : Event: ======'player_number'====== Args={'value': 1, 'prev_value': 1, 'change': 0, 'player_num': 1}
2023-12-05 11:53:57,499 : INFO : EventManager : Event: ======'player_has_a_highscore'====== Args={'value': 0, 'prev_value': 0, 'change': 0, 'player_num': 1}
2023-12-05 11:53:57,499 : INFO : EventManager : Event: ======'player_is_welcome_played'====== Args={'value': 0, 'prev_value': 0, 'change': 0, 'player_num': 1}
2023-12-05 11:53:57,499 : INFO : EventManager : Event: ======'player_score'====== Args={'value': 0, 'prev_value': 0, 'change': 0, 'player_num': 1}
2023-12-05 11:53:57,500 : INFO : EventManager : Event: ======'game_started'====== Args={}
2023-12-05 11:53:57,500 : INFO : EventManager : Event: ======'logicblock_has_highscore_updated'====== Args={'value': 0, 'enabled': True}
2023-12-05 11:53:57,501 : INFO : EventManager : Event: ======'player_turn_will_start'====== Args={'player': <Player 1>, 'number': 1}
2023-12-05 11:53:57,501 : INFO : EventManager : Event: ======'player_turn_starting'====== Args={'player': <Player 1>, 'number': 1}
2023-12-05 11:53:57,501 : INFO : EventManager : Event: ======'player_ball'====== Args={'value': 1, 'prev_value': 0, 'change': 1, 'player_num': 1}
2023-12-05 11:53:57,501 : INFO : EventManager : Event: ======'player_turn_started'====== Args={'player': <Player 1>, 'number': 1}
2023-12-05 11:53:57,502 : INFO : EventManager : Event: ======'ball_will_start'====== Args={'player': 1, 'ball': 1, 'balls_remaining': 2, 'is_extra_ball': False}
2023-12-05 11:53:57,502 : INFO : EventManager : Event: ======'ball_starting'====== Args={'player': 1, 'ball': 1, 'balls_remaining': 2, 'is_extra_ball': False}
2023-12-05 11:53:57,503 : INFO : EventManager : Event: ======'balls_in_play'====== Args={'balls': 1}
2023-12-05 11:53:57,503 : INFO : EventManager : Event: ======'ball_started'====== Args={'player': 1, 'ball': 1, 'balls_remaining': 2, 'is_extra_ball': False}
2023-12-05 11:53:57,503 : INFO : EventManager : Event: ======'mode_base_will_start'====== Args={'player': 1, 'ball': 1, 'balls_remaining': 2, 'is_extra_ball': False}
2023-12-05 11:53:57,504 : INFO : EventManager : Event: ======'player_shot_sling_p1_enabled'====== Args={'value': True, 'prev_value': 0, 'change': 1, 'player_num': 1}
2023-12-05 11:53:57,505 : INFO : EventManager : Event: ======'player_shot_sling_p2_enabled'====== Args={'value': True, 'prev_value': 0, 'change': 1, 'player_num': 1}
2023-12-05 11:53:57,505 : INFO : EventManager : Event: ======'player_shot_catch_p1_enabled'====== Args={'value': True, 'prev_value': 0, 'change': 1, 'player_num': 1}
2023-12-05 11:53:57,505 : INFO : EventManager : Event: ======'player_shot_catch_p2_enabled'====== Args={'value': True, 'prev_value': 0, 'change': 1, 'player_num': 1}
2023-12-05 11:53:57,506 : INFO : EventManager : Event: ======'mode_base_starting'====== Args={'player': 1, 'ball': 1, 'balls_remaining': 2, 'is_extra_ball': False}
2023-12-05 11:53:57,507 : INFO : Mode.base : Started. Priority: 100
2023-12-05 11:53:57,508 : INFO : EventManager : Event: ======'modes_active_modes_changed'====== Args={}
2023-12-05 11:53:57,508 : INFO : EventManager : Event: ======'mode_base_started'====== Args={'player': 1, 'ball': 1, 'balls_remaining': 2, 'is_extra_ball': False}
2023-12-05 11:53:57,508 : ERROR : asyncio : Exception in callback <bound method EventManager.process_event_queue of <mpf.core.events.EventManager object at 0x7fb7bc200860>>
handle: <Handle EventManager.process_event_queue>
Traceback (most recent call last):
  File "uvloop/cbhandles.pyx", line 61, in uvloop.loop.Handle._run
  File "/home/ohm/.local/lib/python3.10/site-packages/mpf/core/events.py", line 858, in process_event_queue
    callback(**kwargs)
  File "/home/ohm/.local/lib/python3.10/site-packages/mpf/core/mode.py", line 261, in _mode_started_callback
    self.mode_start(**self.start_event_kwargs)
  File "/home/ohm/dodgeball/modes/base/code/base.py", line 23, in mode_start
    println(data_str, end='')
NameError: name 'println' is not defined
2023-12-05 11:53:57,528 : INFO : EventManager : Event: ======'slide_press_start_removed'====== Args={'_from_bcp': True}
2023-12-05 11:53:57,528 : INFO : EventManager : Event: ======'slide_window_blank_active'====== Args={'_from_bcp': True}
2023-12-05 11:53:57,528 : INFO : EventManager : Event: ======'single_player_ball_started'====== Args={}
2023-12-05 11:53:57,530 : INFO : Machine : Shutting down...
2023-12-05 11:53:57,530 : INFO : EventManager : Event: ======'shutdown'====== Args={}
2023-12-05 11:53:57,531 : INFO : EventManager : Event: ======'mode_game_will_stop'====== Args={}
2023-12-05 11:53:57,531 : INFO : EventManager : Event: ======'mode_game_stopping'====== Args={}
2023-12-05 11:53:57,532 : INFO : EventManager : Event: ======'mode_base_will_stop'====== Args={}
2023-12-05 11:53:57,532 : INFO : EventManager : Event: ======'mode_base_stopping'====== Args={}
2023-12-05 11:53:57,532 : INFO : Mode.base : Stopped.
2023-12-05 11:53:57,532 : INFO : EventManager : Event: ======'modes_active_modes_changed'====== Args={}
2023-12-05 11:53:57,533 : INFO : EventManager : Event: ======'mode_base_stopped'====== Args={}
2023-12-05 11:53:57,533 : INFO : EventManager : Event: ======'clear'====== Args={'key': 'base'}
2023-12-05 11:53:57,534 : INFO : Mode.game : Stopped.
2023-12-05 11:53:57,534 : INFO : EventManager : Event: ======'modes_active_modes_changed'====== Args={}
2023-12-05 11:53:57,534 : INFO : EventManager : Event: ======'mode_game_stopped'====== Args={}
2023-12-05 11:53:57,535 : INFO : EventManager : Event: ======'clear'====== Args={'key': 'game'}
2023-12-05 11:53:57,538 : ERROR : Machine : Runtime Exception
Traceback (most recent call last):
  File "/home/ohm/.local/lib/python3.10/site-packages/mpf/core/machine.py", line 788, in _run_loop
    raise self._exception['exception']
  File "uvloop/cbhandles.pyx", line 61, in uvloop.loop.Handle._run
  File "/home/ohm/.local/lib/python3.10/site-packages/mpf/core/events.py", line 858, in process_event_queue
    callback(**kwargs)
  File "/home/ohm/.local/lib/python3.10/site-packages/mpf/core/mode.py", line 261, in _mode_started_callback
    self.mode_start(**self.start_event_kwargs)
  File "/home/ohm/dodgeball/modes/base/code/base.py", line 23, in mode_start
    println(data_str, end='')
NameError: name 'println' is not defined
2023-12-05 11:54:41,377 : INFO : root : MPF run loop ended.
