2023-12-02 11:28:40,961 : INFO : root : Loading config.
2023-12-02 11:28:40,965 : INFO : YamlMultifileConfigLoader : Machine config file #1: config.yaml
2023-12-02 11:28:40,966 : WARNING : ConfigProcessor : Config file in cache changed: /home/ohm/dodgeball/config/config.yaml
2023-12-02 11:28:40,966 : INFO : ConfigProcessor : Loading config from file /home/ohm/.local/lib/python3.10/site-packages/mpf/mpfconfig.yaml.
2023-12-02 11:28:40,989 : INFO : ConfigProcessor : Loading config: /home/ohm/.local/lib/python3.10/site-packages/mpf/mpfconfig.yaml
2023-12-02 11:28:40,990 : INFO : ConfigProcessor : Loading config from file /home/ohm/dodgeball/config/config.yaml.
2023-12-02 11:28:40,999 : INFO : ConfigProcessor : Loading config: /home/ohm/dodgeball/config/config.yaml
2023-12-02 11:28:41,000 : INFO : ConfigProcessor : Loading config: /home/ohm/dodgeball/config/lights.yaml
2023-12-02 11:28:41,003 : INFO : ConfigProcessor : Loading config: /home/ohm/dodgeball/config/coils.yaml
2023-12-02 11:28:41,005 : INFO : ConfigProcessor : Loading config: /home/ohm/dodgeball/config/switches.yaml
2023-12-02 11:28:41,007 : INFO : ConfigProcessor : Loading config: /home/ohm/dodgeball/config/playervars.yaml
2023-12-02 11:28:41,009 : INFO : ConfigProcessor : Config file cache created: /tmp/bf38e15644d30ba1eb87297a18d33bd2.mpf_cache
2023-12-02 11:28:41,071 : INFO : ConfigProcessor : Loading config from cache: /tmp/ecc2466debc0cbb894d1a2fba8912b38.mpf_cache
2023-12-02 11:28:41,071 : INFO : ConfigProcessor : Loading config from cache: /tmp/32cc0edc83e6cd7fce5d5a48c9d631d2.mpf_cache
2023-12-02 11:28:41,072 : INFO : ConfigProcessor : Loading config from cache: /tmp/0fe63fd00a83faf3a344d3dd33ac8b6e.mpf_cache
2023-12-02 11:28:41,072 : INFO : ConfigProcessor : Loading config from cache: /tmp/4923a60b897e22ae41d9973250e86152.mpf_cache
2023-12-02 11:28:41,073 : INFO : Machine : Mission Pinball Framework Core Engine v0.57.0.dev32
2023-12-02 11:28:41,073 : INFO : Machine : Command line arguments: {'no_load_cache': False, 'create_config_cache': True, 'bcp': True, 'configfile': ['config.yaml'], 'force_assets_load': False, 'jsonlogging': False, 'logfile': 'logs/2023-12-02-11-28-40-mpf-dodgeball.log', 'pause': False, 'production': False, 'text_ui': True, 'loglevel': 15, 'consoleloglevel': 20, 'force_platform': None, 'syslog_address': None, 'mc_file_name': None, 'no_sound': False}
2023-12-02 11:28:41,073 : INFO : Machine : MPF path: /home/ohm/.local/lib/python3.10/site-packages/mpf
2023-12-02 11:28:41,073 : INFO : Machine : Machine path: /home/ohm/dodgeball
2023-12-02 11:28:41,073 : INFO : Machine : Platform: linux
2023-12-02 11:28:41,073 : INFO : Machine : Python executable location: /usr/bin/python3
2023-12-02 11:28:41,073 : INFO : Machine : Python version: 3.10.12 (64-bit)
2023-12-02 11:28:41,080 : INFO : Machine : Initializing MPF...
2023-12-02 11:28:41,198 : INFO : P-Roc : Connecting to P-ROC
2023-12-02 11:28:41,468 : INFO : P-Roc : Successfully connected to P-ROC/P3-ROC. Firmware Version: 2. Firmware Revision: 18. Hardware Board ID: 3
2023-12-02 11:28:41,482 : INFO : EventManager : Event: ======'machine_var_p_roc_version'====== Args={'value': 2, 'prev_value': None, 'change': True}
2023-12-02 11:28:41,482 : INFO : EventManager : Event: ======'machine_var_p_roc_revision'====== Args={'value': 18, 'prev_value': None, 'change': True}
2023-12-02 11:28:41,482 : INFO : EventManager : Event: ======'machine_var_p_roc_hardware_version'====== Args={'value': 3, 'prev_value': None, 'change': True}
2023-12-02 11:28:41,482 : INFO : EventManager : Event: ======'machine_var_credits_string'====== Args={'value': 'FREE PLAY', 'prev_value': None, 'change': True}
2023-12-02 11:28:41,557 : INFO : EventManager : Event: ======'machine_var_master_volume'====== Args={'value': 0.5, 'prev_value': None, 'change': True}
2023-12-02 11:28:41,557 : INFO : EventManager : Event: ======'machine_var_mpf_version'====== Args={'value': 'Mission Pinball Framework v0.57.0.dev32', 'prev_value': None, 'change': True}
2023-12-02 11:28:41,557 : INFO : EventManager : Event: ======'machine_var_mpf_extended_version'====== Args={'value': 'Mission Pinball Framework v0.57.0.dev32, Config version:6, Show version: 6, BCP version:1.1', 'prev_value': None, 'change': True}
2023-12-02 11:28:41,558 : INFO : EventManager : Event: ======'machine_var_python_version'====== Args={'value': '3.10.12', 'prev_value': None, 'change': True}
2023-12-02 11:28:41,561 : INFO : EventManager : Event: ======'machine_var_platform'====== Args={'value': 'Linux-6.2.0-37-generic-x86_64-with-glibc2.35', 'prev_value': None, 'change': True}
2023-12-02 11:28:41,561 : INFO : EventManager : Event: ======'machine_var_platform_system'====== Args={'value': 'Linux', 'prev_value': None, 'change': True}
2023-12-02 11:28:41,562 : INFO : EventManager : Event: ======'machine_var_platform_release'====== Args={'value': '6.2.0-37-generic', 'prev_value': None, 'change': True}
2023-12-02 11:28:41,562 : INFO : EventManager : Event: ======'machine_var_platform_version'====== Args={'value': '#38~22.04.1-Ubuntu SMP PREEMPT_DYNAMIC Thu Nov  2 18:01:13 UTC 2', 'prev_value': None, 'change': True}
2023-12-02 11:28:41,562 : INFO : EventManager : Event: ======'machine_var_platform_machine'====== Args={'value': 'x86_64', 'prev_value': None, 'change': True}
2023-12-02 11:28:41,562 : INFO : EventManager : Event: ======'init_phase_1'====== Args={}
2023-12-02 11:28:41,597 : INFO : EventManager : Event: ======'logicblock_has_highscore_updated'====== Args={'value': 0, 'enabled': True}
2023-12-02 11:28:41,597 : INFO : EventManager : Event: ======'logicblock_has_highscore_updated'====== Args={'value': 0, 'enabled': True}
2023-12-02 11:28:41,600 : INFO : EventManager : Event: ======'init_phase_2'====== Args={}
2023-12-02 11:28:41,617 : INFO : SwitchController : Found active switch: (0, <Platform.P3-ROC>) <switch.s_catch_p1>
2023-12-02 11:28:41,617 : INFO : SwitchController : Found active switch: (3, <Platform.P3-ROC>) <switch.s_trougheject_p1>
2023-12-02 11:28:41,617 : INFO : SwitchController : Found active switch: (11, <Platform.P3-ROC>) <switch.s_trougheject_p2>
2023-12-02 11:28:41,622 : INFO : EventManager : Event: ======'bcp_connection_attempt'====== Args={'name': 'local_display', 'host': 'localhost', 'port': 5050}
2023-12-02 11:28:41,624 : INFO : BCPClientSocket : Connecting BCP to 'local_display' at localhost:5050...
2023-12-02 11:28:43,451 : INFO : BCPClientSocket : Connected BCP to 'local_display' localhost:5050
2023-12-02 11:28:43,451 : INFO : EventManager : Event: ======'bcp_clients_connected'====== Args={}
2023-12-02 11:28:43,455 : INFO : ball_device.bd_trough : BCH: Initial count: 1
2023-12-02 11:28:43,455 : INFO : ball_device.bd_trough : State: idle
2023-12-02 11:28:43,456 : INFO : ball_device.bd_catch_p1 : BCH: Initial count: 1
2023-12-02 11:28:43,498 : INFO : ball_device.bd_catch_p1 : State: idle
2023-12-02 11:28:43,499 : INFO : EventManager : Event: ======'machine_var_mc_version'====== Args={'value': 'MPF-MC v0.57.0.dev12', 'prev_value': None, 'change': True}
2023-12-02 11:28:43,499 : INFO : EventManager : Event: ======'machine_var_mc_extended_version'====== Args={'value': 'MPF-MC v0.57.0.dev12 (config_version=6, BCP v1.1,                      Requires MPF API compatibility v0.57.0.dev32 or newer)', 'prev_value': None, 'change': True}
2023-12-02 11:28:43,502 : INFO : ball_device.bd_catch_p2 : BCH: Initial count: 0
2023-12-02 11:28:43,502 : INFO : ball_device.bd_catch_p2 : State: idle
2023-12-02 11:28:43,512 : INFO : EventManager : Event: ======'init_phase_3'====== Args={}
2023-12-02 11:28:43,526 : INFO : EventManager : Event: ======'init_phase_4'====== Args={}
2023-12-02 11:28:43,526 : INFO : BallController : Initial balls found: 2
2023-12-02 11:28:43,527 : INFO : EventManager : Event: ======'machine_var_audits_events_game_ended'====== Args={'value': 0, 'prev_value': None, 'change': True}
2023-12-02 11:28:43,528 : INFO : EventManager : Event: ======'machine_var_audits_events_game_started'====== Args={'value': 1, 'prev_value': None, 'change': True}
2023-12-02 11:28:43,528 : INFO : EventManager : Event: ======'machine_var_audits_player_score'====== Args={'value': {'average': 0, 'top': [], 'total': 0}, 'prev_value': None, 'change': True}
2023-12-02 11:28:43,528 : INFO : EventManager : Event: ======'machine_var_audits_switches_s_catch_p1'====== Args={'value': 0, 'prev_value': None, 'change': True}
2023-12-02 11:28:43,528 : INFO : EventManager : Event: ======'machine_var_audits_switches_s_catch_p2'====== Args={'value': 0, 'prev_value': None, 'change': True}
2023-12-02 11:28:43,529 : INFO : EventManager : Event: ======'machine_var_audits_switches_s_sling_p1'====== Args={'value': 0, 'prev_value': None, 'change': True}
2023-12-02 11:28:43,529 : INFO : EventManager : Event: ======'machine_var_audits_switches_s_sling_p2'====== Args={'value': 0, 'prev_value': None, 'change': True}
2023-12-02 11:28:43,529 : INFO : EventManager : Event: ======'machine_var_audits_switches_s_start_p1'====== Args={'value': 0, 'prev_value': None, 'change': True}
2023-12-02 11:28:43,529 : INFO : EventManager : Event: ======'machine_var_audits_switches_s_start_p2'====== Args={'value': 0, 'prev_value': None, 'change': True}
2023-12-02 11:28:43,530 : INFO : EventManager : Event: ======'machine_var_audits_switches_s_trougheject_p1'====== Args={'value': 0, 'prev_value': None, 'change': True}
2023-12-02 11:28:43,530 : INFO : EventManager : Event: ======'machine_var_audits_switches_s_trougheject_p2'====== Args={'value': 0, 'prev_value': None, 'change': True}
2023-12-02 11:28:43,531 : INFO : EventManager : Event: ======'init_phase_5'====== Args={}
2023-12-02 11:28:43,531 : INFO : EventManager : Event: ======'init_done'====== Args={}
2023-12-02 11:28:43,532 : INFO : EventManager : Event: ======'machine_reset_phase_1'====== Args={}
2023-12-02 11:28:43,546 : INFO : EventManager : Event: ======'machine_reset_phase_2'====== Args={}
2023-12-02 11:28:43,546 : INFO : EventManager : Event: ======'machine_reset_phase_3'====== Args={}
2023-12-02 11:28:43,547 : INFO : EventManager : Event: ======'reset_complete'====== Args={}
2023-12-02 11:28:43,547 : INFO : EventManager : Event: ======'mode_attract_will_start'====== Args={}
2023-12-02 11:28:43,548 : INFO : EventManager : Event: ======'mode_attract_starting'====== Args={}
2023-12-02 11:28:43,548 : INFO : Mode.attract : Started. Priority: 10
2023-12-02 11:28:43,548 : INFO : EventManager : Event: ======'modes_active_modes_changed'====== Args={}
2023-12-02 11:28:43,548 : INFO : EventManager : Event: ======'mode_attract_started'====== Args={}
2023-12-02 11:28:43,549 : INFO : EventManager : Event: ======'collecting_balls'====== Args={}
2023-12-02 11:28:43,549 : INFO : ball_device.bd_catch_p1 : Adding 1 ball(s) to the eject_queue with target <playfield.playfield>.
2023-12-02 11:28:43,549 : INFO : EventManager : Event: ======'balldevice_balls_available'====== Args={}
2023-12-02 11:28:43,550 : INFO : Machine : Starting the main run loop.
2023-12-02 11:28:43,551 : INFO : ball_device.bd_catch_p1 : State: waiting_for_target_ready
2023-12-02 11:28:43,551 : INFO : EventManager : Event: ======'balldevice_bd_catch_p1_ball_eject_attempt'====== Args={'balls': 1, 'target': <playfield.playfield>, 'source': <ball_device.bd_catch_p1>, 'mechanical_eject': False, 'num_attempts': 0}
2023-12-02 11:28:43,551 : INFO : ball_device.bd_catch_p1 : State: ejecting
2023-12-02 11:28:43,552 : INFO : ball_device.bd_catch_p1 : Ejecting ball to <playfield.playfield>
2023-12-02 11:28:43,552 : INFO : EventManager : Event: ======'balldevice_bd_catch_p1_ejecting_ball'====== Args={'balls': 1, 'target': <playfield.playfield>, 'source': <ball_device.bd_catch_p1>, 'mechanical_eject': False, 'num_attempts': 0}
2023-12-02 11:28:43,552 : INFO : ball_device.bd_catch_p1 : Wait for ball to leave device
2023-12-02 11:28:43,552 : INFO : coil.c_catch_p1 : Pulsing Driver for 20ms (1.0 pulse_power)
2023-12-02 11:28:43,600 : WARNING : SwitchController : Received duplicate switch state 0 for switch s_sling_p1 from the platform interface. Log Code: Log-SwitchController-1 (https://missionpinball.org/logs)
2023-12-02 11:28:43,611 : INFO : EventManager : Event: ======'slide_press_start_created'====== Args={'_from_bcp': True}
2023-12-02 11:28:43,653 : INFO : EventManager : Event: ======'slide_press_start_active'====== Args={'_from_bcp': True}
2023-12-02 11:28:43,678 : INFO : SwitchController : <<<<<<< 's_catch_p1' inactive >>>>>>>
2023-12-02 11:28:43,679 : INFO : ball_device.bd_catch_p1 : State: ball_left
2023-12-02 11:28:43,680 : INFO : ball_device.bd_catch_p1 : Ball left
2023-12-02 11:28:43,680 : INFO : ball_device.bd_catch_p1 : Wait for confirm with timeout 1.0
2023-12-02 11:28:43,700 : INFO : SwitchController : <<<<<<< 's_catch_p1' active >>>>>>>
2023-12-02 11:28:43,701 : INFO : EventManager : Event: ======'playfield_active'====== Args={}
2023-12-02 11:28:43,702 : INFO : ball_device.bd_catch_p1 : Got eject confirm
2023-12-02 11:28:43,703 : INFO : ball_device.bd_catch_p1 : Eject successful
2023-12-02 11:28:43,703 : INFO : EventManager : Event: ======'balldevice_bd_catch_p1_ball_eject_success'====== Args={'balls': 1, 'target': <playfield.playfield>}
2023-12-02 11:28:43,705 : INFO : EventManager : Event: ======'balldevice_playfield_ball_enter'====== Args={'new_balls': 1, 'unclaimed_balls': 1, 'device': <playfield.playfield>}
2023-12-02 11:28:43,705 : INFO : EventManager : Event: ======'playfield_ball_count_change'====== Args={'balls': 1, 'change': 1}
2023-12-02 11:28:43,705 : INFO : EventManager : Event: ======'balldevice_bd_catch_p1_ball_count_changed'====== Args={'balls': 0}
2023-12-02 11:28:43,706 : INFO : ball_device.bd_catch_p1 : State: idle
2023-12-02 11:28:43,722 : INFO : SwitchController : <<<<<<< 's_catch_p1' inactive >>>>>>>
2023-12-02 11:28:46,561 : INFO : EventManager : Event: ======'slide_press_start_removed'====== Args={'_from_bcp': True}
2023-12-02 11:28:46,567 : INFO : EventManager : Event: ======'slide_press_start_created'====== Args={'_from_bcp': True}
2023-12-02 11:28:46,571 : INFO : EventManager : Event: ======'slide_press_start_active'====== Args={'_from_bcp': True}
2023-12-02 11:28:49,137 : INFO : SwitchController : <<<<<<< 's_start_p1' active >>>>>>>
2023-12-02 11:28:49,290 : INFO : SwitchController : <<<<<<< 's_start_p1' inactive >>>>>>>
2023-12-02 11:28:49,290 : INFO : EventManager : Event: ======'request_to_start_game'====== Args={}
2023-12-02 11:28:49,291 : INFO : EventManager : Event: ======'collecting_balls'====== Args={}
2023-12-02 11:28:49,292 : INFO : BallController : Known balls: 2
2023-12-02 11:28:49,292 : INFO : BallController : bd_trough contains 1 balls. Tags ['home', 'trough']
2023-12-02 11:28:49,292 : INFO : BallController : bd_catch_p1 contains 0 balls. Tags []
2023-12-02 11:28:49,292 : INFO : BallController : bd_catch_p2 contains 0 balls. Tags []
2023-12-02 11:28:49,292 : INFO : BallController : playfield contains 1 balls. Tags ['default']
2023-12-02 11:28:49,292 : WARNING : BallController : BallController denies game start. Balls are not in their home positions.
2023-12-02 11:28:49,560 : INFO : EventManager : Event: ======'slide_press_start_removed'====== Args={'_from_bcp': True}
2023-12-02 11:28:49,565 : INFO : EventManager : Event: ======'slide_press_start_created'====== Args={'_from_bcp': True}
2023-12-02 11:28:49,569 : INFO : EventManager : Event: ======'slide_press_start_active'====== Args={'_from_bcp': True}
2023-12-02 11:28:52,561 : INFO : EventManager : Event: ======'slide_press_start_removed'====== Args={'_from_bcp': True}
2023-12-02 11:28:52,568 : INFO : EventManager : Event: ======'slide_press_start_created'====== Args={'_from_bcp': True}
2023-12-02 11:28:52,572 : INFO : EventManager : Event: ======'slide_press_start_active'====== Args={'_from_bcp': True}
2023-12-02 11:28:53,782 : INFO : SwitchController : <<<<<<< 's_start_p1' active >>>>>>>
2023-12-02 11:28:53,884 : INFO : SwitchController : <<<<<<< 's_start_p1' inactive >>>>>>>
2023-12-02 11:28:53,884 : INFO : EventManager : Event: ======'request_to_start_game'====== Args={}
2023-12-02 11:28:53,885 : INFO : EventManager : Event: ======'collecting_balls'====== Args={}
2023-12-02 11:28:53,885 : INFO : BallController : Known balls: 2
2023-12-02 11:28:53,885 : INFO : BallController : bd_trough contains 1 balls. Tags ['home', 'trough']
2023-12-02 11:28:53,885 : INFO : BallController : bd_catch_p1 contains 0 balls. Tags []
2023-12-02 11:28:53,885 : INFO : BallController : bd_catch_p2 contains 0 balls. Tags []
2023-12-02 11:28:53,886 : INFO : BallController : playfield contains 1 balls. Tags ['default']
2023-12-02 11:28:53,886 : WARNING : BallController : BallController denies game start. Balls are not in their home positions.
2023-12-02 11:28:55,557 : INFO : EventManager : Event: ======'slide_press_start_removed'====== Args={'_from_bcp': True}
2023-12-02 11:28:55,562 : INFO : EventManager : Event: ======'slide_press_start_created'====== Args={'_from_bcp': True}
2023-12-02 11:28:55,566 : INFO : EventManager : Event: ======'slide_press_start_active'====== Args={'_from_bcp': True}
2023-12-02 11:28:58,562 : INFO : EventManager : Event: ======'slide_press_start_removed'====== Args={'_from_bcp': True}
2023-12-02 11:28:58,569 : INFO : EventManager : Event: ======'slide_press_start_created'====== Args={'_from_bcp': True}
2023-12-02 11:28:58,596 : INFO : EventManager : Event: ======'slide_press_start_active'====== Args={'_from_bcp': True}
2023-12-02 11:29:01,145 : INFO : SwitchController : <<<<<<< 's_start_p1' active >>>>>>>
2023-12-02 11:29:01,246 : INFO : SwitchController : <<<<<<< 's_start_p1' inactive >>>>>>>
2023-12-02 11:29:01,246 : INFO : EventManager : Event: ======'request_to_start_game'====== Args={}
2023-12-02 11:29:01,247 : INFO : EventManager : Event: ======'collecting_balls'====== Args={}
2023-12-02 11:29:01,247 : INFO : BallController : Known balls: 2
2023-12-02 11:29:01,247 : INFO : BallController : bd_trough contains 1 balls. Tags ['home', 'trough']
2023-12-02 11:29:01,247 : INFO : BallController : bd_catch_p1 contains 0 balls. Tags []
2023-12-02 11:29:01,247 : INFO : BallController : bd_catch_p2 contains 0 balls. Tags []
2023-12-02 11:29:01,248 : INFO : BallController : playfield contains 1 balls. Tags ['default']
2023-12-02 11:29:01,248 : WARNING : BallController : BallController denies game start. Balls are not in their home positions.
2023-12-02 11:29:01,561 : INFO : EventManager : Event: ======'slide_press_start_removed'====== Args={'_from_bcp': True}
2023-12-02 11:29:01,573 : INFO : EventManager : Event: ======'slide_press_start_created'====== Args={'_from_bcp': True}
2023-12-02 11:29:01,577 : INFO : EventManager : Event: ======'slide_press_start_active'====== Args={'_from_bcp': True}
2023-12-02 11:29:04,550 : INFO : Machine : Shutting down...
2023-12-02 11:29:04,550 : INFO : EventManager : Event: ======'shutdown'====== Args={}
2023-12-02 11:29:04,558 : INFO : root : MPF run loop ended.
