2023-12-01 17:33:49,678 : INFO : root : Loading config.
2023-12-01 17:33:49,789 : INFO : ConfigProcessor : Config spec file cache created: /tmp/config_spec.mpf_cache
2023-12-01 17:33:49,789 : INFO : YamlMultifileConfigLoader : Machine config file #1: config.yaml
2023-12-01 17:33:49,790 : INFO : ConfigProcessor : Loading config from file /home/ohm/.local/lib/python3.10/site-packages/mpf/mpfconfig.yaml.
2023-12-01 17:33:49,840 : INFO : ConfigProcessor : Loading config: /home/ohm/.local/lib/python3.10/site-packages/mpf/mpfconfig.yaml
2023-12-01 17:33:49,841 : INFO : ConfigProcessor : Loading config from file /home/ohm/dodgeball/config/config.yaml.
2023-12-01 17:33:49,852 : INFO : ConfigProcessor : Loading config: /home/ohm/dodgeball/config/config.yaml
2023-12-01 17:33:49,854 : INFO : ConfigProcessor : Loading config: /home/ohm/dodgeball/config/lights.yaml
2023-12-01 17:33:49,858 : INFO : ConfigProcessor : Loading config: /home/ohm/dodgeball/config/coils.yaml
2023-12-01 17:33:49,863 : INFO : ConfigProcessor : Loading config: /home/ohm/dodgeball/config/switches.yaml
2023-12-01 17:33:49,871 : INFO : ConfigProcessor : Loading config: /home/ohm/dodgeball/config/playervars.yaml
2023-12-01 17:33:49,874 : INFO : ConfigProcessor : Config file cache created: /tmp/bf38e15644d30ba1eb87297a18d33bd2.mpf_cache
2023-12-01 17:33:50,008 : INFO : ConfigProcessor : Loading config from file /home/ohm/.local/lib/python3.10/site-packages/mpf/modes/attract/config/attract.yaml.
2023-12-01 17:33:50,010 : INFO : ConfigProcessor : Loading config: /home/ohm/.local/lib/python3.10/site-packages/mpf/modes/attract/config/attract.yaml
2023-12-01 17:33:50,010 : INFO : ConfigProcessor : Loading config from file /home/ohm/dodgeball/modes/attract/config/attract.yaml.
2023-12-01 17:33:50,012 : INFO : ConfigProcessor : Loading config: /home/ohm/dodgeball/modes/attract/config/attract.yaml
2023-12-01 17:33:50,012 : INFO : ConfigProcessor : Config file cache created: /tmp/ecc2466debc0cbb894d1a2fba8912b38.mpf_cache
2023-12-01 17:33:50,013 : INFO : ConfigProcessor : Loading config from file /home/ohm/.local/lib/python3.10/site-packages/mpf/modes/game/config/game.yaml.
2023-12-01 17:33:50,015 : INFO : ConfigProcessor : Loading config: /home/ohm/.local/lib/python3.10/site-packages/mpf/modes/game/config/game.yaml
2023-12-01 17:33:50,015 : INFO : ConfigProcessor : Config file cache created: /tmp/32cc0edc83e6cd7fce5d5a48c9d631d2.mpf_cache
2023-12-01 17:33:50,016 : INFO : ConfigProcessor : Loading config from file /home/ohm/dodgeball/modes/base/config/base.yaml.
2023-12-01 17:33:50,020 : INFO : ConfigProcessor : Loading config: /home/ohm/dodgeball/modes/base/config/base.yaml
2023-12-01 17:33:50,020 : INFO : ConfigProcessor : Config file cache created: /tmp/0fe63fd00a83faf3a344d3dd33ac8b6e.mpf_cache
2023-12-01 17:33:50,022 : INFO : ConfigProcessor : Loading config from file /home/ohm/dodgeball/modes/attract/shows/./attract_display_loop.yaml.
2023-12-01 17:33:50,025 : INFO : ConfigProcessor : Loading config: /home/ohm/dodgeball/modes/attract/shows/./attract_display_loop.yaml
2023-12-01 17:33:50,026 : INFO : ConfigProcessor : Config file cache created: /tmp/4923a60b897e22ae41d9973250e86152.mpf_cache
2023-12-01 17:33:50,026 : INFO : Machine : Mission Pinball Framework Core Engine v0.57.0.dev32
2023-12-01 17:33:50,026 : INFO : Machine : Command line arguments: {'no_load_cache': False, 'create_config_cache': True, 'bcp': True, 'configfile': ['config.yaml'], 'force_assets_load': False, 'jsonlogging': False, 'logfile': 'logs/2023-12-01-17-33-49-mpf-dodgeball.log', 'pause': False, 'production': False, 'text_ui': True, 'loglevel': 15, 'consoleloglevel': 20, 'force_platform': None, 'syslog_address': None, 'mc_file_name': None, 'no_sound': False}
2023-12-01 17:33:50,026 : INFO : Machine : MPF path: /home/ohm/.local/lib/python3.10/site-packages/mpf
2023-12-01 17:33:50,027 : INFO : Machine : Machine path: /home/ohm/dodgeball
2023-12-01 17:33:50,027 : INFO : Machine : Platform: linux
2023-12-01 17:33:50,027 : INFO : Machine : Python executable location: /usr/bin/python3
2023-12-01 17:33:50,027 : INFO : Machine : Python version: 3.10.12 (64-bit)
2023-12-01 17:33:50,047 : INFO : Machine : Initializing MPF...
2023-12-01 17:33:50,196 : INFO : P-Roc : Connecting to P-ROC
2023-12-01 17:33:50,265 : INFO : P-Roc : Successfully connected to P-ROC/P3-ROC. Firmware Version: 2. Firmware Revision: 18. Hardware Board ID: 3
2023-12-01 17:33:50,278 : INFO : EventManager : Event: ======'machine_var_p_roc_version'====== Args={'value': 2, 'prev_value': None, 'change': True}
2023-12-01 17:33:50,279 : INFO : EventManager : Event: ======'machine_var_p_roc_revision'====== Args={'value': 18, 'prev_value': None, 'change': True}
2023-12-01 17:33:50,279 : INFO : EventManager : Event: ======'machine_var_p_roc_hardware_version'====== Args={'value': 3, 'prev_value': None, 'change': True}
2023-12-01 17:33:50,279 : INFO : EventManager : Event: ======'machine_var_credits_string'====== Args={'value': 'FREE PLAY', 'prev_value': None, 'change': True}
2023-12-01 17:33:50,374 : INFO : EventManager : Event: ======'machine_var_master_volume'====== Args={'value': 0.5, 'prev_value': None, 'change': True}
2023-12-01 17:33:50,375 : INFO : EventManager : Event: ======'machine_var_mpf_version'====== Args={'value': 'Mission Pinball Framework v0.57.0.dev32', 'prev_value': None, 'change': True}
2023-12-01 17:33:50,375 : INFO : EventManager : Event: ======'machine_var_mpf_extended_version'====== Args={'value': 'Mission Pinball Framework v0.57.0.dev32, Config version:6, Show version: 6, BCP version:1.1', 'prev_value': None, 'change': True}
2023-12-01 17:33:50,375 : INFO : EventManager : Event: ======'machine_var_python_version'====== Args={'value': '3.10.12', 'prev_value': None, 'change': True}
2023-12-01 17:33:50,378 : INFO : EventManager : Event: ======'machine_var_platform'====== Args={'value': 'Linux-6.2.0-37-generic-x86_64-with-glibc2.35', 'prev_value': None, 'change': True}
2023-12-01 17:33:50,378 : INFO : EventManager : Event: ======'machine_var_platform_system'====== Args={'value': 'Linux', 'prev_value': None, 'change': True}
2023-12-01 17:33:50,378 : INFO : EventManager : Event: ======'machine_var_platform_release'====== Args={'value': '6.2.0-37-generic', 'prev_value': None, 'change': True}
2023-12-01 17:33:50,378 : INFO : EventManager : Event: ======'machine_var_platform_version'====== Args={'value': '#38~22.04.1-Ubuntu SMP PREEMPT_DYNAMIC Thu Nov  2 18:01:13 UTC 2', 'prev_value': None, 'change': True}
2023-12-01 17:33:50,378 : INFO : EventManager : Event: ======'machine_var_platform_machine'====== Args={'value': 'x86_64', 'prev_value': None, 'change': True}
2023-12-01 17:33:50,378 : INFO : EventManager : Event: ======'init_phase_1'====== Args={}
2023-12-01 17:33:50,417 : INFO : EventManager : Event: ======'logicblock_has_highscore_updated'====== Args={'value': 0, 'enabled': True}
2023-12-01 17:33:50,417 : INFO : EventManager : Event: ======'logicblock_has_highscore_updated'====== Args={'value': 0, 'enabled': True}
2023-12-01 17:33:50,419 : INFO : EventManager : Event: ======'init_phase_2'====== Args={}
2023-12-01 17:33:50,436 : INFO : SwitchController : Found active switch: (3, <Platform.P3-ROC>) <switch.s_trougheject_p1>
2023-12-01 17:33:50,436 : INFO : SwitchController : Found active switch: (11, <Platform.P3-ROC>) <switch.s_trougheject_p2>
2023-12-01 17:33:50,441 : INFO : EventManager : Event: ======'bcp_connection_attempt'====== Args={'name': 'local_display', 'host': 'localhost', 'port': 5050}
2023-12-01 17:33:50,444 : INFO : BCPClientSocket : Connecting BCP to 'local_display' at localhost:5050...
2023-12-01 17:33:53,780 : INFO : BCPClientSocket : Connected BCP to 'local_display' localhost:5050
2023-12-01 17:33:53,781 : INFO : EventManager : Event: ======'bcp_clients_connected'====== Args={}
2023-12-01 17:33:53,784 : INFO : ball_device.bd_trough : BCH: Initial count: 1
2023-12-01 17:33:53,785 : INFO : ball_device.bd_trough : State: idle
2023-12-01 17:33:53,786 : INFO : ball_device.bd_catch_p1 : BCH: Initial count: 0
2023-12-01 17:33:53,787 : INFO : ball_device.bd_catch_p1 : State: idle
2023-12-01 17:33:53,788 : INFO : ball_device.bd_catch_p2 : BCH: Initial count: 0
2023-12-01 17:33:53,788 : INFO : ball_device.bd_catch_p2 : State: idle
2023-12-01 17:33:53,802 : INFO : EventManager : Event: ======'init_phase_3'====== Args={}
2023-12-01 17:33:53,815 : INFO : EventManager : Event: ======'machine_var_mc_version'====== Args={'value': 'MPF-MC v0.57.0.dev12', 'prev_value': None, 'change': True}
2023-12-01 17:33:53,817 : INFO : EventManager : Event: ======'machine_var_mc_extended_version'====== Args={'value': 'MPF-MC v0.57.0.dev12 (config_version=6, BCP v1.1,                      Requires MPF API compatibility v0.57.0.dev32 or newer)', 'prev_value': None, 'change': True}
2023-12-01 17:33:53,840 : INFO : EventManager : Event: ======'init_phase_4'====== Args={}
2023-12-01 17:33:53,841 : INFO : BallController : Initial balls found: 1
2023-12-01 17:33:53,843 : INFO : EventManager : Event: ======'machine_var_audits_events_game_ended'====== Args={'value': 0, 'prev_value': None, 'change': True}
2023-12-01 17:33:53,843 : INFO : EventManager : Event: ======'machine_var_audits_events_game_started'====== Args={'value': 1, 'prev_value': None, 'change': True}
2023-12-01 17:33:53,844 : INFO : EventManager : Event: ======'machine_var_audits_player_score'====== Args={'value': {'average': 0, 'top': [], 'total': 0}, 'prev_value': None, 'change': True}
2023-12-01 17:33:53,844 : INFO : EventManager : Event: ======'machine_var_audits_switches_s_catch_p1'====== Args={'value': 0, 'prev_value': None, 'change': True}
2023-12-01 17:33:53,845 : INFO : EventManager : Event: ======'machine_var_audits_switches_s_catch_p2'====== Args={'value': 0, 'prev_value': None, 'change': True}
2023-12-01 17:33:53,845 : INFO : EventManager : Event: ======'machine_var_audits_switches_s_sling_p1'====== Args={'value': 0, 'prev_value': None, 'change': True}
2023-12-01 17:33:53,846 : INFO : EventManager : Event: ======'machine_var_audits_switches_s_sling_p2'====== Args={'value': 0, 'prev_value': None, 'change': True}
2023-12-01 17:33:53,846 : INFO : EventManager : Event: ======'machine_var_audits_switches_s_start_p1'====== Args={'value': 0, 'prev_value': None, 'change': True}
2023-12-01 17:33:53,847 : INFO : EventManager : Event: ======'machine_var_audits_switches_s_start_p2'====== Args={'value': 0, 'prev_value': None, 'change': True}
2023-12-01 17:33:53,847 : INFO : EventManager : Event: ======'machine_var_audits_switches_s_trougheject_p1'====== Args={'value': 0, 'prev_value': None, 'change': True}
2023-12-01 17:33:53,848 : INFO : EventManager : Event: ======'machine_var_audits_switches_s_trougheject_p2'====== Args={'value': 0, 'prev_value': None, 'change': True}
2023-12-01 17:33:53,849 : INFO : EventManager : Event: ======'init_phase_5'====== Args={}
2023-12-01 17:33:53,851 : INFO : EventManager : Event: ======'init_done'====== Args={}
2023-12-01 17:33:53,870 : INFO : EventManager : Event: ======'machine_reset_phase_1'====== Args={}
2023-12-01 17:33:53,880 : INFO : EventManager : Event: ======'machine_reset_phase_2'====== Args={}
2023-12-01 17:33:53,880 : INFO : EventManager : Event: ======'machine_reset_phase_3'====== Args={}
2023-12-01 17:33:53,880 : INFO : EventManager : Event: ======'reset_complete'====== Args={}
2023-12-01 17:33:53,881 : INFO : EventManager : Event: ======'mode_attract_will_start'====== Args={}
2023-12-01 17:33:53,882 : INFO : EventManager : Event: ======'mode_attract_starting'====== Args={}
2023-12-01 17:33:53,882 : INFO : Mode.attract : Started. Priority: 10
2023-12-01 17:33:53,882 : INFO : EventManager : Event: ======'modes_active_modes_changed'====== Args={}
2023-12-01 17:33:53,882 : INFO : EventManager : Event: ======'mode_attract_started'====== Args={}
2023-12-01 17:33:53,884 : INFO : EventManager : Event: ======'collecting_balls_complete'====== Args={}
2023-12-01 17:33:53,885 : INFO : Machine : Starting the main run loop.
2023-12-01 17:33:53,960 : INFO : EventManager : Event: ======'slide_press_start_created'====== Args={'_from_bcp': True}
2023-12-01 17:33:54,015 : INFO : EventManager : Event: ======'slide_press_start_active'====== Args={'_from_bcp': True}
2023-12-01 17:33:56,895 : INFO : EventManager : Event: ======'slide_press_start_removed'====== Args={'_from_bcp': True}
2023-12-01 17:33:56,907 : INFO : EventManager : Event: ======'slide_press_start_created'====== Args={'_from_bcp': True}
2023-12-01 17:33:56,912 : INFO : EventManager : Event: ======'slide_press_start_active'====== Args={'_from_bcp': True}
2023-12-01 17:33:59,394 : INFO : SwitchController : <<<<<<< 's_start_p1' active >>>>>>>
2023-12-01 17:33:59,493 : INFO : SwitchController : <<<<<<< 's_start_p1' inactive >>>>>>>
2023-12-01 17:33:59,493 : INFO : EventManager : Event: ======'request_to_start_game'====== Args={}
2023-12-01 17:33:59,493 : INFO : EventManager : Event: ======'game_start'====== Args={'buttons': [], 'hold_time': 0.09900000000000375}
2023-12-01 17:33:59,494 : INFO : EventManager : Event: ======'mode_game_will_start'====== Args={'buttons': [], 'hold_time': 0.09900000000000375}
2023-12-01 17:33:59,495 : INFO : EventManager : Event: ======'mode_game_starting'====== Args={'buttons': [], 'hold_time': 0.09900000000000375}
2023-12-01 17:33:59,495 : INFO : EventManager : Event: ======'mode_attract_will_stop'====== Args={}
2023-12-01 17:33:59,495 : INFO : EventManager : Event: ======'mode_attract_stopping'====== Args={}
2023-12-01 17:33:59,495 : INFO : Mode.attract : Stopped.
2023-12-01 17:33:59,495 : INFO : EventManager : Event: ======'modes_active_modes_changed'====== Args={}
2023-12-01 17:33:59,495 : INFO : EventManager : Event: ======'mode_attract_stopped'====== Args={}
2023-12-01 17:33:59,495 : INFO : EventManager : Event: ======'clear'====== Args={'key': 'attract'}
2023-12-01 17:33:59,496 : INFO : Mode.game : Started. Priority: 20
2023-12-01 17:33:59,496 : INFO : EventManager : Event: ======'modes_active_modes_changed'====== Args={}
2023-12-01 17:33:59,496 : INFO : EventManager : Event: ======'mode_game_started'====== Args={'buttons': [], 'hold_time': 0.09900000000000375}
2023-12-01 17:33:59,497 : INFO : EventManager : Event: ======'game_will_start'====== Args={}
2023-12-01 17:33:59,497 : INFO : EventManager : Event: ======'game_starting'====== Args={'game': <Mode.game>}
2023-12-01 17:33:59,497 : INFO : EventManager : Event: ======'player_add_request'====== Args={}
2023-12-01 17:33:59,498 : INFO : EventManager : Event: ======'player_will_add'====== Args={'number': 1}
2023-12-01 17:33:59,498 : INFO : EventManager : Event: ======'player_adding'====== Args={'player': <Player 1>, 'number': 1}
2023-12-01 17:33:59,498 : INFO : EventManager : Event: ======'player_added'====== Args={'player': <Player 1>, 'num': 1}
2023-12-01 17:33:59,498 : INFO : Mode.game : Player added successfully. Total players: 1
2023-12-01 17:33:59,498 : INFO : EventManager : Event: ======'player_index'====== Args={'value': 0, 'prev_value': 0, 'change': 0, 'player_num': 1}
2023-12-01 17:33:59,499 : INFO : EventManager : Event: ======'player_number'====== Args={'value': 1, 'prev_value': 1, 'change': 0, 'player_num': 1}
2023-12-01 17:33:59,499 : INFO : EventManager : Event: ======'player_has_a_highscore'====== Args={'value': 0, 'prev_value': 0, 'change': 0, 'player_num': 1}
2023-12-01 17:33:59,499 : INFO : EventManager : Event: ======'player_is_welcome_played'====== Args={'value': 0, 'prev_value': 0, 'change': 0, 'player_num': 1}
2023-12-01 17:33:59,499 : INFO : EventManager : Event: ======'player_score'====== Args={'value': 0, 'prev_value': 0, 'change': 0, 'player_num': 1}
2023-12-01 17:33:59,500 : INFO : EventManager : Event: ======'game_started'====== Args={}
2023-12-01 17:33:59,500 : INFO : EventManager : Event: ======'logicblock_has_highscore_updated'====== Args={'value': 0, 'enabled': True}
2023-12-01 17:33:59,501 : INFO : EventManager : Event: ======'player_turn_will_start'====== Args={'player': <Player 1>, 'number': 1}
2023-12-01 17:33:59,501 : INFO : EventManager : Event: ======'player_turn_starting'====== Args={'player': <Player 1>, 'number': 1}
2023-12-01 17:33:59,501 : INFO : EventManager : Event: ======'player_ball'====== Args={'value': 1, 'prev_value': 0, 'change': 1, 'player_num': 1}
2023-12-01 17:33:59,501 : INFO : EventManager : Event: ======'player_turn_started'====== Args={'player': <Player 1>, 'number': 1}
2023-12-01 17:33:59,502 : INFO : EventManager : Event: ======'ball_will_start'====== Args={'player': 1, 'ball': 1, 'balls_remaining': 2, 'is_extra_ball': False}
2023-12-01 17:33:59,502 : INFO : EventManager : Event: ======'ball_starting'====== Args={'player': 1, 'ball': 1, 'balls_remaining': 2, 'is_extra_ball': False}
2023-12-01 17:33:59,502 : INFO : EventManager : Event: ======'balls_in_play'====== Args={'balls': 1}
2023-12-01 17:33:59,502 : INFO : EventManager : Event: ======'ball_started'====== Args={'player': 1, 'ball': 1, 'balls_remaining': 2, 'is_extra_ball': False}
2023-12-01 17:33:59,503 : INFO : EventManager : Event: ======'mode_base_will_start'====== Args={'player': 1, 'ball': 1, 'balls_remaining': 2, 'is_extra_ball': False}
2023-12-01 17:33:59,503 : INFO : EventManager : Event: ======'mode_base_starting'====== Args={'player': 1, 'ball': 1, 'balls_remaining': 2, 'is_extra_ball': False}
2023-12-01 17:33:59,504 : INFO : Mode.base : Started. Priority: 100
2023-12-01 17:33:59,504 : INFO : EventManager : Event: ======'modes_active_modes_changed'====== Args={}
2023-12-01 17:33:59,504 : INFO : EventManager : Event: ======'mode_base_started'====== Args={'player': 1, 'ball': 1, 'balls_remaining': 2, 'is_extra_ball': False}
2023-12-01 17:33:59,532 : INFO : EventManager : Event: ======'single_player_ball_started'====== Args={}
2023-12-01 17:33:59,532 : INFO : EventManager : Event: ======'slide_press_start_removed'====== Args={'_from_bcp': True}
2023-12-01 17:33:59,533 : INFO : EventManager : Event: ======'slide_window_blank_active'====== Args={'_from_bcp': True}
2023-12-01 17:33:59,533 : INFO : EventManager : Event: ======'ball_start_target'====== Args={'target': 'playfield'}
2023-12-01 17:33:59,533 : INFO : ball_device.bd_trough : Setting up player-controlled eject. Balls: 1, Target: <playfield.playfield>, player_controlled_eject_event: None
2023-12-01 17:33:59,533 : INFO : ball_device.bd_trough : Adding 1 ball(s) to the eject_queue with target <playfield.playfield>.
2023-12-01 17:33:59,533 : INFO : EventManager : Event: ======'balldevice_balls_available'====== Args={}
2023-12-01 17:33:59,534 : INFO : ball_device.bd_trough : State: waiting_for_target_ready
2023-12-01 17:33:59,534 : INFO : EventManager : Event: ======'balldevice_bd_trough_ball_eject_attempt'====== Args={'balls': 1, 'target': <playfield.playfield>, 'source': <ball_device.bd_trough>, 'mechanical_eject': False, 'num_attempts': 0}
2023-12-01 17:33:59,534 : INFO : ball_device.bd_trough : State: ejecting
2023-12-01 17:33:59,535 : INFO : ball_device.bd_trough : Ejecting ball to <playfield.playfield>
2023-12-01 17:33:59,535 : INFO : EventManager : Event: ======'balldevice_bd_trough_ejecting_ball'====== Args={'balls': 1, 'target': <playfield.playfield>, 'source': <ball_device.bd_trough>, 'mechanical_eject': False, 'num_attempts': 0}
2023-12-01 17:33:59,535 : INFO : ball_device.bd_trough : Wait for ball to leave device
2023-12-01 17:33:59,536 : INFO : coil.c_trougheject_p1 : Pulsing Driver for 35ms (1.0 pulse_power)
2023-12-01 17:33:59,549 : INFO : EventManager : Event: ======'slide_round_started_created'====== Args={'_from_bcp': True}
2023-12-01 17:33:59,549 : INFO : EventManager : Event: ======'slide_round_started_active'====== Args={'_from_bcp': True}
2023-12-01 17:34:01,544 : INFO : EventManager : Event: ======'balldevice_bd_trough_ball_eject_failed'====== Args={'target': <playfield.playfield>, 'balls': 1, 'retry': True, 'num_attempts': 1}
2023-12-01 17:34:01,545 : INFO : ball_device.bd_trough : State: waiting_for_target_ready
2023-12-01 17:34:01,545 : INFO : EventManager : Event: ======'balldevice_bd_trough_ball_eject_attempt'====== Args={'balls': 1, 'target': <playfield.playfield>, 'source': <ball_device.bd_trough>, 'mechanical_eject': False, 'num_attempts': 1}
2023-12-01 17:34:01,545 : INFO : ball_device.bd_trough : State: ejecting
2023-12-01 17:34:01,545 : INFO : ball_device.bd_trough : Ejecting ball to <playfield.playfield>
2023-12-01 17:34:01,545 : INFO : EventManager : Event: ======'balldevice_bd_trough_ejecting_ball'====== Args={'balls': 1, 'target': <playfield.playfield>, 'source': <ball_device.bd_trough>, 'mechanical_eject': False, 'num_attempts': 1}
2023-12-01 17:34:01,546 : INFO : ball_device.bd_trough : Wait for ball to leave device
2023-12-01 17:34:01,546 : INFO : coil.c_trougheject_p1 : Pulsing Driver for 35ms (1.0 pulse_power)
2023-12-01 17:34:03,547 : INFO : EventManager : Event: ======'balldevice_bd_trough_ball_eject_failed'====== Args={'target': <playfield.playfield>, 'balls': 1, 'retry': True, 'num_attempts': 2}
2023-12-01 17:34:03,548 : INFO : ball_device.bd_trough : State: waiting_for_target_ready
2023-12-01 17:34:03,548 : INFO : EventManager : Event: ======'balldevice_bd_trough_ball_eject_attempt'====== Args={'balls': 1, 'target': <playfield.playfield>, 'source': <ball_device.bd_trough>, 'mechanical_eject': False, 'num_attempts': 2}
2023-12-01 17:34:03,548 : INFO : ball_device.bd_trough : State: ejecting
2023-12-01 17:34:03,549 : INFO : ball_device.bd_trough : Ejecting ball to <playfield.playfield>
2023-12-01 17:34:03,549 : INFO : EventManager : Event: ======'balldevice_bd_trough_ejecting_ball'====== Args={'balls': 1, 'target': <playfield.playfield>, 'source': <ball_device.bd_trough>, 'mechanical_eject': False, 'num_attempts': 2}
2023-12-01 17:34:03,549 : INFO : ball_device.bd_trough : Wait for ball to leave device
2023-12-01 17:34:03,549 : INFO : coil.c_trougheject_p1 : Pulsing Driver for 35ms (1.0 pulse_power)
2023-12-01 17:34:03,859 : INFO : SwitchController : <<<<<<< 's_sling_p2' active >>>>>>>
2023-12-01 17:34:03,859 : INFO : EventManager : Event: ======'playfield_active'====== Args={}
2023-12-01 17:34:03,859 : INFO : EventManager : Event: ======'machine_var_audits_switches_s_sling_p2'====== Args={'value': 1, 'prev_value': 0, 'change': 1}
2023-12-01 17:34:03,876 : INFO : SwitchController : <<<<<<< 's_sling_p2' inactive >>>>>>>
2023-12-01 17:34:03,877 : INFO : SwitchController : <<<<<<< 's_sling_p2' active >>>>>>>
2023-12-01 17:34:03,877 : INFO : EventManager : Event: ======'playfield_active'====== Args={}
2023-12-01 17:34:03,877 : INFO : EventManager : Event: ======'machine_var_audits_switches_s_sling_p2'====== Args={'value': 2, 'prev_value': 1, 'change': 1}
2023-12-01 17:34:03,977 : INFO : SwitchController : <<<<<<< 's_sling_p2' inactive >>>>>>>
2023-12-01 17:34:04,646 : INFO : SwitchController : <<<<<<< 's_sling_p2' active >>>>>>>
2023-12-01 17:34:04,647 : INFO : EventManager : Event: ======'playfield_active'====== Args={}
2023-12-01 17:34:04,647 : INFO : EventManager : Event: ======'machine_var_audits_switches_s_sling_p2'====== Args={'value': 3, 'prev_value': 2, 'change': 1}
2023-12-01 17:34:04,665 : INFO : SwitchController : <<<<<<< 's_sling_p2' inactive >>>>>>>
2023-12-01 17:34:04,687 : INFO : SwitchController : <<<<<<< 's_sling_p2' active >>>>>>>
2023-12-01 17:34:04,687 : INFO : EventManager : Event: ======'playfield_active'====== Args={}
2023-12-01 17:34:04,687 : INFO : EventManager : Event: ======'machine_var_audits_switches_s_sling_p2'====== Args={'value': 4, 'prev_value': 3, 'change': 1}
2023-12-01 17:34:04,720 : INFO : SwitchController : <<<<<<< 's_sling_p2' inactive >>>>>>>
2023-12-01 17:34:04,721 : INFO : SwitchController : <<<<<<< 's_sling_p2' active >>>>>>>
2023-12-01 17:34:04,721 : INFO : EventManager : Event: ======'playfield_active'====== Args={}
2023-12-01 17:34:04,721 : INFO : EventManager : Event: ======'machine_var_audits_switches_s_sling_p2'====== Args={'value': 5, 'prev_value': 4, 'change': 1}
2023-12-01 17:34:04,740 : INFO : SwitchController : <<<<<<< 's_sling_p2' inactive >>>>>>>
2023-12-01 17:34:05,455 : INFO : SwitchController : <<<<<<< 's_sling_p2' active >>>>>>>
2023-12-01 17:34:05,456 : INFO : EventManager : Event: ======'playfield_active'====== Args={}
2023-12-01 17:34:05,456 : INFO : EventManager : Event: ======'machine_var_audits_switches_s_sling_p2'====== Args={'value': 6, 'prev_value': 5, 'change': 1}
2023-12-01 17:34:05,472 : INFO : SwitchController : <<<<<<< 's_sling_p2' inactive >>>>>>>
2023-12-01 17:34:05,490 : WARNING : SwitchController : Received duplicate switch state 0 for switch s_sling_p2 from the platform interface. Log Code: Log-SwitchController-1 (https://missionpinball.org/logs)
2023-12-01 17:34:05,550 : INFO : EventManager : Event: ======'balldevice_bd_trough_ball_eject_failed'====== Args={'target': <playfield.playfield>, 'balls': 1, 'retry': True, 'num_attempts': 3}
2023-12-01 17:34:05,552 : INFO : ball_device.bd_trough : State: waiting_for_target_ready
2023-12-01 17:34:05,553 : INFO : EventManager : Event: ======'balldevice_bd_trough_ball_eject_attempt'====== Args={'balls': 1, 'target': <playfield.playfield>, 'source': <ball_device.bd_trough>, 'mechanical_eject': False, 'num_attempts': 3}
2023-12-01 17:34:05,553 : INFO : ball_device.bd_trough : State: ejecting
2023-12-01 17:34:05,553 : INFO : ball_device.bd_trough : Ejecting ball to <playfield.playfield>
2023-12-01 17:34:05,554 : INFO : EventManager : Event: ======'balldevice_bd_trough_ejecting_ball'====== Args={'balls': 1, 'target': <playfield.playfield>, 'source': <ball_device.bd_trough>, 'mechanical_eject': False, 'num_attempts': 3}
2023-12-01 17:34:05,554 : INFO : ball_device.bd_trough : Wait for ball to leave device
2023-12-01 17:34:05,554 : INFO : coil.c_trougheject_p1 : Pulsing Driver for 35ms (1.0 pulse_power)
2023-12-01 17:34:06,093 : INFO : SwitchController : <<<<<<< 's_sling_p2' active >>>>>>>
2023-12-01 17:34:06,093 : INFO : EventManager : Event: ======'playfield_active'====== Args={}
2023-12-01 17:34:06,093 : INFO : EventManager : Event: ======'machine_var_audits_switches_s_sling_p2'====== Args={'value': 7, 'prev_value': 6, 'change': 1}
2023-12-01 17:34:06,110 : INFO : SwitchController : <<<<<<< 's_sling_p2' inactive >>>>>>>
2023-12-01 17:34:06,629 : INFO : SwitchController : <<<<<<< 's_sling_p2' active >>>>>>>
2023-12-01 17:34:06,629 : INFO : EventManager : Event: ======'playfield_active'====== Args={}
2023-12-01 17:34:06,629 : INFO : EventManager : Event: ======'machine_var_audits_switches_s_sling_p2'====== Args={'value': 8, 'prev_value': 7, 'change': 1}
2023-12-01 17:34:06,647 : WARNING : SwitchController : Received duplicate switch state 1 for switch s_sling_p2 from the platform interface. Log Code: Log-SwitchController-1 (https://missionpinball.org/logs)
2023-12-01 17:34:06,669 : INFO : SwitchController : <<<<<<< 's_sling_p2' inactive >>>>>>>
2023-12-01 17:34:06,712 : WARNING : SwitchController : Received duplicate switch state 0 for switch s_sling_p2 from the platform interface. Log Code: Log-SwitchController-1 (https://missionpinball.org/logs)
2023-12-01 17:34:07,555 : INFO : EventManager : Event: ======'balldevice_bd_trough_ball_eject_failed'====== Args={'target': <playfield.playfield>, 'balls': 1, 'retry': True, 'num_attempts': 4}
2023-12-01 17:34:07,557 : INFO : ball_device.bd_trough : State: waiting_for_target_ready
2023-12-01 17:34:07,557 : INFO : EventManager : Event: ======'balldevice_bd_trough_ball_eject_attempt'====== Args={'balls': 1, 'target': <playfield.playfield>, 'source': <ball_device.bd_trough>, 'mechanical_eject': False, 'num_attempts': 4}
2023-12-01 17:34:07,557 : INFO : ball_device.bd_trough : State: ejecting
2023-12-01 17:34:07,557 : INFO : ball_device.bd_trough : Ejecting ball to <playfield.playfield>
2023-12-01 17:34:07,558 : INFO : EventManager : Event: ======'balldevice_bd_trough_ejecting_ball'====== Args={'balls': 1, 'target': <playfield.playfield>, 'source': <ball_device.bd_trough>, 'mechanical_eject': False, 'num_attempts': 4}
2023-12-01 17:34:07,558 : INFO : ball_device.bd_trough : Wait for ball to leave device
2023-12-01 17:34:07,558 : INFO : coil.c_trougheject_p1 : Pulsing Driver for 35ms (1.0 pulse_power)
2023-12-01 17:34:09,175 : INFO : Machine : Shutting down...
2023-12-01 17:34:09,175 : INFO : EventManager : Event: ======'shutdown'====== Args={}
2023-12-01 17:34:09,177 : INFO : EventManager : Event: ======'mode_game_will_stop'====== Args={}
2023-12-01 17:34:09,178 : INFO : EventManager : Event: ======'mode_game_stopping'====== Args={}
2023-12-01 17:34:09,178 : INFO : EventManager : Event: ======'mode_base_will_stop'====== Args={}
2023-12-01 17:34:09,179 : INFO : EventManager : Event: ======'mode_base_stopping'====== Args={}
2023-12-01 17:34:09,179 : INFO : Mode.base : Stopped.
2023-12-01 17:34:09,179 : INFO : EventManager : Event: ======'modes_active_modes_changed'====== Args={}
2023-12-01 17:34:09,180 : INFO : EventManager : Event: ======'mode_base_stopped'====== Args={}
2023-12-01 17:34:09,180 : INFO : EventManager : Event: ======'clear'====== Args={'key': 'base'}
2023-12-01 17:34:09,182 : INFO : Mode.game : Stopped.
2023-12-01 17:34:09,183 : INFO : EventManager : Event: ======'modes_active_modes_changed'====== Args={}
2023-12-01 17:34:09,183 : INFO : EventManager : Event: ======'mode_game_stopped'====== Args={}
2023-12-01 17:34:09,183 : INFO : EventManager : Event: ======'clear'====== Args={'key': 'game'}
2023-12-01 17:34:09,192 : INFO : root : MPF run loop ended.
