2023-12-05 12:59:22,328 : kivy : Kivy: v2.2.1
2023-12-05 12:59:22,328 : kivy : Kivy: Installed at "/home/ohm/.local/lib/python3.10/site-packages/kivy/__init__.py"
2023-12-05 12:59:22,328 : kivy : Python: v3.10.12 (main, Nov 20 2023, 15:14:05) [GCC 11.4.0]
2023-12-05 12:59:22,328 : kivy : Python: Interpreter at "/usr/bin/python3"
2023-12-05 12:59:22,345 : kivy : Factory: 190 symbols loaded
2023-12-05 12:59:22,546 : kivy : ImageLoaderFFPy: Using ffpyplayer 4.5.1
2023-12-05 12:59:22,546 : kivy : Image: Providers: img_tex, img_dds, img_sdl2, img_pil, img_ffpyplayer 
2023-12-05 12:59:22,686 : kivy : VideoFFPy: Using ffpyplayer 4.5.1
2023-12-05 12:59:22,687 : kivy : Video: Provider: ffpyplayer(['video_ffmpeg'] ignored)
2023-12-05 12:59:22,733 : root : Loading MPF-MC controller
2023-12-05 12:59:22,737 : YamlMultifileConfigLoader : Machine config file #1: config
2023-12-05 12:59:22,737 : ConfigProcessor : Config file in cache changed: /home/ohm/dodgeball/config/config
2023-12-05 12:59:22,737 : ConfigProcessor : Loading config from file /home/ohm/.local/lib/python3.10/site-packages/mpfmc/mcconfig.yaml.
2023-12-05 12:59:22,752 : ConfigProcessor : Loading config: /home/ohm/.local/lib/python3.10/site-packages/mpfmc/mcconfig.yaml
2023-12-05 12:59:22,753 : ConfigProcessor : Loading config from file /home/ohm/dodgeball/config/config.
2023-12-05 12:59:22,761 : ConfigProcessor : Loading config: /home/ohm/dodgeball/config/config
2023-12-05 12:59:22,762 : ConfigProcessor : Loading config: /home/ohm/dodgeball/config/lights.yaml
2023-12-05 12:59:22,763 : ConfigProcessor : Loading config: /home/ohm/dodgeball/config/coils.yaml
2023-12-05 12:59:22,765 : ConfigProcessor : Loading config: /home/ohm/dodgeball/config/switches.yaml
2023-12-05 12:59:22,766 : ConfigProcessor : Loading config: /home/ohm/dodgeball/config/playervars.yaml
2023-12-05 12:59:22,768 : ConfigProcessor : Config file cache created: /tmp/a2c1ba82a89a56dee0acd48b5b927038.mpf_cache
2023-12-05 12:59:22,769 : ConfigProcessor : Loading config from cache: /tmp/ecc2466debc0cbb894d1a2fba8912b38.mpf_cache
2023-12-05 12:59:22,769 : ConfigProcessor : Loading config from cache: /tmp/32cc0edc83e6cd7fce5d5a48c9d631d2.mpf_cache
2023-12-05 12:59:22,770 : ConfigProcessor : Loading config from cache: /tmp/0fe63fd00a83faf3a344d3dd33ac8b6e.mpf_cache
2023-12-05 12:59:22,770 : mpfmc : Mission Pinball Framework Media Controller (MPF-MC) v0.57.0.dev12. Requires MPF v0.57.0.dev32 or newer.
2023-12-05 12:59:22,770 : mpfmc : Found MPF v0.57.0.dev32
2023-12-05 12:59:22,770 : mpfmc : Machine path: /home/ohm/dodgeball
2023-12-05 12:59:22,770 : mpfmc : Starting clock at 60.0Hz
2023-12-05 12:59:22,781 : kivy : Text: Provider: sdl2
2023-12-05 12:59:22,812 : kivy : Window: Provider: sdl2
2023-12-05 12:59:23,399 : kivy : GL: Using the "OpenGL" graphics system
2023-12-05 12:59:23,400 : kivy : GL: Backend used <sdl2>
2023-12-05 12:59:23,400 : kivy : GL: OpenGL version <b'4.6 (Compatibility Profile) Mesa 23.0.4-0ubuntu1~22.04.1'>
2023-12-05 12:59:23,401 : kivy : GL: OpenGL vendor <b'Intel'>
2023-12-05 12:59:23,401 : kivy : GL: OpenGL renderer <b'Mesa Intel(R) UHD Graphics 600 (GLK 2)'>
2023-12-05 12:59:23,401 : kivy : GL: OpenGL parsed version: 4, 6
2023-12-05 12:59:23,401 : kivy : GL: Shading version <b'4.60'>
2023-12-05 12:59:23,402 : kivy : GL: Texture max size <16384>
2023-12-05 12:59:23,402 : kivy : GL: Texture max units <32>
2023-12-05 12:59:23,455 : kivy : Window: auto add sdl2 input provider
2023-12-05 12:59:23,456 : kivy : Window: virtual keyboard not allowed, single mode, not docked
2023-12-05 12:59:23,709 : AudioInterface : Initialized
2023-12-05 12:59:23,709 : AudioInterface : Loaded SDL 2.0.14
2023-12-05 12:59:23,710 : AudioInterface : Loaded SDL_Mixer 2.0.4
2023-12-05 12:59:23,710 : AudioInterface : Loaded GStreamer 1.10.4.0
2023-12-05 12:59:23,710 : AudioInterface : Loaded GLib 2.72.4
2023-12-05 12:59:23,710 : AudioInterface : Settings requested - rate: 44100, channels: 1, buffer: 2048 samples
2023-12-05 12:59:23,710 : AudioInterface : Settings in use - rate: 44100, channels: 1, buffer: 2048 samples (4096 bytes @ 2 bytes per sample)
2023-12-05 12:59:23,711 : SoundSystem : Setting master volume to 0.0
2023-12-05 12:59:23,711 : AudioInterface : Enabling audio playback
2023-12-05 12:59:23,789 : kivy : Base: Start application main loop
2023-12-05 12:59:23,790 : EventManager : Event: ======'display_window_initialized'====== Args={}
2023-12-05 12:59:23,803 : mpfmc : Display: Setting 'window' as default display
2023-12-05 12:59:23,808 : mpfmc : ASPECT RATIO MISMATCH: The on-screen window is not the same aspect ratio as the display called 'window'. The logical display will be scaled from 3840x2160 to the window size 3770x2096, and a black bar will make up the difference
2023-12-05 12:59:23,809 : EventManager : Event: ======'displays_initialized'====== Args={}
2023-12-05 12:59:23,812 : EventManager : Event: ======'slide_window_blank_created'====== Args={}
2023-12-05 12:59:23,812 : EventManager : Event: ======'display_window_ready'====== Args={}
2023-12-05 12:59:23,822 : EventManager : Event: ======'init_phase_1'====== Args={}
2023-12-05 12:59:23,828 : EventManager : Event: ======'mc_ready'====== Args={}
2023-12-05 12:59:23,829 : EventManager : Event: ======'init_phase_2'====== Args={}
2023-12-05 12:59:23,831 : EventManager : Event: ======'init_phase_3'====== Args={}
2023-12-05 12:59:23,832 : EventManager : Event: ======'init_phase_4'====== Args={}
2023-12-05 12:59:23,832 : EventManager : Event: ======'init_phase_5'====== Args={}
2023-12-05 12:59:25,055 : kivy : GL: NPOT texture support is available
2023-12-05 12:59:25,131 : EventManager : Event: ======'loading_assets'====== Args={'total': 2, 'loaded': 1, 'remaining': 1, 'percent': 50}
2023-12-05 12:59:25,131 : AssetManager : Loading assets: 1/2 (50%)
2023-12-05 12:59:25,209 : EventManager : Event: ======'loading_assets'====== Args={'total': 2, 'loaded': 2, 'remaining': 0, 'percent': 100}
2023-12-05 12:59:25,210 : AssetManager : Asset loading took: 1.4982366561889648
2023-12-05 12:59:25,210 : EventManager : Event: ======'asset_loading_complete'====== Args={}
2023-12-05 12:59:25,210 : AssetManager : Loading assets: 2/2 (100%)
2023-12-05 12:59:25,210 : EventManager : Event: ======'init_done'====== Args={}
2023-12-05 12:59:25,210 : MPF-MC BCP Server : Starting up on localhost port 5050
2023-12-05 12:59:25,211 : MPF-MC BCP Server : Waiting for a connection...
2023-12-05 12:59:25,215 : EventManager : Event: ======'client_disconnected'====== Args={'host': '127.0.0.1', 'port': 5050}
2023-12-05 12:59:25,265 : MPF-MC BCP Server : Received connection from: 127.0.0.1:40016
2023-12-05 12:59:25,277 : EventManager : Event: ======'client_connected'====== Args={'host': '127.0.0.1', 'port': 40016}
2023-12-05 12:59:25,327 : EventManager : Event: ======'machine_var_p_roc_version'====== Args={'value': 2, 'prev_value': None, 'change': True}
2023-12-05 12:59:25,327 : EventManager : Event: ======'machine_var_p_roc_revision'====== Args={'value': 18, 'prev_value': None, 'change': True}
2023-12-05 12:59:25,327 : EventManager : Event: ======'machine_var_p_roc_hardware_version'====== Args={'value': 3, 'prev_value': None, 'change': True}
2023-12-05 12:59:25,327 : EventManager : Event: ======'machine_var_credits_string'====== Args={'value': 'FREE PLAY', 'prev_value': None, 'change': True}
2023-12-05 12:59:25,327 : EventManager : Event: ======'machine_var_master_volume'====== Args={'value': 0.5, 'prev_value': None, 'change': True}
2023-12-05 12:59:25,327 : EventManager : Event: ======'machine_var_mpf_version'====== Args={'value': 'Mission Pinball Framework v0.57.0.dev32', 'prev_value': None, 'change': True}
2023-12-05 12:59:25,327 : EventManager : Event: ======'machine_var_mpf_extended_version'====== Args={'value': 'Mission Pinball Framework v0.57.0.dev32, Config version:6, Show version: 6, BCP version:1.1', 'prev_value': None, 'change': True}
2023-12-05 12:59:25,328 : EventManager : Event: ======'machine_var_python_version'====== Args={'value': '3.10.12', 'prev_value': None, 'change': True}
2023-12-05 12:59:25,328 : EventManager : Event: ======'machine_var_platform'====== Args={'value': 'Linux-6.2.0-37-generic-x86_64-with-glibc2.35', 'prev_value': None, 'change': True}
2023-12-05 12:59:25,328 : EventManager : Event: ======'machine_var_platform_system'====== Args={'value': 'Linux', 'prev_value': None, 'change': True}
2023-12-05 12:59:25,328 : EventManager : Event: ======'machine_var_platform_release'====== Args={'value': '6.2.0-37-generic', 'prev_value': None, 'change': True}
2023-12-05 12:59:25,328 : EventManager : Event: ======'machine_var_platform_version'====== Args={'value': '#38~22.04.1-Ubuntu SMP PREEMPT_DYNAMIC Thu Nov  2 18:01:13 UTC 2', 'prev_value': None, 'change': True}
2023-12-05 12:59:25,328 : EventManager : Event: ======'machine_var_platform_machine'====== Args={'value': 'x86_64', 'prev_value': None, 'change': True}
2023-12-05 12:59:25,328 : EventManager : Event: ======'machine_var_mc_version'====== Args={'value': 'MPF-MC v0.57.0.dev12', 'prev_value': None, 'change': True}
2023-12-05 12:59:25,329 : EventManager : Event: ======'machine_var_mc_extended_version'====== Args={'value': 'MPF-MC v0.57.0.dev12 (config_version=6, BCP v1.1,                      Requires MPF API compatibility v0.57.0.dev32 or newer)', 'prev_value': None, 'change': True}
2023-12-05 12:59:25,329 : EventManager : Event: ======'machine_var_audits_events_game_ended'====== Args={'value': 0, 'prev_value': None, 'change': True}
2023-12-05 12:59:25,329 : EventManager : Event: ======'machine_var_audits_events_game_started'====== Args={'value': 13, 'prev_value': None, 'change': True}
2023-12-05 12:59:25,329 : EventManager : Event: ======'machine_var_audits_player_score'====== Args={'value': {'average': 0, 'top': [], 'total': 0}, 'prev_value': None, 'change': True}
2023-12-05 12:59:25,329 : EventManager : Event: ======'machine_var_audits_shots_catch_p1'====== Args={'value': 9, 'prev_value': None, 'change': True}
2023-12-05 12:59:25,329 : EventManager : Event: ======'machine_var_audits_shots_catch_p2'====== Args={'value': 1, 'prev_value': None, 'change': True}
2023-12-05 12:59:25,329 : EventManager : Event: ======'machine_var_audits_shots_sling_p1'====== Args={'value': 9, 'prev_value': None, 'change': True}
2023-12-05 12:59:25,329 : EventManager : Event: ======'machine_var_audits_shots_sling_p2'====== Args={'value': 1, 'prev_value': None, 'change': True}
2023-12-05 12:59:25,329 : EventManager : Event: ======'machine_var_audits_switches_s_catch_p1'====== Args={'value': 9, 'prev_value': None, 'change': True}
2023-12-05 12:59:25,329 : EventManager : Event: ======'machine_var_audits_switches_s_catch_p2'====== Args={'value': 1, 'prev_value': None, 'change': True}
2023-12-05 12:59:25,329 : EventManager : Event: ======'machine_var_audits_switches_s_sling_p1'====== Args={'value': 9, 'prev_value': None, 'change': True}
2023-12-05 12:59:25,330 : EventManager : Event: ======'machine_var_audits_switches_s_sling_p2'====== Args={'value': 1, 'prev_value': None, 'change': True}
2023-12-05 12:59:25,330 : EventManager : Event: ======'machine_var_audits_switches_s_start_p1'====== Args={'value': 1, 'prev_value': None, 'change': True}
2023-12-05 12:59:25,330 : EventManager : Event: ======'machine_var_audits_switches_s_start_p2'====== Args={'value': 0, 'prev_value': None, 'change': True}
2023-12-05 12:59:25,330 : EventManager : Event: ======'machine_var_audits_switches_s_trougheject_p1'====== Args={'value': 0, 'prev_value': None, 'change': True}
2023-12-05 12:59:25,330 : EventManager : Event: ======'machine_var_audits_switches_s_trougheject_p2'====== Args={'value': 0, 'prev_value': None, 'change': True}
2023-12-05 12:59:25,330 : SoundSystem : Setting master volume to 0.5
2023-12-05 12:59:25,352 : EventManager : Event: ======'mc_reset_phase_1'====== Args={}
2023-12-05 12:59:25,352 : EventManager : Event: ======'mc_reset_phase_2'====== Args={}
2023-12-05 12:59:25,352 : EventManager : Event: ======'mc_reset_phase_3'====== Args={}
2023-12-05 12:59:25,352 : EventManager : Event: ======'mc_reset_complete'====== Args={}
2023-12-05 12:59:25,364 : EventManager : Event: ======'slides_play'====== Args={'settings': {'press_start': {'widgets': [{'type': 'Text', 'text': 'Press Start!', 'style': ['bf_blue'], 'font_size': 100, 'y': 'top - 250', 'animations': {'pre_show_slide': [{'property': ['opacity'], 'value': ['0'], 'duration': 0.5, 'relative': False, 'timing': 'after_previous', 'repeat': False, 'easing': 'linear'}, {'property': ['opacity'], 'value': ['1'], 'duration': 0.5, 'repeat': False, 'relative': False, 'timing': 'after_previous', 'easing': 'linear'}]}, '_default_settings': ['type', 'text', 'style', 'font_size', 'y', 'animations'], 'x': None, 'anchor_x': 'center', 'anchor_y': 'center', 'round_anchor_x': None, 'round_anchor_y': None, 'opacity': 1.0, 'z': 0, 'reset_animations_events': {}, 'color': [1.0, 1.0, 1.0, 1.0], 'adjust_top': 0, 'adjust_bottom': 0, 'adjust_left': 0, 'adjust_right': 0, 'expire': None, 'key': None, 'widget': None, 'events_when_added': [], 'events_when_removed': [], 'bitmap_font': False, 'font_kerning': True, 'bold': False, 'italic': False, 'number_grouping': False, 'min_digits': 0, 'halign': 'center', 'valign': 'middle', 'rotation': 0, 'scale': 1.0, 'casing': None, 'outline_color': [1.0, 1.0, 1.0, 1.0], 'outline_width': 0}, {'type': 'Text', 'text': 'Free Play', 'font_size': 75, 'style': ['bf_blue'], 'y': 'top - 550', '_default_settings': ['type', 'text', 'font_size', 'style', 'y'], 'x': None, 'anchor_x': 'center', 'anchor_y': 'center', 'round_anchor_x': None, 'round_anchor_y': None, 'opacity': 1.0, 'z': 0, 'reset_animations_events': {}, 'color': [1.0, 1.0, 1.0, 1.0], 'adjust_top': 0, 'adjust_bottom': 0, 'adjust_left': 0, 'adjust_right': 0, 'expire': None, 'key': None, 'widget': None, 'events_when_added': [], 'events_when_removed': [], 'bitmap_font': False, 'font_kerning': True, 'bold': False, 'italic': False, 'number_grouping': False, 'min_digits': 0, 'halign': 'center', 'valign': 'middle', 'rotation': 0, 'scale': 1.0, 'casing': None, 'outline_color': [1.0, 1.0, 1.0, 1.0], 'outline_width': 0, 'animations': None}], 'transition': {'type': 'move_in', 'duration': 1.0, 'direction': 'right', 'easing': 'out_quad'}, 'target': None, 'background_color': [0.0, 0.0, 0.0, 1.0], 'priority': None, 'show': True, 'force': False, 'expire': None, 'slide': None, 'tokens': {}, 'action': 'play'}}, 'context': 'show_1', 'calling_context': 0, 'priority': 10, 'show_tokens': {}, 'start_time': 6213.945}
2023-12-05 12:59:25,365 : mpfmc : SlidePlayer: Play called with settings={'press_start': {'widgets': [{'type': 'Text', 'text': 'Press Start!', 'style': ['bf_blue'], 'font_size': 100, 'y': 'top - 250', 'animations': {'pre_show_slide': [{'property': ['opacity'], 'value': ['0'], 'duration': 0.5, 'relative': False, 'timing': 'after_previous', 'repeat': False, 'easing': 'linear'}, {'property': ['opacity'], 'value': ['1'], 'duration': 0.5, 'repeat': False, 'relative': False, 'timing': 'after_previous', 'easing': 'linear'}]}, '_default_settings': ['type', 'text', 'style', 'font_size', 'y', 'animations'], 'x': None, 'anchor_x': 'center', 'anchor_y': 'center', 'round_anchor_x': None, 'round_anchor_y': None, 'opacity': 1.0, 'z': 0, 'reset_animations_events': {}, 'color': [1.0, 1.0, 1.0, 1.0], 'adjust_top': 0, 'adjust_bottom': 0, 'adjust_left': 0, 'adjust_right': 0, 'expire': None, 'key': None, 'widget': None, 'events_when_added': [], 'events_when_removed': [], 'bitmap_font': False, 'font_kerning': True, 'bold': False, 'italic': False, 'number_grouping': False, 'min_digits': 0, 'halign': 'center', 'valign': 'middle', 'rotation': 0, 'scale': 1.0, 'casing': None, 'outline_color': [1.0, 1.0, 1.0, 1.0], 'outline_width': 0}, {'type': 'Text', 'text': 'Free Play', 'font_size': 75, 'style': ['bf_blue'], 'y': 'top - 550', '_default_settings': ['type', 'text', 'font_size', 'style', 'y'], 'x': None, 'anchor_x': 'center', 'anchor_y': 'center', 'round_anchor_x': None, 'round_anchor_y': None, 'opacity': 1.0, 'z': 0, 'reset_animations_events': {}, 'color': [1.0, 1.0, 1.0, 1.0], 'adjust_top': 0, 'adjust_bottom': 0, 'adjust_left': 0, 'adjust_right': 0, 'expire': None, 'key': None, 'widget': None, 'events_when_added': [], 'events_when_removed': [], 'bitmap_font': False, 'font_kerning': True, 'bold': False, 'italic': False, 'number_grouping': False, 'min_digits': 0, 'halign': 'center', 'valign': 'middle', 'rotation': 0, 'scale': 1.0, 'casing': None, 'outline_color': [1.0, 1.0, 1.0, 1.0], 'outline_width': 0, 'animations': None}], 'transition': {'type': 'move_in', 'duration': 1.0, 'direction': 'right', 'easing': 'out_quad'}, 'target': None, 'background_color': [0.0, 0.0, 0.0, 1.0], 'priority': None, 'show': True, 'force': False, 'expire': None, 'slide': None, 'tokens': {}, 'action': 'play'}}
2023-12-05 12:59:25,382 : EventManager : Event: ======'slide_press_start_created'====== Args={}
2023-12-05 12:59:25,388 : EventManager : Event: ======'slide_press_start_active'====== Args={}
2023-12-05 12:59:27,079 : EventManager : Event: ======'game_started'====== Args={}
2023-12-05 12:59:27,079 : EventManager : Event: ======'slides_clear'====== Args={'context': 'show_1'}
2023-12-05 12:59:27,079 : EventManager : Event: ======'player_added'====== Args={'player': <Player 1>, 'num': 1}
2023-12-05 12:59:27,080 : EventManager : Event: ======'player_index'====== Args={'value': 0, 'prev_value': 0, 'change': 0, 'player_num': 1}
2023-12-05 12:59:27,080 : EventManager : Event: ======'player_number'====== Args={'value': 1, 'prev_value': 1, 'change': 0, 'player_num': 1}
2023-12-05 12:59:27,080 : EventManager : Event: ======'player_score'====== Args={'value': 0, 'prev_value': 0, 'change': 0, 'player_num': 1}
2023-12-05 12:59:27,080 : EventManager : Event: ======'player_has_a_highscore'====== Args={'value': 0, 'prev_value': 0, 'change': 0, 'player_num': 1}
2023-12-05 12:59:27,080 : EventManager : Event: ======'player_is_welcome_played'====== Args={'value': 0, 'prev_value': 0, 'change': 0, 'player_num': 1}
2023-12-05 12:59:27,080 : EventManager : Event: ======'player_ball'====== Args={'value': 1, 'prev_value': 0, 'change': 1, 'player_num': 1}
2023-12-05 12:59:27,080 : EventManager : Event: ======'player_turn_start'====== Args={'number': 1, 'player': <Player 1>}
2023-12-05 12:59:27,081 : EventManager : Event: ======'slide_press_start_removed'====== Args={}
2023-12-05 12:59:27,081 : EventManager : Event: ======'slide_window_blank_active'====== Args={}
2023-12-05 12:59:27,108 : mpfmc : Stopping...
2023-12-05 12:59:27,108 : EventManager : Event: ======'shutdown'====== Args={}
2023-12-05 12:59:27,109 : AudioInterface : Disabling audio playback
2023-12-05 12:59:27,187 : mpfmc : Loop rate 25.33 Hz
2023-12-05 12:59:27,188 : EventManager : Event: ======'player_shot_sling_p1_enabled'====== Args={'value': True, 'prev_value': 0, 'change': 1, 'player_num': 1}
2023-12-05 12:59:27,188 : EventManager : Event: ======'player_shot_sling_p2_enabled'====== Args={'value': True, 'prev_value': 0, 'change': 1, 'player_num': 1}
2023-12-05 12:59:27,188 : EventManager : Event: ======'player_shot_catch_p1_enabled'====== Args={'value': True, 'prev_value': 0, 'change': 1, 'player_num': 1}
2023-12-05 12:59:27,188 : EventManager : Event: ======'player_shot_catch_p2_enabled'====== Args={'value': True, 'prev_value': 0, 'change': 1, 'player_num': 1}
2023-12-05 12:59:27,188 : kivy : Base: Leaving application in progress...
2023-12-05 12:59:27,189 : EventManager : Event: ======'slides_play'====== Args={'settings': {'round_started': {'target': None, 'background_color': [0.0, 0.0, 0.0, 1.0], 'priority': None, 'show': True, 'force': False, 'expire': None, 'slide': None, 'tokens': {}, 'action': 'play'}}, 'context': 'base', 'calling_context': 'mode_base_started', 'priority': 100, 'player': 1, 'ball': 1, 'balls_remaining': 2, 'is_extra_ball': False}
2023-12-05 12:59:27,190 : mpfmc : Stopping...
2023-12-05 12:59:27,190 : EventManager : Event: ======'shutdown'====== Args={}
2023-12-05 12:59:27,190 : mpfmc : SlidePlayer: Play called with settings={'round_started': {'target': None, 'background_color': [0.0, 0.0, 0.0, 1.0], 'priority': None, 'show': True, 'force': False, 'expire': None, 'slide': None, 'tokens': {}, 'action': 'play'}}
2023-12-05 12:59:27,193 : EventManager : Event: ======'slide_round_started_created'====== Args={}
2023-12-05 12:59:27,194 : mpfmc : Loop rate 25.29 Hz
2023-12-05 12:59:27,194 : root : MC run loop ended.
2023-12-05 12:59:27,195 : root : Stopping child threads... (2 remaining)
2023-12-05 12:59:28,103 : root : All child threads stopped.
