2023-12-01 17:25:15,704 : kivy : Kivy: v2.2.1
2023-12-01 17:25:15,705 : kivy : Kivy: Installed at "/home/ohm/.local/lib/python3.10/site-packages/kivy/__init__.py"
2023-12-01 17:25:15,705 : kivy : Python: v3.10.12 (main, Nov 20 2023, 15:14:05) [GCC 11.4.0]
2023-12-01 17:25:15,705 : kivy : Python: Interpreter at "/usr/bin/python3"
2023-12-01 17:25:15,746 : kivy : Factory: 190 symbols loaded
2023-12-01 17:25:16,154 : kivy : ImageLoaderFFPy: Using ffpyplayer 4.5.1
2023-12-01 17:25:16,154 : kivy : Image: Providers: img_tex, img_dds, img_sdl2, img_pil, img_ffpyplayer 
2023-12-01 17:25:16,375 : kivy : VideoFFPy: Using ffpyplayer 4.5.1
2023-12-01 17:25:16,376 : kivy : Video: Provider: ffpyplayer(['video_ffmpeg'] ignored)
2023-12-01 17:25:16,453 : root : Loading MPF-MC controller
2023-12-01 17:25:16,456 : YamlMultifileConfigLoader : Machine config file #1: config
2023-12-01 17:25:16,456 : ConfigProcessor : Loading config from file /home/ohm/.local/lib/python3.10/site-packages/mpfmc/mcconfig.yaml.
2023-12-01 17:25:16,471 : ConfigProcessor : Loading config: /home/ohm/.local/lib/python3.10/site-packages/mpfmc/mcconfig.yaml
2023-12-01 17:25:16,472 : ConfigProcessor : Loading config from file /home/ohm/dodgeball/config/config.
2023-12-01 17:25:16,481 : ConfigProcessor : Loading config: /home/ohm/dodgeball/config/config
2023-12-01 17:25:16,482 : ConfigProcessor : Loading config: /home/ohm/dodgeball/config/lights.yaml
2023-12-01 17:25:16,484 : ConfigProcessor : Loading config: /home/ohm/dodgeball/config/coils.yaml
2023-12-01 17:25:16,486 : ConfigProcessor : Loading config: /home/ohm/dodgeball/config/switches.yaml
2023-12-01 17:25:16,487 : ConfigProcessor : Loading config: /home/ohm/dodgeball/config/playervars.yaml
2023-12-01 17:25:16,489 : ConfigProcessor : Config file cache created: /tmp/a2c1ba82a89a56dee0acd48b5b927038.mpf_cache
2023-12-01 17:25:16,489 : ConfigProcessor : Loading config from cache: /tmp/ecc2466debc0cbb894d1a2fba8912b38.mpf_cache
2023-12-01 17:25:16,489 : ConfigProcessor : Loading config from cache: /tmp/32cc0edc83e6cd7fce5d5a48c9d631d2.mpf_cache
2023-12-01 17:25:16,490 : ConfigProcessor : Loading config from cache: /tmp/0fe63fd00a83faf3a344d3dd33ac8b6e.mpf_cache
2023-12-01 17:25:16,490 : mpfmc : Mission Pinball Framework Media Controller (MPF-MC) v0.57.0.dev12. Requires MPF v0.57.0.dev32 or newer.
2023-12-01 17:25:16,490 : mpfmc : Found MPF v0.57.0.dev32
2023-12-01 17:25:16,490 : mpfmc : Machine path: /home/ohm/dodgeball
2023-12-01 17:25:16,490 : mpfmc : Starting clock at 60.0Hz
2023-12-01 17:25:16,510 : kivy : Text: Provider: sdl2
2023-12-01 17:25:16,565 : kivy : Window: Provider: sdl2
2023-12-01 17:25:18,146 : kivy : GL: Using the "OpenGL" graphics system
2023-12-01 17:25:18,147 : kivy : GL: Backend used <sdl2>
2023-12-01 17:25:18,147 : kivy : GL: OpenGL version <b'4.6 (Compatibility Profile) Mesa 23.0.4-0ubuntu1~22.04.1'>
2023-12-01 17:25:18,147 : kivy : GL: OpenGL vendor <b'Intel'>
2023-12-01 17:25:18,147 : kivy : GL: OpenGL renderer <b'Mesa Intel(R) UHD Graphics 600 (GLK 2)'>
2023-12-01 17:25:18,147 : kivy : GL: OpenGL parsed version: 4, 6
2023-12-01 17:25:18,147 : kivy : GL: Shading version <b'4.60'>
2023-12-01 17:25:18,147 : kivy : GL: Texture max size <16384>
2023-12-01 17:25:18,149 : kivy : GL: Texture max units <32>
2023-12-01 17:25:18,229 : kivy : Window: auto add sdl2 input provider
2023-12-01 17:25:18,229 : kivy : Window: virtual keyboard not allowed, single mode, not docked
2023-12-01 17:25:18,511 : AudioInterface : Initialized
2023-12-01 17:25:18,511 : AudioInterface : Loaded SDL 2.0.14
2023-12-01 17:25:18,511 : AudioInterface : Loaded SDL_Mixer 2.0.4
2023-12-01 17:25:18,511 : AudioInterface : Loaded GStreamer 1.10.4.0
2023-12-01 17:25:18,511 : AudioInterface : Loaded GLib 2.72.4
2023-12-01 17:25:18,511 : AudioInterface : Settings requested - rate: 44100, channels: 1, buffer: 2048 samples
2023-12-01 17:25:18,511 : AudioInterface : Settings in use - rate: 44100, channels: 1, buffer: 2048 samples (4096 bytes @ 2 bytes per sample)
2023-12-01 17:25:18,512 : SoundSystem : Setting master volume to 0.0
2023-12-01 17:25:18,512 : AudioInterface : Enabling audio playback
2023-12-01 17:25:18,595 : kivy : Base: Start application main loop
2023-12-01 17:25:18,595 : EventManager : Event: ======'display_window_initialized'====== Args={}
2023-12-01 17:25:18,610 : mpfmc : Display: Setting 'window' as default display
2023-12-01 17:25:18,616 : mpfmc : ASPECT RATIO MISMATCH: The on-screen window is not the same aspect ratio as the display called 'window'. The logical display will be scaled from 3840x2160 to the window size 3770x2096, and a black bar will make up the difference
2023-12-01 17:25:18,617 : EventManager : Event: ======'displays_initialized'====== Args={}
2023-12-01 17:25:18,619 : EventManager : Event: ======'slide_window_blank_created'====== Args={}
2023-12-01 17:25:18,619 : EventManager : Event: ======'display_window_ready'====== Args={}
2023-12-01 17:25:18,634 : EventManager : Event: ======'init_phase_1'====== Args={}
2023-12-01 17:25:18,639 : EventManager : Event: ======'mc_ready'====== Args={}
2023-12-01 17:25:18,640 : EventManager : Event: ======'init_phase_2'====== Args={}
2023-12-01 17:25:18,642 : EventManager : Event: ======'init_phase_3'====== Args={}
2023-12-01 17:25:18,644 : EventManager : Event: ======'init_phase_4'====== Args={}
2023-12-01 17:25:18,644 : EventManager : Event: ======'init_phase_5'====== Args={}
2023-12-01 17:25:18,880 : kivy : GL: NPOT texture support is available
2023-12-01 17:25:18,954 : EventManager : Event: ======'loading_assets'====== Args={'total': 1, 'loaded': 1, 'remaining': 0, 'percent': 100}
2023-12-01 17:25:18,954 : AssetManager : Asset loading took: 0.4407346248626709
2023-12-01 17:25:18,954 : EventManager : Event: ======'asset_loading_complete'====== Args={}
2023-12-01 17:25:18,954 : AssetManager : Loading assets: 1/1 (100%)
2023-12-01 17:25:18,954 : EventManager : Event: ======'init_done'====== Args={}
2023-12-01 17:25:18,954 : MPF-MC BCP Server : Starting up on localhost port 5050
2023-12-01 17:25:18,955 : MPF-MC BCP Server : Waiting for a connection...
2023-12-01 17:25:18,959 : EventManager : Event: ======'client_disconnected'====== Args={'host': '127.0.0.1', 'port': 5050}
2023-12-01 17:25:19,009 : MPF-MC BCP Server : Received connection from: 127.0.0.1:55704
2023-12-01 17:25:19,021 : EventManager : Event: ======'client_connected'====== Args={'host': '127.0.0.1', 'port': 55704}
2023-12-01 17:25:19,071 : EventManager : Event: ======'machine_var_p_roc_version'====== Args={'value': 2, 'prev_value': None, 'change': True}
2023-12-01 17:25:19,071 : EventManager : Event: ======'machine_var_p_roc_revision'====== Args={'value': 18, 'prev_value': None, 'change': True}
2023-12-01 17:25:19,071 : EventManager : Event: ======'machine_var_p_roc_hardware_version'====== Args={'value': 3, 'prev_value': None, 'change': True}
2023-12-01 17:25:19,071 : EventManager : Event: ======'machine_var_credits_string'====== Args={'value': 'FREE PLAY', 'prev_value': None, 'change': True}
2023-12-01 17:25:19,071 : EventManager : Event: ======'machine_var_master_volume'====== Args={'value': 0.5, 'prev_value': None, 'change': True}
2023-12-01 17:25:19,071 : EventManager : Event: ======'machine_var_mpf_version'====== Args={'value': 'Mission Pinball Framework v0.57.0.dev32', 'prev_value': None, 'change': True}
2023-12-01 17:25:19,072 : EventManager : Event: ======'machine_var_mpf_extended_version'====== Args={'value': 'Mission Pinball Framework v0.57.0.dev32, Config version:6, Show version: 6, BCP version:1.1', 'prev_value': None, 'change': True}
2023-12-01 17:25:19,072 : EventManager : Event: ======'machine_var_python_version'====== Args={'value': '3.10.12', 'prev_value': None, 'change': True}
2023-12-01 17:25:19,072 : EventManager : Event: ======'machine_var_platform'====== Args={'value': 'Linux-6.2.0-37-generic-x86_64-with-glibc2.35', 'prev_value': None, 'change': True}
2023-12-01 17:25:19,072 : EventManager : Event: ======'machine_var_platform_system'====== Args={'value': 'Linux', 'prev_value': None, 'change': True}
2023-12-01 17:25:19,072 : EventManager : Event: ======'machine_var_platform_release'====== Args={'value': '6.2.0-37-generic', 'prev_value': None, 'change': True}
2023-12-01 17:25:19,072 : EventManager : Event: ======'machine_var_platform_version'====== Args={'value': '#38~22.04.1-Ubuntu SMP PREEMPT_DYNAMIC Thu Nov  2 18:01:13 UTC 2', 'prev_value': None, 'change': True}
2023-12-01 17:25:19,072 : EventManager : Event: ======'machine_var_platform_machine'====== Args={'value': 'x86_64', 'prev_value': None, 'change': True}
2023-12-01 17:25:19,072 : EventManager : Event: ======'machine_var_mc_version'====== Args={'value': 'MPF-MC v0.57.0.dev12', 'prev_value': None, 'change': True}
2023-12-01 17:25:19,072 : EventManager : Event: ======'machine_var_mc_extended_version'====== Args={'value': 'MPF-MC v0.57.0.dev12 (config_version=6, BCP v1.1,                      Requires MPF API compatibility v0.57.0.dev32 or newer)', 'prev_value': None, 'change': True}
2023-12-01 17:25:19,072 : EventManager : Event: ======'machine_var_audits_events_game_ended'====== Args={'value': 0, 'prev_value': None, 'change': True}
2023-12-01 17:25:19,072 : EventManager : Event: ======'machine_var_audits_events_game_started'====== Args={'value': 1, 'prev_value': None, 'change': True}
2023-12-01 17:25:19,073 : EventManager : Event: ======'machine_var_audits_player_score'====== Args={'value': {'average': 0, 'top': [], 'total': 0}, 'prev_value': None, 'change': True}
2023-12-01 17:25:19,073 : EventManager : Event: ======'machine_var_audits_switches_s_catch_p1'====== Args={'value': 0, 'prev_value': None, 'change': True}
2023-12-01 17:25:19,073 : EventManager : Event: ======'machine_var_audits_switches_s_catch_p2'====== Args={'value': 0, 'prev_value': None, 'change': True}
2023-12-01 17:25:19,073 : EventManager : Event: ======'machine_var_audits_switches_s_sling_p1'====== Args={'value': 0, 'prev_value': None, 'change': True}
2023-12-01 17:25:19,073 : EventManager : Event: ======'machine_var_audits_switches_s_sling_p2'====== Args={'value': 0, 'prev_value': None, 'change': True}
2023-12-01 17:25:19,073 : EventManager : Event: ======'machine_var_audits_switches_s_start_p1'====== Args={'value': 0, 'prev_value': None, 'change': True}
2023-12-01 17:25:19,073 : EventManager : Event: ======'machine_var_audits_switches_s_start_p2'====== Args={'value': 0, 'prev_value': None, 'change': True}
2023-12-01 17:25:19,073 : EventManager : Event: ======'machine_var_audits_switches_s_trougheject_p1'====== Args={'value': 0, 'prev_value': None, 'change': True}
2023-12-01 17:25:19,073 : EventManager : Event: ======'machine_var_audits_switches_s_trougheject_p2'====== Args={'value': 0, 'prev_value': None, 'change': True}
2023-12-01 17:25:19,073 : SoundSystem : Setting master volume to 0.5
2023-12-01 17:25:19,083 : EventManager : Event: ======'mc_reset_phase_1'====== Args={}
2023-12-01 17:25:19,083 : EventManager : Event: ======'mc_reset_phase_2'====== Args={}
2023-12-01 17:25:19,083 : EventManager : Event: ======'mc_reset_phase_3'====== Args={}
2023-12-01 17:25:19,083 : EventManager : Event: ======'mc_reset_complete'====== Args={}
