2023-12-05 15:04:37,279 : INFO : root : Loading config.
2023-12-05 15:04:37,283 : INFO : YamlMultifileConfigLoader : Machine config file #1: config.yaml
2023-12-05 15:04:37,283 : INFO : ConfigProcessor : Loading config from cache: /tmp/bf38e15644d30ba1eb87297a18d33bd2.mpf_cache
2023-12-05 15:04:37,344 : INFO : ConfigProcessor : Loading config from cache: /tmp/ecc2466debc0cbb894d1a2fba8912b38.mpf_cache
2023-12-05 15:04:37,344 : INFO : ConfigProcessor : Loading config from cache: /tmp/32cc0edc83e6cd7fce5d5a48c9d631d2.mpf_cache
2023-12-05 15:04:37,345 : INFO : ConfigProcessor : Loading config from cache: /tmp/0fe63fd00a83faf3a344d3dd33ac8b6e.mpf_cache
2023-12-05 15:04:37,345 : INFO : ConfigProcessor : Loading config from cache: /tmp/4923a60b897e22ae41d9973250e86152.mpf_cache
2023-12-05 15:04:37,346 : INFO : Machine : Mission Pinball Framework Core Engine v0.57.0.dev32
2023-12-05 15:04:37,346 : INFO : Machine : Command line arguments: {'no_load_cache': False, 'create_config_cache': True, 'bcp': True, 'configfile': ['config.yaml'], 'force_assets_load': False, 'jsonlogging': False, 'logfile': 'logs/2023-12-05-15-04-37-mpf-dodgeball.log', 'pause': False, 'production': False, 'text_ui': False, 'loglevel': 15, 'consoleloglevel': 20, 'force_platform': None, 'syslog_address': None, 'mc_file_name': None, 'no_sound': False}
2023-12-05 15:04:37,346 : INFO : Machine : MPF path: /home/ohm/.local/lib/python3.10/site-packages/mpf
2023-12-05 15:04:37,346 : INFO : Machine : Machine path: /home/ohm/dodgeball
2023-12-05 15:04:37,346 : INFO : Machine : Platform: linux
2023-12-05 15:04:37,346 : INFO : Machine : Python executable location: /usr/bin/python3
2023-12-05 15:04:37,346 : INFO : Machine : Python version: 3.10.12 (64-bit)
2023-12-05 15:04:37,353 : INFO : Machine : Initializing MPF...
2023-12-05 15:04:37,412 : INFO : P-Roc : Connecting to P-ROC
2023-12-05 15:04:37,474 : INFO : P-Roc : Successfully connected to P-ROC/P3-ROC. Firmware Version: 2. Firmware Revision: 18. Hardware Board ID: 3
2023-12-05 15:04:37,487 : INFO : EventManager : Event: ======'machine_var_p_roc_version'====== Args={'value': 2, 'prev_value': None, 'change': True}
2023-12-05 15:04:37,487 : INFO : EventManager : Event: ======'machine_var_p_roc_revision'====== Args={'value': 18, 'prev_value': None, 'change': True}
2023-12-05 15:04:37,487 : INFO : EventManager : Event: ======'machine_var_p_roc_hardware_version'====== Args={'value': 3, 'prev_value': None, 'change': True}
2023-12-05 15:04:37,487 : INFO : EventManager : Event: ======'machine_var_credits_string'====== Args={'value': 'FREE PLAY', 'prev_value': None, 'change': True}
2023-12-05 15:04:37,552 : INFO : EventManager : Event: ======'machine_var_master_volume'====== Args={'value': 0.5, 'prev_value': None, 'change': True}
2023-12-05 15:04:37,553 : INFO : EventManager : Event: ======'machine_var_mpf_version'====== Args={'value': 'Mission Pinball Framework v0.57.0.dev32', 'prev_value': None, 'change': True}
2023-12-05 15:04:37,553 : INFO : EventManager : Event: ======'machine_var_mpf_extended_version'====== Args={'value': 'Mission Pinball Framework v0.57.0.dev32, Config version:6, Show version: 6, BCP version:1.1', 'prev_value': None, 'change': True}
2023-12-05 15:04:37,553 : INFO : EventManager : Event: ======'machine_var_python_version'====== Args={'value': '3.10.12', 'prev_value': None, 'change': True}
2023-12-05 15:04:37,556 : INFO : EventManager : Event: ======'machine_var_platform'====== Args={'value': 'Linux-6.2.0-37-generic-x86_64-with-glibc2.35', 'prev_value': None, 'change': True}
2023-12-05 15:04:37,556 : INFO : EventManager : Event: ======'machine_var_platform_system'====== Args={'value': 'Linux', 'prev_value': None, 'change': True}
2023-12-05 15:04:37,556 : INFO : EventManager : Event: ======'machine_var_platform_release'====== Args={'value': '6.2.0-37-generic', 'prev_value': None, 'change': True}
2023-12-05 15:04:37,556 : INFO : EventManager : Event: ======'machine_var_platform_version'====== Args={'value': '#38~22.04.1-Ubuntu SMP PREEMPT_DYNAMIC Thu Nov  2 18:01:13 UTC 2', 'prev_value': None, 'change': True}
2023-12-05 15:04:37,556 : INFO : EventManager : Event: ======'machine_var_platform_machine'====== Args={'value': 'x86_64', 'prev_value': None, 'change': True}
2023-12-05 15:04:37,556 : INFO : EventManager : Event: ======'init_phase_1'====== Args={}
2023-12-05 15:04:37,584 : INFO : EventManager : Event: ======'logicblock_has_highscore_updated'====== Args={'value': 0, 'enabled': True}
2023-12-05 15:04:37,585 : INFO : EventManager : Event: ======'logicblock_has_highscore_updated'====== Args={'value': 0, 'enabled': True}
2023-12-05 15:04:37,587 : INFO : EventManager : Event: ======'init_phase_2'====== Args={}
2023-12-05 15:04:37,604 : INFO : SwitchController : Found active switch: (3, <Platform.P3-ROC>) <switch.s_trougheject_p1>
2023-12-05 15:04:37,604 : INFO : SwitchController : Found active switch: (11, <Platform.P3-ROC>) <switch.s_trougheject_p2>
2023-12-05 15:04:37,608 : INFO : EventManager : Event: ======'bcp_connection_attempt'====== Args={'name': 'local_display', 'host': 'localhost', 'port': 5050}
2023-12-05 15:04:37,610 : INFO : BCPClientSocket : Connecting BCP to 'local_display' at localhost:5050...
2023-12-05 15:04:40,551 : INFO : BCPClientSocket : Connected BCP to 'local_display' localhost:5050
2023-12-05 15:04:40,551 : INFO : EventManager : Event: ======'bcp_clients_connected'====== Args={}
2023-12-05 15:04:40,552 : INFO : ball_device.bd_trough : BCH: Initial count: 1
2023-12-05 15:04:40,552 : INFO : ball_device.bd_trough : State: idle
2023-12-05 15:04:40,553 : INFO : ball_device.bd_catch_p1 : BCH: Initial count: 0
2023-12-05 15:04:40,553 : INFO : ball_device.bd_catch_p1 : State: idle
2023-12-05 15:04:40,554 : INFO : ball_device.bd_catch_p2 : BCH: Initial count: 0
2023-12-05 15:04:40,555 : INFO : ball_device.bd_catch_p2 : State: idle
2023-12-05 15:04:40,578 : INFO : EventManager : Event: ======'init_phase_3'====== Args={}
2023-12-05 15:04:40,587 : INFO : EventManager : Event: ======'init_phase_4'====== Args={}
2023-12-05 15:04:40,588 : INFO : EventManager : Event: ======'machine_var_mc_version'====== Args={'value': 'MPF-MC v0.57.0.dev12', 'prev_value': None, 'change': True}
2023-12-05 15:04:40,588 : INFO : EventManager : Event: ======'machine_var_mc_extended_version'====== Args={'value': 'MPF-MC v0.57.0.dev12 (config_version=6, BCP v1.1,                      Requires MPF API compatibility v0.57.0.dev32 or newer)', 'prev_value': None, 'change': True}
2023-12-05 15:04:40,592 : INFO : BallController : Initial balls found: 1
2023-12-05 15:04:40,593 : INFO : EventManager : Event: ======'machine_var_audits_events_game_ended'====== Args={'value': 0, 'prev_value': None, 'change': True}
2023-12-05 15:04:40,594 : INFO : EventManager : Event: ======'machine_var_audits_events_game_started'====== Args={'value': 32, 'prev_value': None, 'change': True}
2023-12-05 15:04:40,594 : INFO : EventManager : Event: ======'machine_var_audits_player_score'====== Args={'value': {'average': 0, 'top': [], 'total': 0}, 'prev_value': None, 'change': True}
2023-12-05 15:04:40,594 : INFO : EventManager : Event: ======'machine_var_audits_shots_catch_p1'====== Args={'value': 9, 'prev_value': None, 'change': True}
2023-12-05 15:04:40,594 : INFO : EventManager : Event: ======'machine_var_audits_shots_catch_p2'====== Args={'value': 1, 'prev_value': None, 'change': True}
2023-12-05 15:04:40,594 : INFO : EventManager : Event: ======'machine_var_audits_shots_sling_p1'====== Args={'value': 10, 'prev_value': None, 'change': True}
2023-12-05 15:04:40,595 : INFO : EventManager : Event: ======'machine_var_audits_shots_sling_p2'====== Args={'value': 1, 'prev_value': None, 'change': True}
2023-12-05 15:04:40,595 : INFO : EventManager : Event: ======'machine_var_audits_switches_s_catch_p1'====== Args={'value': 9, 'prev_value': None, 'change': True}
2023-12-05 15:04:40,595 : INFO : EventManager : Event: ======'machine_var_audits_switches_s_catch_p2'====== Args={'value': 1, 'prev_value': None, 'change': True}
2023-12-05 15:04:40,595 : INFO : EventManager : Event: ======'machine_var_audits_switches_s_sling_p1'====== Args={'value': 10, 'prev_value': None, 'change': True}
2023-12-05 15:04:40,595 : INFO : EventManager : Event: ======'machine_var_audits_switches_s_sling_p2'====== Args={'value': 1, 'prev_value': None, 'change': True}
2023-12-05 15:04:40,595 : INFO : EventManager : Event: ======'machine_var_audits_switches_s_start_p1'====== Args={'value': 1, 'prev_value': None, 'change': True}
2023-12-05 15:04:40,595 : INFO : EventManager : Event: ======'machine_var_audits_switches_s_start_p2'====== Args={'value': 0, 'prev_value': None, 'change': True}
2023-12-05 15:04:40,596 : INFO : EventManager : Event: ======'machine_var_audits_switches_s_trougheject_p1'====== Args={'value': 0, 'prev_value': None, 'change': True}
2023-12-05 15:04:40,596 : INFO : EventManager : Event: ======'machine_var_audits_switches_s_trougheject_p2'====== Args={'value': 0, 'prev_value': None, 'change': True}
2023-12-05 15:04:40,598 : INFO : EventManager : Event: ======'init_phase_5'====== Args={}
2023-12-05 15:04:40,599 : INFO : EventManager : Event: ======'init_done'====== Args={}
2023-12-05 15:04:40,603 : INFO : EventManager : Event: ======'machine_reset_phase_1'====== Args={}
2023-12-05 15:04:40,614 : INFO : EventManager : Event: ======'machine_reset_phase_2'====== Args={}
2023-12-05 15:04:40,614 : INFO : EventManager : Event: ======'machine_reset_phase_3'====== Args={}
2023-12-05 15:04:40,615 : INFO : EventManager : Event: ======'reset_complete'====== Args={}
2023-12-05 15:04:40,615 : INFO : EventManager : Event: ======'mode_attract_will_start'====== Args={}
2023-12-05 15:04:40,616 : INFO : EventManager : Event: ======'mode_attract_starting'====== Args={}
2023-12-05 15:04:40,617 : INFO : Mode.attract : Started. Priority: 10
2023-12-05 15:04:40,617 : INFO : EventManager : Event: ======'modes_active_modes_changed'====== Args={}
2023-12-05 15:04:40,617 : INFO : EventManager : Event: ======'mode_attract_started'====== Args={}
2023-12-05 15:04:40,619 : INFO : EventManager : Event: ======'collecting_balls_complete'====== Args={}
2023-12-05 15:04:40,621 : INFO : Machine : Starting the main run loop.
2023-12-05 15:04:40,641 : INFO : EventManager : Event: ======'slide_press_start_created'====== Args={'_from_bcp': True}
2023-12-05 15:04:40,682 : INFO : EventManager : Event: ======'slide_press_start_active'====== Args={'_from_bcp': True}
2023-12-05 15:04:41,716 : INFO : SwitchController : <<<<<<< 's_start_p1' active >>>>>>>
2023-12-05 15:04:41,837 : INFO : SwitchController : <<<<<<< 's_start_p1' inactive >>>>>>>
2023-12-05 15:04:41,838 : INFO : EventManager : Event: ======'request_to_start_game'====== Args={}
2023-12-05 15:04:41,838 : INFO : EventManager : Event: ======'game_start'====== Args={'buttons': [], 'hold_time': 0.12199999999984357}
2023-12-05 15:04:41,838 : INFO : EventManager : Event: ======'mode_game_will_start'====== Args={'buttons': [], 'hold_time': 0.12199999999984357}
2023-12-05 15:04:41,839 : INFO : EventManager : Event: ======'mode_game_starting'====== Args={'buttons': [], 'hold_time': 0.12199999999984357}
2023-12-05 15:04:41,839 : INFO : EventManager : Event: ======'mode_attract_will_stop'====== Args={}
2023-12-05 15:04:41,839 : INFO : EventManager : Event: ======'mode_attract_stopping'====== Args={}
2023-12-05 15:04:41,839 : INFO : Mode.attract : Stopped.
2023-12-05 15:04:41,839 : INFO : EventManager : Event: ======'modes_active_modes_changed'====== Args={}
2023-12-05 15:04:41,840 : INFO : EventManager : Event: ======'mode_attract_stopped'====== Args={}
2023-12-05 15:04:41,840 : INFO : EventManager : Event: ======'clear'====== Args={'key': 'attract'}
2023-12-05 15:04:41,840 : INFO : Mode.game : Started. Priority: 20
2023-12-05 15:04:41,840 : INFO : EventManager : Event: ======'modes_active_modes_changed'====== Args={}
2023-12-05 15:04:41,840 : INFO : EventManager : Event: ======'mode_game_started'====== Args={'buttons': [], 'hold_time': 0.12199999999984357}
2023-12-05 15:04:41,841 : INFO : EventManager : Event: ======'game_will_start'====== Args={}
2023-12-05 15:04:41,841 : INFO : EventManager : Event: ======'game_starting'====== Args={'game': <Mode.game>}
2023-12-05 15:04:41,842 : INFO : EventManager : Event: ======'player_add_request'====== Args={}
2023-12-05 15:04:41,842 : INFO : EventManager : Event: ======'player_will_add'====== Args={'number': 1}
2023-12-05 15:04:41,842 : INFO : EventManager : Event: ======'player_adding'====== Args={'player': <Player 1>, 'number': 1}
2023-12-05 15:04:41,843 : INFO : EventManager : Event: ======'player_added'====== Args={'player': <Player 1>, 'num': 1}
2023-12-05 15:04:41,843 : INFO : Mode.game : Player added successfully. Total players: 1
2023-12-05 15:04:41,843 : INFO : EventManager : Event: ======'player_index'====== Args={'value': 0, 'prev_value': 0, 'change': 0, 'player_num': 1}
2023-12-05 15:04:41,843 : INFO : EventManager : Event: ======'player_number'====== Args={'value': 1, 'prev_value': 1, 'change': 0, 'player_num': 1}
2023-12-05 15:04:41,843 : INFO : EventManager : Event: ======'player_has_a_highscore'====== Args={'value': 0, 'prev_value': 0, 'change': 0, 'player_num': 1}
2023-12-05 15:04:41,843 : INFO : EventManager : Event: ======'player_is_welcome_played'====== Args={'value': 0, 'prev_value': 0, 'change': 0, 'player_num': 1}
2023-12-05 15:04:41,843 : INFO : EventManager : Event: ======'player_score'====== Args={'value': 0, 'prev_value': 0, 'change': 0, 'player_num': 1}
2023-12-05 15:04:41,844 : INFO : EventManager : Event: ======'game_started'====== Args={}
2023-12-05 15:04:41,844 : INFO : EventManager : Event: ======'logicblock_has_highscore_updated'====== Args={'value': 0, 'enabled': True}
2023-12-05 15:04:41,844 : INFO : EventManager : Event: ======'player_turn_will_start'====== Args={'player': <Player 1>, 'number': 1}
2023-12-05 15:04:41,844 : INFO : EventManager : Event: ======'player_turn_starting'====== Args={'player': <Player 1>, 'number': 1}
2023-12-05 15:04:41,844 : INFO : EventManager : Event: ======'player_ball'====== Args={'value': 1, 'prev_value': 0, 'change': 1, 'player_num': 1}
2023-12-05 15:04:41,845 : INFO : EventManager : Event: ======'player_turn_started'====== Args={'player': <Player 1>, 'number': 1}
2023-12-05 15:04:41,845 : INFO : EventManager : Event: ======'ball_will_start'====== Args={'player': 1, 'ball': 1, 'balls_remaining': 2, 'is_extra_ball': False}
2023-12-05 15:04:41,845 : INFO : EventManager : Event: ======'ball_starting'====== Args={'player': 1, 'ball': 1, 'balls_remaining': 2, 'is_extra_ball': False}
2023-12-05 15:04:41,845 : INFO : EventManager : Event: ======'balls_in_play'====== Args={'balls': 1}
2023-12-05 15:04:41,845 : INFO : EventManager : Event: ======'ball_started'====== Args={'player': 1, 'ball': 1, 'balls_remaining': 2, 'is_extra_ball': False}
2023-12-05 15:04:41,846 : INFO : EventManager : Event: ======'mode_base_will_start'====== Args={'player': 1, 'ball': 1, 'balls_remaining': 2, 'is_extra_ball': False}
2023-12-05 15:04:41,846 : INFO : EventManager : Event: ======'player_shot_sling_p1_enabled'====== Args={'value': True, 'prev_value': 0, 'change': 1, 'player_num': 1}
2023-12-05 15:04:41,846 : INFO : EventManager : Event: ======'player_shot_sling_p2_enabled'====== Args={'value': True, 'prev_value': 0, 'change': 1, 'player_num': 1}
2023-12-05 15:04:41,847 : INFO : EventManager : Event: ======'player_shot_catch_p1_enabled'====== Args={'value': True, 'prev_value': 0, 'change': 1, 'player_num': 1}
2023-12-05 15:04:41,847 : INFO : EventManager : Event: ======'player_shot_catch_p2_enabled'====== Args={'value': True, 'prev_value': 0, 'change': 1, 'player_num': 1}
2023-12-05 15:04:41,848 : INFO : EventManager : Event: ======'mode_base_starting'====== Args={'player': 1, 'ball': 1, 'balls_remaining': 2, 'is_extra_ball': False}
2023-12-05 15:04:41,850 : INFO : Mode.base : Started. Priority: 100
2023-12-05 15:04:41,850 : INFO : EventManager : Event: ======'modes_active_modes_changed'====== Args={}
2023-12-05 15:04:41,850 : INFO : EventManager : Event: ======'mode_base_started'====== Args={'player': 1, 'ball': 1, 'balls_remaining': 2, 'is_extra_ball': False}
2023-12-05 15:04:41,868 : INFO : EventManager : Event: ======'single_player_ball_started'====== Args={}
2023-12-05 15:04:41,868 : INFO : EventManager : Event: ======'slide_press_start_removed'====== Args={'_from_bcp': True}
2023-12-05 15:04:41,868 : INFO : EventManager : Event: ======'slide_window_blank_active'====== Args={'_from_bcp': True}
2023-12-05 15:04:41,869 : INFO : EventManager : Event: ======'ball_start_target'====== Args={'target': 'playfield'}
2023-12-05 15:04:41,869 : INFO : ball_device.bd_trough : Setting up player-controlled eject. Balls: 1, Target: <playfield.playfield>, player_controlled_eject_event: None
2023-12-05 15:04:41,870 : INFO : EventManager : Event: ======'balldevice_balls_available'====== Args={}
2023-12-05 15:04:41,870 : INFO : ball_device.bd_trough : State: waiting_for_target_ready
2023-12-05 15:04:41,870 : INFO : EventManager : Event: ======'balldevice_bd_trough_ball_eject_attempt'====== Args={'balls': 1, 'target': <playfield.playfield>, 'source': <ball_device.bd_trough>, 'mechanical_eject': True, 'num_attempts': 0}
2023-12-05 15:04:41,871 : INFO : ball_device.bd_trough : State: ejecting
2023-12-05 15:04:41,871 : INFO : ball_device.bd_trough : Ejecting ball to <playfield.playfield>
2023-12-05 15:04:41,871 : INFO : EventManager : Event: ======'balldevice_bd_trough_ejecting_ball'====== Args={'balls': 1, 'target': <playfield.playfield>, 'source': <ball_device.bd_trough>, 'mechanical_eject': True, 'num_attempts': 0}
2023-12-05 15:04:41,872 : INFO : ball_device.bd_trough : Wait for ball to leave device
2023-12-05 15:04:41,911 : INFO : EventManager : Event: ======'slide_round_started_created'====== Args={'_from_bcp': True}
2023-12-05 15:04:41,912 : INFO : EventManager : Event: ======'slide_round_started_active'====== Args={'_from_bcp': True}
2023-12-05 15:05:05,669 : INFO : SwitchController : <<<<<<< 's_sling_p1' active >>>>>>>
2023-12-05 15:05:05,669 : INFO : EventManager : Event: ======'playfield_active'====== Args={}
2023-12-05 15:05:05,669 : INFO : EventManager : Event: ======'s_sling_p1_active'====== Args={}
2023-12-05 15:05:05,669 : INFO : EventManager : Event: ======'sw_playfield_active'====== Args={}
2023-12-05 15:05:05,669 : INFO : EventManager : Event: ======'playfield_active'====== Args={}
2023-12-05 15:05:05,670 : INFO : EventManager : Event: ======'machine_var_audits_switches_s_sling_p1'====== Args={'value': 11, 'prev_value': 10, 'change': 1}
2023-12-05 15:05:05,670 : INFO : EventManager : Event: ======'player_shot_sling_p1'====== Args={'value': 1, 'prev_value': 0, 'change': 1, 'player_num': 1}
2023-12-05 15:05:05,670 : INFO : EventManager : Event: ======'machine_var_audits_shots_sling_p1'====== Args={'value': 11, 'prev_value': 10, 'change': 1}
2023-12-05 15:05:05,671 : INFO : EventManager : Event: ======'sling_p1_hit'====== Args={'profile': 'default', 'state': 'unlit', 'advancing': True}
2023-12-05 15:05:05,671 : INFO : EventManager : Event: ======'sling_p1_default_hit'====== Args={'profile': 'default', 'state': 'unlit', 'advancing': True}
2023-12-05 15:05:05,671 : INFO : EventManager : Event: ======'sling_p1_default_unlit_hit'====== Args={'profile': 'default', 'state': 'unlit', 'advancing': True}
2023-12-05 15:05:05,671 : INFO : EventManager : Event: ======'sling_p1_unlit_hit'====== Args={'profile': 'default', 'state': 'unlit', 'advancing': True}
2023-12-05 15:05:05,671 : INFO : EventManager : Event: ======'playfield_active'====== Args={}
2023-12-05 15:05:05,683 : INFO : SwitchController : <<<<<<< 's_sling_p1' inactive >>>>>>>
2023-12-05 15:05:05,694 : INFO : SwitchController : <<<<<<< 's_sling_p1' active >>>>>>>
2023-12-05 15:05:05,695 : INFO : EventManager : Event: ======'playfield_active'====== Args={}
2023-12-05 15:05:05,695 : INFO : EventManager : Event: ======'s_sling_p1_active'====== Args={}
2023-12-05 15:05:05,695 : INFO : EventManager : Event: ======'sw_playfield_active'====== Args={}
2023-12-05 15:05:05,695 : INFO : EventManager : Event: ======'playfield_active'====== Args={}
2023-12-05 15:05:05,695 : INFO : EventManager : Event: ======'machine_var_audits_switches_s_sling_p1'====== Args={'value': 12, 'prev_value': 11, 'change': 1}
2023-12-05 15:05:05,695 : INFO : EventManager : Event: ======'machine_var_audits_shots_sling_p1'====== Args={'value': 12, 'prev_value': 11, 'change': 1}
2023-12-05 15:05:05,695 : INFO : EventManager : Event: ======'sling_p1_hit'====== Args={'profile': 'default', 'state': 'lit', 'advancing': False}
2023-12-05 15:05:05,696 : INFO : EventManager : Event: ======'sling_p1_default_hit'====== Args={'profile': 'default', 'state': 'lit', 'advancing': False}
2023-12-05 15:05:05,696 : INFO : EventManager : Event: ======'sling_p1_default_lit_hit'====== Args={'profile': 'default', 'state': 'lit', 'advancing': False}
2023-12-05 15:05:05,696 : INFO : EventManager : Event: ======'sling_p1_lit_hit'====== Args={'profile': 'default', 'state': 'lit', 'advancing': False}
2023-12-05 15:05:05,696 : INFO : EventManager : Event: ======'playfield_active'====== Args={}
2023-12-05 15:05:05,707 : WARNING : SwitchController : Received duplicate switch state 1 for switch s_sling_p1 from the platform interface. Log Code: Log-SwitchController-1 (https://missionpinball.org/logs)
2023-12-05 15:05:05,750 : INFO : SwitchController : <<<<<<< 's_sling_p1' inactive >>>>>>>
2023-12-05 15:05:05,775 : INFO : SwitchController : <<<<<<< 's_sling_p1' active >>>>>>>
2023-12-05 15:05:05,775 : INFO : EventManager : Event: ======'playfield_active'====== Args={}
2023-12-05 15:05:05,775 : INFO : EventManager : Event: ======'s_sling_p1_active'====== Args={}
2023-12-05 15:05:05,775 : INFO : EventManager : Event: ======'sw_playfield_active'====== Args={}
2023-12-05 15:05:05,775 : INFO : EventManager : Event: ======'playfield_active'====== Args={}
2023-12-05 15:05:05,775 : INFO : EventManager : Event: ======'machine_var_audits_switches_s_sling_p1'====== Args={'value': 13, 'prev_value': 12, 'change': 1}
2023-12-05 15:05:05,776 : INFO : EventManager : Event: ======'machine_var_audits_shots_sling_p1'====== Args={'value': 13, 'prev_value': 12, 'change': 1}
2023-12-05 15:05:05,776 : INFO : EventManager : Event: ======'sling_p1_hit'====== Args={'profile': 'default', 'state': 'lit', 'advancing': False}
2023-12-05 15:05:05,776 : INFO : EventManager : Event: ======'sling_p1_default_hit'====== Args={'profile': 'default', 'state': 'lit', 'advancing': False}
2023-12-05 15:05:05,776 : INFO : EventManager : Event: ======'sling_p1_default_lit_hit'====== Args={'profile': 'default', 'state': 'lit', 'advancing': False}
2023-12-05 15:05:05,776 : INFO : EventManager : Event: ======'sling_p1_lit_hit'====== Args={'profile': 'default', 'state': 'lit', 'advancing': False}
2023-12-05 15:05:05,776 : INFO : EventManager : Event: ======'playfield_active'====== Args={}
2023-12-05 15:05:05,789 : INFO : SwitchController : <<<<<<< 's_sling_p1' inactive >>>>>>>
2023-12-05 15:05:06,742 : INFO : SwitchController : <<<<<<< 's_sling_p1' active >>>>>>>
2023-12-05 15:05:06,742 : INFO : EventManager : Event: ======'playfield_active'====== Args={}
2023-12-05 15:05:06,742 : INFO : EventManager : Event: ======'s_sling_p1_active'====== Args={}
2023-12-05 15:05:06,742 : INFO : EventManager : Event: ======'sw_playfield_active'====== Args={}
2023-12-05 15:05:06,742 : INFO : EventManager : Event: ======'playfield_active'====== Args={}
2023-12-05 15:05:06,742 : INFO : EventManager : Event: ======'machine_var_audits_switches_s_sling_p1'====== Args={'value': 14, 'prev_value': 13, 'change': 1}
2023-12-05 15:05:06,743 : INFO : EventManager : Event: ======'machine_var_audits_shots_sling_p1'====== Args={'value': 14, 'prev_value': 13, 'change': 1}
2023-12-05 15:05:06,743 : INFO : EventManager : Event: ======'sling_p1_hit'====== Args={'profile': 'default', 'state': 'lit', 'advancing': False}
2023-12-05 15:05:06,743 : INFO : EventManager : Event: ======'sling_p1_default_hit'====== Args={'profile': 'default', 'state': 'lit', 'advancing': False}
2023-12-05 15:05:06,743 : INFO : EventManager : Event: ======'sling_p1_default_lit_hit'====== Args={'profile': 'default', 'state': 'lit', 'advancing': False}
2023-12-05 15:05:06,743 : INFO : EventManager : Event: ======'sling_p1_lit_hit'====== Args={'profile': 'default', 'state': 'lit', 'advancing': False}
2023-12-05 15:05:06,743 : INFO : EventManager : Event: ======'playfield_active'====== Args={}
2023-12-05 15:05:06,755 : INFO : SwitchController : <<<<<<< 's_sling_p1' inactive >>>>>>>
2023-12-05 15:05:06,767 : INFO : SwitchController : <<<<<<< 's_sling_p1' active >>>>>>>
2023-12-05 15:05:06,768 : INFO : EventManager : Event: ======'playfield_active'====== Args={}
2023-12-05 15:05:06,768 : INFO : EventManager : Event: ======'s_sling_p1_active'====== Args={}
2023-12-05 15:05:06,768 : INFO : EventManager : Event: ======'sw_playfield_active'====== Args={}
2023-12-05 15:05:06,768 : INFO : EventManager : Event: ======'playfield_active'====== Args={}
2023-12-05 15:05:06,768 : INFO : EventManager : Event: ======'machine_var_audits_switches_s_sling_p1'====== Args={'value': 15, 'prev_value': 14, 'change': 1}
2023-12-05 15:05:06,769 : INFO : EventManager : Event: ======'machine_var_audits_shots_sling_p1'====== Args={'value': 15, 'prev_value': 14, 'change': 1}
2023-12-05 15:05:06,769 : INFO : EventManager : Event: ======'sling_p1_hit'====== Args={'profile': 'default', 'state': 'lit', 'advancing': False}
2023-12-05 15:05:06,769 : INFO : EventManager : Event: ======'sling_p1_default_hit'====== Args={'profile': 'default', 'state': 'lit', 'advancing': False}
2023-12-05 15:05:06,769 : INFO : EventManager : Event: ======'sling_p1_default_lit_hit'====== Args={'profile': 'default', 'state': 'lit', 'advancing': False}
2023-12-05 15:05:06,769 : INFO : EventManager : Event: ======'sling_p1_lit_hit'====== Args={'profile': 'default', 'state': 'lit', 'advancing': False}
2023-12-05 15:05:06,769 : INFO : EventManager : Event: ======'playfield_active'====== Args={}
2023-12-05 15:05:06,823 : INFO : SwitchController : <<<<<<< 's_sling_p1' inactive >>>>>>>
2023-12-05 15:12:14,062 : INFO : Machine : Shutting down...
2023-12-05 15:12:14,062 : INFO : EventManager : Event: ======'shutdown'====== Args={}
2023-12-05 15:12:14,063 : INFO : EventManager : Event: ======'mode_game_will_stop'====== Args={}
2023-12-05 15:12:14,063 : INFO : EventManager : Event: ======'mode_game_stopping'====== Args={}
2023-12-05 15:12:14,064 : INFO : EventManager : Event: ======'mode_base_will_stop'====== Args={}
2023-12-05 15:12:14,064 : INFO : EventManager : Event: ======'mode_base_stopping'====== Args={}
2023-12-05 15:12:14,064 : INFO : Mode.base : Stopped.
2023-12-05 15:12:14,064 : INFO : EventManager : Event: ======'modes_active_modes_changed'====== Args={}
2023-12-05 15:12:14,065 : INFO : EventManager : Event: ======'mode_base_stopped'====== Args={}
2023-12-05 15:12:14,065 : INFO : EventManager : Event: ======'clear'====== Args={'key': 'base'}
2023-12-05 15:12:14,066 : INFO : Mode.game : Stopped.
2023-12-05 15:12:14,066 : INFO : EventManager : Event: ======'modes_active_modes_changed'====== Args={}
2023-12-05 15:12:14,066 : INFO : EventManager : Event: ======'mode_game_stopped'====== Args={}
2023-12-05 15:12:14,066 : INFO : EventManager : Event: ======'clear'====== Args={'key': 'game'}
2023-12-05 15:12:14,071 : INFO : root : MPF run loop ended.
