2023-12-02 11:44:47,596 : INFO : root : Loading config.
2023-12-02 11:44:47,600 : INFO : YamlMultifileConfigLoader : Machine config file #1: config.yaml
2023-12-02 11:44:47,601 : INFO : ConfigProcessor : Loading config from cache: /tmp/bf38e15644d30ba1eb87297a18d33bd2.mpf_cache
2023-12-02 11:44:47,661 : INFO : ConfigProcessor : Loading config from cache: /tmp/ecc2466debc0cbb894d1a2fba8912b38.mpf_cache
2023-12-02 11:44:47,661 : INFO : ConfigProcessor : Loading config from cache: /tmp/32cc0edc83e6cd7fce5d5a48c9d631d2.mpf_cache
2023-12-02 11:44:47,662 : WARNING : ConfigProcessor : Config file in cache changed: /home/ohm/dodgeball/modes/base/config/base.yaml
2023-12-02 11:44:47,662 : INFO : ConfigProcessor : Loading config from file /home/ohm/dodgeball/modes/base/config/base.yaml.
2023-12-02 11:44:47,666 : INFO : ConfigProcessor : Loading config: /home/ohm/dodgeball/modes/base/config/base.yaml
2023-12-02 11:44:47,667 : INFO : ConfigProcessor : Loading config: /home/ohm/dodgeball/modes/base/config/shots.yaml
2023-12-02 11:44:47,667 : INFO : ConfigProcessor : Config file cache created: /tmp/0fe63fd00a83faf3a344d3dd33ac8b6e.mpf_cache
2023-12-02 11:44:47,668 : INFO : ConfigProcessor : Loading config from cache: /tmp/4923a60b897e22ae41d9973250e86152.mpf_cache
2023-12-02 11:44:47,669 : INFO : Machine : Mission Pinball Framework Core Engine v0.57.0.dev32
2023-12-02 11:44:47,669 : INFO : Machine : Command line arguments: {'no_load_cache': False, 'create_config_cache': True, 'bcp': True, 'configfile': ['config.yaml'], 'force_assets_load': False, 'jsonlogging': False, 'logfile': 'logs/2023-12-02-11-44-47-mpf-dodgeball.log', 'pause': False, 'production': False, 'text_ui': True, 'loglevel': 15, 'consoleloglevel': 20, 'force_platform': None, 'syslog_address': None, 'mc_file_name': None, 'no_sound': False}
2023-12-02 11:44:47,669 : INFO : Machine : MPF path: /home/ohm/.local/lib/python3.10/site-packages/mpf
2023-12-02 11:44:47,669 : INFO : Machine : Machine path: /home/ohm/dodgeball
2023-12-02 11:44:47,669 : INFO : Machine : Platform: linux
2023-12-02 11:44:47,669 : INFO : Machine : Python executable location: /usr/bin/python3
2023-12-02 11:44:47,669 : INFO : Machine : Python version: 3.10.12 (64-bit)
2023-12-02 11:44:47,677 : INFO : Machine : Initializing MPF...
2023-12-02 11:44:47,758 : INFO : P-Roc : Connecting to P-ROC
2023-12-02 11:44:47,820 : INFO : P-Roc : Successfully connected to P-ROC/P3-ROC. Firmware Version: 2. Firmware Revision: 18. Hardware Board ID: 3
2023-12-02 11:44:47,834 : INFO : EventManager : Event: ======'machine_var_p_roc_version'====== Args={'value': 2, 'prev_value': None, 'change': True}
2023-12-02 11:44:47,834 : INFO : EventManager : Event: ======'machine_var_p_roc_revision'====== Args={'value': 18, 'prev_value': None, 'change': True}
2023-12-02 11:44:47,834 : INFO : EventManager : Event: ======'machine_var_p_roc_hardware_version'====== Args={'value': 3, 'prev_value': None, 'change': True}
2023-12-02 11:44:47,834 : INFO : EventManager : Event: ======'machine_var_credits_string'====== Args={'value': 'FREE PLAY', 'prev_value': None, 'change': True}
2023-12-02 11:44:47,896 : INFO : EventManager : Event: ======'machine_var_master_volume'====== Args={'value': 0.5, 'prev_value': None, 'change': True}
2023-12-02 11:44:47,896 : INFO : EventManager : Event: ======'machine_var_mpf_version'====== Args={'value': 'Mission Pinball Framework v0.57.0.dev32', 'prev_value': None, 'change': True}
2023-12-02 11:44:47,896 : INFO : EventManager : Event: ======'machine_var_mpf_extended_version'====== Args={'value': 'Mission Pinball Framework v0.57.0.dev32, Config version:6, Show version: 6, BCP version:1.1', 'prev_value': None, 'change': True}
2023-12-02 11:44:47,896 : INFO : EventManager : Event: ======'machine_var_python_version'====== Args={'value': '3.10.12', 'prev_value': None, 'change': True}
2023-12-02 11:44:47,899 : INFO : EventManager : Event: ======'machine_var_platform'====== Args={'value': 'Linux-6.2.0-37-generic-x86_64-with-glibc2.35', 'prev_value': None, 'change': True}
2023-12-02 11:44:47,899 : INFO : EventManager : Event: ======'machine_var_platform_system'====== Args={'value': 'Linux', 'prev_value': None, 'change': True}
2023-12-02 11:44:47,899 : INFO : EventManager : Event: ======'machine_var_platform_release'====== Args={'value': '6.2.0-37-generic', 'prev_value': None, 'change': True}
2023-12-02 11:44:47,899 : INFO : EventManager : Event: ======'machine_var_platform_version'====== Args={'value': '#38~22.04.1-Ubuntu SMP PREEMPT_DYNAMIC Thu Nov  2 18:01:13 UTC 2', 'prev_value': None, 'change': True}
2023-12-02 11:44:47,899 : INFO : EventManager : Event: ======'machine_var_platform_machine'====== Args={'value': 'x86_64', 'prev_value': None, 'change': True}
2023-12-02 11:44:47,899 : INFO : EventManager : Event: ======'init_phase_1'====== Args={}
2023-12-02 11:44:47,922 : INFO : EventManager : Event: ======'logicblock_has_highscore_updated'====== Args={'value': 0, 'enabled': True}
2023-12-02 11:44:47,922 : INFO : EventManager : Event: ======'logicblock_has_highscore_updated'====== Args={'value': 0, 'enabled': True}
2023-12-02 11:44:47,925 : INFO : EventManager : Event: ======'init_phase_2'====== Args={}
2023-12-02 11:44:47,942 : INFO : SwitchController : Found active switch: (3, <Platform.P3-ROC>) <switch.s_trougheject_p1>
2023-12-02 11:44:47,942 : INFO : SwitchController : Found active switch: (11, <Platform.P3-ROC>) <switch.s_trougheject_p2>
2023-12-02 11:44:47,947 : INFO : EventManager : Event: ======'bcp_connection_attempt'====== Args={'name': 'local_display', 'host': 'localhost', 'port': 5050}
2023-12-02 11:44:47,949 : INFO : BCPClientSocket : Connecting BCP to 'local_display' at localhost:5050...
2023-12-02 11:44:49,669 : INFO : BCPClientSocket : Connected BCP to 'local_display' localhost:5050
2023-12-02 11:44:49,669 : INFO : EventManager : Event: ======'bcp_clients_connected'====== Args={}
2023-12-02 11:44:49,676 : INFO : EventManager : Event: ======'machine_var_mc_version'====== Args={'value': 'MPF-MC v0.57.0.dev12', 'prev_value': None, 'change': True}
2023-12-02 11:44:49,676 : INFO : EventManager : Event: ======'machine_var_mc_extended_version'====== Args={'value': 'MPF-MC v0.57.0.dev12 (config_version=6, BCP v1.1,                      Requires MPF API compatibility v0.57.0.dev32 or newer)', 'prev_value': None, 'change': True}
2023-12-02 11:44:49,679 : INFO : ball_device.bd_trough : BCH: Initial count: 1
2023-12-02 11:44:49,679 : INFO : ball_device.bd_trough : State: idle
2023-12-02 11:44:49,680 : INFO : ball_device.bd_catch_p1 : BCH: Initial count: 0
2023-12-02 11:44:49,680 : INFO : ball_device.bd_catch_p1 : State: idle
2023-12-02 11:44:49,680 : INFO : ball_device.bd_catch_p2 : BCH: Initial count: 0
2023-12-02 11:44:49,681 : INFO : ball_device.bd_catch_p2 : State: idle
2023-12-02 11:44:49,688 : INFO : EventManager : Event: ======'init_phase_3'====== Args={}
2023-12-02 11:44:49,712 : INFO : EventManager : Event: ======'init_phase_4'====== Args={}
2023-12-02 11:44:49,713 : INFO : BallController : Initial balls found: 1
2023-12-02 11:44:49,713 : INFO : EventManager : Event: ======'machine_var_audits_events_game_ended'====== Args={'value': 0, 'prev_value': None, 'change': True}
2023-12-02 11:44:49,714 : INFO : EventManager : Event: ======'machine_var_audits_events_game_started'====== Args={'value': 5, 'prev_value': None, 'change': True}
2023-12-02 11:44:49,714 : INFO : EventManager : Event: ======'machine_var_audits_player_score'====== Args={'value': {'average': 0, 'top': [], 'total': 0}, 'prev_value': None, 'change': True}
2023-12-02 11:44:49,714 : INFO : EventManager : Event: ======'machine_var_audits_shots_catch_p1'====== Args={'value': 4, 'prev_value': None, 'change': True}
2023-12-02 11:44:49,715 : INFO : EventManager : Event: ======'machine_var_audits_shots_sling_p1'====== Args={'value': 8, 'prev_value': None, 'change': True}
2023-12-02 11:44:49,715 : INFO : EventManager : Event: ======'machine_var_audits_switches_s_catch_p1'====== Args={'value': 4, 'prev_value': None, 'change': True}
2023-12-02 11:44:49,715 : INFO : EventManager : Event: ======'machine_var_audits_switches_s_catch_p2'====== Args={'value': 0, 'prev_value': None, 'change': True}
2023-12-02 11:44:49,715 : INFO : EventManager : Event: ======'machine_var_audits_switches_s_sling_p1'====== Args={'value': 8, 'prev_value': None, 'change': True}
2023-12-02 11:44:49,716 : INFO : EventManager : Event: ======'machine_var_audits_switches_s_sling_p2'====== Args={'value': 0, 'prev_value': None, 'change': True}
2023-12-02 11:44:49,716 : INFO : EventManager : Event: ======'machine_var_audits_switches_s_start_p1'====== Args={'value': 0, 'prev_value': None, 'change': True}
2023-12-02 11:44:49,716 : INFO : EventManager : Event: ======'machine_var_audits_switches_s_start_p2'====== Args={'value': 0, 'prev_value': None, 'change': True}
2023-12-02 11:44:49,716 : INFO : EventManager : Event: ======'machine_var_audits_switches_s_trougheject_p1'====== Args={'value': 0, 'prev_value': None, 'change': True}
2023-12-02 11:44:49,717 : INFO : EventManager : Event: ======'machine_var_audits_switches_s_trougheject_p2'====== Args={'value': 0, 'prev_value': None, 'change': True}
2023-12-02 11:44:49,718 : INFO : EventManager : Event: ======'init_phase_5'====== Args={}
2023-12-02 11:44:49,718 : INFO : EventManager : Event: ======'init_done'====== Args={}
2023-12-02 11:44:49,718 : INFO : EventManager : Event: ======'machine_reset_phase_1'====== Args={}
2023-12-02 11:44:49,735 : INFO : EventManager : Event: ======'machine_reset_phase_2'====== Args={}
2023-12-02 11:44:49,735 : INFO : EventManager : Event: ======'machine_reset_phase_3'====== Args={}
2023-12-02 11:44:49,735 : INFO : EventManager : Event: ======'reset_complete'====== Args={}
2023-12-02 11:44:49,735 : INFO : EventManager : Event: ======'mode_attract_will_start'====== Args={}
2023-12-02 11:44:49,736 : INFO : EventManager : Event: ======'mode_attract_starting'====== Args={}
2023-12-02 11:44:49,736 : INFO : Mode.attract : Started. Priority: 10
2023-12-02 11:44:49,736 : INFO : EventManager : Event: ======'modes_active_modes_changed'====== Args={}
2023-12-02 11:44:49,736 : INFO : EventManager : Event: ======'mode_attract_started'====== Args={}
2023-12-02 11:44:49,737 : INFO : EventManager : Event: ======'collecting_balls_complete'====== Args={}
2023-12-02 11:44:49,738 : INFO : Machine : Starting the main run loop.
2023-12-02 11:44:49,789 : INFO : EventManager : Event: ======'slide_press_start_created'====== Args={'_from_bcp': True}
2023-12-02 11:44:49,790 : INFO : EventManager : Event: ======'slide_press_start_active'====== Args={'_from_bcp': True}
2023-12-02 11:44:51,158 : INFO : SwitchController : <<<<<<< 's_start_p1' active >>>>>>>
2023-12-02 11:44:51,285 : INFO : SwitchController : <<<<<<< 's_start_p1' inactive >>>>>>>
2023-12-02 11:44:51,285 : INFO : EventManager : Event: ======'request_to_start_game'====== Args={}
2023-12-02 11:44:51,286 : INFO : EventManager : Event: ======'game_start'====== Args={'buttons': [], 'hold_time': 0.1269999999999527}
2023-12-02 11:44:51,286 : INFO : EventManager : Event: ======'mode_game_will_start'====== Args={'buttons': [], 'hold_time': 0.1269999999999527}
2023-12-02 11:44:51,286 : INFO : EventManager : Event: ======'mode_game_starting'====== Args={'buttons': [], 'hold_time': 0.1269999999999527}
2023-12-02 11:44:51,286 : INFO : EventManager : Event: ======'mode_attract_will_stop'====== Args={}
2023-12-02 11:44:51,287 : INFO : EventManager : Event: ======'mode_attract_stopping'====== Args={}
2023-12-02 11:44:51,287 : INFO : Mode.attract : Stopped.
2023-12-02 11:44:51,287 : INFO : EventManager : Event: ======'modes_active_modes_changed'====== Args={}
2023-12-02 11:44:51,287 : INFO : EventManager : Event: ======'mode_attract_stopped'====== Args={}
2023-12-02 11:44:51,287 : INFO : EventManager : Event: ======'clear'====== Args={'key': 'attract'}
2023-12-02 11:44:51,287 : INFO : Mode.game : Started. Priority: 20
2023-12-02 11:44:51,287 : INFO : EventManager : Event: ======'modes_active_modes_changed'====== Args={}
2023-12-02 11:44:51,287 : INFO : EventManager : Event: ======'mode_game_started'====== Args={'buttons': [], 'hold_time': 0.1269999999999527}
2023-12-02 11:44:51,288 : INFO : EventManager : Event: ======'game_will_start'====== Args={}
2023-12-02 11:44:51,288 : INFO : EventManager : Event: ======'game_starting'====== Args={'game': <Mode.game>}
2023-12-02 11:44:51,289 : INFO : EventManager : Event: ======'player_add_request'====== Args={}
2023-12-02 11:44:51,289 : INFO : EventManager : Event: ======'player_will_add'====== Args={'number': 1}
2023-12-02 11:44:51,290 : INFO : EventManager : Event: ======'player_adding'====== Args={'player': <Player 1>, 'number': 1}
2023-12-02 11:44:51,290 : INFO : EventManager : Event: ======'player_added'====== Args={'player': <Player 1>, 'num': 1}
2023-12-02 11:44:51,290 : INFO : Mode.game : Player added successfully. Total players: 1
2023-12-02 11:44:51,290 : INFO : EventManager : Event: ======'player_index'====== Args={'value': 0, 'prev_value': 0, 'change': 0, 'player_num': 1}
2023-12-02 11:44:51,290 : INFO : EventManager : Event: ======'player_number'====== Args={'value': 1, 'prev_value': 1, 'change': 0, 'player_num': 1}
2023-12-02 11:44:51,290 : INFO : EventManager : Event: ======'player_has_a_highscore'====== Args={'value': 0, 'prev_value': 0, 'change': 0, 'player_num': 1}
2023-12-02 11:44:51,291 : INFO : EventManager : Event: ======'player_is_welcome_played'====== Args={'value': 0, 'prev_value': 0, 'change': 0, 'player_num': 1}
2023-12-02 11:44:51,291 : INFO : EventManager : Event: ======'player_score'====== Args={'value': 0, 'prev_value': 0, 'change': 0, 'player_num': 1}
2023-12-02 11:44:51,292 : INFO : EventManager : Event: ======'game_started'====== Args={}
2023-12-02 11:44:51,292 : INFO : EventManager : Event: ======'logicblock_has_highscore_updated'====== Args={'value': 0, 'enabled': True}
2023-12-02 11:44:51,292 : INFO : EventManager : Event: ======'player_turn_will_start'====== Args={'player': <Player 1>, 'number': 1}
2023-12-02 11:44:51,292 : INFO : EventManager : Event: ======'player_turn_starting'====== Args={'player': <Player 1>, 'number': 1}
2023-12-02 11:44:51,292 : INFO : EventManager : Event: ======'player_ball'====== Args={'value': 1, 'prev_value': 0, 'change': 1, 'player_num': 1}
2023-12-02 11:44:51,292 : INFO : EventManager : Event: ======'player_turn_started'====== Args={'player': <Player 1>, 'number': 1}
2023-12-02 11:44:51,293 : INFO : EventManager : Event: ======'ball_will_start'====== Args={'player': 1, 'ball': 1, 'balls_remaining': 2, 'is_extra_ball': False}
2023-12-02 11:44:51,293 : INFO : EventManager : Event: ======'ball_starting'====== Args={'player': 1, 'ball': 1, 'balls_remaining': 2, 'is_extra_ball': False}
2023-12-02 11:44:51,294 : INFO : EventManager : Event: ======'balls_in_play'====== Args={'balls': 1}
2023-12-02 11:44:51,294 : INFO : EventManager : Event: ======'ball_started'====== Args={'player': 1, 'ball': 1, 'balls_remaining': 2, 'is_extra_ball': False}
2023-12-02 11:44:51,294 : INFO : EventManager : Event: ======'mode_base_will_start'====== Args={'player': 1, 'ball': 1, 'balls_remaining': 2, 'is_extra_ball': False}
2023-12-02 11:44:51,294 : INFO : EventManager : Event: ======'player_shot_sling_p1_enabled'====== Args={'value': True, 'prev_value': 0, 'change': 1, 'player_num': 1}
2023-12-02 11:44:51,295 : INFO : EventManager : Event: ======'player_shot_sling_p2_enabled'====== Args={'value': True, 'prev_value': 0, 'change': 1, 'player_num': 1}
2023-12-02 11:44:51,295 : INFO : EventManager : Event: ======'player_shot_catch_p1_enabled'====== Args={'value': True, 'prev_value': 0, 'change': 1, 'player_num': 1}
2023-12-02 11:44:51,296 : INFO : EventManager : Event: ======'player_shot_catch_p2_enabled'====== Args={'value': True, 'prev_value': 0, 'change': 1, 'player_num': 1}
2023-12-02 11:44:51,296 : INFO : EventManager : Event: ======'mode_base_starting'====== Args={'player': 1, 'ball': 1, 'balls_remaining': 2, 'is_extra_ball': False}
2023-12-02 11:44:51,298 : INFO : Mode.base : Started. Priority: 100
2023-12-02 11:44:51,298 : INFO : EventManager : Event: ======'modes_active_modes_changed'====== Args={}
2023-12-02 11:44:51,298 : INFO : EventManager : Event: ======'mode_base_started'====== Args={'player': 1, 'ball': 1, 'balls_remaining': 2, 'is_extra_ball': False}
2023-12-02 11:44:51,313 : INFO : EventManager : Event: ======'single_player_ball_started'====== Args={}
2023-12-02 11:44:51,313 : INFO : EventManager : Event: ======'slide_press_start_removed'====== Args={'_from_bcp': True}
2023-12-02 11:44:51,313 : INFO : EventManager : Event: ======'slide_window_blank_active'====== Args={'_from_bcp': True}
2023-12-02 11:44:51,313 : INFO : EventManager : Event: ======'ball_start_target'====== Args={'target': 'playfield'}
2023-12-02 11:44:51,314 : INFO : ball_device.bd_trough : Setting up player-controlled eject. Balls: 1, Target: <playfield.playfield>, player_controlled_eject_event: None
2023-12-02 11:44:51,314 : INFO : EventManager : Event: ======'balldevice_balls_available'====== Args={}
2023-12-02 11:44:51,314 : INFO : ball_device.bd_trough : State: waiting_for_target_ready
2023-12-02 11:44:51,314 : INFO : EventManager : Event: ======'balldevice_bd_trough_ball_eject_attempt'====== Args={'balls': 1, 'target': <playfield.playfield>, 'source': <ball_device.bd_trough>, 'mechanical_eject': True, 'num_attempts': 0}
2023-12-02 11:44:51,315 : INFO : ball_device.bd_trough : State: ejecting
2023-12-02 11:44:51,315 : INFO : ball_device.bd_trough : Ejecting ball to <playfield.playfield>
2023-12-02 11:44:51,315 : INFO : EventManager : Event: ======'balldevice_bd_trough_ejecting_ball'====== Args={'balls': 1, 'target': <playfield.playfield>, 'source': <ball_device.bd_trough>, 'mechanical_eject': True, 'num_attempts': 0}
2023-12-02 11:44:51,315 : INFO : ball_device.bd_trough : Wait for ball to leave device
2023-12-02 11:44:51,345 : INFO : EventManager : Event: ======'slide_round_started_created'====== Args={'_from_bcp': True}
2023-12-02 11:44:51,345 : INFO : EventManager : Event: ======'slide_round_started_active'====== Args={'_from_bcp': True}
2023-12-02 11:44:54,101 : WARNING : SwitchController : Received duplicate switch state 0 for switch s_sling_p1 from the platform interface. Log Code: Log-SwitchController-1 (https://missionpinball.org/logs)
2023-12-02 11:44:54,839 : WARNING : SwitchController : Received duplicate switch state 0 for switch s_sling_p2 from the platform interface. Log Code: Log-SwitchController-1 (https://missionpinball.org/logs)
2023-12-02 11:44:54,861 : WARNING : SwitchController : Received duplicate switch state 0 for switch s_sling_p2 from the platform interface. Log Code: Log-SwitchController-1 (https://missionpinball.org/logs)
2023-12-02 11:45:01,215 : INFO : SwitchController : <<<<<<< 's_catch_p1' active >>>>>>>
2023-12-02 11:45:01,215 : INFO : EventManager : Event: ======'playfield_active'====== Args={}
2023-12-02 11:45:01,215 : INFO : EventManager : Event: ======'s_catch_p1_active'====== Args={}
2023-12-02 11:45:01,215 : INFO : EventManager : Event: ======'sw_playfield_active'====== Args={}
2023-12-02 11:45:01,215 : INFO : EventManager : Event: ======'machine_var_audits_switches_s_catch_p1'====== Args={'value': 5, 'prev_value': 4, 'change': 1}
2023-12-02 11:45:01,216 : INFO : EventManager : Event: ======'player_shot_catch_p1'====== Args={'value': 1, 'prev_value': 0, 'change': 1, 'player_num': 1}
2023-12-02 11:45:01,216 : INFO : EventManager : Event: ======'machine_var_audits_shots_catch_p1'====== Args={'value': 5, 'prev_value': 4, 'change': 1}
2023-12-02 11:45:01,217 : INFO : EventManager : Event: ======'catch_p1_hit'====== Args={'profile': 'default', 'state': 'unlit', 'advancing': True}
2023-12-02 11:45:01,217 : INFO : EventManager : Event: ======'catch_p1_default_hit'====== Args={'profile': 'default', 'state': 'unlit', 'advancing': True}
2023-12-02 11:45:01,217 : INFO : EventManager : Event: ======'catch_p1_default_unlit_hit'====== Args={'profile': 'default', 'state': 'unlit', 'advancing': True}
2023-12-02 11:45:01,217 : INFO : EventManager : Event: ======'catch_p1_unlit_hit'====== Args={'profile': 'default', 'state': 'unlit', 'advancing': True}
2023-12-02 11:45:01,217 : INFO : EventManager : Event: ======'playfield_active'====== Args={}
2023-12-02 11:45:01,715 : INFO : EventManager : Event: ======'balldevice_bd_catch_p1_ball_count_changed'====== Args={'balls': 1}
2023-12-02 11:45:01,715 : INFO : ball_device.bd_catch_p1 : Received unexpected ball
2023-12-02 11:45:01,715 : INFO : EventManager : Event: ======'balldevice_captured_from_playfield'====== Args={'balls': 1}
2023-12-02 11:45:01,715 : INFO : EventManager : Event: ======'sw_playfield_active'====== Args={'balls': 1}
2023-12-02 11:45:01,716 : INFO : EventManager : Event: ======'playfield_active'====== Args={}
2023-12-02 11:45:01,716 : INFO : EventManager : Event: ======'playfield_ball_count_change'====== Args={'balls': -1, 'change': -1}
2023-12-02 11:45:01,716 : INFO : EventManager : Event: ======'balldevice_playfield_ball_enter'====== Args={'new_balls': 1, 'unclaimed_balls': 1, 'device': <playfield.playfield>}
2023-12-02 11:45:01,716 : INFO : EventManager : Event: ======'playfield_ball_count_change'====== Args={'balls': 0, 'change': 1}
2023-12-02 11:45:01,716 : INFO : BallController : Found a new ball which was captured from playfield. Known balls: 2
2023-12-02 11:45:01,716 : INFO : EventManager : Event: ======'found_new_ball'====== Args={}
2023-12-02 11:45:01,716 : INFO : EventManager : Event: ======'balldevice_bd_catch_p1_ball_enter'====== Args={'new_balls': 1, 'unclaimed_balls': 1, 'new_available_balls': 1, 'device': <ball_device.bd_catch_p1>}
2023-12-02 11:45:01,717 : INFO : EventManager : Event: ======'ball_hold_catch_p1_held_ball'====== Args={'balls_held': 1, 'total_balls_held': 1}
2023-12-02 11:45:01,717 : INFO : EventManager : Event: ======'ball_hold_catch_p1_full'====== Args={'balls': 1}
2023-12-02 11:45:01,717 : INFO : EventManager : Event: ======'balldevice_balls_available'====== Args={}
2023-12-02 11:45:01,717 : INFO : EventManager : Event: ======'balldevice_bd_catch_p1_ball_entered'====== Args={'new_balls': 1, 'device': <ball_device.bd_catch_p1>}
2023-12-02 11:45:01,717 : INFO : EventManager : Event: ======'catch_p1_eject'====== Args={'priority': 0}
2023-12-02 11:45:01,717 : INFO : ball_device.bd_catch_p1 : Adding 1 ball(s) to the eject_queue with target <playfield.playfield>.
2023-12-02 11:45:01,718 : INFO : EventManager : Event: ======'balldevice_balls_available'====== Args={}
2023-12-02 11:45:01,718 : INFO : EventManager : Event: ======'ball_hold_catch_p1_balls_released'====== Args={'balls_released': 1}
2023-12-02 11:45:01,719 : INFO : ball_device.bd_catch_p1 : State: waiting_for_target_ready
2023-12-02 11:45:01,719 : INFO : EventManager : Event: ======'balldevice_bd_catch_p1_ball_eject_attempt'====== Args={'balls': 1, 'target': <playfield.playfield>, 'source': <ball_device.bd_catch_p1>, 'mechanical_eject': False, 'num_attempts': 0}
2023-12-02 11:45:01,719 : INFO : ball_device.bd_catch_p1 : State: ejecting
2023-12-02 11:45:01,720 : INFO : ball_device.bd_catch_p1 : Ejecting ball to <playfield.playfield>
2023-12-02 11:45:01,720 : INFO : EventManager : Event: ======'balldevice_bd_catch_p1_ejecting_ball'====== Args={'balls': 1, 'target': <playfield.playfield>, 'source': <ball_device.bd_catch_p1>, 'mechanical_eject': False, 'num_attempts': 0}
2023-12-02 11:45:01,721 : INFO : ball_device.bd_catch_p1 : Wait for ball to leave device
2023-12-02 11:45:01,721 : INFO : coil.c_catch_p1 : Pulsing Driver for 8ms (1.0 pulse_power)
2023-12-02 11:45:01,811 : INFO : SwitchController : <<<<<<< 's_catch_p1' inactive >>>>>>>
2023-12-02 11:45:01,812 : INFO : ball_device.bd_catch_p1 : State: ball_left
2023-12-02 11:45:01,812 : INFO : ball_device.bd_catch_p1 : Ball left
2023-12-02 11:45:01,812 : INFO : ball_device.bd_catch_p1 : Wait for confirm with timeout 1.0
2023-12-02 11:45:02,812 : INFO : ball_device.bd_catch_p1 : State: failed_confirm
2023-12-02 11:45:02,812 : INFO : ball_device.bd_catch_p1 : Got timeout (1.0s) before confirm from <playfield.playfield>
2023-12-02 11:45:02,913 : INFO : ball_device.bd_catch_p1 : Confirming eject because target is playfield and ball did not return.
2023-12-02 11:45:02,913 : INFO : ball_device.bd_catch_p1 : Eject successful
2023-12-02 11:45:02,914 : INFO : EventManager : Event: ======'balldevice_bd_catch_p1_ball_eject_success'====== Args={'balls': 1, 'target': <playfield.playfield>}
2023-12-02 11:45:02,914 : INFO : EventManager : Event: ======'balldevice_playfield_ball_enter'====== Args={'new_balls': 1, 'unclaimed_balls': 1, 'device': <playfield.playfield>}
2023-12-02 11:45:02,914 : INFO : EventManager : Event: ======'playfield_ball_count_change'====== Args={'balls': 1, 'change': 1}
2023-12-02 11:45:02,914 : INFO : EventManager : Event: ======'balldevice_bd_catch_p1_ball_count_changed'====== Args={'balls': 0}
2023-12-02 11:45:02,914 : INFO : ball_device.bd_catch_p1 : State: idle
2023-12-02 11:45:03,222 : INFO : SwitchController : <<<<<<< 's_catch_p1' active >>>>>>>
2023-12-02 11:45:03,222 : INFO : EventManager : Event: ======'s_catch_p1_active'====== Args={}
2023-12-02 11:45:03,222 : INFO : EventManager : Event: ======'sw_playfield_active'====== Args={}
2023-12-02 11:45:03,223 : INFO : EventManager : Event: ======'machine_var_audits_switches_s_catch_p1'====== Args={'value': 6, 'prev_value': 5, 'change': 1}
2023-12-02 11:45:03,223 : INFO : EventManager : Event: ======'machine_var_audits_shots_catch_p1'====== Args={'value': 6, 'prev_value': 5, 'change': 1}
2023-12-02 11:45:03,224 : INFO : EventManager : Event: ======'catch_p1_hit'====== Args={'profile': 'default', 'state': 'lit', 'advancing': False}
2023-12-02 11:45:03,224 : INFO : EventManager : Event: ======'catch_p1_default_hit'====== Args={'profile': 'default', 'state': 'lit', 'advancing': False}
2023-12-02 11:45:03,224 : INFO : EventManager : Event: ======'catch_p1_default_lit_hit'====== Args={'profile': 'default', 'state': 'lit', 'advancing': False}
2023-12-02 11:45:03,224 : INFO : EventManager : Event: ======'catch_p1_lit_hit'====== Args={'profile': 'default', 'state': 'lit', 'advancing': False}
2023-12-02 11:45:03,723 : INFO : EventManager : Event: ======'balldevice_bd_catch_p1_ball_count_changed'====== Args={'balls': 1}
2023-12-02 11:45:03,724 : INFO : ball_device.bd_catch_p1 : Received unexpected ball
2023-12-02 11:45:03,724 : INFO : EventManager : Event: ======'balldevice_captured_from_playfield'====== Args={'balls': 1}
2023-12-02 11:45:03,724 : INFO : EventManager : Event: ======'sw_playfield_active'====== Args={'balls': 1}
2023-12-02 11:45:03,724 : INFO : EventManager : Event: ======'playfield_ball_count_change'====== Args={'balls': 0, 'change': -1}
2023-12-02 11:45:03,724 : INFO : EventManager : Event: ======'balldevice_bd_catch_p1_ball_enter'====== Args={'new_balls': 1, 'unclaimed_balls': 1, 'new_available_balls': 1, 'device': <ball_device.bd_catch_p1>}
2023-12-02 11:45:03,725 : INFO : EventManager : Event: ======'ball_hold_catch_p1_held_ball'====== Args={'balls_held': 1, 'total_balls_held': 1}
2023-12-02 11:45:03,725 : INFO : EventManager : Event: ======'ball_hold_catch_p1_full'====== Args={'balls': 1}
2023-12-02 11:45:03,725 : INFO : EventManager : Event: ======'balldevice_balls_available'====== Args={}
2023-12-02 11:45:03,725 : INFO : EventManager : Event: ======'balldevice_bd_catch_p1_ball_entered'====== Args={'new_balls': 1, 'device': <ball_device.bd_catch_p1>}
2023-12-02 11:45:03,725 : INFO : EventManager : Event: ======'catch_p1_eject'====== Args={'priority': 0}
2023-12-02 11:45:03,725 : INFO : ball_device.bd_catch_p1 : Adding 1 ball(s) to the eject_queue with target <playfield.playfield>.
2023-12-02 11:45:03,726 : INFO : EventManager : Event: ======'balldevice_balls_available'====== Args={}
2023-12-02 11:45:03,726 : INFO : EventManager : Event: ======'ball_hold_catch_p1_balls_released'====== Args={'balls_released': 1}
2023-12-02 11:45:03,728 : INFO : ball_device.bd_catch_p1 : State: waiting_for_target_ready
2023-12-02 11:45:03,729 : INFO : EventManager : Event: ======'balldevice_bd_catch_p1_ball_eject_attempt'====== Args={'balls': 1, 'target': <playfield.playfield>, 'source': <ball_device.bd_catch_p1>, 'mechanical_eject': False, 'num_attempts': 0}
2023-12-02 11:45:03,729 : INFO : ball_device.bd_catch_p1 : State: ejecting
2023-12-02 11:45:03,729 : INFO : ball_device.bd_catch_p1 : Ejecting ball to <playfield.playfield>
2023-12-02 11:45:03,729 : INFO : EventManager : Event: ======'balldevice_bd_catch_p1_ejecting_ball'====== Args={'balls': 1, 'target': <playfield.playfield>, 'source': <ball_device.bd_catch_p1>, 'mechanical_eject': False, 'num_attempts': 0}
2023-12-02 11:45:03,729 : INFO : ball_device.bd_catch_p1 : Wait for ball to leave device
2023-12-02 11:45:03,730 : INFO : coil.c_catch_p1 : Pulsing Driver for 8ms (1.0 pulse_power)
2023-12-02 11:45:03,802 : INFO : SwitchController : <<<<<<< 's_catch_p1' inactive >>>>>>>
2023-12-02 11:45:03,803 : INFO : ball_device.bd_catch_p1 : State: ball_left
2023-12-02 11:45:03,803 : INFO : ball_device.bd_catch_p1 : Ball left
2023-12-02 11:45:03,803 : INFO : ball_device.bd_catch_p1 : Wait for confirm with timeout 1.0
2023-12-02 11:45:04,804 : INFO : ball_device.bd_catch_p1 : State: failed_confirm
2023-12-02 11:45:04,804 : INFO : ball_device.bd_catch_p1 : Got timeout (1.0s) before confirm from <playfield.playfield>
2023-12-02 11:45:04,905 : INFO : ball_device.bd_catch_p1 : Confirming eject because target is playfield and ball did not return.
2023-12-02 11:45:04,906 : INFO : ball_device.bd_catch_p1 : Eject successful
2023-12-02 11:45:04,906 : INFO : EventManager : Event: ======'balldevice_bd_catch_p1_ball_eject_success'====== Args={'balls': 1, 'target': <playfield.playfield>}
2023-12-02 11:45:04,906 : INFO : EventManager : Event: ======'balldevice_playfield_ball_enter'====== Args={'new_balls': 1, 'unclaimed_balls': 1, 'device': <playfield.playfield>}
2023-12-02 11:45:04,906 : INFO : EventManager : Event: ======'playfield_ball_count_change'====== Args={'balls': 1, 'change': 1}
2023-12-02 11:45:04,906 : INFO : EventManager : Event: ======'balldevice_bd_catch_p1_ball_count_changed'====== Args={'balls': 0}
2023-12-02 11:45:04,906 : INFO : ball_device.bd_catch_p1 : State: idle
2023-12-02 11:45:05,167 : INFO : SwitchController : <<<<<<< 's_catch_p1' active >>>>>>>
2023-12-02 11:45:05,168 : INFO : EventManager : Event: ======'s_catch_p1_active'====== Args={}
2023-12-02 11:45:05,168 : INFO : EventManager : Event: ======'sw_playfield_active'====== Args={}
2023-12-02 11:45:05,169 : INFO : EventManager : Event: ======'machine_var_audits_switches_s_catch_p1'====== Args={'value': 7, 'prev_value': 6, 'change': 1}
2023-12-02 11:45:05,170 : INFO : EventManager : Event: ======'machine_var_audits_shots_catch_p1'====== Args={'value': 7, 'prev_value': 6, 'change': 1}
2023-12-02 11:45:05,171 : INFO : EventManager : Event: ======'catch_p1_hit'====== Args={'profile': 'default', 'state': 'lit', 'advancing': False}
2023-12-02 11:45:05,171 : INFO : EventManager : Event: ======'catch_p1_default_hit'====== Args={'profile': 'default', 'state': 'lit', 'advancing': False}
2023-12-02 11:45:05,172 : INFO : EventManager : Event: ======'catch_p1_default_lit_hit'====== Args={'profile': 'default', 'state': 'lit', 'advancing': False}
2023-12-02 11:45:05,172 : INFO : EventManager : Event: ======'catch_p1_lit_hit'====== Args={'profile': 'default', 'state': 'lit', 'advancing': False}
2023-12-02 11:45:05,668 : INFO : EventManager : Event: ======'balldevice_bd_catch_p1_ball_count_changed'====== Args={'balls': 1}
2023-12-02 11:45:05,668 : INFO : ball_device.bd_catch_p1 : Received unexpected ball
2023-12-02 11:45:05,668 : INFO : EventManager : Event: ======'balldevice_captured_from_playfield'====== Args={'balls': 1}
2023-12-02 11:45:05,668 : INFO : EventManager : Event: ======'sw_playfield_active'====== Args={'balls': 1}
2023-12-02 11:45:05,668 : INFO : EventManager : Event: ======'playfield_ball_count_change'====== Args={'balls': 0, 'change': -1}
2023-12-02 11:45:05,669 : INFO : EventManager : Event: ======'balldevice_bd_catch_p1_ball_enter'====== Args={'new_balls': 1, 'unclaimed_balls': 1, 'new_available_balls': 1, 'device': <ball_device.bd_catch_p1>}
2023-12-02 11:45:05,669 : INFO : EventManager : Event: ======'ball_hold_catch_p1_held_ball'====== Args={'balls_held': 1, 'total_balls_held': 1}
2023-12-02 11:45:05,669 : INFO : EventManager : Event: ======'ball_hold_catch_p1_full'====== Args={'balls': 1}
2023-12-02 11:45:05,669 : INFO : EventManager : Event: ======'balldevice_balls_available'====== Args={}
2023-12-02 11:45:05,669 : INFO : EventManager : Event: ======'balldevice_bd_catch_p1_ball_entered'====== Args={'new_balls': 1, 'device': <ball_device.bd_catch_p1>}
2023-12-02 11:45:05,670 : INFO : EventManager : Event: ======'catch_p1_eject'====== Args={'priority': 0}
2023-12-02 11:45:05,670 : INFO : ball_device.bd_catch_p1 : Adding 1 ball(s) to the eject_queue with target <playfield.playfield>.
2023-12-02 11:45:05,670 : INFO : EventManager : Event: ======'balldevice_balls_available'====== Args={}
2023-12-02 11:45:05,670 : INFO : EventManager : Event: ======'ball_hold_catch_p1_balls_released'====== Args={'balls_released': 1}
2023-12-02 11:45:05,671 : INFO : ball_device.bd_catch_p1 : State: waiting_for_target_ready
2023-12-02 11:45:05,671 : INFO : EventManager : Event: ======'balldevice_bd_catch_p1_ball_eject_attempt'====== Args={'balls': 1, 'target': <playfield.playfield>, 'source': <ball_device.bd_catch_p1>, 'mechanical_eject': False, 'num_attempts': 0}
2023-12-02 11:45:05,672 : INFO : ball_device.bd_catch_p1 : State: ejecting
2023-12-02 11:45:05,672 : INFO : ball_device.bd_catch_p1 : Ejecting ball to <playfield.playfield>
2023-12-02 11:45:05,672 : INFO : EventManager : Event: ======'balldevice_bd_catch_p1_ejecting_ball'====== Args={'balls': 1, 'target': <playfield.playfield>, 'source': <ball_device.bd_catch_p1>, 'mechanical_eject': False, 'num_attempts': 0}
2023-12-02 11:45:05,673 : INFO : ball_device.bd_catch_p1 : Wait for ball to leave device
2023-12-02 11:45:05,674 : INFO : coil.c_catch_p1 : Pulsing Driver for 8ms (1.0 pulse_power)
2023-12-02 11:45:05,759 : INFO : SwitchController : <<<<<<< 's_catch_p1' inactive >>>>>>>
2023-12-02 11:45:05,760 : INFO : ball_device.bd_catch_p1 : State: ball_left
2023-12-02 11:45:05,760 : INFO : ball_device.bd_catch_p1 : Ball left
2023-12-02 11:45:05,760 : INFO : ball_device.bd_catch_p1 : Wait for confirm with timeout 1.0
2023-12-02 11:45:05,843 : WARNING : SwitchController : Received duplicate switch state 0 for switch s_sling_p1 from the platform interface. Log Code: Log-SwitchController-1 (https://missionpinball.org/logs)
2023-12-02 11:45:06,760 : INFO : ball_device.bd_catch_p1 : State: failed_confirm
2023-12-02 11:45:06,761 : INFO : ball_device.bd_catch_p1 : Got timeout (1.0s) before confirm from <playfield.playfield>
2023-12-02 11:45:06,861 : INFO : ball_device.bd_catch_p1 : Confirming eject because target is playfield and ball did not return.
2023-12-02 11:45:06,862 : INFO : ball_device.bd_catch_p1 : Eject successful
2023-12-02 11:45:06,862 : INFO : EventManager : Event: ======'balldevice_bd_catch_p1_ball_eject_success'====== Args={'balls': 1, 'target': <playfield.playfield>}
2023-12-02 11:45:06,862 : INFO : EventManager : Event: ======'balldevice_playfield_ball_enter'====== Args={'new_balls': 1, 'unclaimed_balls': 1, 'device': <playfield.playfield>}
2023-12-02 11:45:06,862 : INFO : EventManager : Event: ======'playfield_ball_count_change'====== Args={'balls': 1, 'change': 1}
2023-12-02 11:45:06,862 : INFO : EventManager : Event: ======'balldevice_bd_catch_p1_ball_count_changed'====== Args={'balls': 0}
2023-12-02 11:45:06,862 : INFO : ball_device.bd_catch_p1 : State: idle
2023-12-02 11:45:07,146 : INFO : SwitchController : <<<<<<< 's_catch_p1' active >>>>>>>
2023-12-02 11:45:07,146 : INFO : EventManager : Event: ======'s_catch_p1_active'====== Args={}
2023-12-02 11:45:07,146 : INFO : EventManager : Event: ======'sw_playfield_active'====== Args={}
2023-12-02 11:45:07,147 : INFO : EventManager : Event: ======'machine_var_audits_switches_s_catch_p1'====== Args={'value': 8, 'prev_value': 7, 'change': 1}
2023-12-02 11:45:07,147 : INFO : EventManager : Event: ======'machine_var_audits_shots_catch_p1'====== Args={'value': 8, 'prev_value': 7, 'change': 1}
2023-12-02 11:45:07,148 : INFO : EventManager : Event: ======'catch_p1_hit'====== Args={'profile': 'default', 'state': 'lit', 'advancing': False}
2023-12-02 11:45:07,148 : INFO : EventManager : Event: ======'catch_p1_default_hit'====== Args={'profile': 'default', 'state': 'lit', 'advancing': False}
2023-12-02 11:45:07,148 : INFO : EventManager : Event: ======'catch_p1_default_lit_hit'====== Args={'profile': 'default', 'state': 'lit', 'advancing': False}
2023-12-02 11:45:07,148 : INFO : EventManager : Event: ======'catch_p1_lit_hit'====== Args={'profile': 'default', 'state': 'lit', 'advancing': False}
2023-12-02 11:45:07,647 : INFO : EventManager : Event: ======'balldevice_bd_catch_p1_ball_count_changed'====== Args={'balls': 1}
2023-12-02 11:45:07,648 : INFO : ball_device.bd_catch_p1 : Received unexpected ball
2023-12-02 11:45:07,648 : INFO : EventManager : Event: ======'balldevice_captured_from_playfield'====== Args={'balls': 1}
2023-12-02 11:45:07,648 : INFO : EventManager : Event: ======'sw_playfield_active'====== Args={'balls': 1}
2023-12-02 11:45:07,648 : INFO : EventManager : Event: ======'playfield_ball_count_change'====== Args={'balls': 0, 'change': -1}
2023-12-02 11:45:07,649 : INFO : EventManager : Event: ======'balldevice_bd_catch_p1_ball_enter'====== Args={'new_balls': 1, 'unclaimed_balls': 1, 'new_available_balls': 1, 'device': <ball_device.bd_catch_p1>}
2023-12-02 11:45:07,649 : INFO : EventManager : Event: ======'ball_hold_catch_p1_held_ball'====== Args={'balls_held': 1, 'total_balls_held': 1}
2023-12-02 11:45:07,649 : INFO : EventManager : Event: ======'ball_hold_catch_p1_full'====== Args={'balls': 1}
2023-12-02 11:45:07,649 : INFO : EventManager : Event: ======'balldevice_balls_available'====== Args={}
2023-12-02 11:45:07,649 : INFO : EventManager : Event: ======'balldevice_bd_catch_p1_ball_entered'====== Args={'new_balls': 1, 'device': <ball_device.bd_catch_p1>}
2023-12-02 11:45:07,650 : INFO : EventManager : Event: ======'catch_p1_eject'====== Args={'priority': 0}
2023-12-02 11:45:07,650 : INFO : ball_device.bd_catch_p1 : Adding 1 ball(s) to the eject_queue with target <playfield.playfield>.
2023-12-02 11:45:07,650 : INFO : EventManager : Event: ======'balldevice_balls_available'====== Args={}
2023-12-02 11:45:07,650 : INFO : EventManager : Event: ======'ball_hold_catch_p1_balls_released'====== Args={'balls_released': 1}
2023-12-02 11:45:07,651 : INFO : ball_device.bd_catch_p1 : State: waiting_for_target_ready
2023-12-02 11:45:07,651 : INFO : EventManager : Event: ======'balldevice_bd_catch_p1_ball_eject_attempt'====== Args={'balls': 1, 'target': <playfield.playfield>, 'source': <ball_device.bd_catch_p1>, 'mechanical_eject': False, 'num_attempts': 0}
2023-12-02 11:45:07,651 : INFO : ball_device.bd_catch_p1 : State: ejecting
2023-12-02 11:45:07,652 : INFO : ball_device.bd_catch_p1 : Ejecting ball to <playfield.playfield>
2023-12-02 11:45:07,652 : INFO : EventManager : Event: ======'balldevice_bd_catch_p1_ejecting_ball'====== Args={'balls': 1, 'target': <playfield.playfield>, 'source': <ball_device.bd_catch_p1>, 'mechanical_eject': False, 'num_attempts': 0}
2023-12-02 11:45:07,652 : INFO : ball_device.bd_catch_p1 : Wait for ball to leave device
2023-12-02 11:45:07,652 : INFO : coil.c_catch_p1 : Pulsing Driver for 8ms (1.0 pulse_power)
2023-12-02 11:45:07,732 : INFO : SwitchController : <<<<<<< 's_catch_p1' inactive >>>>>>>
2023-12-02 11:45:07,733 : INFO : ball_device.bd_catch_p1 : State: ball_left
2023-12-02 11:45:07,733 : INFO : ball_device.bd_catch_p1 : Ball left
2023-12-02 11:45:07,734 : INFO : ball_device.bd_catch_p1 : Wait for confirm with timeout 1.0
2023-12-02 11:45:08,735 : INFO : ball_device.bd_catch_p1 : State: failed_confirm
2023-12-02 11:45:08,735 : INFO : ball_device.bd_catch_p1 : Got timeout (1.0s) before confirm from <playfield.playfield>
2023-12-02 11:45:08,836 : INFO : ball_device.bd_catch_p1 : Confirming eject because target is playfield and ball did not return.
2023-12-02 11:45:08,837 : INFO : ball_device.bd_catch_p1 : Eject successful
2023-12-02 11:45:08,837 : INFO : EventManager : Event: ======'balldevice_bd_catch_p1_ball_eject_success'====== Args={'balls': 1, 'target': <playfield.playfield>}
2023-12-02 11:45:08,838 : INFO : EventManager : Event: ======'balldevice_playfield_ball_enter'====== Args={'new_balls': 1, 'unclaimed_balls': 1, 'device': <playfield.playfield>}
2023-12-02 11:45:08,838 : INFO : EventManager : Event: ======'playfield_ball_count_change'====== Args={'balls': 1, 'change': 1}
2023-12-02 11:45:08,838 : INFO : EventManager : Event: ======'balldevice_bd_catch_p1_ball_count_changed'====== Args={'balls': 0}
2023-12-02 11:45:08,838 : INFO : ball_device.bd_catch_p1 : State: idle
2023-12-02 11:45:17,731 : INFO : Machine : Shutting down...
2023-12-02 11:45:17,732 : INFO : EventManager : Event: ======'shutdown'====== Args={}
2023-12-02 11:45:17,734 : INFO : EventManager : Event: ======'mode_game_will_stop'====== Args={}
2023-12-02 11:45:17,734 : INFO : EventManager : Event: ======'mode_game_stopping'====== Args={}
2023-12-02 11:45:17,735 : INFO : EventManager : Event: ======'mode_base_will_stop'====== Args={}
2023-12-02 11:45:17,735 : INFO : EventManager : Event: ======'mode_base_stopping'====== Args={}
2023-12-02 11:45:17,736 : INFO : Mode.base : Stopped.
2023-12-02 11:45:17,736 : INFO : EventManager : Event: ======'modes_active_modes_changed'====== Args={}
2023-12-02 11:45:17,736 : INFO : EventManager : Event: ======'mode_base_stopped'====== Args={}
2023-12-02 11:45:17,737 : INFO : EventManager : Event: ======'clear'====== Args={'key': 'base'}
2023-12-02 11:45:17,739 : INFO : Mode.game : Stopped.
2023-12-02 11:45:17,740 : INFO : EventManager : Event: ======'modes_active_modes_changed'====== Args={}
2023-12-02 11:45:17,740 : INFO : EventManager : Event: ======'mode_game_stopped'====== Args={}
2023-12-02 11:45:17,740 : INFO : EventManager : Event: ======'clear'====== Args={'key': 'game'}
2023-12-02 11:45:17,750 : INFO : root : MPF run loop ended.
