2023-12-01 16:49:42,711 : kivy : Kivy: v2.2.1
2023-12-01 16:49:42,712 : kivy : Kivy: Installed at "/home/ohm/.local/lib/python3.10/site-packages/kivy/__init__.py"
2023-12-01 16:49:42,712 : kivy : Python: v3.10.12 (main, Nov 20 2023, 15:14:05) [GCC 11.4.0]
2023-12-01 16:49:42,712 : kivy : Python: Interpreter at "/usr/bin/python3"
2023-12-01 16:49:42,751 : kivy : Factory: 190 symbols loaded
2023-12-01 16:49:43,161 : kivy : ImageLoaderFFPy: Using ffpyplayer 4.5.1
2023-12-01 16:49:43,161 : kivy : Image: Providers: img_tex, img_dds, img_sdl2, img_pil, img_ffpyplayer 
2023-12-01 16:49:43,382 : kivy : VideoFFPy: Using ffpyplayer 4.5.1
2023-12-01 16:49:43,382 : kivy : Video: Provider: ffpyplayer(['video_ffmpeg'] ignored)
2023-12-01 16:49:43,459 : root : Loading MPF-MC controller
2023-12-01 16:49:43,463 : YamlMultifileConfigLoader : Machine config file #1: config
2023-12-01 16:49:43,463 : ConfigProcessor : Loading config from file /home/ohm/.local/lib/python3.10/site-packages/mpfmc/mcconfig.yaml.
2023-12-01 16:49:43,478 : ConfigProcessor : Loading config: /home/ohm/.local/lib/python3.10/site-packages/mpfmc/mcconfig.yaml
2023-12-01 16:49:43,479 : ConfigProcessor : Loading config from file /home/ohm/dodgeball/config/config.
2023-12-01 16:49:43,488 : ConfigProcessor : Loading config: /home/ohm/dodgeball/config/config
2023-12-01 16:49:43,489 : ConfigProcessor : Loading config: /home/ohm/dodgeball/config/lights.yaml
2023-12-01 16:49:43,491 : ConfigProcessor : Loading config: /home/ohm/dodgeball/config/coils.yaml
2023-12-01 16:49:43,493 : ConfigProcessor : Loading config: /home/ohm/dodgeball/config/switches.yaml
2023-12-01 16:49:43,494 : ConfigProcessor : Loading config: /home/ohm/dodgeball/config/playervars.yaml
2023-12-01 16:49:43,496 : ConfigProcessor : Config file cache created: /tmp/a2c1ba82a89a56dee0acd48b5b927038.mpf_cache
2023-12-01 16:49:43,496 : ConfigProcessor : Loading config from cache: /tmp/ecc2466debc0cbb894d1a2fba8912b38.mpf_cache
2023-12-01 16:49:43,497 : ConfigProcessor : Loading config from cache: /tmp/32cc0edc83e6cd7fce5d5a48c9d631d2.mpf_cache
2023-12-01 16:49:43,497 : ConfigProcessor : Loading config from cache: /tmp/0fe63fd00a83faf3a344d3dd33ac8b6e.mpf_cache
2023-12-01 16:49:43,497 : mpfmc : Mission Pinball Framework Media Controller (MPF-MC) v0.57.0.dev12. Requires MPF v0.57.0.dev32 or newer.
2023-12-01 16:49:43,497 : mpfmc : Found MPF v0.57.0.dev32
2023-12-01 16:49:43,498 : mpfmc : Machine path: /home/ohm/dodgeball
2023-12-01 16:49:43,498 : mpfmc : Starting clock at 60.0Hz
2023-12-01 16:49:43,518 : kivy : Text: Provider: sdl2
2023-12-01 16:49:43,572 : kivy : Window: Provider: sdl2
2023-12-01 16:49:45,073 : kivy : GL: Using the "OpenGL" graphics system
2023-12-01 16:49:45,074 : kivy : GL: Backend used <sdl2>
2023-12-01 16:49:45,074 : kivy : GL: OpenGL version <b'4.6 (Compatibility Profile) Mesa 23.0.4-0ubuntu1~22.04.1'>
2023-12-01 16:49:45,074 : kivy : GL: OpenGL vendor <b'Intel'>
2023-12-01 16:49:45,074 : kivy : GL: OpenGL renderer <b'Mesa Intel(R) UHD Graphics 600 (GLK 2)'>
2023-12-01 16:49:45,074 : kivy : GL: OpenGL parsed version: 4, 6
2023-12-01 16:49:45,074 : kivy : GL: Shading version <b'4.60'>
2023-12-01 16:49:45,074 : kivy : GL: Texture max size <16384>
2023-12-01 16:49:45,076 : kivy : GL: Texture max units <32>
2023-12-01 16:49:45,166 : kivy : Window: auto add sdl2 input provider
2023-12-01 16:49:45,167 : kivy : Window: virtual keyboard not allowed, single mode, not docked
2023-12-01 16:49:45,453 : AudioInterface : Initialized
2023-12-01 16:49:45,453 : AudioInterface : Loaded SDL 2.0.14
2023-12-01 16:49:45,454 : AudioInterface : Loaded SDL_Mixer 2.0.4
2023-12-01 16:49:45,454 : AudioInterface : Loaded GStreamer 1.10.4.0
2023-12-01 16:49:45,454 : AudioInterface : Loaded GLib 2.72.4
2023-12-01 16:49:45,454 : AudioInterface : Settings requested - rate: 44100, channels: 1, buffer: 2048 samples
2023-12-01 16:49:45,454 : AudioInterface : Settings in use - rate: 44100, channels: 1, buffer: 2048 samples (4096 bytes @ 2 bytes per sample)
2023-12-01 16:49:45,455 : SoundSystem : Setting master volume to 0.0
2023-12-01 16:49:45,455 : AudioInterface : Enabling audio playback
2023-12-01 16:49:45,538 : kivy : Base: Start application main loop
2023-12-01 16:49:45,539 : EventManager : Event: ======'display_window_initialized'====== Args={}
2023-12-01 16:49:45,554 : mpfmc : Display: Setting 'window' as default display
2023-12-01 16:49:45,560 : mpfmc : ASPECT RATIO MISMATCH: The on-screen window is not the same aspect ratio as the display called 'window'. The logical display will be scaled from 3840x2160 to the window size 3770x2096, and a black bar will make up the difference
2023-12-01 16:49:45,560 : EventManager : Event: ======'displays_initialized'====== Args={}
2023-12-01 16:49:45,563 : EventManager : Event: ======'slide_window_blank_created'====== Args={}
2023-12-01 16:49:45,563 : EventManager : Event: ======'display_window_ready'====== Args={}
2023-12-01 16:49:45,577 : EventManager : Event: ======'init_phase_1'====== Args={}
2023-12-01 16:49:45,582 : EventManager : Event: ======'mc_ready'====== Args={}
2023-12-01 16:49:45,583 : EventManager : Event: ======'init_phase_2'====== Args={}
2023-12-01 16:49:45,585 : EventManager : Event: ======'init_phase_3'====== Args={}
2023-12-01 16:49:45,587 : EventManager : Event: ======'init_phase_4'====== Args={}
2023-12-01 16:49:45,587 : EventManager : Event: ======'init_phase_5'====== Args={}
2023-12-01 16:49:45,823 : kivy : GL: NPOT texture support is available
2023-12-01 16:49:45,894 : EventManager : Event: ======'loading_assets'====== Args={'total': 1, 'loaded': 1, 'remaining': 0, 'percent': 100}
2023-12-01 16:49:45,894 : AssetManager : Asset loading took: 0.43882155418395996
2023-12-01 16:49:45,895 : EventManager : Event: ======'asset_loading_complete'====== Args={}
2023-12-01 16:49:45,895 : AssetManager : Loading assets: 1/1 (100%)
2023-12-01 16:49:45,895 : EventManager : Event: ======'init_done'====== Args={}
2023-12-01 16:49:45,895 : MPF-MC BCP Server : Starting up on localhost port 5050
2023-12-01 16:49:45,896 : MPF-MC BCP Server : Waiting for a connection...
2023-12-01 16:49:45,899 : EventManager : Event: ======'client_disconnected'====== Args={'host': '127.0.0.1', 'port': 5050}
2023-12-01 16:49:45,983 : MPF-MC BCP Server : Received connection from: 127.0.0.1:47350
2023-12-01 16:49:45,986 : EventManager : Event: ======'client_connected'====== Args={'host': '127.0.0.1', 'port': 47350}
2023-12-01 16:49:45,999 : EventManager : Event: ======'machine_var_p_roc_version'====== Args={'value': 2, 'prev_value': None, 'change': True}
2023-12-01 16:49:45,999 : EventManager : Event: ======'machine_var_p_roc_revision'====== Args={'value': 18, 'prev_value': None, 'change': True}
2023-12-01 16:49:45,999 : EventManager : Event: ======'machine_var_p_roc_hardware_version'====== Args={'value': 3, 'prev_value': None, 'change': True}
2023-12-01 16:49:45,999 : EventManager : Event: ======'machine_var_credits_string'====== Args={'value': 'FREE PLAY', 'prev_value': None, 'change': True}
2023-12-01 16:49:45,999 : EventManager : Event: ======'machine_var_master_volume'====== Args={'value': 0.5, 'prev_value': None, 'change': True}
2023-12-01 16:49:45,999 : EventManager : Event: ======'machine_var_mpf_version'====== Args={'value': 'Mission Pinball Framework v0.57.0.dev32', 'prev_value': None, 'change': True}
2023-12-01 16:49:45,999 : EventManager : Event: ======'machine_var_mpf_extended_version'====== Args={'value': 'Mission Pinball Framework v0.57.0.dev32, Config version:6, Show version: 6, BCP version:1.1', 'prev_value': None, 'change': True}
2023-12-01 16:49:45,999 : EventManager : Event: ======'machine_var_python_version'====== Args={'value': '3.10.12', 'prev_value': None, 'change': True}
2023-12-01 16:49:45,999 : EventManager : Event: ======'machine_var_platform'====== Args={'value': 'Linux-6.2.0-37-generic-x86_64-with-glibc2.35', 'prev_value': None, 'change': True}
2023-12-01 16:49:46,000 : EventManager : Event: ======'machine_var_platform_system'====== Args={'value': 'Linux', 'prev_value': None, 'change': True}
2023-12-01 16:49:46,000 : EventManager : Event: ======'machine_var_platform_release'====== Args={'value': '6.2.0-37-generic', 'prev_value': None, 'change': True}
2023-12-01 16:49:46,000 : EventManager : Event: ======'machine_var_platform_version'====== Args={'value': '#38~22.04.1-Ubuntu SMP PREEMPT_DYNAMIC Thu Nov  2 18:01:13 UTC 2', 'prev_value': None, 'change': True}
2023-12-01 16:49:46,000 : EventManager : Event: ======'machine_var_platform_machine'====== Args={'value': 'x86_64', 'prev_value': None, 'change': True}
2023-12-01 16:49:46,000 : EventManager : Event: ======'machine_var_mc_version'====== Args={'value': 'MPF-MC v0.57.0.dev12', 'prev_value': None, 'change': True}
2023-12-01 16:49:46,000 : EventManager : Event: ======'machine_var_mc_extended_version'====== Args={'value': 'MPF-MC v0.57.0.dev12 (config_version=6, BCP v1.1,                      Requires MPF API compatibility v0.57.0.dev32 or newer)', 'prev_value': None, 'change': True}
2023-12-01 16:49:46,000 : SoundSystem : Setting master volume to 0.5
2023-12-01 16:49:46,061 : EventManager : Event: ======'machine_var_audits_events_game_ended'====== Args={'value': 0, 'prev_value': None, 'change': True}
2023-12-01 16:49:46,061 : EventManager : Event: ======'machine_var_audits_events_game_started'====== Args={'value': 1, 'prev_value': None, 'change': True}
2023-12-01 16:49:46,061 : EventManager : Event: ======'machine_var_audits_player_score'====== Args={'value': {'average': 0, 'top': [], 'total': 0}, 'prev_value': None, 'change': True}
2023-12-01 16:49:46,061 : EventManager : Event: ======'machine_var_audits_switches_s_catch_p1'====== Args={'value': 0, 'prev_value': None, 'change': True}
2023-12-01 16:49:46,061 : EventManager : Event: ======'machine_var_audits_switches_s_catch_p2'====== Args={'value': 0, 'prev_value': None, 'change': True}
2023-12-01 16:49:46,061 : EventManager : Event: ======'machine_var_audits_switches_s_sling_p1'====== Args={'value': 0, 'prev_value': None, 'change': True}
2023-12-01 16:49:46,062 : EventManager : Event: ======'machine_var_audits_switches_s_sling_p2'====== Args={'value': 0, 'prev_value': None, 'change': True}
2023-12-01 16:49:46,062 : EventManager : Event: ======'machine_var_audits_switches_s_start_p1'====== Args={'value': 0, 'prev_value': None, 'change': True}
2023-12-01 16:49:46,062 : EventManager : Event: ======'machine_var_audits_switches_s_start_p2'====== Args={'value': 0, 'prev_value': None, 'change': True}
2023-12-01 16:49:46,062 : EventManager : Event: ======'machine_var_audits_switches_s_trougheject_p1'====== Args={'value': 0, 'prev_value': None, 'change': True}
2023-12-01 16:49:46,062 : EventManager : Event: ======'machine_var_audits_switches_s_trougheject_p2'====== Args={'value': 0, 'prev_value': None, 'change': True}
2023-12-01 16:49:46,062 : EventManager : Event: ======'mc_reset_phase_1'====== Args={}
2023-12-01 16:49:46,062 : EventManager : Event: ======'mc_reset_phase_2'====== Args={}
2023-12-01 16:49:46,062 : EventManager : Event: ======'mc_reset_phase_3'====== Args={}
2023-12-01 16:49:46,062 : EventManager : Event: ======'mc_reset_complete'====== Args={}
2023-12-01 16:53:38,121 : kivy : Base: Leaving application in progress...
2023-12-01 16:53:38,244 : mpfmc : Stopping...
2023-12-01 16:53:38,245 : EventManager : Event: ======'shutdown'====== Args={}
2023-12-01 16:53:38,245 : AudioInterface : Disabling audio playback
2023-12-01 16:53:38,294 : mpfmc : Loop rate 78.59 Hz
2023-12-01 16:53:38,295 : root : MC run loop ended.
2023-12-01 16:53:38,295 : root : Stopping child threads... (3 remaining)
2023-12-01 16:53:39,116 : MPF-MC BCP Server : Stopping BCP sending thread
