2023-12-02 11:29:08,692 : INFO : root : Loading config.
2023-12-02 11:29:08,696 : INFO : YamlMultifileConfigLoader : Machine config file #1: config.yaml
2023-12-02 11:29:08,696 : INFO : ConfigProcessor : Loading config from cache: /tmp/bf38e15644d30ba1eb87297a18d33bd2.mpf_cache
2023-12-02 11:29:08,759 : INFO : ConfigProcessor : Loading config from cache: /tmp/ecc2466debc0cbb894d1a2fba8912b38.mpf_cache
2023-12-02 11:29:08,759 : INFO : ConfigProcessor : Loading config from cache: /tmp/32cc0edc83e6cd7fce5d5a48c9d631d2.mpf_cache
2023-12-02 11:29:08,760 : INFO : ConfigProcessor : Loading config from cache: /tmp/0fe63fd00a83faf3a344d3dd33ac8b6e.mpf_cache
2023-12-02 11:29:08,760 : INFO : ConfigProcessor : Loading config from cache: /tmp/4923a60b897e22ae41d9973250e86152.mpf_cache
2023-12-02 11:29:08,807 : INFO : Machine : Mission Pinball Framework Core Engine v0.57.0.dev32
2023-12-02 11:29:08,808 : INFO : Machine : Command line arguments: {'no_load_cache': False, 'create_config_cache': True, 'bcp': True, 'configfile': ['config.yaml'], 'force_assets_load': False, 'jsonlogging': False, 'logfile': 'logs/2023-12-02-11-29-08-mpf-dodgeball.log', 'pause': False, 'production': False, 'text_ui': True, 'loglevel': 15, 'consoleloglevel': 20, 'force_platform': None, 'syslog_address': None, 'mc_file_name': None, 'no_sound': False}
2023-12-02 11:29:08,808 : INFO : Machine : MPF path: /home/ohm/.local/lib/python3.10/site-packages/mpf
2023-12-02 11:29:08,808 : INFO : Machine : Machine path: /home/ohm/dodgeball
2023-12-02 11:29:08,808 : INFO : Machine : Platform: linux
2023-12-02 11:29:08,808 : INFO : Machine : Python executable location: /usr/bin/python3
2023-12-02 11:29:08,808 : INFO : Machine : Python version: 3.10.12 (64-bit)
2023-12-02 11:29:08,817 : INFO : Machine : Initializing MPF...
2023-12-02 11:29:08,932 : INFO : P-Roc : Connecting to P-ROC
2023-12-02 11:29:08,994 : INFO : P-Roc : Successfully connected to P-ROC/P3-ROC. Firmware Version: 2. Firmware Revision: 18. Hardware Board ID: 3
2023-12-02 11:29:09,007 : INFO : EventManager : Event: ======'machine_var_p_roc_version'====== Args={'value': 2, 'prev_value': None, 'change': True}
2023-12-02 11:29:09,007 : INFO : EventManager : Event: ======'machine_var_p_roc_revision'====== Args={'value': 18, 'prev_value': None, 'change': True}
2023-12-02 11:29:09,007 : INFO : EventManager : Event: ======'machine_var_p_roc_hardware_version'====== Args={'value': 3, 'prev_value': None, 'change': True}
2023-12-02 11:29:09,008 : INFO : EventManager : Event: ======'machine_var_credits_string'====== Args={'value': 'FREE PLAY', 'prev_value': None, 'change': True}
2023-12-02 11:29:09,111 : INFO : EventManager : Event: ======'machine_var_master_volume'====== Args={'value': 0.5, 'prev_value': None, 'change': True}
2023-12-02 11:29:09,111 : INFO : EventManager : Event: ======'machine_var_mpf_version'====== Args={'value': 'Mission Pinball Framework v0.57.0.dev32', 'prev_value': None, 'change': True}
2023-12-02 11:29:09,111 : INFO : EventManager : Event: ======'machine_var_mpf_extended_version'====== Args={'value': 'Mission Pinball Framework v0.57.0.dev32, Config version:6, Show version: 6, BCP version:1.1', 'prev_value': None, 'change': True}
2023-12-02 11:29:09,111 : INFO : EventManager : Event: ======'machine_var_python_version'====== Args={'value': '3.10.12', 'prev_value': None, 'change': True}
2023-12-02 11:29:09,114 : INFO : EventManager : Event: ======'machine_var_platform'====== Args={'value': 'Linux-6.2.0-37-generic-x86_64-with-glibc2.35', 'prev_value': None, 'change': True}
2023-12-02 11:29:09,115 : INFO : EventManager : Event: ======'machine_var_platform_system'====== Args={'value': 'Linux', 'prev_value': None, 'change': True}
2023-12-02 11:29:09,115 : INFO : EventManager : Event: ======'machine_var_platform_release'====== Args={'value': '6.2.0-37-generic', 'prev_value': None, 'change': True}
2023-12-02 11:29:09,115 : INFO : EventManager : Event: ======'machine_var_platform_version'====== Args={'value': '#38~22.04.1-Ubuntu SMP PREEMPT_DYNAMIC Thu Nov  2 18:01:13 UTC 2', 'prev_value': None, 'change': True}
2023-12-02 11:29:09,115 : INFO : EventManager : Event: ======'machine_var_platform_machine'====== Args={'value': 'x86_64', 'prev_value': None, 'change': True}
2023-12-02 11:29:09,115 : INFO : EventManager : Event: ======'init_phase_1'====== Args={}
2023-12-02 11:29:09,148 : INFO : EventManager : Event: ======'logicblock_has_highscore_updated'====== Args={'value': 0, 'enabled': True}
2023-12-02 11:29:09,148 : INFO : EventManager : Event: ======'logicblock_has_highscore_updated'====== Args={'value': 0, 'enabled': True}
2023-12-02 11:29:09,150 : INFO : EventManager : Event: ======'init_phase_2'====== Args={}
2023-12-02 11:29:09,166 : INFO : SwitchController : Found active switch: (3, <Platform.P3-ROC>) <switch.s_trougheject_p1>
2023-12-02 11:29:09,167 : INFO : SwitchController : Found active switch: (11, <Platform.P3-ROC>) <switch.s_trougheject_p2>
2023-12-02 11:29:09,171 : INFO : EventManager : Event: ======'bcp_connection_attempt'====== Args={'name': 'local_display', 'host': 'localhost', 'port': 5050}
2023-12-02 11:29:09,173 : INFO : BCPClientSocket : Connecting BCP to 'local_display' at localhost:5050...
2023-12-02 11:29:10,792 : INFO : BCPClientSocket : Connected BCP to 'local_display' localhost:5050
2023-12-02 11:29:10,793 : INFO : EventManager : Event: ======'bcp_clients_connected'====== Args={}
2023-12-02 11:29:10,798 : INFO : ball_device.bd_trough : BCH: Initial count: 1
2023-12-02 11:29:10,798 : INFO : ball_device.bd_trough : State: idle
2023-12-02 11:29:10,798 : INFO : ball_device.bd_catch_p1 : BCH: Initial count: 0
2023-12-02 11:29:10,799 : INFO : ball_device.bd_catch_p1 : State: idle
2023-12-02 11:29:10,799 : INFO : ball_device.bd_catch_p2 : BCH: Initial count: 0
2023-12-02 11:29:10,799 : INFO : ball_device.bd_catch_p2 : State: idle
2023-12-02 11:29:10,809 : INFO : EventManager : Event: ======'init_phase_3'====== Args={}
2023-12-02 11:29:10,824 : INFO : EventManager : Event: ======'machine_var_mc_version'====== Args={'value': 'MPF-MC v0.57.0.dev12', 'prev_value': None, 'change': True}
2023-12-02 11:29:10,824 : INFO : EventManager : Event: ======'machine_var_mc_extended_version'====== Args={'value': 'MPF-MC v0.57.0.dev12 (config_version=6, BCP v1.1,                      Requires MPF API compatibility v0.57.0.dev32 or newer)', 'prev_value': None, 'change': True}
2023-12-02 11:29:10,831 : INFO : EventManager : Event: ======'init_phase_4'====== Args={}
2023-12-02 11:29:10,832 : INFO : BallController : Initial balls found: 1
2023-12-02 11:29:10,833 : INFO : EventManager : Event: ======'machine_var_audits_events_game_ended'====== Args={'value': 0, 'prev_value': None, 'change': True}
2023-12-02 11:29:10,833 : INFO : EventManager : Event: ======'machine_var_audits_events_game_started'====== Args={'value': 1, 'prev_value': None, 'change': True}
2023-12-02 11:29:10,834 : INFO : EventManager : Event: ======'machine_var_audits_player_score'====== Args={'value': {'average': 0, 'top': [], 'total': 0}, 'prev_value': None, 'change': True}
2023-12-02 11:29:10,834 : INFO : EventManager : Event: ======'machine_var_audits_switches_s_catch_p1'====== Args={'value': 0, 'prev_value': None, 'change': True}
2023-12-02 11:29:10,834 : INFO : EventManager : Event: ======'machine_var_audits_switches_s_catch_p2'====== Args={'value': 0, 'prev_value': None, 'change': True}
2023-12-02 11:29:10,834 : INFO : EventManager : Event: ======'machine_var_audits_switches_s_sling_p1'====== Args={'value': 0, 'prev_value': None, 'change': True}
2023-12-02 11:29:10,835 : INFO : EventManager : Event: ======'machine_var_audits_switches_s_sling_p2'====== Args={'value': 0, 'prev_value': None, 'change': True}
2023-12-02 11:29:10,835 : INFO : EventManager : Event: ======'machine_var_audits_switches_s_start_p1'====== Args={'value': 0, 'prev_value': None, 'change': True}
2023-12-02 11:29:10,835 : INFO : EventManager : Event: ======'machine_var_audits_switches_s_start_p2'====== Args={'value': 0, 'prev_value': None, 'change': True}
2023-12-02 11:29:10,835 : INFO : EventManager : Event: ======'machine_var_audits_switches_s_trougheject_p1'====== Args={'value': 0, 'prev_value': None, 'change': True}
2023-12-02 11:29:10,836 : INFO : EventManager : Event: ======'machine_var_audits_switches_s_trougheject_p2'====== Args={'value': 0, 'prev_value': None, 'change': True}
2023-12-02 11:29:10,849 : INFO : EventManager : Event: ======'init_phase_5'====== Args={}
2023-12-02 11:29:10,850 : INFO : EventManager : Event: ======'init_done'====== Args={}
2023-12-02 11:29:10,850 : INFO : EventManager : Event: ======'machine_reset_phase_1'====== Args={}
2023-12-02 11:29:10,864 : INFO : EventManager : Event: ======'machine_reset_phase_2'====== Args={}
2023-12-02 11:29:10,865 : INFO : EventManager : Event: ======'machine_reset_phase_3'====== Args={}
2023-12-02 11:29:10,865 : INFO : EventManager : Event: ======'reset_complete'====== Args={}
2023-12-02 11:29:10,865 : INFO : EventManager : Event: ======'mode_attract_will_start'====== Args={}
2023-12-02 11:29:10,866 : INFO : EventManager : Event: ======'mode_attract_starting'====== Args={}
2023-12-02 11:29:10,866 : INFO : Mode.attract : Started. Priority: 10
2023-12-02 11:29:10,866 : INFO : EventManager : Event: ======'modes_active_modes_changed'====== Args={}
2023-12-02 11:29:10,866 : INFO : EventManager : Event: ======'mode_attract_started'====== Args={}
2023-12-02 11:29:10,867 : INFO : EventManager : Event: ======'collecting_balls_complete'====== Args={}
2023-12-02 11:29:10,868 : INFO : Machine : Starting the main run loop.
2023-12-02 11:29:10,893 : INFO : EventManager : Event: ======'slide_press_start_created'====== Args={'_from_bcp': True}
2023-12-02 11:29:10,900 : INFO : EventManager : Event: ======'slide_press_start_active'====== Args={'_from_bcp': True}
2023-12-02 11:29:13,889 : INFO : EventManager : Event: ======'slide_press_start_removed'====== Args={'_from_bcp': True}
2023-12-02 11:29:13,897 : INFO : EventManager : Event: ======'slide_press_start_created'====== Args={'_from_bcp': True}
2023-12-02 11:29:13,900 : INFO : EventManager : Event: ======'slide_press_start_active'====== Args={'_from_bcp': True}
2023-12-02 11:29:16,874 : INFO : EventManager : Event: ======'slide_press_start_removed'====== Args={'_from_bcp': True}
2023-12-02 11:29:16,879 : INFO : EventManager : Event: ======'slide_press_start_created'====== Args={'_from_bcp': True}
2023-12-02 11:29:16,883 : INFO : EventManager : Event: ======'slide_press_start_active'====== Args={'_from_bcp': True}
2023-12-02 11:29:19,879 : INFO : EventManager : Event: ======'slide_press_start_removed'====== Args={'_from_bcp': True}
2023-12-02 11:29:19,884 : INFO : EventManager : Event: ======'slide_press_start_created'====== Args={'_from_bcp': True}
2023-12-02 11:29:19,888 : INFO : EventManager : Event: ======'slide_press_start_active'====== Args={'_from_bcp': True}
2023-12-02 11:29:21,641 : INFO : SwitchController : <<<<<<< 's_start_p1' active >>>>>>>
2023-12-02 11:29:21,755 : INFO : SwitchController : <<<<<<< 's_start_p1' inactive >>>>>>>
2023-12-02 11:29:21,755 : INFO : EventManager : Event: ======'request_to_start_game'====== Args={}
2023-12-02 11:29:21,756 : INFO : EventManager : Event: ======'game_start'====== Args={'buttons': [], 'hold_time': 0.11400000000003274}
2023-12-02 11:29:21,756 : INFO : EventManager : Event: ======'mode_game_will_start'====== Args={'buttons': [], 'hold_time': 0.11400000000003274}
2023-12-02 11:29:21,756 : INFO : EventManager : Event: ======'mode_game_starting'====== Args={'buttons': [], 'hold_time': 0.11400000000003274}
2023-12-02 11:29:21,757 : INFO : EventManager : Event: ======'mode_attract_will_stop'====== Args={}
2023-12-02 11:29:21,757 : INFO : EventManager : Event: ======'mode_attract_stopping'====== Args={}
2023-12-02 11:29:21,757 : INFO : Mode.attract : Stopped.
2023-12-02 11:29:21,757 : INFO : EventManager : Event: ======'modes_active_modes_changed'====== Args={}
2023-12-02 11:29:21,757 : INFO : EventManager : Event: ======'mode_attract_stopped'====== Args={}
2023-12-02 11:29:21,757 : INFO : EventManager : Event: ======'clear'====== Args={'key': 'attract'}
2023-12-02 11:29:21,757 : INFO : Mode.game : Started. Priority: 20
2023-12-02 11:29:21,758 : INFO : EventManager : Event: ======'modes_active_modes_changed'====== Args={}
2023-12-02 11:29:21,758 : INFO : EventManager : Event: ======'mode_game_started'====== Args={'buttons': [], 'hold_time': 0.11400000000003274}
2023-12-02 11:29:21,758 : INFO : EventManager : Event: ======'game_will_start'====== Args={}
2023-12-02 11:29:21,759 : INFO : EventManager : Event: ======'game_starting'====== Args={'game': <Mode.game>}
2023-12-02 11:29:21,759 : INFO : EventManager : Event: ======'player_add_request'====== Args={}
2023-12-02 11:29:21,759 : INFO : EventManager : Event: ======'player_will_add'====== Args={'number': 1}
2023-12-02 11:29:21,759 : INFO : EventManager : Event: ======'player_adding'====== Args={'player': <Player 1>, 'number': 1}
2023-12-02 11:29:21,760 : INFO : EventManager : Event: ======'player_added'====== Args={'player': <Player 1>, 'num': 1}
2023-12-02 11:29:21,760 : INFO : Mode.game : Player added successfully. Total players: 1
2023-12-02 11:29:21,760 : INFO : EventManager : Event: ======'player_index'====== Args={'value': 0, 'prev_value': 0, 'change': 0, 'player_num': 1}
2023-12-02 11:29:21,760 : INFO : EventManager : Event: ======'player_number'====== Args={'value': 1, 'prev_value': 1, 'change': 0, 'player_num': 1}
2023-12-02 11:29:21,760 : INFO : EventManager : Event: ======'player_has_a_highscore'====== Args={'value': 0, 'prev_value': 0, 'change': 0, 'player_num': 1}
2023-12-02 11:29:21,760 : INFO : EventManager : Event: ======'player_is_welcome_played'====== Args={'value': 0, 'prev_value': 0, 'change': 0, 'player_num': 1}
2023-12-02 11:29:21,760 : INFO : EventManager : Event: ======'player_score'====== Args={'value': 0, 'prev_value': 0, 'change': 0, 'player_num': 1}
2023-12-02 11:29:21,761 : INFO : EventManager : Event: ======'game_started'====== Args={}
2023-12-02 11:29:21,762 : INFO : EventManager : Event: ======'logicblock_has_highscore_updated'====== Args={'value': 0, 'enabled': True}
2023-12-02 11:29:21,762 : INFO : EventManager : Event: ======'player_turn_will_start'====== Args={'player': <Player 1>, 'number': 1}
2023-12-02 11:29:21,762 : INFO : EventManager : Event: ======'player_turn_starting'====== Args={'player': <Player 1>, 'number': 1}
2023-12-02 11:29:21,762 : INFO : EventManager : Event: ======'player_ball'====== Args={'value': 1, 'prev_value': 0, 'change': 1, 'player_num': 1}
2023-12-02 11:29:21,762 : INFO : EventManager : Event: ======'player_turn_started'====== Args={'player': <Player 1>, 'number': 1}
2023-12-02 11:29:21,763 : INFO : EventManager : Event: ======'ball_will_start'====== Args={'player': 1, 'ball': 1, 'balls_remaining': 2, 'is_extra_ball': False}
2023-12-02 11:29:21,763 : INFO : EventManager : Event: ======'ball_starting'====== Args={'player': 1, 'ball': 1, 'balls_remaining': 2, 'is_extra_ball': False}
2023-12-02 11:29:21,763 : INFO : EventManager : Event: ======'balls_in_play'====== Args={'balls': 1}
2023-12-02 11:29:21,763 : INFO : EventManager : Event: ======'ball_started'====== Args={'player': 1, 'ball': 1, 'balls_remaining': 2, 'is_extra_ball': False}
2023-12-02 11:29:21,763 : INFO : EventManager : Event: ======'mode_base_will_start'====== Args={'player': 1, 'ball': 1, 'balls_remaining': 2, 'is_extra_ball': False}
2023-12-02 11:29:21,764 : INFO : EventManager : Event: ======'player_shot_sling_p1_enabled'====== Args={'value': True, 'prev_value': 0, 'change': 1, 'player_num': 1}
2023-12-02 11:29:21,764 : INFO : EventManager : Event: ======'player_shot_sling_p2_enabled'====== Args={'value': True, 'prev_value': 0, 'change': 1, 'player_num': 1}
2023-12-02 11:29:21,765 : INFO : EventManager : Event: ======'player_shot_catch_p1_enabled'====== Args={'value': True, 'prev_value': 0, 'change': 1, 'player_num': 1}
2023-12-02 11:29:21,765 : INFO : EventManager : Event: ======'player_shot_catch_p2_enabled'====== Args={'value': True, 'prev_value': 0, 'change': 1, 'player_num': 1}
2023-12-02 11:29:21,766 : INFO : EventManager : Event: ======'mode_base_starting'====== Args={'player': 1, 'ball': 1, 'balls_remaining': 2, 'is_extra_ball': False}
2023-12-02 11:29:21,767 : INFO : Mode.base : Started. Priority: 100
2023-12-02 11:29:21,768 : INFO : EventManager : Event: ======'modes_active_modes_changed'====== Args={}
2023-12-02 11:29:21,768 : INFO : EventManager : Event: ======'mode_base_started'====== Args={'player': 1, 'ball': 1, 'balls_remaining': 2, 'is_extra_ball': False}
2023-12-02 11:29:21,781 : INFO : EventManager : Event: ======'single_player_ball_started'====== Args={}
2023-12-02 11:29:21,781 : INFO : EventManager : Event: ======'slide_press_start_removed'====== Args={'_from_bcp': True}
2023-12-02 11:29:21,782 : INFO : EventManager : Event: ======'slide_window_blank_active'====== Args={'_from_bcp': True}
2023-12-02 11:29:21,784 : INFO : EventManager : Event: ======'ball_start_target'====== Args={'target': 'playfield'}
2023-12-02 11:29:21,784 : INFO : ball_device.bd_trough : Setting up player-controlled eject. Balls: 1, Target: <playfield.playfield>, player_controlled_eject_event: None
2023-12-02 11:29:21,784 : INFO : ball_device.bd_trough : Adding 1 ball(s) to the eject_queue with target <playfield.playfield>.
2023-12-02 11:29:21,784 : INFO : EventManager : Event: ======'balldevice_balls_available'====== Args={}
2023-12-02 11:29:21,785 : INFO : ball_device.bd_trough : State: waiting_for_target_ready
2023-12-02 11:29:21,785 : INFO : EventManager : Event: ======'balldevice_bd_trough_ball_eject_attempt'====== Args={'balls': 1, 'target': <playfield.playfield>, 'source': <ball_device.bd_trough>, 'mechanical_eject': False, 'num_attempts': 0}
2023-12-02 11:29:21,785 : INFO : ball_device.bd_trough : State: ejecting
2023-12-02 11:29:21,785 : INFO : ball_device.bd_trough : Ejecting ball to <playfield.playfield>
2023-12-02 11:29:21,785 : INFO : EventManager : Event: ======'balldevice_bd_trough_ejecting_ball'====== Args={'balls': 1, 'target': <playfield.playfield>, 'source': <ball_device.bd_trough>, 'mechanical_eject': False, 'num_attempts': 0}
2023-12-02 11:29:21,786 : INFO : ball_device.bd_trough : Wait for ball to leave device
2023-12-02 11:29:21,786 : INFO : coil.c_trougheject_p1 : Pulsing Driver for 35ms (1.0 pulse_power)
2023-12-02 11:29:21,813 : INFO : EventManager : Event: ======'slide_round_started_created'====== Args={'_from_bcp': True}
2023-12-02 11:29:21,813 : INFO : EventManager : Event: ======'slide_round_started_active'====== Args={'_from_bcp': True}
2023-12-02 11:29:23,787 : INFO : EventManager : Event: ======'balldevice_bd_trough_ball_eject_failed'====== Args={'target': <playfield.playfield>, 'balls': 1, 'retry': True, 'num_attempts': 1}
2023-12-02 11:29:23,788 : INFO : ball_device.bd_trough : State: waiting_for_target_ready
2023-12-02 11:29:23,788 : INFO : EventManager : Event: ======'balldevice_bd_trough_ball_eject_attempt'====== Args={'balls': 1, 'target': <playfield.playfield>, 'source': <ball_device.bd_trough>, 'mechanical_eject': False, 'num_attempts': 1}
2023-12-02 11:29:23,788 : INFO : ball_device.bd_trough : State: ejecting
2023-12-02 11:29:23,788 : INFO : ball_device.bd_trough : Ejecting ball to <playfield.playfield>
2023-12-02 11:29:23,788 : INFO : EventManager : Event: ======'balldevice_bd_trough_ejecting_ball'====== Args={'balls': 1, 'target': <playfield.playfield>, 'source': <ball_device.bd_trough>, 'mechanical_eject': False, 'num_attempts': 1}
2023-12-02 11:29:23,789 : INFO : ball_device.bd_trough : Wait for ball to leave device
2023-12-02 11:29:23,789 : INFO : coil.c_trougheject_p1 : Pulsing Driver for 35ms (1.0 pulse_power)
2023-12-02 11:29:25,789 : INFO : EventManager : Event: ======'balldevice_bd_trough_ball_eject_failed'====== Args={'target': <playfield.playfield>, 'balls': 1, 'retry': True, 'num_attempts': 2}
2023-12-02 11:29:25,791 : INFO : ball_device.bd_trough : State: waiting_for_target_ready
2023-12-02 11:29:25,791 : INFO : EventManager : Event: ======'balldevice_bd_trough_ball_eject_attempt'====== Args={'balls': 1, 'target': <playfield.playfield>, 'source': <ball_device.bd_trough>, 'mechanical_eject': False, 'num_attempts': 2}
2023-12-02 11:29:25,791 : INFO : ball_device.bd_trough : State: ejecting
2023-12-02 11:29:25,791 : INFO : ball_device.bd_trough : Ejecting ball to <playfield.playfield>
2023-12-02 11:29:25,791 : INFO : EventManager : Event: ======'balldevice_bd_trough_ejecting_ball'====== Args={'balls': 1, 'target': <playfield.playfield>, 'source': <ball_device.bd_trough>, 'mechanical_eject': False, 'num_attempts': 2}
2023-12-02 11:29:25,792 : INFO : ball_device.bd_trough : Wait for ball to leave device
2023-12-02 11:29:25,792 : INFO : coil.c_trougheject_p1 : Pulsing Driver for 35ms (1.0 pulse_power)
2023-12-02 11:29:27,793 : INFO : EventManager : Event: ======'balldevice_bd_trough_ball_eject_failed'====== Args={'target': <playfield.playfield>, 'balls': 1, 'retry': True, 'num_attempts': 3}
2023-12-02 11:29:27,794 : INFO : ball_device.bd_trough : State: waiting_for_target_ready
2023-12-02 11:29:27,794 : INFO : EventManager : Event: ======'balldevice_bd_trough_ball_eject_attempt'====== Args={'balls': 1, 'target': <playfield.playfield>, 'source': <ball_device.bd_trough>, 'mechanical_eject': False, 'num_attempts': 3}
2023-12-02 11:29:27,794 : INFO : ball_device.bd_trough : State: ejecting
2023-12-02 11:29:27,794 : INFO : ball_device.bd_trough : Ejecting ball to <playfield.playfield>
2023-12-02 11:29:27,794 : INFO : EventManager : Event: ======'balldevice_bd_trough_ejecting_ball'====== Args={'balls': 1, 'target': <playfield.playfield>, 'source': <ball_device.bd_trough>, 'mechanical_eject': False, 'num_attempts': 3}
2023-12-02 11:29:27,795 : INFO : ball_device.bd_trough : Wait for ball to leave device
2023-12-02 11:29:27,795 : INFO : coil.c_trougheject_p1 : Pulsing Driver for 35ms (1.0 pulse_power)
2023-12-02 11:29:29,796 : INFO : EventManager : Event: ======'balldevice_bd_trough_ball_eject_failed'====== Args={'target': <playfield.playfield>, 'balls': 1, 'retry': True, 'num_attempts': 4}
2023-12-02 11:29:29,797 : INFO : ball_device.bd_trough : State: waiting_for_target_ready
2023-12-02 11:29:29,797 : INFO : EventManager : Event: ======'balldevice_bd_trough_ball_eject_attempt'====== Args={'balls': 1, 'target': <playfield.playfield>, 'source': <ball_device.bd_trough>, 'mechanical_eject': False, 'num_attempts': 4}
2023-12-02 11:29:29,797 : INFO : ball_device.bd_trough : State: ejecting
2023-12-02 11:29:29,798 : INFO : ball_device.bd_trough : Ejecting ball to <playfield.playfield>
2023-12-02 11:29:29,798 : INFO : EventManager : Event: ======'balldevice_bd_trough_ejecting_ball'====== Args={'balls': 1, 'target': <playfield.playfield>, 'source': <ball_device.bd_trough>, 'mechanical_eject': False, 'num_attempts': 4}
2023-12-02 11:29:29,798 : INFO : ball_device.bd_trough : Wait for ball to leave device
2023-12-02 11:29:29,798 : INFO : coil.c_trougheject_p1 : Pulsing Driver for 35ms (1.0 pulse_power)
2023-12-02 11:29:31,799 : INFO : EventManager : Event: ======'balldevice_bd_trough_ball_eject_failed'====== Args={'target': <playfield.playfield>, 'balls': 1, 'retry': True, 'num_attempts': 5}
2023-12-02 11:29:31,800 : INFO : ball_device.bd_trough : State: waiting_for_target_ready
2023-12-02 11:29:31,800 : INFO : EventManager : Event: ======'balldevice_bd_trough_ball_eject_attempt'====== Args={'balls': 1, 'target': <playfield.playfield>, 'source': <ball_device.bd_trough>, 'mechanical_eject': False, 'num_attempts': 5}
2023-12-02 11:29:31,800 : INFO : ball_device.bd_trough : State: ejecting
2023-12-02 11:29:31,800 : INFO : ball_device.bd_trough : Ejecting ball to <playfield.playfield>
2023-12-02 11:29:31,800 : INFO : EventManager : Event: ======'balldevice_bd_trough_ejecting_ball'====== Args={'balls': 1, 'target': <playfield.playfield>, 'source': <ball_device.bd_trough>, 'mechanical_eject': False, 'num_attempts': 5}
2023-12-02 11:29:31,801 : INFO : ball_device.bd_trough : Wait for ball to leave device
2023-12-02 11:29:31,801 : INFO : coil.c_trougheject_p1 : Pulsing Driver for 35ms (1.0 pulse_power)
2023-12-02 11:29:33,802 : INFO : EventManager : Event: ======'balldevice_bd_trough_ball_eject_failed'====== Args={'target': <playfield.playfield>, 'balls': 1, 'retry': True, 'num_attempts': 6}
2023-12-02 11:29:33,804 : INFO : ball_device.bd_trough : State: waiting_for_target_ready
2023-12-02 11:29:33,804 : INFO : EventManager : Event: ======'balldevice_bd_trough_ball_eject_attempt'====== Args={'balls': 1, 'target': <playfield.playfield>, 'source': <ball_device.bd_trough>, 'mechanical_eject': False, 'num_attempts': 6}
2023-12-02 11:29:33,805 : INFO : ball_device.bd_trough : State: ejecting
2023-12-02 11:29:33,805 : INFO : ball_device.bd_trough : Ejecting ball to <playfield.playfield>
2023-12-02 11:29:33,806 : INFO : EventManager : Event: ======'balldevice_bd_trough_ejecting_ball'====== Args={'balls': 1, 'target': <playfield.playfield>, 'source': <ball_device.bd_trough>, 'mechanical_eject': False, 'num_attempts': 6}
2023-12-02 11:29:33,807 : INFO : ball_device.bd_trough : Wait for ball to leave device
2023-12-02 11:29:33,807 : INFO : coil.c_trougheject_p1 : Pulsing Driver for 35ms (1.0 pulse_power)
2023-12-02 11:29:35,808 : INFO : EventManager : Event: ======'balldevice_bd_trough_ball_eject_failed'====== Args={'target': <playfield.playfield>, 'balls': 1, 'retry': True, 'num_attempts': 7}
2023-12-02 11:29:35,809 : INFO : ball_device.bd_trough : State: waiting_for_target_ready
2023-12-02 11:29:35,809 : INFO : EventManager : Event: ======'balldevice_bd_trough_ball_eject_attempt'====== Args={'balls': 1, 'target': <playfield.playfield>, 'source': <ball_device.bd_trough>, 'mechanical_eject': False, 'num_attempts': 7}
2023-12-02 11:29:35,809 : INFO : ball_device.bd_trough : State: ejecting
2023-12-02 11:29:35,809 : INFO : ball_device.bd_trough : Ejecting ball to <playfield.playfield>
2023-12-02 11:29:35,810 : INFO : EventManager : Event: ======'balldevice_bd_trough_ejecting_ball'====== Args={'balls': 1, 'target': <playfield.playfield>, 'source': <ball_device.bd_trough>, 'mechanical_eject': False, 'num_attempts': 7}
2023-12-02 11:29:35,811 : INFO : ball_device.bd_trough : Wait for ball to leave device
2023-12-02 11:29:35,811 : INFO : coil.c_trougheject_p1 : Pulsing Driver for 35ms (1.0 pulse_power)
2023-12-02 11:29:37,812 : INFO : EventManager : Event: ======'balldevice_bd_trough_ball_eject_failed'====== Args={'target': <playfield.playfield>, 'balls': 1, 'retry': True, 'num_attempts': 8}
2023-12-02 11:29:37,813 : INFO : ball_device.bd_trough : State: waiting_for_target_ready
2023-12-02 11:29:37,813 : INFO : EventManager : Event: ======'balldevice_bd_trough_ball_eject_attempt'====== Args={'balls': 1, 'target': <playfield.playfield>, 'source': <ball_device.bd_trough>, 'mechanical_eject': False, 'num_attempts': 8}
2023-12-02 11:29:37,814 : INFO : ball_device.bd_trough : State: ejecting
2023-12-02 11:29:37,814 : INFO : ball_device.bd_trough : Ejecting ball to <playfield.playfield>
2023-12-02 11:29:37,814 : INFO : EventManager : Event: ======'balldevice_bd_trough_ejecting_ball'====== Args={'balls': 1, 'target': <playfield.playfield>, 'source': <ball_device.bd_trough>, 'mechanical_eject': False, 'num_attempts': 8}
2023-12-02 11:29:37,814 : INFO : ball_device.bd_trough : Wait for ball to leave device
2023-12-02 11:29:37,814 : INFO : coil.c_trougheject_p1 : Pulsing Driver for 35ms (1.0 pulse_power)
2023-12-02 11:29:39,815 : INFO : EventManager : Event: ======'balldevice_bd_trough_ball_eject_failed'====== Args={'target': <playfield.playfield>, 'balls': 1, 'retry': True, 'num_attempts': 9}
2023-12-02 11:29:39,817 : INFO : ball_device.bd_trough : State: waiting_for_target_ready
2023-12-02 11:29:39,818 : INFO : EventManager : Event: ======'balldevice_bd_trough_ball_eject_attempt'====== Args={'balls': 1, 'target': <playfield.playfield>, 'source': <ball_device.bd_trough>, 'mechanical_eject': False, 'num_attempts': 9}
2023-12-02 11:29:39,818 : INFO : ball_device.bd_trough : State: ejecting
2023-12-02 11:29:39,819 : INFO : ball_device.bd_trough : Ejecting ball to <playfield.playfield>
2023-12-02 11:29:39,819 : INFO : EventManager : Event: ======'balldevice_bd_trough_ejecting_ball'====== Args={'balls': 1, 'target': <playfield.playfield>, 'source': <ball_device.bd_trough>, 'mechanical_eject': False, 'num_attempts': 9}
2023-12-02 11:29:39,820 : INFO : ball_device.bd_trough : Wait for ball to leave device
2023-12-02 11:29:39,820 : INFO : coil.c_trougheject_p1 : Pulsing Driver for 35ms (1.0 pulse_power)
2023-12-02 11:29:41,821 : INFO : EventManager : Event: ======'balldevice_bd_trough_ball_eject_failed'====== Args={'target': <playfield.playfield>, 'balls': 1, 'retry': True, 'num_attempts': 10}
2023-12-02 11:29:41,822 : INFO : ball_device.bd_trough : State: waiting_for_target_ready
2023-12-02 11:29:41,822 : INFO : EventManager : Event: ======'balldevice_bd_trough_ball_eject_attempt'====== Args={'balls': 1, 'target': <playfield.playfield>, 'source': <ball_device.bd_trough>, 'mechanical_eject': False, 'num_attempts': 10}
2023-12-02 11:29:41,823 : INFO : ball_device.bd_trough : State: ejecting
2023-12-02 11:29:41,824 : INFO : ball_device.bd_trough : Ejecting ball to <playfield.playfield>
2023-12-02 11:29:41,824 : INFO : EventManager : Event: ======'balldevice_bd_trough_ejecting_ball'====== Args={'balls': 1, 'target': <playfield.playfield>, 'source': <ball_device.bd_trough>, 'mechanical_eject': False, 'num_attempts': 10}
2023-12-02 11:29:41,825 : INFO : ball_device.bd_trough : Wait for ball to leave device
2023-12-02 11:29:41,826 : INFO : coil.c_trougheject_p1 : Pulsing Driver for 35ms (1.0 pulse_power)
2023-12-02 11:29:43,827 : INFO : EventManager : Event: ======'balldevice_bd_trough_ball_eject_failed'====== Args={'target': <playfield.playfield>, 'balls': 1, 'retry': True, 'num_attempts': 11}
2023-12-02 11:29:43,829 : INFO : ball_device.bd_trough : State: waiting_for_target_ready
2023-12-02 11:29:43,829 : INFO : EventManager : Event: ======'balldevice_bd_trough_ball_eject_attempt'====== Args={'balls': 1, 'target': <playfield.playfield>, 'source': <ball_device.bd_trough>, 'mechanical_eject': False, 'num_attempts': 11}
2023-12-02 11:29:43,830 : INFO : ball_device.bd_trough : State: ejecting
2023-12-02 11:29:43,830 : INFO : ball_device.bd_trough : Ejecting ball to <playfield.playfield>
2023-12-02 11:29:43,830 : INFO : EventManager : Event: ======'balldevice_bd_trough_ejecting_ball'====== Args={'balls': 1, 'target': <playfield.playfield>, 'source': <ball_device.bd_trough>, 'mechanical_eject': False, 'num_attempts': 11}
2023-12-02 11:29:43,831 : INFO : ball_device.bd_trough : Wait for ball to leave device
2023-12-02 11:29:43,831 : INFO : coil.c_trougheject_p1 : Pulsing Driver for 35ms (1.0 pulse_power)
2023-12-02 11:29:45,833 : INFO : EventManager : Event: ======'balldevice_bd_trough_ball_eject_failed'====== Args={'target': <playfield.playfield>, 'balls': 1, 'retry': True, 'num_attempts': 12}
2023-12-02 11:29:45,834 : INFO : ball_device.bd_trough : State: waiting_for_target_ready
2023-12-02 11:29:45,835 : INFO : EventManager : Event: ======'balldevice_bd_trough_ball_eject_attempt'====== Args={'balls': 1, 'target': <playfield.playfield>, 'source': <ball_device.bd_trough>, 'mechanical_eject': False, 'num_attempts': 12}
2023-12-02 11:29:45,835 : INFO : ball_device.bd_trough : State: ejecting
2023-12-02 11:29:45,835 : INFO : ball_device.bd_trough : Ejecting ball to <playfield.playfield>
2023-12-02 11:29:45,835 : INFO : EventManager : Event: ======'balldevice_bd_trough_ejecting_ball'====== Args={'balls': 1, 'target': <playfield.playfield>, 'source': <ball_device.bd_trough>, 'mechanical_eject': False, 'num_attempts': 12}
2023-12-02 11:29:45,835 : INFO : ball_device.bd_trough : Wait for ball to leave device
2023-12-02 11:29:45,836 : INFO : coil.c_trougheject_p1 : Pulsing Driver for 35ms (1.0 pulse_power)
2023-12-02 11:29:47,837 : INFO : EventManager : Event: ======'balldevice_bd_trough_ball_eject_failed'====== Args={'target': <playfield.playfield>, 'balls': 1, 'retry': True, 'num_attempts': 13}
2023-12-02 11:29:47,838 : INFO : ball_device.bd_trough : State: waiting_for_target_ready
2023-12-02 11:29:47,839 : INFO : EventManager : Event: ======'balldevice_bd_trough_ball_eject_attempt'====== Args={'balls': 1, 'target': <playfield.playfield>, 'source': <ball_device.bd_trough>, 'mechanical_eject': False, 'num_attempts': 13}
2023-12-02 11:29:47,839 : INFO : ball_device.bd_trough : State: ejecting
2023-12-02 11:29:47,840 : INFO : ball_device.bd_trough : Ejecting ball to <playfield.playfield>
2023-12-02 11:29:47,840 : INFO : EventManager : Event: ======'balldevice_bd_trough_ejecting_ball'====== Args={'balls': 1, 'target': <playfield.playfield>, 'source': <ball_device.bd_trough>, 'mechanical_eject': False, 'num_attempts': 13}
2023-12-02 11:29:47,841 : INFO : ball_device.bd_trough : Wait for ball to leave device
2023-12-02 11:29:47,842 : INFO : coil.c_trougheject_p1 : Pulsing Driver for 35ms (1.0 pulse_power)
2023-12-02 11:29:49,439 : INFO : SwitchController : <<<<<<< 's_sling_p1' active >>>>>>>
2023-12-02 11:29:49,439 : INFO : EventManager : Event: ======'playfield_active'====== Args={}
2023-12-02 11:29:49,439 : INFO : EventManager : Event: ======'s_sling_p1_active'====== Args={}
2023-12-02 11:29:49,439 : INFO : EventManager : Event: ======'sw_playfield_active'====== Args={}
2023-12-02 11:29:49,439 : INFO : EventManager : Event: ======'playfield_active'====== Args={}
2023-12-02 11:29:49,439 : INFO : EventManager : Event: ======'machine_var_audits_switches_s_sling_p1'====== Args={'value': 1, 'prev_value': 0, 'change': 1}
2023-12-02 11:29:49,440 : INFO : EventManager : Event: ======'player_shot_sling_p1'====== Args={'value': 1, 'prev_value': 0, 'change': 1, 'player_num': 1}
2023-12-02 11:29:49,440 : INFO : EventManager : Event: ======'machine_var_audits_shots_sling_p1'====== Args={'value': 1, 'prev_value': None, 'change': True}
2023-12-02 11:29:49,441 : INFO : EventManager : Event: ======'sling_p1_hit'====== Args={'profile': 'default', 'state': 'unlit', 'advancing': True}
2023-12-02 11:29:49,441 : INFO : EventManager : Event: ======'sling_p1_default_hit'====== Args={'profile': 'default', 'state': 'unlit', 'advancing': True}
2023-12-02 11:29:49,441 : INFO : EventManager : Event: ======'sling_p1_default_unlit_hit'====== Args={'profile': 'default', 'state': 'unlit', 'advancing': True}
2023-12-02 11:29:49,441 : INFO : EventManager : Event: ======'sling_p1_unlit_hit'====== Args={'profile': 'default', 'state': 'unlit', 'advancing': True}
2023-12-02 11:29:49,441 : INFO : EventManager : Event: ======'playfield_active'====== Args={}
2023-12-02 11:29:49,460 : INFO : SwitchController : <<<<<<< 's_sling_p1' inactive >>>>>>>
2023-12-02 11:29:49,843 : INFO : EventManager : Event: ======'balldevice_bd_trough_ball_eject_failed'====== Args={'target': <playfield.playfield>, 'balls': 1, 'retry': True, 'num_attempts': 14}
2023-12-02 11:29:49,844 : INFO : ball_device.bd_trough : State: waiting_for_target_ready
2023-12-02 11:29:49,844 : INFO : EventManager : Event: ======'balldevice_bd_trough_ball_eject_attempt'====== Args={'balls': 1, 'target': <playfield.playfield>, 'source': <ball_device.bd_trough>, 'mechanical_eject': False, 'num_attempts': 14}
2023-12-02 11:29:49,844 : INFO : ball_device.bd_trough : State: ejecting
2023-12-02 11:29:49,845 : INFO : ball_device.bd_trough : Ejecting ball to <playfield.playfield>
2023-12-02 11:29:49,845 : INFO : EventManager : Event: ======'balldevice_bd_trough_ejecting_ball'====== Args={'balls': 1, 'target': <playfield.playfield>, 'source': <ball_device.bd_trough>, 'mechanical_eject': False, 'num_attempts': 14}
2023-12-02 11:29:49,845 : INFO : ball_device.bd_trough : Wait for ball to leave device
2023-12-02 11:29:49,845 : INFO : coil.c_trougheject_p1 : Pulsing Driver for 35ms (1.0 pulse_power)
2023-12-02 11:29:51,846 : INFO : EventManager : Event: ======'balldevice_bd_trough_ball_eject_failed'====== Args={'target': <playfield.playfield>, 'balls': 1, 'retry': True, 'num_attempts': 15}
2023-12-02 11:29:51,847 : INFO : ball_device.bd_trough : State: waiting_for_target_ready
2023-12-02 11:29:51,847 : INFO : EventManager : Event: ======'balldevice_bd_trough_ball_eject_attempt'====== Args={'balls': 1, 'target': <playfield.playfield>, 'source': <ball_device.bd_trough>, 'mechanical_eject': False, 'num_attempts': 15}
2023-12-02 11:29:51,847 : INFO : ball_device.bd_trough : State: ejecting
2023-12-02 11:29:51,847 : INFO : ball_device.bd_trough : Ejecting ball to <playfield.playfield>
2023-12-02 11:29:51,847 : INFO : EventManager : Event: ======'balldevice_bd_trough_ejecting_ball'====== Args={'balls': 1, 'target': <playfield.playfield>, 'source': <ball_device.bd_trough>, 'mechanical_eject': False, 'num_attempts': 15}
2023-12-02 11:29:51,848 : INFO : ball_device.bd_trough : Wait for ball to leave device
2023-12-02 11:29:51,848 : INFO : coil.c_trougheject_p1 : Pulsing Driver for 35ms (1.0 pulse_power)
2023-12-02 11:29:53,079 : INFO : SwitchController : <<<<<<< 's_sling_p1' active >>>>>>>
2023-12-02 11:29:53,079 : INFO : EventManager : Event: ======'playfield_active'====== Args={}
2023-12-02 11:29:53,080 : INFO : EventManager : Event: ======'s_sling_p1_active'====== Args={}
2023-12-02 11:29:53,080 : INFO : EventManager : Event: ======'sw_playfield_active'====== Args={}
2023-12-02 11:29:53,080 : INFO : EventManager : Event: ======'playfield_active'====== Args={}
2023-12-02 11:29:53,081 : INFO : EventManager : Event: ======'machine_var_audits_switches_s_sling_p1'====== Args={'value': 2, 'prev_value': 1, 'change': 1}
2023-12-02 11:29:53,082 : INFO : EventManager : Event: ======'machine_var_audits_shots_sling_p1'====== Args={'value': 2, 'prev_value': 1, 'change': 1}
2023-12-02 11:29:53,083 : INFO : EventManager : Event: ======'sling_p1_hit'====== Args={'profile': 'default', 'state': 'lit', 'advancing': False}
2023-12-02 11:29:53,083 : INFO : EventManager : Event: ======'sling_p1_default_hit'====== Args={'profile': 'default', 'state': 'lit', 'advancing': False}
2023-12-02 11:29:53,084 : INFO : EventManager : Event: ======'sling_p1_default_lit_hit'====== Args={'profile': 'default', 'state': 'lit', 'advancing': False}
2023-12-02 11:29:53,084 : INFO : EventManager : Event: ======'sling_p1_lit_hit'====== Args={'profile': 'default', 'state': 'lit', 'advancing': False}
2023-12-02 11:29:53,084 : INFO : EventManager : Event: ======'playfield_active'====== Args={}
2023-12-02 11:29:53,101 : WARNING : SwitchController : Received duplicate switch state 1 for switch s_sling_p1 from the platform interface. Log Code: Log-SwitchController-1 (https://missionpinball.org/logs)
2023-12-02 11:29:53,101 : INFO : SwitchController : <<<<<<< 's_sling_p1' inactive >>>>>>>
2023-12-02 11:29:53,849 : INFO : EventManager : Event: ======'balldevice_bd_trough_ball_eject_failed'====== Args={'target': <playfield.playfield>, 'balls': 1, 'retry': True, 'num_attempts': 16}
2023-12-02 11:29:53,850 : INFO : ball_device.bd_trough : State: waiting_for_target_ready
2023-12-02 11:29:53,851 : INFO : EventManager : Event: ======'balldevice_bd_trough_ball_eject_attempt'====== Args={'balls': 1, 'target': <playfield.playfield>, 'source': <ball_device.bd_trough>, 'mechanical_eject': False, 'num_attempts': 16}
2023-12-02 11:29:53,851 : INFO : ball_device.bd_trough : State: ejecting
2023-12-02 11:29:53,851 : INFO : ball_device.bd_trough : Ejecting ball to <playfield.playfield>
2023-12-02 11:29:53,851 : INFO : EventManager : Event: ======'balldevice_bd_trough_ejecting_ball'====== Args={'balls': 1, 'target': <playfield.playfield>, 'source': <ball_device.bd_trough>, 'mechanical_eject': False, 'num_attempts': 16}
2023-12-02 11:29:53,851 : INFO : ball_device.bd_trough : Wait for ball to leave device
2023-12-02 11:29:53,852 : INFO : coil.c_trougheject_p1 : Pulsing Driver for 35ms (1.0 pulse_power)
2023-12-02 11:29:55,852 : INFO : EventManager : Event: ======'balldevice_bd_trough_ball_eject_failed'====== Args={'target': <playfield.playfield>, 'balls': 1, 'retry': True, 'num_attempts': 17}
2023-12-02 11:29:55,853 : INFO : ball_device.bd_trough : State: waiting_for_target_ready
2023-12-02 11:29:55,854 : INFO : EventManager : Event: ======'balldevice_bd_trough_ball_eject_attempt'====== Args={'balls': 1, 'target': <playfield.playfield>, 'source': <ball_device.bd_trough>, 'mechanical_eject': False, 'num_attempts': 17}
2023-12-02 11:29:55,854 : INFO : ball_device.bd_trough : State: ejecting
2023-12-02 11:29:55,854 : INFO : ball_device.bd_trough : Ejecting ball to <playfield.playfield>
2023-12-02 11:29:55,854 : INFO : EventManager : Event: ======'balldevice_bd_trough_ejecting_ball'====== Args={'balls': 1, 'target': <playfield.playfield>, 'source': <ball_device.bd_trough>, 'mechanical_eject': False, 'num_attempts': 17}
2023-12-02 11:29:55,855 : INFO : ball_device.bd_trough : Wait for ball to leave device
2023-12-02 11:29:55,855 : INFO : coil.c_trougheject_p1 : Pulsing Driver for 35ms (1.0 pulse_power)
2023-12-02 11:29:56,599 : WARNING : SwitchController : Received duplicate switch state 0 for switch s_sling_p1 from the platform interface. Log Code: Log-SwitchController-1 (https://missionpinball.org/logs)
2023-12-02 11:29:56,613 : INFO : SwitchController : <<<<<<< 's_sling_p1' active >>>>>>>
2023-12-02 11:29:56,613 : INFO : EventManager : Event: ======'playfield_active'====== Args={}
2023-12-02 11:29:56,613 : INFO : EventManager : Event: ======'s_sling_p1_active'====== Args={}
2023-12-02 11:29:56,613 : INFO : EventManager : Event: ======'sw_playfield_active'====== Args={}
2023-12-02 11:29:56,614 : INFO : EventManager : Event: ======'playfield_active'====== Args={}
2023-12-02 11:29:56,614 : INFO : EventManager : Event: ======'machine_var_audits_switches_s_sling_p1'====== Args={'value': 3, 'prev_value': 2, 'change': 1}
2023-12-02 11:29:56,614 : INFO : SwitchController : <<<<<<< 's_sling_p1' inactive >>>>>>>
2023-12-02 11:29:56,615 : INFO : EventManager : Event: ======'machine_var_audits_shots_sling_p1'====== Args={'value': 3, 'prev_value': 2, 'change': 1}
2023-12-02 11:29:56,615 : INFO : EventManager : Event: ======'sling_p1_hit'====== Args={'profile': 'default', 'state': 'lit', 'advancing': False}
2023-12-02 11:29:56,616 : INFO : EventManager : Event: ======'sling_p1_default_hit'====== Args={'profile': 'default', 'state': 'lit', 'advancing': False}
2023-12-02 11:29:56,616 : INFO : EventManager : Event: ======'sling_p1_default_lit_hit'====== Args={'profile': 'default', 'state': 'lit', 'advancing': False}
2023-12-02 11:29:56,616 : INFO : EventManager : Event: ======'sling_p1_lit_hit'====== Args={'profile': 'default', 'state': 'lit', 'advancing': False}
2023-12-02 11:29:56,617 : INFO : EventManager : Event: ======'playfield_active'====== Args={}
2023-12-02 11:29:56,689 : WARNING : SwitchController : Received duplicate switch state 0 for switch s_sling_p1 from the platform interface. Log Code: Log-SwitchController-1 (https://missionpinball.org/logs)
2023-12-02 11:29:56,723 : WARNING : SwitchController : Received duplicate switch state 0 for switch s_sling_p1 from the platform interface. Log Code: Log-SwitchController-1 (https://missionpinball.org/logs)
2023-12-02 11:29:56,813 : INFO : SwitchController : <<<<<<< 's_sling_p1' active >>>>>>>
2023-12-02 11:29:56,813 : INFO : EventManager : Event: ======'playfield_active'====== Args={}
2023-12-02 11:29:56,814 : INFO : EventManager : Event: ======'s_sling_p1_active'====== Args={}
2023-12-02 11:29:56,814 : INFO : EventManager : Event: ======'sw_playfield_active'====== Args={}
2023-12-02 11:29:56,814 : INFO : EventManager : Event: ======'playfield_active'====== Args={}
2023-12-02 11:29:56,814 : INFO : EventManager : Event: ======'machine_var_audits_switches_s_sling_p1'====== Args={'value': 4, 'prev_value': 3, 'change': 1}
2023-12-02 11:29:56,814 : INFO : SwitchController : <<<<<<< 's_sling_p1' inactive >>>>>>>
2023-12-02 11:29:56,815 : INFO : EventManager : Event: ======'machine_var_audits_shots_sling_p1'====== Args={'value': 4, 'prev_value': 3, 'change': 1}
2023-12-02 11:29:56,815 : INFO : EventManager : Event: ======'sling_p1_hit'====== Args={'profile': 'default', 'state': 'lit', 'advancing': False}
2023-12-02 11:29:56,815 : INFO : EventManager : Event: ======'sling_p1_default_hit'====== Args={'profile': 'default', 'state': 'lit', 'advancing': False}
2023-12-02 11:29:56,815 : INFO : EventManager : Event: ======'sling_p1_default_lit_hit'====== Args={'profile': 'default', 'state': 'lit', 'advancing': False}
2023-12-02 11:29:56,815 : INFO : EventManager : Event: ======'sling_p1_lit_hit'====== Args={'profile': 'default', 'state': 'lit', 'advancing': False}
2023-12-02 11:29:56,815 : INFO : EventManager : Event: ======'playfield_active'====== Args={}
2023-12-02 11:29:57,856 : INFO : EventManager : Event: ======'balldevice_bd_trough_ball_eject_failed'====== Args={'target': <playfield.playfield>, 'balls': 1, 'retry': True, 'num_attempts': 18}
2023-12-02 11:29:57,857 : INFO : ball_device.bd_trough : State: waiting_for_target_ready
2023-12-02 11:29:57,857 : INFO : EventManager : Event: ======'balldevice_bd_trough_ball_eject_attempt'====== Args={'balls': 1, 'target': <playfield.playfield>, 'source': <ball_device.bd_trough>, 'mechanical_eject': False, 'num_attempts': 18}
2023-12-02 11:29:57,857 : INFO : ball_device.bd_trough : State: ejecting
2023-12-02 11:29:57,857 : INFO : ball_device.bd_trough : Ejecting ball to <playfield.playfield>
2023-12-02 11:29:57,857 : INFO : EventManager : Event: ======'balldevice_bd_trough_ejecting_ball'====== Args={'balls': 1, 'target': <playfield.playfield>, 'source': <ball_device.bd_trough>, 'mechanical_eject': False, 'num_attempts': 18}
2023-12-02 11:29:57,858 : INFO : ball_device.bd_trough : Wait for ball to leave device
2023-12-02 11:29:57,858 : INFO : coil.c_trougheject_p1 : Pulsing Driver for 35ms (1.0 pulse_power)
2023-12-02 11:29:58,760 : INFO : SwitchController : <<<<<<< 's_sling_p1' active >>>>>>>
2023-12-02 11:29:58,760 : INFO : EventManager : Event: ======'playfield_active'====== Args={}
2023-12-02 11:29:58,760 : INFO : EventManager : Event: ======'s_sling_p1_active'====== Args={}
2023-12-02 11:29:58,760 : INFO : EventManager : Event: ======'sw_playfield_active'====== Args={}
2023-12-02 11:29:58,760 : INFO : EventManager : Event: ======'playfield_active'====== Args={}
2023-12-02 11:29:58,760 : INFO : EventManager : Event: ======'machine_var_audits_switches_s_sling_p1'====== Args={'value': 5, 'prev_value': 4, 'change': 1}
2023-12-02 11:29:58,761 : INFO : EventManager : Event: ======'machine_var_audits_shots_sling_p1'====== Args={'value': 5, 'prev_value': 4, 'change': 1}
2023-12-02 11:29:58,761 : INFO : EventManager : Event: ======'sling_p1_hit'====== Args={'profile': 'default', 'state': 'lit', 'advancing': False}
2023-12-02 11:29:58,761 : INFO : EventManager : Event: ======'sling_p1_default_hit'====== Args={'profile': 'default', 'state': 'lit', 'advancing': False}
2023-12-02 11:29:58,762 : INFO : EventManager : Event: ======'sling_p1_default_lit_hit'====== Args={'profile': 'default', 'state': 'lit', 'advancing': False}
2023-12-02 11:29:58,762 : INFO : EventManager : Event: ======'sling_p1_lit_hit'====== Args={'profile': 'default', 'state': 'lit', 'advancing': False}
2023-12-02 11:29:58,762 : INFO : EventManager : Event: ======'playfield_active'====== Args={}
2023-12-02 11:29:58,780 : INFO : SwitchController : <<<<<<< 's_sling_p1' inactive >>>>>>>
2023-12-02 11:29:59,859 : INFO : EventManager : Event: ======'balldevice_bd_trough_ball_eject_failed'====== Args={'target': <playfield.playfield>, 'balls': 1, 'retry': True, 'num_attempts': 19}
2023-12-02 11:29:59,861 : INFO : ball_device.bd_trough : State: waiting_for_target_ready
2023-12-02 11:29:59,861 : INFO : EventManager : Event: ======'balldevice_bd_trough_ball_eject_attempt'====== Args={'balls': 1, 'target': <playfield.playfield>, 'source': <ball_device.bd_trough>, 'mechanical_eject': False, 'num_attempts': 19}
2023-12-02 11:29:59,862 : INFO : ball_device.bd_trough : State: ejecting
2023-12-02 11:29:59,862 : INFO : ball_device.bd_trough : Ejecting ball to <playfield.playfield>
2023-12-02 11:29:59,862 : INFO : EventManager : Event: ======'balldevice_bd_trough_ejecting_ball'====== Args={'balls': 1, 'target': <playfield.playfield>, 'source': <ball_device.bd_trough>, 'mechanical_eject': False, 'num_attempts': 19}
2023-12-02 11:29:59,863 : INFO : ball_device.bd_trough : Wait for ball to leave device
2023-12-02 11:29:59,864 : INFO : coil.c_trougheject_p1 : Pulsing Driver for 35ms (1.0 pulse_power)
2023-12-02 11:30:01,865 : INFO : EventManager : Event: ======'balldevice_bd_trough_ball_eject_failed'====== Args={'target': <playfield.playfield>, 'balls': 1, 'retry': True, 'num_attempts': 20}
2023-12-02 11:30:01,866 : INFO : ball_device.bd_trough : State: waiting_for_target_ready
2023-12-02 11:30:01,866 : INFO : EventManager : Event: ======'balldevice_bd_trough_ball_eject_attempt'====== Args={'balls': 1, 'target': <playfield.playfield>, 'source': <ball_device.bd_trough>, 'mechanical_eject': False, 'num_attempts': 20}
2023-12-02 11:30:01,866 : INFO : ball_device.bd_trough : State: ejecting
2023-12-02 11:30:01,866 : INFO : ball_device.bd_trough : Ejecting ball to <playfield.playfield>
2023-12-02 11:30:01,866 : INFO : EventManager : Event: ======'balldevice_bd_trough_ejecting_ball'====== Args={'balls': 1, 'target': <playfield.playfield>, 'source': <ball_device.bd_trough>, 'mechanical_eject': False, 'num_attempts': 20}
2023-12-02 11:30:01,867 : INFO : ball_device.bd_trough : Wait for ball to leave device
2023-12-02 11:30:01,867 : INFO : coil.c_trougheject_p1 : Pulsing Driver for 35ms (1.0 pulse_power)
2023-12-02 11:30:03,868 : INFO : EventManager : Event: ======'balldevice_bd_trough_ball_eject_failed'====== Args={'target': <playfield.playfield>, 'balls': 1, 'retry': True, 'num_attempts': 21}
2023-12-02 11:30:03,869 : INFO : ball_device.bd_trough : State: waiting_for_target_ready
2023-12-02 11:30:03,869 : INFO : EventManager : Event: ======'balldevice_bd_trough_ball_eject_attempt'====== Args={'balls': 1, 'target': <playfield.playfield>, 'source': <ball_device.bd_trough>, 'mechanical_eject': False, 'num_attempts': 21}
2023-12-02 11:30:03,870 : INFO : ball_device.bd_trough : State: ejecting
2023-12-02 11:30:03,870 : INFO : ball_device.bd_trough : Ejecting ball to <playfield.playfield>
2023-12-02 11:30:03,870 : INFO : EventManager : Event: ======'balldevice_bd_trough_ejecting_ball'====== Args={'balls': 1, 'target': <playfield.playfield>, 'source': <ball_device.bd_trough>, 'mechanical_eject': False, 'num_attempts': 21}
2023-12-02 11:30:03,870 : INFO : ball_device.bd_trough : Wait for ball to leave device
2023-12-02 11:30:03,870 : INFO : coil.c_trougheject_p1 : Pulsing Driver for 35ms (1.0 pulse_power)
2023-12-02 11:30:05,870 : INFO : EventManager : Event: ======'balldevice_bd_trough_ball_eject_failed'====== Args={'target': <playfield.playfield>, 'balls': 1, 'retry': True, 'num_attempts': 22}
2023-12-02 11:30:05,871 : INFO : ball_device.bd_trough : State: waiting_for_target_ready
2023-12-02 11:30:05,872 : INFO : EventManager : Event: ======'balldevice_bd_trough_ball_eject_attempt'====== Args={'balls': 1, 'target': <playfield.playfield>, 'source': <ball_device.bd_trough>, 'mechanical_eject': False, 'num_attempts': 22}
2023-12-02 11:30:05,872 : INFO : ball_device.bd_trough : State: ejecting
2023-12-02 11:30:05,872 : INFO : ball_device.bd_trough : Ejecting ball to <playfield.playfield>
2023-12-02 11:30:05,872 : INFO : EventManager : Event: ======'balldevice_bd_trough_ejecting_ball'====== Args={'balls': 1, 'target': <playfield.playfield>, 'source': <ball_device.bd_trough>, 'mechanical_eject': False, 'num_attempts': 22}
2023-12-02 11:30:05,873 : INFO : ball_device.bd_trough : Wait for ball to leave device
2023-12-02 11:30:05,873 : INFO : coil.c_trougheject_p1 : Pulsing Driver for 35ms (1.0 pulse_power)
2023-12-02 11:30:07,874 : INFO : EventManager : Event: ======'balldevice_bd_trough_ball_eject_failed'====== Args={'target': <playfield.playfield>, 'balls': 1, 'retry': True, 'num_attempts': 23}
2023-12-02 11:30:07,875 : INFO : ball_device.bd_trough : State: waiting_for_target_ready
2023-12-02 11:30:07,875 : INFO : EventManager : Event: ======'balldevice_bd_trough_ball_eject_attempt'====== Args={'balls': 1, 'target': <playfield.playfield>, 'source': <ball_device.bd_trough>, 'mechanical_eject': False, 'num_attempts': 23}
2023-12-02 11:30:07,875 : INFO : ball_device.bd_trough : State: ejecting
2023-12-02 11:30:07,875 : INFO : ball_device.bd_trough : Ejecting ball to <playfield.playfield>
2023-12-02 11:30:07,875 : INFO : EventManager : Event: ======'balldevice_bd_trough_ejecting_ball'====== Args={'balls': 1, 'target': <playfield.playfield>, 'source': <ball_device.bd_trough>, 'mechanical_eject': False, 'num_attempts': 23}
2023-12-02 11:30:07,876 : INFO : ball_device.bd_trough : Wait for ball to leave device
2023-12-02 11:30:07,876 : INFO : coil.c_trougheject_p1 : Pulsing Driver for 35ms (1.0 pulse_power)
2023-12-02 11:30:09,877 : INFO : EventManager : Event: ======'balldevice_bd_trough_ball_eject_failed'====== Args={'target': <playfield.playfield>, 'balls': 1, 'retry': True, 'num_attempts': 24}
2023-12-02 11:30:09,878 : INFO : ball_device.bd_trough : State: waiting_for_target_ready
2023-12-02 11:30:09,879 : INFO : EventManager : Event: ======'balldevice_bd_trough_ball_eject_attempt'====== Args={'balls': 1, 'target': <playfield.playfield>, 'source': <ball_device.bd_trough>, 'mechanical_eject': False, 'num_attempts': 24}
2023-12-02 11:30:09,879 : INFO : ball_device.bd_trough : State: ejecting
2023-12-02 11:30:09,879 : INFO : ball_device.bd_trough : Ejecting ball to <playfield.playfield>
2023-12-02 11:30:09,879 : INFO : EventManager : Event: ======'balldevice_bd_trough_ejecting_ball'====== Args={'balls': 1, 'target': <playfield.playfield>, 'source': <ball_device.bd_trough>, 'mechanical_eject': False, 'num_attempts': 24}
2023-12-02 11:30:09,879 : INFO : ball_device.bd_trough : Wait for ball to leave device
2023-12-02 11:30:09,880 : INFO : coil.c_trougheject_p1 : Pulsing Driver for 35ms (1.0 pulse_power)
2023-12-02 11:30:10,036 : INFO : SwitchController : <<<<<<< 's_catch_p1' active >>>>>>>
2023-12-02 11:30:10,037 : INFO : EventManager : Event: ======'playfield_active'====== Args={}
2023-12-02 11:30:10,037 : INFO : EventManager : Event: ======'s_catch_p1_active'====== Args={}
2023-12-02 11:30:10,037 : INFO : EventManager : Event: ======'sw_playfield_active'====== Args={}
2023-12-02 11:30:10,037 : INFO : EventManager : Event: ======'machine_var_audits_switches_s_catch_p1'====== Args={'value': 1, 'prev_value': 0, 'change': 1}
2023-12-02 11:30:10,038 : INFO : EventManager : Event: ======'player_shot_catch_p1'====== Args={'value': 1, 'prev_value': 0, 'change': 1, 'player_num': 1}
2023-12-02 11:30:10,039 : INFO : EventManager : Event: ======'machine_var_audits_shots_catch_p1'====== Args={'value': 1, 'prev_value': None, 'change': True}
2023-12-02 11:30:10,039 : INFO : EventManager : Event: ======'catch_p1_hit'====== Args={'profile': 'default', 'state': 'unlit', 'advancing': True}
2023-12-02 11:30:10,039 : INFO : EventManager : Event: ======'catch_p1_default_hit'====== Args={'profile': 'default', 'state': 'unlit', 'advancing': True}
2023-12-02 11:30:10,039 : INFO : EventManager : Event: ======'catch_p1_default_unlit_hit'====== Args={'profile': 'default', 'state': 'unlit', 'advancing': True}
2023-12-02 11:30:10,039 : INFO : EventManager : Event: ======'catch_p1_unlit_hit'====== Args={'profile': 'default', 'state': 'unlit', 'advancing': True}
2023-12-02 11:30:10,039 : INFO : EventManager : Event: ======'playfield_active'====== Args={}
2023-12-02 11:30:10,537 : INFO : EventManager : Event: ======'balldevice_bd_catch_p1_ball_count_changed'====== Args={'balls': 1}
2023-12-02 11:30:10,537 : INFO : ball_device.bd_catch_p1 : Received unexpected ball
2023-12-02 11:30:10,538 : INFO : EventManager : Event: ======'balldevice_captured_from_playfield'====== Args={'balls': 1}
2023-12-02 11:30:10,538 : INFO : EventManager : Event: ======'sw_playfield_active'====== Args={'balls': 1}
2023-12-02 11:30:10,539 : INFO : EventManager : Event: ======'playfield_active'====== Args={}
2023-12-02 11:30:10,539 : INFO : EventManager : Event: ======'playfield_ball_count_change'====== Args={'balls': -1, 'change': -1}
2023-12-02 11:30:10,539 : INFO : EventManager : Event: ======'balldevice_playfield_ball_enter'====== Args={'new_balls': 1, 'unclaimed_balls': 1, 'device': <playfield.playfield>}
2023-12-02 11:30:10,540 : INFO : EventManager : Event: ======'playfield_ball_count_change'====== Args={'balls': 0, 'change': 1}
2023-12-02 11:30:10,540 : INFO : BallController : Found a new ball which was captured from playfield. Known balls: 2
2023-12-02 11:30:10,540 : INFO : EventManager : Event: ======'found_new_ball'====== Args={}
2023-12-02 11:30:10,540 : INFO : EventManager : Event: ======'balldevice_bd_catch_p1_ball_enter'====== Args={'new_balls': 1, 'unclaimed_balls': 1, 'new_available_balls': 1, 'device': <ball_device.bd_catch_p1>}
2023-12-02 11:30:10,540 : INFO : EventManager : Event: ======'ball_hold_catch_p1_held_ball'====== Args={'balls_held': 1, 'total_balls_held': 1}
2023-12-02 11:30:10,540 : INFO : EventManager : Event: ======'ball_hold_catch_p1_full'====== Args={'balls': 1}
2023-12-02 11:30:10,540 : INFO : EventManager : Event: ======'balldevice_balls_available'====== Args={}
2023-12-02 11:30:10,540 : INFO : EventManager : Event: ======'balldevice_bd_catch_p1_ball_entered'====== Args={'new_balls': 1, 'device': <ball_device.bd_catch_p1>}
2023-12-02 11:30:11,881 : INFO : EventManager : Event: ======'balldevice_bd_trough_ball_eject_failed'====== Args={'target': <playfield.playfield>, 'balls': 1, 'retry': True, 'num_attempts': 25}
2023-12-02 11:30:11,882 : INFO : ball_device.bd_trough : State: waiting_for_target_ready
2023-12-02 11:30:11,882 : INFO : EventManager : Event: ======'balldevice_bd_trough_ball_eject_attempt'====== Args={'balls': 1, 'target': <playfield.playfield>, 'source': <ball_device.bd_trough>, 'mechanical_eject': False, 'num_attempts': 25}
2023-12-02 11:30:11,883 : INFO : ball_device.bd_trough : State: ejecting
2023-12-02 11:30:11,883 : INFO : ball_device.bd_trough : Ejecting ball to <playfield.playfield>
2023-12-02 11:30:11,883 : INFO : EventManager : Event: ======'balldevice_bd_trough_ejecting_ball'====== Args={'balls': 1, 'target': <playfield.playfield>, 'source': <ball_device.bd_trough>, 'mechanical_eject': False, 'num_attempts': 25}
2023-12-02 11:30:11,883 : INFO : ball_device.bd_trough : Wait for ball to leave device
2023-12-02 11:30:11,883 : INFO : coil.c_trougheject_p1 : Pulsing Driver for 35ms (1.0 pulse_power)
2023-12-02 11:30:13,885 : INFO : EventManager : Event: ======'balldevice_bd_trough_ball_eject_failed'====== Args={'target': <playfield.playfield>, 'balls': 1, 'retry': True, 'num_attempts': 26}
2023-12-02 11:30:13,886 : INFO : ball_device.bd_trough : State: waiting_for_target_ready
2023-12-02 11:30:13,886 : INFO : EventManager : Event: ======'balldevice_bd_trough_ball_eject_attempt'====== Args={'balls': 1, 'target': <playfield.playfield>, 'source': <ball_device.bd_trough>, 'mechanical_eject': False, 'num_attempts': 26}
2023-12-02 11:30:13,887 : INFO : ball_device.bd_trough : State: ejecting
2023-12-02 11:30:13,887 : INFO : ball_device.bd_trough : Ejecting ball to <playfield.playfield>
2023-12-02 11:30:13,887 : INFO : EventManager : Event: ======'balldevice_bd_trough_ejecting_ball'====== Args={'balls': 1, 'target': <playfield.playfield>, 'source': <ball_device.bd_trough>, 'mechanical_eject': False, 'num_attempts': 26}
2023-12-02 11:30:13,887 : INFO : ball_device.bd_trough : Wait for ball to leave device
2023-12-02 11:30:13,887 : INFO : coil.c_trougheject_p1 : Pulsing Driver for 35ms (1.0 pulse_power)
2023-12-02 11:30:15,889 : INFO : EventManager : Event: ======'balldevice_bd_trough_ball_eject_failed'====== Args={'target': <playfield.playfield>, 'balls': 1, 'retry': True, 'num_attempts': 27}
2023-12-02 11:30:15,891 : INFO : ball_device.bd_trough : State: waiting_for_target_ready
2023-12-02 11:30:15,891 : INFO : EventManager : Event: ======'balldevice_bd_trough_ball_eject_attempt'====== Args={'balls': 1, 'target': <playfield.playfield>, 'source': <ball_device.bd_trough>, 'mechanical_eject': False, 'num_attempts': 27}
2023-12-02 11:30:15,891 : INFO : ball_device.bd_trough : State: ejecting
2023-12-02 11:30:15,892 : INFO : ball_device.bd_trough : Ejecting ball to <playfield.playfield>
2023-12-02 11:30:15,892 : INFO : EventManager : Event: ======'balldevice_bd_trough_ejecting_ball'====== Args={'balls': 1, 'target': <playfield.playfield>, 'source': <ball_device.bd_trough>, 'mechanical_eject': False, 'num_attempts': 27}
2023-12-02 11:30:15,893 : INFO : ball_device.bd_trough : Wait for ball to leave device
2023-12-02 11:30:15,893 : INFO : coil.c_trougheject_p1 : Pulsing Driver for 35ms (1.0 pulse_power)
2023-12-02 11:30:17,895 : INFO : EventManager : Event: ======'balldevice_bd_trough_ball_eject_failed'====== Args={'target': <playfield.playfield>, 'balls': 1, 'retry': True, 'num_attempts': 28}
2023-12-02 11:30:17,899 : INFO : ball_device.bd_trough : State: waiting_for_target_ready
2023-12-02 11:30:17,899 : INFO : EventManager : Event: ======'balldevice_bd_trough_ball_eject_attempt'====== Args={'balls': 1, 'target': <playfield.playfield>, 'source': <ball_device.bd_trough>, 'mechanical_eject': False, 'num_attempts': 28}
2023-12-02 11:30:17,900 : INFO : ball_device.bd_trough : State: ejecting
2023-12-02 11:30:17,900 : INFO : ball_device.bd_trough : Ejecting ball to <playfield.playfield>
2023-12-02 11:30:17,900 : INFO : EventManager : Event: ======'balldevice_bd_trough_ejecting_ball'====== Args={'balls': 1, 'target': <playfield.playfield>, 'source': <ball_device.bd_trough>, 'mechanical_eject': False, 'num_attempts': 28}
2023-12-02 11:30:17,900 : INFO : ball_device.bd_trough : Wait for ball to leave device
2023-12-02 11:30:17,900 : INFO : coil.c_trougheject_p1 : Pulsing Driver for 35ms (1.0 pulse_power)
2023-12-02 11:30:19,902 : INFO : EventManager : Event: ======'balldevice_bd_trough_ball_eject_failed'====== Args={'target': <playfield.playfield>, 'balls': 1, 'retry': True, 'num_attempts': 29}
2023-12-02 11:30:19,903 : INFO : ball_device.bd_trough : State: waiting_for_target_ready
2023-12-02 11:30:19,903 : INFO : EventManager : Event: ======'balldevice_bd_trough_ball_eject_attempt'====== Args={'balls': 1, 'target': <playfield.playfield>, 'source': <ball_device.bd_trough>, 'mechanical_eject': False, 'num_attempts': 29}
2023-12-02 11:30:19,903 : INFO : ball_device.bd_trough : State: ejecting
2023-12-02 11:30:19,903 : INFO : ball_device.bd_trough : Ejecting ball to <playfield.playfield>
2023-12-02 11:30:19,903 : INFO : EventManager : Event: ======'balldevice_bd_trough_ejecting_ball'====== Args={'balls': 1, 'target': <playfield.playfield>, 'source': <ball_device.bd_trough>, 'mechanical_eject': False, 'num_attempts': 29}
2023-12-02 11:30:19,904 : INFO : ball_device.bd_trough : Wait for ball to leave device
2023-12-02 11:30:19,904 : INFO : coil.c_trougheject_p1 : Pulsing Driver for 35ms (1.0 pulse_power)
2023-12-02 11:30:21,045 : INFO : SwitchController : <<<<<<< 's_catch_p1' inactive >>>>>>>
2023-12-02 11:30:21,904 : INFO : EventManager : Event: ======'balldevice_bd_trough_ball_eject_failed'====== Args={'target': <playfield.playfield>, 'balls': 1, 'retry': True, 'num_attempts': 30}
2023-12-02 11:30:21,905 : INFO : ball_device.bd_trough : State: waiting_for_target_ready
2023-12-02 11:30:21,905 : INFO : EventManager : Event: ======'balldevice_bd_trough_ball_eject_attempt'====== Args={'balls': 1, 'target': <playfield.playfield>, 'source': <ball_device.bd_trough>, 'mechanical_eject': False, 'num_attempts': 30}
2023-12-02 11:30:21,905 : INFO : ball_device.bd_trough : State: ejecting
2023-12-02 11:30:21,906 : INFO : ball_device.bd_trough : Ejecting ball to <playfield.playfield>
2023-12-02 11:30:21,906 : INFO : EventManager : Event: ======'balldevice_bd_trough_ejecting_ball'====== Args={'balls': 1, 'target': <playfield.playfield>, 'source': <ball_device.bd_trough>, 'mechanical_eject': False, 'num_attempts': 30}
2023-12-02 11:30:21,906 : INFO : ball_device.bd_trough : Wait for ball to leave device
2023-12-02 11:30:21,906 : INFO : coil.c_trougheject_p1 : Pulsing Driver for 35ms (1.0 pulse_power)
2023-12-02 11:30:23,106 : WARNING : SwitchController : Received duplicate switch state 0 for switch s_sling_p1 from the platform interface. Log Code: Log-SwitchController-1 (https://missionpinball.org/logs)
2023-12-02 11:30:23,914 : INFO : EventManager : Event: ======'balldevice_bd_trough_ball_eject_failed'====== Args={'target': <playfield.playfield>, 'balls': 1, 'retry': True, 'num_attempts': 31}
2023-12-02 11:30:23,915 : INFO : ball_device.bd_trough : State: waiting_for_target_ready
2023-12-02 11:30:23,915 : INFO : EventManager : Event: ======'balldevice_bd_trough_ball_eject_attempt'====== Args={'balls': 1, 'target': <playfield.playfield>, 'source': <ball_device.bd_trough>, 'mechanical_eject': False, 'num_attempts': 31}
2023-12-02 11:30:23,915 : INFO : ball_device.bd_trough : State: ejecting
2023-12-02 11:30:23,915 : INFO : ball_device.bd_trough : Ejecting ball to <playfield.playfield>
2023-12-02 11:30:23,915 : INFO : EventManager : Event: ======'balldevice_bd_trough_ejecting_ball'====== Args={'balls': 1, 'target': <playfield.playfield>, 'source': <ball_device.bd_trough>, 'mechanical_eject': False, 'num_attempts': 31}
2023-12-02 11:30:23,916 : INFO : ball_device.bd_trough : Wait for ball to leave device
2023-12-02 11:30:23,916 : INFO : coil.c_trougheject_p1 : Pulsing Driver for 35ms (1.0 pulse_power)
2023-12-02 11:30:24,561 : INFO : SwitchController : <<<<<<< 's_sling_p1' active >>>>>>>
2023-12-02 11:30:24,561 : INFO : EventManager : Event: ======'playfield_active'====== Args={}
2023-12-02 11:30:24,561 : INFO : EventManager : Event: ======'s_sling_p1_active'====== Args={}
2023-12-02 11:30:24,561 : INFO : EventManager : Event: ======'sw_playfield_active'====== Args={}
2023-12-02 11:30:24,561 : INFO : EventManager : Event: ======'playfield_active'====== Args={}
2023-12-02 11:30:24,561 : INFO : EventManager : Event: ======'machine_var_audits_switches_s_sling_p1'====== Args={'value': 6, 'prev_value': 5, 'change': 1}
2023-12-02 11:30:24,562 : INFO : EventManager : Event: ======'machine_var_audits_shots_sling_p1'====== Args={'value': 6, 'prev_value': 5, 'change': 1}
2023-12-02 11:30:24,563 : INFO : EventManager : Event: ======'sling_p1_hit'====== Args={'profile': 'default', 'state': 'lit', 'advancing': False}
2023-12-02 11:30:24,563 : INFO : EventManager : Event: ======'sling_p1_default_hit'====== Args={'profile': 'default', 'state': 'lit', 'advancing': False}
2023-12-02 11:30:24,564 : INFO : EventManager : Event: ======'sling_p1_default_lit_hit'====== Args={'profile': 'default', 'state': 'lit', 'advancing': False}
2023-12-02 11:30:24,564 : INFO : EventManager : Event: ======'sling_p1_lit_hit'====== Args={'profile': 'default', 'state': 'lit', 'advancing': False}
2023-12-02 11:30:24,564 : INFO : EventManager : Event: ======'playfield_active'====== Args={}
2023-12-02 11:30:24,583 : INFO : SwitchController : <<<<<<< 's_sling_p1' inactive >>>>>>>
2023-12-02 11:30:24,634 : WARNING : SwitchController : Received duplicate switch state 0 for switch s_sling_p1 from the platform interface. Log Code: Log-SwitchController-1 (https://missionpinball.org/logs)
2023-12-02 11:30:25,916 : INFO : EventManager : Event: ======'balldevice_bd_trough_ball_eject_failed'====== Args={'target': <playfield.playfield>, 'balls': 1, 'retry': True, 'num_attempts': 32}
2023-12-02 11:30:25,917 : INFO : ball_device.bd_trough : State: waiting_for_target_ready
2023-12-02 11:30:25,917 : INFO : EventManager : Event: ======'balldevice_bd_trough_ball_eject_attempt'====== Args={'balls': 1, 'target': <playfield.playfield>, 'source': <ball_device.bd_trough>, 'mechanical_eject': False, 'num_attempts': 32}
2023-12-02 11:30:25,917 : INFO : ball_device.bd_trough : State: ejecting
2023-12-02 11:30:25,917 : INFO : ball_device.bd_trough : Ejecting ball to <playfield.playfield>
2023-12-02 11:30:25,918 : INFO : EventManager : Event: ======'balldevice_bd_trough_ejecting_ball'====== Args={'balls': 1, 'target': <playfield.playfield>, 'source': <ball_device.bd_trough>, 'mechanical_eject': False, 'num_attempts': 32}
2023-12-02 11:30:25,918 : INFO : ball_device.bd_trough : Wait for ball to leave device
2023-12-02 11:30:25,918 : INFO : coil.c_trougheject_p1 : Pulsing Driver for 35ms (1.0 pulse_power)
2023-12-02 11:30:26,547 : INFO : EventManager : Event: ======'balldevice_bd_catch_p1_ball_count_changed'====== Args={'balls': 0}
2023-12-02 11:30:26,547 : WARNING : ball_device.bd_catch_p1 : Ball disappeared while idle. This should not normally happen.
2023-12-02 11:30:26,548 : INFO : EventManager : Event: ======'balldevice_playfield_ball_enter'====== Args={'new_balls': 1, 'unclaimed_balls': 1, 'device': <playfield.playfield>}
2023-12-02 11:30:26,548 : INFO : EventManager : Event: ======'playfield_ball_count_change'====== Args={'balls': 1, 'change': 1}
2023-12-02 11:30:26,549 : INFO : ball_device.bd_catch_p1 : 1 ball(s) missing from device. Mechanical eject? False
2023-12-02 11:30:26,549 : INFO : EventManager : Event: ======'balldevice_bd_catch_p1_ball_missing'====== Args={'balls': 1}
2023-12-02 11:30:26,549 : INFO : EventManager : Event: ======'balldevice_ball_missing'====== Args={'balls': 1, 'name': 'bd_catch_p1'}
2023-12-02 11:30:27,918 : INFO : EventManager : Event: ======'balldevice_bd_trough_ball_eject_failed'====== Args={'target': <playfield.playfield>, 'balls': 1, 'retry': True, 'num_attempts': 33}
2023-12-02 11:30:27,919 : INFO : ball_device.bd_trough : State: waiting_for_target_ready
2023-12-02 11:30:27,920 : INFO : EventManager : Event: ======'balldevice_bd_trough_ball_eject_attempt'====== Args={'balls': 1, 'target': <playfield.playfield>, 'source': <ball_device.bd_trough>, 'mechanical_eject': False, 'num_attempts': 33}
2023-12-02 11:30:27,920 : INFO : ball_device.bd_trough : State: ejecting
2023-12-02 11:30:27,920 : INFO : ball_device.bd_trough : Ejecting ball to <playfield.playfield>
2023-12-02 11:30:27,920 : INFO : EventManager : Event: ======'balldevice_bd_trough_ejecting_ball'====== Args={'balls': 1, 'target': <playfield.playfield>, 'source': <ball_device.bd_trough>, 'mechanical_eject': False, 'num_attempts': 33}
2023-12-02 11:30:27,920 : INFO : ball_device.bd_trough : Wait for ball to leave device
2023-12-02 11:30:27,921 : INFO : coil.c_trougheject_p1 : Pulsing Driver for 35ms (1.0 pulse_power)
2023-12-02 11:30:29,921 : INFO : EventManager : Event: ======'balldevice_bd_trough_ball_eject_failed'====== Args={'target': <playfield.playfield>, 'balls': 1, 'retry': True, 'num_attempts': 34}
2023-12-02 11:30:29,922 : INFO : ball_device.bd_trough : State: waiting_for_target_ready
2023-12-02 11:30:29,922 : INFO : EventManager : Event: ======'balldevice_bd_trough_ball_eject_attempt'====== Args={'balls': 1, 'target': <playfield.playfield>, 'source': <ball_device.bd_trough>, 'mechanical_eject': False, 'num_attempts': 34}
2023-12-02 11:30:29,923 : INFO : ball_device.bd_trough : State: ejecting
2023-12-02 11:30:29,923 : INFO : ball_device.bd_trough : Ejecting ball to <playfield.playfield>
2023-12-02 11:30:29,923 : INFO : EventManager : Event: ======'balldevice_bd_trough_ejecting_ball'====== Args={'balls': 1, 'target': <playfield.playfield>, 'source': <ball_device.bd_trough>, 'mechanical_eject': False, 'num_attempts': 34}
2023-12-02 11:30:29,923 : INFO : ball_device.bd_trough : Wait for ball to leave device
2023-12-02 11:30:29,923 : INFO : coil.c_trougheject_p1 : Pulsing Driver for 35ms (1.0 pulse_power)
2023-12-02 11:30:31,924 : INFO : EventManager : Event: ======'balldevice_bd_trough_ball_eject_failed'====== Args={'target': <playfield.playfield>, 'balls': 1, 'retry': True, 'num_attempts': 35}
2023-12-02 11:30:31,924 : INFO : ball_device.bd_trough : State: waiting_for_target_ready
2023-12-02 11:30:31,925 : INFO : EventManager : Event: ======'balldevice_bd_trough_ball_eject_attempt'====== Args={'balls': 1, 'target': <playfield.playfield>, 'source': <ball_device.bd_trough>, 'mechanical_eject': False, 'num_attempts': 35}
2023-12-02 11:30:31,925 : INFO : ball_device.bd_trough : State: ejecting
2023-12-02 11:30:31,925 : INFO : ball_device.bd_trough : Ejecting ball to <playfield.playfield>
2023-12-02 11:30:31,925 : INFO : EventManager : Event: ======'balldevice_bd_trough_ejecting_ball'====== Args={'balls': 1, 'target': <playfield.playfield>, 'source': <ball_device.bd_trough>, 'mechanical_eject': False, 'num_attempts': 35}
2023-12-02 11:30:31,925 : INFO : ball_device.bd_trough : Wait for ball to leave device
2023-12-02 11:30:31,925 : INFO : coil.c_trougheject_p1 : Pulsing Driver for 35ms (1.0 pulse_power)
2023-12-02 11:30:33,927 : INFO : EventManager : Event: ======'balldevice_bd_trough_ball_eject_failed'====== Args={'target': <playfield.playfield>, 'balls': 1, 'retry': True, 'num_attempts': 36}
2023-12-02 11:30:33,928 : INFO : ball_device.bd_trough : State: waiting_for_target_ready
2023-12-02 11:30:33,928 : INFO : EventManager : Event: ======'balldevice_bd_trough_ball_eject_attempt'====== Args={'balls': 1, 'target': <playfield.playfield>, 'source': <ball_device.bd_trough>, 'mechanical_eject': False, 'num_attempts': 36}
2023-12-02 11:30:33,928 : INFO : ball_device.bd_trough : State: ejecting
2023-12-02 11:30:33,928 : INFO : ball_device.bd_trough : Ejecting ball to <playfield.playfield>
2023-12-02 11:30:33,928 : INFO : EventManager : Event: ======'balldevice_bd_trough_ejecting_ball'====== Args={'balls': 1, 'target': <playfield.playfield>, 'source': <ball_device.bd_trough>, 'mechanical_eject': False, 'num_attempts': 36}
2023-12-02 11:30:33,928 : INFO : ball_device.bd_trough : Wait for ball to leave device
2023-12-02 11:30:33,929 : INFO : coil.c_trougheject_p1 : Pulsing Driver for 35ms (1.0 pulse_power)
2023-12-02 11:30:35,929 : INFO : EventManager : Event: ======'balldevice_bd_trough_ball_eject_failed'====== Args={'target': <playfield.playfield>, 'balls': 1, 'retry': True, 'num_attempts': 37}
2023-12-02 11:30:35,931 : INFO : ball_device.bd_trough : State: waiting_for_target_ready
2023-12-02 11:30:35,931 : INFO : EventManager : Event: ======'balldevice_bd_trough_ball_eject_attempt'====== Args={'balls': 1, 'target': <playfield.playfield>, 'source': <ball_device.bd_trough>, 'mechanical_eject': False, 'num_attempts': 37}
2023-12-02 11:30:35,931 : INFO : ball_device.bd_trough : State: ejecting
2023-12-02 11:30:35,931 : INFO : ball_device.bd_trough : Ejecting ball to <playfield.playfield>
2023-12-02 11:30:35,931 : INFO : EventManager : Event: ======'balldevice_bd_trough_ejecting_ball'====== Args={'balls': 1, 'target': <playfield.playfield>, 'source': <ball_device.bd_trough>, 'mechanical_eject': False, 'num_attempts': 37}
2023-12-02 11:30:35,932 : INFO : ball_device.bd_trough : Wait for ball to leave device
2023-12-02 11:30:35,932 : INFO : coil.c_trougheject_p1 : Pulsing Driver for 35ms (1.0 pulse_power)
2023-12-02 11:30:37,933 : INFO : EventManager : Event: ======'balldevice_bd_trough_ball_eject_failed'====== Args={'target': <playfield.playfield>, 'balls': 1, 'retry': True, 'num_attempts': 38}
2023-12-02 11:30:37,934 : INFO : ball_device.bd_trough : State: waiting_for_target_ready
2023-12-02 11:30:37,934 : INFO : EventManager : Event: ======'balldevice_bd_trough_ball_eject_attempt'====== Args={'balls': 1, 'target': <playfield.playfield>, 'source': <ball_device.bd_trough>, 'mechanical_eject': False, 'num_attempts': 38}
2023-12-02 11:30:37,934 : INFO : ball_device.bd_trough : State: ejecting
2023-12-02 11:30:37,934 : INFO : ball_device.bd_trough : Ejecting ball to <playfield.playfield>
2023-12-02 11:30:37,935 : INFO : EventManager : Event: ======'balldevice_bd_trough_ejecting_ball'====== Args={'balls': 1, 'target': <playfield.playfield>, 'source': <ball_device.bd_trough>, 'mechanical_eject': False, 'num_attempts': 38}
2023-12-02 11:30:37,935 : INFO : ball_device.bd_trough : Wait for ball to leave device
2023-12-02 11:30:37,935 : INFO : coil.c_trougheject_p1 : Pulsing Driver for 35ms (1.0 pulse_power)
2023-12-02 11:30:39,935 : INFO : EventManager : Event: ======'balldevice_bd_trough_ball_eject_failed'====== Args={'target': <playfield.playfield>, 'balls': 1, 'retry': True, 'num_attempts': 39}
2023-12-02 11:30:39,936 : INFO : ball_device.bd_trough : State: waiting_for_target_ready
2023-12-02 11:30:39,937 : INFO : EventManager : Event: ======'balldevice_bd_trough_ball_eject_attempt'====== Args={'balls': 1, 'target': <playfield.playfield>, 'source': <ball_device.bd_trough>, 'mechanical_eject': False, 'num_attempts': 39}
2023-12-02 11:30:39,937 : INFO : ball_device.bd_trough : State: ejecting
2023-12-02 11:30:39,937 : INFO : ball_device.bd_trough : Ejecting ball to <playfield.playfield>
2023-12-02 11:30:39,937 : INFO : EventManager : Event: ======'balldevice_bd_trough_ejecting_ball'====== Args={'balls': 1, 'target': <playfield.playfield>, 'source': <ball_device.bd_trough>, 'mechanical_eject': False, 'num_attempts': 39}
2023-12-02 11:30:39,938 : INFO : ball_device.bd_trough : Wait for ball to leave device
2023-12-02 11:30:39,938 : INFO : coil.c_trougheject_p1 : Pulsing Driver for 35ms (1.0 pulse_power)
2023-12-02 11:30:41,939 : INFO : EventManager : Event: ======'balldevice_bd_trough_ball_eject_failed'====== Args={'target': <playfield.playfield>, 'balls': 1, 'retry': True, 'num_attempts': 40}
2023-12-02 11:30:41,940 : INFO : ball_device.bd_trough : State: waiting_for_target_ready
2023-12-02 11:30:41,940 : INFO : EventManager : Event: ======'balldevice_bd_trough_ball_eject_attempt'====== Args={'balls': 1, 'target': <playfield.playfield>, 'source': <ball_device.bd_trough>, 'mechanical_eject': False, 'num_attempts': 40}
2023-12-02 11:30:41,940 : INFO : ball_device.bd_trough : State: ejecting
2023-12-02 11:30:41,940 : INFO : ball_device.bd_trough : Ejecting ball to <playfield.playfield>
2023-12-02 11:30:41,940 : INFO : EventManager : Event: ======'balldevice_bd_trough_ejecting_ball'====== Args={'balls': 1, 'target': <playfield.playfield>, 'source': <ball_device.bd_trough>, 'mechanical_eject': False, 'num_attempts': 40}
2023-12-02 11:30:41,941 : INFO : ball_device.bd_trough : Wait for ball to leave device
2023-12-02 11:30:41,941 : INFO : coil.c_trougheject_p1 : Pulsing Driver for 35ms (1.0 pulse_power)
2023-12-02 11:30:43,941 : INFO : EventManager : Event: ======'balldevice_bd_trough_ball_eject_failed'====== Args={'target': <playfield.playfield>, 'balls': 1, 'retry': True, 'num_attempts': 41}
2023-12-02 11:30:43,942 : INFO : ball_device.bd_trough : State: waiting_for_target_ready
2023-12-02 11:30:43,942 : INFO : EventManager : Event: ======'balldevice_bd_trough_ball_eject_attempt'====== Args={'balls': 1, 'target': <playfield.playfield>, 'source': <ball_device.bd_trough>, 'mechanical_eject': False, 'num_attempts': 41}
2023-12-02 11:30:43,943 : INFO : ball_device.bd_trough : State: ejecting
2023-12-02 11:30:43,943 : INFO : ball_device.bd_trough : Ejecting ball to <playfield.playfield>
2023-12-02 11:30:43,943 : INFO : EventManager : Event: ======'balldevice_bd_trough_ejecting_ball'====== Args={'balls': 1, 'target': <playfield.playfield>, 'source': <ball_device.bd_trough>, 'mechanical_eject': False, 'num_attempts': 41}
2023-12-02 11:30:43,943 : INFO : ball_device.bd_trough : Wait for ball to leave device
2023-12-02 11:30:43,943 : INFO : coil.c_trougheject_p1 : Pulsing Driver for 35ms (1.0 pulse_power)
2023-12-02 11:30:45,944 : INFO : EventManager : Event: ======'balldevice_bd_trough_ball_eject_failed'====== Args={'target': <playfield.playfield>, 'balls': 1, 'retry': True, 'num_attempts': 42}
2023-12-02 11:30:45,945 : INFO : ball_device.bd_trough : State: waiting_for_target_ready
2023-12-02 11:30:45,946 : INFO : EventManager : Event: ======'balldevice_bd_trough_ball_eject_attempt'====== Args={'balls': 1, 'target': <playfield.playfield>, 'source': <ball_device.bd_trough>, 'mechanical_eject': False, 'num_attempts': 42}
2023-12-02 11:30:45,946 : INFO : ball_device.bd_trough : State: ejecting
2023-12-02 11:30:45,946 : INFO : ball_device.bd_trough : Ejecting ball to <playfield.playfield>
2023-12-02 11:30:45,946 : INFO : EventManager : Event: ======'balldevice_bd_trough_ejecting_ball'====== Args={'balls': 1, 'target': <playfield.playfield>, 'source': <ball_device.bd_trough>, 'mechanical_eject': False, 'num_attempts': 42}
2023-12-02 11:30:45,946 : INFO : ball_device.bd_trough : Wait for ball to leave device
2023-12-02 11:30:45,947 : INFO : coil.c_trougheject_p1 : Pulsing Driver for 35ms (1.0 pulse_power)
2023-12-02 11:30:47,948 : INFO : EventManager : Event: ======'balldevice_bd_trough_ball_eject_failed'====== Args={'target': <playfield.playfield>, 'balls': 1, 'retry': True, 'num_attempts': 43}
2023-12-02 11:30:47,949 : INFO : ball_device.bd_trough : State: waiting_for_target_ready
2023-12-02 11:30:47,949 : INFO : EventManager : Event: ======'balldevice_bd_trough_ball_eject_attempt'====== Args={'balls': 1, 'target': <playfield.playfield>, 'source': <ball_device.bd_trough>, 'mechanical_eject': False, 'num_attempts': 43}
2023-12-02 11:30:47,949 : INFO : ball_device.bd_trough : State: ejecting
2023-12-02 11:30:47,950 : INFO : ball_device.bd_trough : Ejecting ball to <playfield.playfield>
2023-12-02 11:30:47,950 : INFO : EventManager : Event: ======'balldevice_bd_trough_ejecting_ball'====== Args={'balls': 1, 'target': <playfield.playfield>, 'source': <ball_device.bd_trough>, 'mechanical_eject': False, 'num_attempts': 43}
2023-12-02 11:30:47,950 : INFO : ball_device.bd_trough : Wait for ball to leave device
2023-12-02 11:30:47,950 : INFO : coil.c_trougheject_p1 : Pulsing Driver for 35ms (1.0 pulse_power)
2023-12-02 11:30:49,951 : INFO : EventManager : Event: ======'balldevice_bd_trough_ball_eject_failed'====== Args={'target': <playfield.playfield>, 'balls': 1, 'retry': True, 'num_attempts': 44}
2023-12-02 11:30:49,952 : INFO : ball_device.bd_trough : State: waiting_for_target_ready
2023-12-02 11:30:49,952 : INFO : EventManager : Event: ======'balldevice_bd_trough_ball_eject_attempt'====== Args={'balls': 1, 'target': <playfield.playfield>, 'source': <ball_device.bd_trough>, 'mechanical_eject': False, 'num_attempts': 44}
2023-12-02 11:30:49,952 : INFO : ball_device.bd_trough : State: ejecting
2023-12-02 11:30:49,953 : INFO : ball_device.bd_trough : Ejecting ball to <playfield.playfield>
2023-12-02 11:30:49,953 : INFO : EventManager : Event: ======'balldevice_bd_trough_ejecting_ball'====== Args={'balls': 1, 'target': <playfield.playfield>, 'source': <ball_device.bd_trough>, 'mechanical_eject': False, 'num_attempts': 44}
2023-12-02 11:30:49,953 : INFO : ball_device.bd_trough : Wait for ball to leave device
2023-12-02 11:30:49,953 : INFO : coil.c_trougheject_p1 : Pulsing Driver for 35ms (1.0 pulse_power)
2023-12-02 11:30:51,955 : INFO : EventManager : Event: ======'balldevice_bd_trough_ball_eject_failed'====== Args={'target': <playfield.playfield>, 'balls': 1, 'retry': True, 'num_attempts': 45}
2023-12-02 11:30:51,957 : INFO : ball_device.bd_trough : State: waiting_for_target_ready
2023-12-02 11:30:51,957 : INFO : EventManager : Event: ======'balldevice_bd_trough_ball_eject_attempt'====== Args={'balls': 1, 'target': <playfield.playfield>, 'source': <ball_device.bd_trough>, 'mechanical_eject': False, 'num_attempts': 45}
2023-12-02 11:30:51,957 : INFO : ball_device.bd_trough : State: ejecting
2023-12-02 11:30:51,957 : INFO : ball_device.bd_trough : Ejecting ball to <playfield.playfield>
2023-12-02 11:30:51,957 : INFO : EventManager : Event: ======'balldevice_bd_trough_ejecting_ball'====== Args={'balls': 1, 'target': <playfield.playfield>, 'source': <ball_device.bd_trough>, 'mechanical_eject': False, 'num_attempts': 45}
2023-12-02 11:30:51,958 : INFO : ball_device.bd_trough : Wait for ball to leave device
2023-12-02 11:30:51,958 : INFO : coil.c_trougheject_p1 : Pulsing Driver for 35ms (1.0 pulse_power)
2023-12-02 11:30:53,959 : INFO : EventManager : Event: ======'balldevice_bd_trough_ball_eject_failed'====== Args={'target': <playfield.playfield>, 'balls': 1, 'retry': True, 'num_attempts': 46}
2023-12-02 11:30:53,960 : INFO : ball_device.bd_trough : State: waiting_for_target_ready
2023-12-02 11:30:53,960 : INFO : EventManager : Event: ======'balldevice_bd_trough_ball_eject_attempt'====== Args={'balls': 1, 'target': <playfield.playfield>, 'source': <ball_device.bd_trough>, 'mechanical_eject': False, 'num_attempts': 46}
2023-12-02 11:30:53,960 : INFO : ball_device.bd_trough : State: ejecting
2023-12-02 11:30:53,960 : INFO : ball_device.bd_trough : Ejecting ball to <playfield.playfield>
2023-12-02 11:30:53,961 : INFO : EventManager : Event: ======'balldevice_bd_trough_ejecting_ball'====== Args={'balls': 1, 'target': <playfield.playfield>, 'source': <ball_device.bd_trough>, 'mechanical_eject': False, 'num_attempts': 46}
2023-12-02 11:30:53,961 : INFO : ball_device.bd_trough : Wait for ball to leave device
2023-12-02 11:30:53,961 : INFO : coil.c_trougheject_p1 : Pulsing Driver for 35ms (1.0 pulse_power)
2023-12-02 11:30:55,962 : INFO : EventManager : Event: ======'balldevice_bd_trough_ball_eject_failed'====== Args={'target': <playfield.playfield>, 'balls': 1, 'retry': True, 'num_attempts': 47}
2023-12-02 11:30:55,963 : INFO : ball_device.bd_trough : State: waiting_for_target_ready
2023-12-02 11:30:55,964 : INFO : EventManager : Event: ======'balldevice_bd_trough_ball_eject_attempt'====== Args={'balls': 1, 'target': <playfield.playfield>, 'source': <ball_device.bd_trough>, 'mechanical_eject': False, 'num_attempts': 47}
2023-12-02 11:30:55,964 : INFO : ball_device.bd_trough : State: ejecting
2023-12-02 11:30:55,964 : INFO : ball_device.bd_trough : Ejecting ball to <playfield.playfield>
2023-12-02 11:30:55,964 : INFO : EventManager : Event: ======'balldevice_bd_trough_ejecting_ball'====== Args={'balls': 1, 'target': <playfield.playfield>, 'source': <ball_device.bd_trough>, 'mechanical_eject': False, 'num_attempts': 47}
2023-12-02 11:30:55,964 : INFO : ball_device.bd_trough : Wait for ball to leave device
2023-12-02 11:30:55,965 : INFO : coil.c_trougheject_p1 : Pulsing Driver for 35ms (1.0 pulse_power)
2023-12-02 11:30:56,899 : INFO : Machine : Shutting down...
2023-12-02 11:30:56,899 : INFO : EventManager : Event: ======'shutdown'====== Args={}
2023-12-02 11:30:56,900 : INFO : EventManager : Event: ======'mode_game_will_stop'====== Args={}
2023-12-02 11:30:56,900 : INFO : EventManager : Event: ======'mode_game_stopping'====== Args={}
2023-12-02 11:30:56,901 : INFO : EventManager : Event: ======'mode_base_will_stop'====== Args={}
2023-12-02 11:30:56,901 : INFO : EventManager : Event: ======'mode_base_stopping'====== Args={}
2023-12-02 11:30:56,901 : INFO : Mode.base : Stopped.
2023-12-02 11:30:56,901 : INFO : EventManager : Event: ======'modes_active_modes_changed'====== Args={}
2023-12-02 11:30:56,901 : INFO : EventManager : Event: ======'mode_base_stopped'====== Args={}
2023-12-02 11:30:56,901 : INFO : EventManager : Event: ======'clear'====== Args={'key': 'base'}
2023-12-02 11:30:56,902 : INFO : Mode.game : Stopped.
2023-12-02 11:30:56,903 : INFO : EventManager : Event: ======'modes_active_modes_changed'====== Args={}
2023-12-02 11:30:56,903 : INFO : EventManager : Event: ======'mode_game_stopped'====== Args={}
2023-12-02 11:30:56,903 : INFO : EventManager : Event: ======'clear'====== Args={'key': 'game'}
2023-12-02 11:30:56,907 : INFO : root : MPF run loop ended.
