2023-12-05 16:32:36,408 : kivy : Kivy: v2.2.1
2023-12-05 16:32:36,409 : kivy : Kivy: Installed at "/home/ohm/.local/lib/python3.10/site-packages/kivy/__init__.py"
2023-12-05 16:32:36,409 : kivy : Python: v3.10.12 (main, Nov 20 2023, 15:14:05) [GCC 11.4.0]
2023-12-05 16:32:36,409 : kivy : Python: Interpreter at "/usr/bin/python3"
2023-12-05 16:32:36,425 : kivy : Factory: 190 symbols loaded
2023-12-05 16:32:36,630 : kivy : ImageLoaderFFPy: Using ffpyplayer 4.5.1
2023-12-05 16:32:36,630 : kivy : Image: Providers: img_tex, img_dds, img_sdl2, img_pil, img_ffpyplayer 
2023-12-05 16:32:36,770 : kivy : VideoFFPy: Using ffpyplayer 4.5.1
2023-12-05 16:32:36,771 : kivy : Video: Provider: ffpyplayer(['video_ffmpeg'] ignored)
2023-12-05 16:32:36,818 : root : Loading MPF-MC controller
2023-12-05 16:32:36,821 : YamlMultifileConfigLoader : Machine config file #1: config
2023-12-05 16:32:36,821 : ConfigProcessor : Config file in cache changed: /home/ohm/dodgeball/config/config
2023-12-05 16:32:36,821 : ConfigProcessor : Loading config from file /home/ohm/.local/lib/python3.10/site-packages/mpfmc/mcconfig.yaml.
2023-12-05 16:32:36,837 : ConfigProcessor : Loading config: /home/ohm/.local/lib/python3.10/site-packages/mpfmc/mcconfig.yaml
2023-12-05 16:32:36,837 : ConfigProcessor : Loading config from file /home/ohm/dodgeball/config/config.
2023-12-05 16:32:36,845 : ConfigProcessor : Loading config: /home/ohm/dodgeball/config/config
2023-12-05 16:32:36,846 : ConfigProcessor : Loading config: /home/ohm/dodgeball/config/lights.yaml
2023-12-05 16:32:36,848 : ConfigProcessor : Loading config: /home/ohm/dodgeball/config/coils.yaml
2023-12-05 16:32:36,850 : ConfigProcessor : Loading config: /home/ohm/dodgeball/config/switches.yaml
2023-12-05 16:32:36,851 : ConfigProcessor : Loading config: /home/ohm/dodgeball/config/playervars.yaml
2023-12-05 16:32:36,853 : ConfigProcessor : Config file cache created: /tmp/a2c1ba82a89a56dee0acd48b5b927038.mpf_cache
2023-12-05 16:32:36,853 : ConfigProcessor : Loading config from cache: /tmp/ecc2466debc0cbb894d1a2fba8912b38.mpf_cache
2023-12-05 16:32:36,854 : ConfigProcessor : Loading config from cache: /tmp/32cc0edc83e6cd7fce5d5a48c9d631d2.mpf_cache
2023-12-05 16:32:36,854 : ConfigProcessor : Loading config from cache: /tmp/0fe63fd00a83faf3a344d3dd33ac8b6e.mpf_cache
2023-12-05 16:32:36,854 : mpfmc : Mission Pinball Framework Media Controller (MPF-MC) v0.57.0.dev12. Requires MPF v0.57.0.dev32 or newer.
2023-12-05 16:32:36,854 : mpfmc : Found MPF v0.57.0.dev32
2023-12-05 16:32:36,855 : mpfmc : Machine path: /home/ohm/dodgeball
2023-12-05 16:32:36,855 : mpfmc : Starting clock at 60.0Hz
2023-12-05 16:32:36,865 : kivy : Text: Provider: sdl2
2023-12-05 16:32:36,903 : kivy : Window: Provider: sdl2
2023-12-05 16:32:37,486 : kivy : GL: Using the "OpenGL" graphics system
2023-12-05 16:32:37,487 : kivy : GL: Backend used <sdl2>
2023-12-05 16:32:37,488 : kivy : GL: OpenGL version <b'4.6 (Compatibility Profile) Mesa 23.0.4-0ubuntu1~22.04.1'>
2023-12-05 16:32:37,489 : kivy : GL: OpenGL vendor <b'Intel'>
2023-12-05 16:32:37,489 : kivy : GL: OpenGL renderer <b'Mesa Intel(R) UHD Graphics 600 (GLK 2)'>
2023-12-05 16:32:37,489 : kivy : GL: OpenGL parsed version: 4, 6
2023-12-05 16:32:37,489 : kivy : GL: Shading version <b'4.60'>
2023-12-05 16:32:37,490 : kivy : GL: Texture max size <16384>
2023-12-05 16:32:37,490 : kivy : GL: Texture max units <32>
2023-12-05 16:32:37,539 : kivy : Window: auto add sdl2 input provider
2023-12-05 16:32:37,540 : kivy : Window: virtual keyboard not allowed, single mode, not docked
2023-12-05 16:32:37,556 : AudioInterface : Initialized
2023-12-05 16:32:37,557 : AudioInterface : Loaded SDL 2.0.14
2023-12-05 16:32:37,557 : AudioInterface : Loaded SDL_Mixer 2.0.4
2023-12-05 16:32:37,557 : AudioInterface : Loaded GStreamer 1.10.4.0
2023-12-05 16:32:37,557 : AudioInterface : Loaded GLib 2.72.4
2023-12-05 16:32:37,557 : AudioInterface : Settings requested - rate: 44100, channels: 1, buffer: 2048 samples
2023-12-05 16:32:37,557 : AudioInterface : Settings in use - rate: 44100, channels: 1, buffer: 2048 samples (4096 bytes @ 2 bytes per sample)
2023-12-05 16:32:37,558 : SoundSystem : Setting master volume to 0.0
2023-12-05 16:32:37,558 : AudioInterface : Enabling audio playback
2023-12-05 16:32:37,636 : kivy : Base: Start application main loop
2023-12-05 16:32:37,637 : EventManager : Event: ======'display_window_initialized'====== Args={}
2023-12-05 16:32:37,650 : mpfmc : Display: Setting 'window' as default display
2023-12-05 16:32:37,655 : mpfmc : ASPECT RATIO MISMATCH: The on-screen window is not the same aspect ratio as the display called 'window'. The logical display will be scaled from 3840x2160 to the window size 3770x2096, and a black bar will make up the difference
2023-12-05 16:32:37,656 : EventManager : Event: ======'displays_initialized'====== Args={}
2023-12-05 16:32:37,657 : EventManager : Event: ======'slide_window_blank_created'====== Args={}
2023-12-05 16:32:37,658 : EventManager : Event: ======'display_window_ready'====== Args={}
2023-12-05 16:32:37,665 : EventManager : Event: ======'init_phase_1'====== Args={}
2023-12-05 16:32:37,671 : EventManager : Event: ======'mc_ready'====== Args={}
2023-12-05 16:32:37,671 : EventManager : Event: ======'init_phase_2'====== Args={}
2023-12-05 16:32:37,674 : EventManager : Event: ======'init_phase_3'====== Args={}
2023-12-05 16:32:37,675 : EventManager : Event: ======'init_phase_4'====== Args={}
2023-12-05 16:32:37,675 : EventManager : Event: ======'init_phase_5'====== Args={}
2023-12-05 16:32:38,908 : kivy : Base: Leaving application in progress...
2023-12-05 16:32:38,956 : mpfmc : Stopping...
2023-12-05 16:32:38,957 : EventManager : Event: ======'shutdown'====== Args={}
2023-12-05 16:32:38,957 : AudioInterface : Disabling audio playback
2023-12-05 16:32:39,017 : mpfmc : Loop rate 1.37 Hz
2023-12-05 16:32:39,018 : root : MC run loop ended.
2023-12-05 16:32:39,018 : root : Stopping child threads... (1 remaining)
2023-12-05 16:32:39,926 : root : All child threads stopped.
